[1.719s] Invoking command in '/home/alberto/Documents/kia_gd_ws/src/ROS-TCP-Endpoint': PYTHONPATH=/home/alberto/Documents/kia_gd_ws/build/ros_tcp_endpoint/prefix_override:/usr/lib/python3/dist-packages/colcon_core/task/python/colcon_distutils_commands:/home/alberto/Documents/kia_gd_ws/install/ros_tcp_endpoint/lib/python3.10/site-packages:${PYTHONPATH} /usr/bin/python3 -W ignore:setup.py install is deprecated -W ignore:easy_install command is deprecated setup.py egg_info --egg-base ../../build/ros_tcp_endpoint build --build-base /home/alberto/Documents/kia_gd_ws/build/ros_tcp_endpoint/build install --record /home/alberto/Documents/kia_gd_ws/build/ros_tcp_endpoint/install.log --install-scripts $base/lib/ros_tcp_endpoint --single-version-externally-managed install_data
[2.006s] /home/alberto/.local/lib/python3.10/site-packages/setuptools/dist.py:599: SetuptoolsDeprecationWarning: Invalid dash-separated key 'script-dir' in 'develop' (setup.cfg), please use the underscore name 'script_dir' instead.
[2.006s] !!
[2.006s] 
[2.006s]         ********************************************************************************
[2.007s]         Usage of dash-separated 'script-dir' will not be supported in future
[2.007s]         versions. Please use the underscore name 'script_dir' instead.
[2.007s] 
[2.007s]         By 2026-Mar-03, you need to update your project and remove deprecated calls
[2.007s]         or your builds will no longer be supported.
[2.007s] 
[2.007s]         See https://setuptools.pypa.io/en/latest/userguide/declarative_config.html for details.
[2.007s]         ********************************************************************************
[2.007s] 
[2.009s] !!
[2.009s]   opt = self._enforce_underscore(opt, section)
[2.044s] /home/alberto/.local/lib/python3.10/site-packages/setuptools/_distutils/dist.py:289: UserWarning: Unknown distribution option: 'tests_require'
[2.046s]   warnings.warn(msg)
[2.121s] /home/alberto/.local/lib/python3.10/site-packages/setuptools/dist.py:599: SetuptoolsDeprecationWarning: Invalid dash-separated key 'script-dir' in 'develop' (setup.cfg), please use the underscore name 'script_dir' instead.
[2.122s] !!
[2.122s] 
[2.122s]         ********************************************************************************
[2.122s]         Usage of dash-separated 'script-dir' will not be supported in future
[2.122s]         versions. Please use the underscore name 'script_dir' instead.
[2.122s]         (Affected: ros_tcp_endpoint).
[2.122s] 
[2.122s]         By 2026-Mar-03, you need to update your project and remove deprecated calls
[2.122s]         or your builds will no longer be supported.
[2.123s] 
[2.123s]         See https://setuptools.pypa.io/en/latest/userguide/declarative_config.html for details.
[2.123s]         ********************************************************************************
[2.124s] 
[2.124s] !!
[2.124s]   opt = self._enforce_underscore(opt, section)
[2.275s] running egg_info
[2.358s] writing ../../build/ros_tcp_endpoint/ros_tcp_endpoint.egg-info/PKG-INFO
[2.368s] writing dependency_links to ../../build/ros_tcp_endpoint/ros_tcp_endpoint.egg-info/dependency_links.txt
[2.368s] writing entry points to ../../build/ros_tcp_endpoint/ros_tcp_endpoint.egg-info/entry_points.txt
[2.369s] writing requirements to ../../build/ros_tcp_endpoint/ros_tcp_endpoint.egg-info/requires.txt
[2.369s] writing top-level names to ../../build/ros_tcp_endpoint/ros_tcp_endpoint.egg-info/top_level.txt
[2.453s] reading manifest file '../../build/ros_tcp_endpoint/ros_tcp_endpoint.egg-info/SOURCES.txt'
[2.455s] adding license file 'LICENSE'
[2.458s] writing manifest file '../../build/ros_tcp_endpoint/ros_tcp_endpoint.egg-info/SOURCES.txt'
[2.459s] running build
[2.460s] running build_py
[2.460s] copying ros_tcp_endpoint/service.py -> /home/alberto/Documents/kia_gd_ws/build/ros_tcp_endpoint/build/lib/ros_tcp_endpoint
[2.461s] copying ros_tcp_endpoint/client.py -> /home/alberto/Documents/kia_gd_ws/build/ros_tcp_endpoint/build/lib/ros_tcp_endpoint
[2.462s] copying ros_tcp_endpoint/publisher.py -> /home/alberto/Documents/kia_gd_ws/build/ros_tcp_endpoint/build/lib/ros_tcp_endpoint
[2.462s] copying ros_tcp_endpoint/thread_pauser.py -> /home/alberto/Documents/kia_gd_ws/build/ros_tcp_endpoint/build/lib/ros_tcp_endpoint
[2.463s] copying ros_tcp_endpoint/subscriber.py -> /home/alberto/Documents/kia_gd_ws/build/ros_tcp_endpoint/build/lib/ros_tcp_endpoint
[2.464s] copying ros_tcp_endpoint/server.py -> /home/alberto/Documents/kia_gd_ws/build/ros_tcp_endpoint/build/lib/ros_tcp_endpoint
[2.464s] copying ros_tcp_endpoint/default_server_endpoint.py -> /home/alberto/Documents/kia_gd_ws/build/ros_tcp_endpoint/build/lib/ros_tcp_endpoint
[2.464s] copying ros_tcp_endpoint/unity_service.py -> /home/alberto/Documents/kia_gd_ws/build/ros_tcp_endpoint/build/lib/ros_tcp_endpoint
[2.465s] copying ros_tcp_endpoint/communication.py -> /home/alberto/Documents/kia_gd_ws/build/ros_tcp_endpoint/build/lib/ros_tcp_endpoint
[2.466s] copying ros_tcp_endpoint/tcp_sender.py -> /home/alberto/Documents/kia_gd_ws/build/ros_tcp_endpoint/build/lib/ros_tcp_endpoint
[2.466s] copying ros_tcp_endpoint/__init__.py -> /home/alberto/Documents/kia_gd_ws/build/ros_tcp_endpoint/build/lib/ros_tcp_endpoint
[2.467s] copying ros_tcp_endpoint/exceptions.py -> /home/alberto/Documents/kia_gd_ws/build/ros_tcp_endpoint/build/lib/ros_tcp_endpoint
[2.468s] running install
[2.478s] running install_lib
[2.514s] running install_data
[2.515s] copying resource/ros_tcp_endpoint -> /home/alberto/Documents/kia_gd_ws/install/ros_tcp_endpoint/share/ament_index/resource_index/packages
[2.516s] copying package.xml -> /home/alberto/Documents/kia_gd_ws/install/ros_tcp_endpoint/share/ros_tcp_endpoint
[2.516s] copying launch/endpoint.py -> /home/alberto/Documents/kia_gd_ws/install/ros_tcp_endpoint/share/ros_tcp_endpoint/launch
[2.516s] running install_egg_info
[2.560s] removing '/home/alberto/Documents/kia_gd_ws/install/ros_tcp_endpoint/lib/python3.10/site-packages/ros_tcp_endpoint-0.0.1-py3.10.egg-info' (and everything under it)
[2.560s] Copying ../../build/ros_tcp_endpoint/ros_tcp_endpoint.egg-info to /home/alberto/Documents/kia_gd_ws/install/ros_tcp_endpoint/lib/python3.10/site-packages/ros_tcp_endpoint-0.0.1-py3.10.egg-info
[2.567s] running install_scripts
[2.651s] Installing default_server_endpoint script to /home/alberto/Documents/kia_gd_ws/install/ros_tcp_endpoint/lib/ros_tcp_endpoint
[2.652s] writing list of installed files to '/home/alberto/Documents/kia_gd_ws/build/ros_tcp_endpoint/install.log'
[2.703s] Invoked command in '/home/alberto/Documents/kia_gd_ws/src/ROS-TCP-Endpoint' returned '0': PYTHONPATH=/home/alberto/Documents/kia_gd_ws/build/ros_tcp_endpoint/prefix_override:/usr/lib/python3/dist-packages/colcon_core/task/python/colcon_distutils_commands:/home/alberto/Documents/kia_gd_ws/install/ros_tcp_endpoint/lib/python3.10/site-packages:${PYTHONPATH} /usr/bin/python3 -W ignore:setup.py install is deprecated -W ignore:easy_install command is deprecated setup.py egg_info --egg-base ../../build/ros_tcp_endpoint build --build-base /home/alberto/Documents/kia_gd_ws/build/ros_tcp_endpoint/build install --record /home/alberto/Documents/kia_gd_ws/build/ros_tcp_endpoint/install.log --install-scripts $base/lib/ros_tcp_endpoint --single-version-externally-managed install_data
