[  1%] Built target ur_ros_rtde_gripper_commands__cpp
[ 11%] Built target ur_ros_rtde_gripper_commands__rosidl_generator_c
[ 13%] Built target generate_preamble
[ 13%] Built target ament_cmake_python_copy_ur_ros_rtde_gripper_commands
[ 23%] Built target ur_ros_rtde_gripper_commands__rosidl_typesupport_fastrtps_c
[ 32%] Built target ur_ros_rtde_gripper_commands__rosidl_typesupport_fastrtps_cpp
[ 42%] Built target ur_ros_rtde_gripper_commands__rosidl_typesupport_introspection_cpp
[ 51%] Built target ur_ros_rtde_gripper_commands__rosidl_typesupport_c
[ 61%] Built target ur_ros_rtde_gripper_commands__rosidl_typesupport_cpp
[ 71%] Built target ur_ros_rtde_gripper_commands__rosidl_typesupport_introspection_c
[ 71%] Built target ur_ros_rtde_gripper_commands
[ 78%] Built target gripper_control_script_extension_lib
[ 80%] Built target ur_ros_rtde_gripper_commands__py
[ 88%] Built target ur_ros_rtde_gripper_commands__rosidl_generator_py
[ 92%] Built target ur_ros_rtde_gripper_commands__rosidl_typesupport_fastrtps_c__pyext
[ 96%] Built target ur_ros_rtde_gripper_commands__rosidl_typesupport_c__pyext
[100%] Built target ur_ros_rtde_gripper_commands__rosidl_typesupport_introspection_c__pyext
running egg_info
writing ur_ros_rtde_gripper_commands.egg-info/PKG-INFO
writing dependency_links to ur_ros_rtde_gripper_commands.egg-info/dependency_links.txt
writing top-level names to ur_ros_rtde_gripper_commands.egg-info/top_level.txt
reading manifest file 'ur_ros_rtde_gripper_commands.egg-info/SOURCES.txt'
writing manifest file 'ur_ros_rtde_gripper_commands.egg-info/SOURCES.txt'
[100%] Built target ament_cmake_python_build_ur_ros_rtde_gripper_commands_egg
-- Install configuration: ""
-- Up-to-date: /home/alberto/Documents/kia_gd_ws/install/ur_ros_rtde_gripper_commands/share/ament_index/resource_index/rosidl_interfaces/ur_ros_rtde_gripper_commands
-- Up-to-date: /home/alberto/Documents/kia_gd_ws/install/ur_ros_rtde_gripper_commands/include/ur_ros_rtde_gripper_commands/ur_ros_rtde_gripper_commands
-- Up-to-date: /home/alberto/Documents/kia_gd_ws/install/ur_ros_rtde_gripper_commands/include/ur_ros_rtde_gripper_commands/ur_ros_rtde_gripper_commands/action
-- Up-to-date: /home/alberto/Documents/kia_gd_ws/install/ur_ros_rtde_gripper_commands/include/ur_ros_rtde_gripper_commands/ur_ros_rtde_gripper_commands/action/sg_get_width.h
-- Up-to-date: /home/alberto/Documents/kia_gd_ws/install/ur_ros_rtde_gripper_commands/include/ur_ros_rtde_gripper_commands/ur_ros_rtde_gripper_commands/action/sg_grip.h
-- Up-to-date: /home/alberto/Documents/kia_gd_ws/install/ur_ros_rtde_gripper_commands/include/ur_ros_rtde_gripper_commands/ur_ros_rtde_gripper_commands/action/detail
-- Up-to-date: /home/alberto/Documents/kia_gd_ws/install/ur_ros_rtde_gripper_commands/include/ur_ros_rtde_gripper_commands/ur_ros_rtde_gripper_commands/action/detail/sg_grip__functions.c
-- Up-to-date: /home/alberto/Documents/kia_gd_ws/install/ur_ros_rtde_gripper_commands/include/ur_ros_rtde_gripper_commands/ur_ros_rtde_gripper_commands/action/detail/sg_grip__type_support.h
-- Up-to-date: /home/alberto/Documents/kia_gd_ws/install/ur_ros_rtde_gripper_commands/include/ur_ros_rtde_gripper_commands/ur_ros_rtde_gripper_commands/action/detail/sg_grip__struct.h
-- Up-to-date: /home/alberto/Documents/kia_gd_ws/install/ur_ros_rtde_gripper_commands/include/ur_ros_rtde_gripper_commands/ur_ros_rtde_gripper_commands/action/detail/sg_get_width__struct.h
-- Up-to-date: /home/alberto/Documents/kia_gd_ws/install/ur_ros_rtde_gripper_commands/include/ur_ros_rtde_gripper_commands/ur_ros_rtde_gripper_commands/action/detail/sg_get_width__functions.c
-- Up-to-date: /home/alberto/Documents/kia_gd_ws/install/ur_ros_rtde_gripper_commands/include/ur_ros_rtde_gripper_commands/ur_ros_rtde_gripper_commands/action/detail/sg_release__functions.c
-- Up-to-date: /home/alberto/Documents/kia_gd_ws/install/ur_ros_rtde_gripper_commands/include/ur_ros_rtde_gripper_commands/ur_ros_rtde_gripper_commands/action/detail/sg_release__type_support.h
-- Up-to-date: /home/alberto/Documents/kia_gd_ws/install/ur_ros_rtde_gripper_commands/include/ur_ros_rtde_gripper_commands/ur_ros_rtde_gripper_commands/action/detail/sg_get_width__functions.h
-- Up-to-date: /home/alberto/Documents/kia_gd_ws/install/ur_ros_rtde_gripper_commands/include/ur_ros_rtde_gripper_commands/ur_ros_rtde_gripper_commands/action/detail/sg_release__functions.h
-- Up-to-date: /home/alberto/Documents/kia_gd_ws/install/ur_ros_rtde_gripper_commands/include/ur_ros_rtde_gripper_commands/ur_ros_rtde_gripper_commands/action/detail/sg_get_width__type_support.h
-- Up-to-date: /home/alberto/Documents/kia_gd_ws/install/ur_ros_rtde_gripper_commands/include/ur_ros_rtde_gripper_commands/ur_ros_rtde_gripper_commands/action/detail/sg_release__struct.h
-- Up-to-date: /home/alberto/Documents/kia_gd_ws/install/ur_ros_rtde_gripper_commands/include/ur_ros_rtde_gripper_commands/ur_ros_rtde_gripper_commands/action/detail/sg_grip__functions.h
-- Up-to-date: /home/alberto/Documents/kia_gd_ws/install/ur_ros_rtde_gripper_commands/include/ur_ros_rtde_gripper_commands/ur_ros_rtde_gripper_commands/action/sg_release.h
-- Up-to-date: /home/alberto/Documents/kia_gd_ws/install/ur_ros_rtde_gripper_commands/include/ur_ros_rtde_gripper_commands/ur_ros_rtde_gripper_commands/msg
-- Up-to-date: /home/alberto/Documents/kia_gd_ws/install/ur_ros_rtde_gripper_commands/include/ur_ros_rtde_gripper_commands/ur_ros_rtde_gripper_commands/msg/rosidl_generator_c__visibility_control.h
-- Up-to-date: /home/alberto/Documents/kia_gd_ws/install/ur_ros_rtde_gripper_commands/share/ur_ros_rtde_gripper_commands/environment/library_path.sh
-- Up-to-date: /home/alberto/Documents/kia_gd_ws/install/ur_ros_rtde_gripper_commands/share/ur_ros_rtde_gripper_commands/environment/library_path.dsv
-- Up-to-date: /home/alberto/Documents/kia_gd_ws/install/ur_ros_rtde_gripper_commands/lib/libur_ros_rtde_gripper_commands__rosidl_generator_c.so
-- Up-to-date: /home/alberto/Documents/kia_gd_ws/install/ur_ros_rtde_gripper_commands/include/ur_ros_rtde_gripper_commands/ur_ros_rtde_gripper_commands
-- Up-to-date: /home/alberto/Documents/kia_gd_ws/install/ur_ros_rtde_gripper_commands/include/ur_ros_rtde_gripper_commands/ur_ros_rtde_gripper_commands/action
-- Up-to-date: /home/alberto/Documents/kia_gd_ws/install/ur_ros_rtde_gripper_commands/include/ur_ros_rtde_gripper_commands/ur_ros_rtde_gripper_commands/action/detail
-- Up-to-date: /home/alberto/Documents/kia_gd_ws/install/ur_ros_rtde_gripper_commands/include/ur_ros_rtde_gripper_commands/ur_ros_rtde_gripper_commands/action/detail/sg_grip__rosidl_typesupport_fastrtps_c.h
-- Up-to-date: /home/alberto/Documents/kia_gd_ws/install/ur_ros_rtde_gripper_commands/include/ur_ros_rtde_gripper_commands/ur_ros_rtde_gripper_commands/action/detail/sg_release__rosidl_typesupport_fastrtps_c.h
-- Up-to-date: /home/alberto/Documents/kia_gd_ws/install/ur_ros_rtde_gripper_commands/include/ur_ros_rtde_gripper_commands/ur_ros_rtde_gripper_commands/action/detail/sg_get_width__rosidl_typesupport_fastrtps_c.h
-- Up-to-date: /home/alberto/Documents/kia_gd_ws/install/ur_ros_rtde_gripper_commands/include/ur_ros_rtde_gripper_commands/ur_ros_rtde_gripper_commands/msg
-- Up-to-date: /home/alberto/Documents/kia_gd_ws/install/ur_ros_rtde_gripper_commands/include/ur_ros_rtde_gripper_commands/ur_ros_rtde_gripper_commands/msg/rosidl_typesupport_fastrtps_c__visibility_control.h
-- Up-to-date: /home/alberto/Documents/kia_gd_ws/install/ur_ros_rtde_gripper_commands/lib/libur_ros_rtde_gripper_commands__rosidl_typesupport_fastrtps_c.so
-- Up-to-date: /home/alberto/Documents/kia_gd_ws/install/ur_ros_rtde_gripper_commands/include/ur_ros_rtde_gripper_commands/ur_ros_rtde_gripper_commands
-- Up-to-date: /home/alberto/Documents/kia_gd_ws/install/ur_ros_rtde_gripper_commands/include/ur_ros_rtde_gripper_commands/ur_ros_rtde_gripper_commands/action
-- Up-to-date: /home/alberto/Documents/kia_gd_ws/install/ur_ros_rtde_gripper_commands/include/ur_ros_rtde_gripper_commands/ur_ros_rtde_gripper_commands/action/sg_release.hpp
-- Up-to-date: /home/alberto/Documents/kia_gd_ws/install/ur_ros_rtde_gripper_commands/include/ur_ros_rtde_gripper_commands/ur_ros_rtde_gripper_commands/action/sg_grip.hpp
-- Up-to-date: /home/alberto/Documents/kia_gd_ws/install/ur_ros_rtde_gripper_commands/include/ur_ros_rtde_gripper_commands/ur_ros_rtde_gripper_commands/action/sg_get_width.hpp
-- Up-to-date: /home/alberto/Documents/kia_gd_ws/install/ur_ros_rtde_gripper_commands/include/ur_ros_rtde_gripper_commands/ur_ros_rtde_gripper_commands/action/detail
-- Up-to-date: /home/alberto/Documents/kia_gd_ws/install/ur_ros_rtde_gripper_commands/include/ur_ros_rtde_gripper_commands/ur_ros_rtde_gripper_commands/action/detail/sg_grip__type_support.hpp
-- Up-to-date: /home/alberto/Documents/kia_gd_ws/install/ur_ros_rtde_gripper_commands/include/ur_ros_rtde_gripper_commands/ur_ros_rtde_gripper_commands/action/detail/sg_grip__struct.hpp
-- Up-to-date: /home/alberto/Documents/kia_gd_ws/install/ur_ros_rtde_gripper_commands/include/ur_ros_rtde_gripper_commands/ur_ros_rtde_gripper_commands/action/detail/sg_release__builder.hpp
-- Up-to-date: /home/alberto/Documents/kia_gd_ws/install/ur_ros_rtde_gripper_commands/include/ur_ros_rtde_gripper_commands/ur_ros_rtde_gripper_commands/action/detail/sg_get_width__type_support.hpp
-- Up-to-date: /home/alberto/Documents/kia_gd_ws/install/ur_ros_rtde_gripper_commands/include/ur_ros_rtde_gripper_commands/ur_ros_rtde_gripper_commands/action/detail/sg_release__traits.hpp
-- Up-to-date: /home/alberto/Documents/kia_gd_ws/install/ur_ros_rtde_gripper_commands/include/ur_ros_rtde_gripper_commands/ur_ros_rtde_gripper_commands/action/detail/sg_release__type_support.hpp
-- Up-to-date: /home/alberto/Documents/kia_gd_ws/install/ur_ros_rtde_gripper_commands/include/ur_ros_rtde_gripper_commands/ur_ros_rtde_gripper_commands/action/detail/sg_get_width__traits.hpp
-- Up-to-date: /home/alberto/Documents/kia_gd_ws/install/ur_ros_rtde_gripper_commands/include/ur_ros_rtde_gripper_commands/ur_ros_rtde_gripper_commands/action/detail/sg_get_width__builder.hpp
-- Up-to-date: /home/alberto/Documents/kia_gd_ws/install/ur_ros_rtde_gripper_commands/include/ur_ros_rtde_gripper_commands/ur_ros_rtde_gripper_commands/action/detail/sg_release__struct.hpp
-- Up-to-date: /home/alberto/Documents/kia_gd_ws/install/ur_ros_rtde_gripper_commands/include/ur_ros_rtde_gripper_commands/ur_ros_rtde_gripper_commands/action/detail/sg_grip__traits.hpp
-- Up-to-date: /home/alberto/Documents/kia_gd_ws/install/ur_ros_rtde_gripper_commands/include/ur_ros_rtde_gripper_commands/ur_ros_rtde_gripper_commands/action/detail/sg_get_width__struct.hpp
-- Up-to-date: /home/alberto/Documents/kia_gd_ws/install/ur_ros_rtde_gripper_commands/include/ur_ros_rtde_gripper_commands/ur_ros_rtde_gripper_commands/action/detail/sg_grip__builder.hpp
-- Up-to-date: /home/alberto/Documents/kia_gd_ws/install/ur_ros_rtde_gripper_commands/include/ur_ros_rtde_gripper_commands/ur_ros_rtde_gripper_commands/msg
-- Up-to-date: /home/alberto/Documents/kia_gd_ws/install/ur_ros_rtde_gripper_commands/include/ur_ros_rtde_gripper_commands/ur_ros_rtde_gripper_commands/msg/rosidl_generator_cpp__visibility_control.hpp
-- Up-to-date: /home/alberto/Documents/kia_gd_ws/install/ur_ros_rtde_gripper_commands/include/ur_ros_rtde_gripper_commands/ur_ros_rtde_gripper_commands
-- Up-to-date: /home/alberto/Documents/kia_gd_ws/install/ur_ros_rtde_gripper_commands/include/ur_ros_rtde_gripper_commands/ur_ros_rtde_gripper_commands/action
-- Up-to-date: /home/alberto/Documents/kia_gd_ws/install/ur_ros_rtde_gripper_commands/include/ur_ros_rtde_gripper_commands/ur_ros_rtde_gripper_commands/action/detail
-- Up-to-date: /home/alberto/Documents/kia_gd_ws/install/ur_ros_rtde_gripper_commands/include/ur_ros_rtde_gripper_commands/ur_ros_rtde_gripper_commands/action/detail/sg_grip__rosidl_typesupport_fastrtps_cpp.hpp
-- Up-to-date: /home/alberto/Documents/kia_gd_ws/install/ur_ros_rtde_gripper_commands/include/ur_ros_rtde_gripper_commands/ur_ros_rtde_gripper_commands/action/detail/dds_fastrtps
-- Up-to-date: /home/alberto/Documents/kia_gd_ws/install/ur_ros_rtde_gripper_commands/include/ur_ros_rtde_gripper_commands/ur_ros_rtde_gripper_commands/action/detail/sg_get_width__rosidl_typesupport_fastrtps_cpp.hpp
-- Up-to-date: /home/alberto/Documents/kia_gd_ws/install/ur_ros_rtde_gripper_commands/include/ur_ros_rtde_gripper_commands/ur_ros_rtde_gripper_commands/action/detail/sg_release__rosidl_typesupport_fastrtps_cpp.hpp
-- Up-to-date: /home/alberto/Documents/kia_gd_ws/install/ur_ros_rtde_gripper_commands/include/ur_ros_rtde_gripper_commands/ur_ros_rtde_gripper_commands/msg
-- Up-to-date: /home/alberto/Documents/kia_gd_ws/install/ur_ros_rtde_gripper_commands/include/ur_ros_rtde_gripper_commands/ur_ros_rtde_gripper_commands/msg/rosidl_typesupport_fastrtps_cpp__visibility_control.h
-- Up-to-date: /home/alberto/Documents/kia_gd_ws/install/ur_ros_rtde_gripper_commands/lib/libur_ros_rtde_gripper_commands__rosidl_typesupport_fastrtps_cpp.so
-- Up-to-date: /home/alberto/Documents/kia_gd_ws/install/ur_ros_rtde_gripper_commands/include/ur_ros_rtde_gripper_commands/ur_ros_rtde_gripper_commands
-- Up-to-date: /home/alberto/Documents/kia_gd_ws/install/ur_ros_rtde_gripper_commands/include/ur_ros_rtde_gripper_commands/ur_ros_rtde_gripper_commands/action
-- Up-to-date: /home/alberto/Documents/kia_gd_ws/install/ur_ros_rtde_gripper_commands/include/ur_ros_rtde_gripper_commands/ur_ros_rtde_gripper_commands/action/detail
-- Up-to-date: /home/alberto/Documents/kia_gd_ws/install/ur_ros_rtde_gripper_commands/include/ur_ros_rtde_gripper_commands/ur_ros_rtde_gripper_commands/action/detail/sg_get_width__type_support.c
-- Up-to-date: /home/alberto/Documents/kia_gd_ws/install/ur_ros_rtde_gripper_commands/include/ur_ros_rtde_gripper_commands/ur_ros_rtde_gripper_commands/action/detail/sg_release__rosidl_typesupport_introspection_c.h
-- Up-to-date: /home/alberto/Documents/kia_gd_ws/install/ur_ros_rtde_gripper_commands/include/ur_ros_rtde_gripper_commands/ur_ros_rtde_gripper_commands/action/detail/sg_grip__rosidl_typesupport_introspection_c.h
-- Up-to-date: /home/alberto/Documents/kia_gd_ws/install/ur_ros_rtde_gripper_commands/include/ur_ros_rtde_gripper_commands/ur_ros_rtde_gripper_commands/action/detail/sg_grip__type_support.c
-- Up-to-date: /home/alberto/Documents/kia_gd_ws/install/ur_ros_rtde_gripper_commands/include/ur_ros_rtde_gripper_commands/ur_ros_rtde_gripper_commands/action/detail/sg_get_width__rosidl_typesupport_introspection_c.h
-- Up-to-date: /home/alberto/Documents/kia_gd_ws/install/ur_ros_rtde_gripper_commands/include/ur_ros_rtde_gripper_commands/ur_ros_rtde_gripper_commands/action/detail/sg_release__type_support.c
-- Up-to-date: /home/alberto/Documents/kia_gd_ws/install/ur_ros_rtde_gripper_commands/include/ur_ros_rtde_gripper_commands/ur_ros_rtde_gripper_commands/msg
-- Up-to-date: /home/alberto/Documents/kia_gd_ws/install/ur_ros_rtde_gripper_commands/include/ur_ros_rtde_gripper_commands/ur_ros_rtde_gripper_commands/msg/rosidl_typesupport_introspection_c__visibility_control.h
-- Up-to-date: /home/alberto/Documents/kia_gd_ws/install/ur_ros_rtde_gripper_commands/lib/libur_ros_rtde_gripper_commands__rosidl_typesupport_introspection_c.so
-- Up-to-date: /home/alberto/Documents/kia_gd_ws/install/ur_ros_rtde_gripper_commands/lib/libur_ros_rtde_gripper_commands__rosidl_typesupport_c.so
-- Up-to-date: /home/alberto/Documents/kia_gd_ws/install/ur_ros_rtde_gripper_commands/include/ur_ros_rtde_gripper_commands/ur_ros_rtde_gripper_commands
-- Up-to-date: /home/alberto/Documents/kia_gd_ws/install/ur_ros_rtde_gripper_commands/include/ur_ros_rtde_gripper_commands/ur_ros_rtde_gripper_commands/action
-- Up-to-date: /home/alberto/Documents/kia_gd_ws/install/ur_ros_rtde_gripper_commands/include/ur_ros_rtde_gripper_commands/ur_ros_rtde_gripper_commands/action/detail
-- Up-to-date: /home/alberto/Documents/kia_gd_ws/install/ur_ros_rtde_gripper_commands/include/ur_ros_rtde_gripper_commands/ur_ros_rtde_gripper_commands/action/detail/sg_release__type_support.cpp
-- Up-to-date: /home/alberto/Documents/kia_gd_ws/install/ur_ros_rtde_gripper_commands/include/ur_ros_rtde_gripper_commands/ur_ros_rtde_gripper_commands/action/detail/sg_grip__type_support.cpp
-- Up-to-date: /home/alberto/Documents/kia_gd_ws/install/ur_ros_rtde_gripper_commands/include/ur_ros_rtde_gripper_commands/ur_ros_rtde_gripper_commands/action/detail/sg_get_width__type_support.cpp
-- Up-to-date: /home/alberto/Documents/kia_gd_ws/install/ur_ros_rtde_gripper_commands/include/ur_ros_rtde_gripper_commands/ur_ros_rtde_gripper_commands/action/detail/sg_release__rosidl_typesupport_introspection_cpp.hpp
-- Up-to-date: /home/alberto/Documents/kia_gd_ws/install/ur_ros_rtde_gripper_commands/include/ur_ros_rtde_gripper_commands/ur_ros_rtde_gripper_commands/action/detail/sg_get_width__rosidl_typesupport_introspection_cpp.hpp
-- Up-to-date: /home/alberto/Documents/kia_gd_ws/install/ur_ros_rtde_gripper_commands/include/ur_ros_rtde_gripper_commands/ur_ros_rtde_gripper_commands/action/detail/sg_grip__rosidl_typesupport_introspection_cpp.hpp
-- Up-to-date: /home/alberto/Documents/kia_gd_ws/install/ur_ros_rtde_gripper_commands/lib/libur_ros_rtde_gripper_commands__rosidl_typesupport_introspection_cpp.so
-- Up-to-date: /home/alberto/Documents/kia_gd_ws/install/ur_ros_rtde_gripper_commands/lib/libur_ros_rtde_gripper_commands__rosidl_typesupport_cpp.so
-- Up-to-date: /home/alberto/Documents/kia_gd_ws/install/ur_ros_rtde_gripper_commands/share/ur_ros_rtde_gripper_commands/environment/pythonpath.sh
-- Up-to-date: /home/alberto/Documents/kia_gd_ws/install/ur_ros_rtde_gripper_commands/share/ur_ros_rtde_gripper_commands/environment/pythonpath.dsv
-- Up-to-date: /home/alberto/Documents/kia_gd_ws/install/ur_ros_rtde_gripper_commands/local/lib/python3.10/dist-packages/ur_ros_rtde_gripper_commands-0.0.0-py3.10.egg-info
-- Installing: /home/alberto/Documents/kia_gd_ws/install/ur_ros_rtde_gripper_commands/local/lib/python3.10/dist-packages/ur_ros_rtde_gripper_commands-0.0.0-py3.10.egg-info/top_level.txt
-- Installing: /home/alberto/Documents/kia_gd_ws/install/ur_ros_rtde_gripper_commands/local/lib/python3.10/dist-packages/ur_ros_rtde_gripper_commands-0.0.0-py3.10.egg-info/SOURCES.txt
-- Installing: /home/alberto/Documents/kia_gd_ws/install/ur_ros_rtde_gripper_commands/local/lib/python3.10/dist-packages/ur_ros_rtde_gripper_commands-0.0.0-py3.10.egg-info/PKG-INFO
-- Installing: /home/alberto/Documents/kia_gd_ws/install/ur_ros_rtde_gripper_commands/local/lib/python3.10/dist-packages/ur_ros_rtde_gripper_commands-0.0.0-py3.10.egg-info/dependency_links.txt
-- Up-to-date: /home/alberto/Documents/kia_gd_ws/install/ur_ros_rtde_gripper_commands/local/lib/python3.10/dist-packages/ur_ros_rtde_gripper_commands
-- Up-to-date: /home/alberto/Documents/kia_gd_ws/install/ur_ros_rtde_gripper_commands/local/lib/python3.10/dist-packages/ur_ros_rtde_gripper_commands/ur_ros_rtde_gripper_commands_s__rosidl_typesupport_fastrtps_c.cpython-310-x86_64-linux-gnu.so
-- Up-to-date: /home/alberto/Documents/kia_gd_ws/install/ur_ros_rtde_gripper_commands/local/lib/python3.10/dist-packages/ur_ros_rtde_gripper_commands/action
-- Up-to-date: /home/alberto/Documents/kia_gd_ws/install/ur_ros_rtde_gripper_commands/local/lib/python3.10/dist-packages/ur_ros_rtde_gripper_commands/action/_sg_release_s.c
-- Up-to-date: /home/alberto/Documents/kia_gd_ws/install/ur_ros_rtde_gripper_commands/local/lib/python3.10/dist-packages/ur_ros_rtde_gripper_commands/action/_sg_grip.py
-- Up-to-date: /home/alberto/Documents/kia_gd_ws/install/ur_ros_rtde_gripper_commands/local/lib/python3.10/dist-packages/ur_ros_rtde_gripper_commands/action/_sg_get_width_s.c
-- Up-to-date: /home/alberto/Documents/kia_gd_ws/install/ur_ros_rtde_gripper_commands/local/lib/python3.10/dist-packages/ur_ros_rtde_gripper_commands/action/_sg_grip_s.c
-- Up-to-date: /home/alberto/Documents/kia_gd_ws/install/ur_ros_rtde_gripper_commands/local/lib/python3.10/dist-packages/ur_ros_rtde_gripper_commands/action/__init__.py
-- Up-to-date: /home/alberto/Documents/kia_gd_ws/install/ur_ros_rtde_gripper_commands/local/lib/python3.10/dist-packages/ur_ros_rtde_gripper_commands/action/_sg_release.py
-- Up-to-date: /home/alberto/Documents/kia_gd_ws/install/ur_ros_rtde_gripper_commands/local/lib/python3.10/dist-packages/ur_ros_rtde_gripper_commands/action/_sg_get_width.py
-- Up-to-date: /home/alberto/Documents/kia_gd_ws/install/ur_ros_rtde_gripper_commands/local/lib/python3.10/dist-packages/ur_ros_rtde_gripper_commands/_ur_ros_rtde_gripper_commands_s.ep.rosidl_typesupport_introspection_c.c
-- Up-to-date: /home/alberto/Documents/kia_gd_ws/install/ur_ros_rtde_gripper_commands/local/lib/python3.10/dist-packages/ur_ros_rtde_gripper_commands/libur_ros_rtde_gripper_commands__rosidl_generator_py.so
-- Up-to-date: /home/alberto/Documents/kia_gd_ws/install/ur_ros_rtde_gripper_commands/local/lib/python3.10/dist-packages/ur_ros_rtde_gripper_commands/ur_ros_rtde_gripper_commands_s__rosidl_typesupport_c.cpython-310-x86_64-linux-gnu.so
-- Up-to-date: /home/alberto/Documents/kia_gd_ws/install/ur_ros_rtde_gripper_commands/local/lib/python3.10/dist-packages/ur_ros_rtde_gripper_commands/ur_ros_rtde_gripper_commands_s__rosidl_typesupport_introspection_c.cpython-310-x86_64-linux-gnu.so
-- Up-to-date: /home/alberto/Documents/kia_gd_ws/install/ur_ros_rtde_gripper_commands/local/lib/python3.10/dist-packages/ur_ros_rtde_gripper_commands/_ur_ros_rtde_gripper_commands_s.ep.rosidl_typesupport_fastrtps_c.c
-- Up-to-date: /home/alberto/Documents/kia_gd_ws/install/ur_ros_rtde_gripper_commands/local/lib/python3.10/dist-packages/ur_ros_rtde_gripper_commands/_ur_ros_rtde_gripper_commands_s.ep.rosidl_typesupport_c.c
-- Up-to-date: /home/alberto/Documents/kia_gd_ws/install/ur_ros_rtde_gripper_commands/local/lib/python3.10/dist-packages/ur_ros_rtde_gripper_commands/__init__.py
Listing '/home/alberto/Documents/kia_gd_ws/install/ur_ros_rtde_gripper_commands/local/lib/python3.10/dist-packages/ur_ros_rtde_gripper_commands'...
Listing '/home/alberto/Documents/kia_gd_ws/install/ur_ros_rtde_gripper_commands/local/lib/python3.10/dist-packages/ur_ros_rtde_gripper_commands/action'...
-- Up-to-date: /home/alberto/Documents/kia_gd_ws/install/ur_ros_rtde_gripper_commands/local/lib/python3.10/dist-packages/ur_ros_rtde_gripper_commands/ur_ros_rtde_gripper_commands_s__rosidl_typesupport_fastrtps_c.cpython-310-x86_64-linux-gnu.so
-- Up-to-date: /home/alberto/Documents/kia_gd_ws/install/ur_ros_rtde_gripper_commands/local/lib/python3.10/dist-packages/ur_ros_rtde_gripper_commands/ur_ros_rtde_gripper_commands_s__rosidl_typesupport_introspection_c.cpython-310-x86_64-linux-gnu.so
-- Up-to-date: /home/alberto/Documents/kia_gd_ws/install/ur_ros_rtde_gripper_commands/local/lib/python3.10/dist-packages/ur_ros_rtde_gripper_commands/ur_ros_rtde_gripper_commands_s__rosidl_typesupport_c.cpython-310-x86_64-linux-gnu.so
-- Up-to-date: /home/alberto/Documents/kia_gd_ws/install/ur_ros_rtde_gripper_commands/lib/libur_ros_rtde_gripper_commands__rosidl_generator_py.so
-- Up-to-date: /home/alberto/Documents/kia_gd_ws/install/ur_ros_rtde_gripper_commands/share/ur_ros_rtde_gripper_commands/action/SgGrip.idl
-- Up-to-date: /home/alberto/Documents/kia_gd_ws/install/ur_ros_rtde_gripper_commands/share/ur_ros_rtde_gripper_commands/action/SgRelease.idl
-- Up-to-date: /home/alberto/Documents/kia_gd_ws/install/ur_ros_rtde_gripper_commands/share/ur_ros_rtde_gripper_commands/action/SgGetWidth.idl
-- Up-to-date: /home/alberto/Documents/kia_gd_ws/install/ur_ros_rtde_gripper_commands/share/ur_ros_rtde_gripper_commands/action/SgGrip.action
-- Up-to-date: /home/alberto/Documents/kia_gd_ws/install/ur_ros_rtde_gripper_commands/share/ur_ros_rtde_gripper_commands/action/SgRelease.action
-- Up-to-date: /home/alberto/Documents/kia_gd_ws/install/ur_ros_rtde_gripper_commands/share/ur_ros_rtde_gripper_commands/action/SgGetWidth.action
-- Up-to-date: /home/alberto/Documents/kia_gd_ws/install/ur_ros_rtde_gripper_commands/share/ur_ros_rtde_gripper_commands/plugins.xml
-- Up-to-date: /home/alberto/Documents/kia_gd_ws/install/ur_ros_rtde_gripper_commands/lib/libgripper_control_script_extension_lib.so
-- Up-to-date: /home/alberto/Documents/kia_gd_ws/install/ur_ros_rtde_gripper_commands/share/ur_ros_rtde_gripper_commands//config
-- Up-to-date: /home/alberto/Documents/kia_gd_ws/install/ur_ros_rtde_gripper_commands/share/ur_ros_rtde_gripper_commands//config/OnRobotSG_preamble.script
-- Up-to-date: /home/alberto/Documents/kia_gd_ws/install/ur_ros_rtde_gripper_commands/share/ur_ros_rtde_gripper_commands//action
-- Up-to-date: /home/alberto/Documents/kia_gd_ws/install/ur_ros_rtde_gripper_commands/share/ur_ros_rtde_gripper_commands//action/SgRelease.action
-- Up-to-date: /home/alberto/Documents/kia_gd_ws/install/ur_ros_rtde_gripper_commands/share/ur_ros_rtde_gripper_commands//action/SgGrip.action
-- Up-to-date: /home/alberto/Documents/kia_gd_ws/install/ur_ros_rtde_gripper_commands/share/ur_ros_rtde_gripper_commands//action/SgGetWidth.action
-- Up-to-date: /home/alberto/Documents/kia_gd_ws/install/ur_ros_rtde_gripper_commands/share/ament_index/resource_index/package_run_dependencies/ur_ros_rtde_gripper_commands
-- Up-to-date: /home/alberto/Documents/kia_gd_ws/install/ur_ros_rtde_gripper_commands/share/ament_index/resource_index/parent_prefix_path/ur_ros_rtde_gripper_commands
-- Up-to-date: /home/alberto/Documents/kia_gd_ws/install/ur_ros_rtde_gripper_commands/share/ur_ros_rtde_gripper_commands/environment/ament_prefix_path.sh
-- Up-to-date: /home/alberto/Documents/kia_gd_ws/install/ur_ros_rtde_gripper_commands/share/ur_ros_rtde_gripper_commands/environment/ament_prefix_path.dsv
-- Up-to-date: /home/alberto/Documents/kia_gd_ws/install/ur_ros_rtde_gripper_commands/share/ur_ros_rtde_gripper_commands/environment/path.sh
-- Up-to-date: /home/alberto/Documents/kia_gd_ws/install/ur_ros_rtde_gripper_commands/share/ur_ros_rtde_gripper_commands/environment/path.dsv
-- Up-to-date: /home/alberto/Documents/kia_gd_ws/install/ur_ros_rtde_gripper_commands/share/ur_ros_rtde_gripper_commands/local_setup.bash
-- Up-to-date: /home/alberto/Documents/kia_gd_ws/install/ur_ros_rtde_gripper_commands/share/ur_ros_rtde_gripper_commands/local_setup.sh
-- Up-to-date: /home/alberto/Documents/kia_gd_ws/install/ur_ros_rtde_gripper_commands/share/ur_ros_rtde_gripper_commands/local_setup.zsh
-- Up-to-date: /home/alberto/Documents/kia_gd_ws/install/ur_ros_rtde_gripper_commands/share/ur_ros_rtde_gripper_commands/local_setup.dsv
-- Installing: /home/alberto/Documents/kia_gd_ws/install/ur_ros_rtde_gripper_commands/share/ur_ros_rtde_gripper_commands/package.dsv
-- Up-to-date: /home/alberto/Documents/kia_gd_ws/install/ur_ros_rtde_gripper_commands/share/ament_index/resource_index/packages/ur_ros_rtde_gripper_commands
-- Up-to-date: /home/alberto/Documents/kia_gd_ws/install/ur_ros_rtde_gripper_commands/share/ament_index/resource_index/ur_ros_rtde_gripper_commands__pluginlib__plugin/ur_ros_rtde_gripper_commands
-- Up-to-date: /home/alberto/Documents/kia_gd_ws/install/ur_ros_rtde_gripper_commands/share/ur_ros_rtde_gripper_commands/cmake/export_ur_ros_rtde_gripper_commands__rosidl_generator_cExport.cmake
-- Up-to-date: /home/alberto/Documents/kia_gd_ws/install/ur_ros_rtde_gripper_commands/share/ur_ros_rtde_gripper_commands/cmake/export_ur_ros_rtde_gripper_commands__rosidl_generator_cExport-noconfig.cmake
-- Up-to-date: /home/alberto/Documents/kia_gd_ws/install/ur_ros_rtde_gripper_commands/share/ur_ros_rtde_gripper_commands/cmake/export_ur_ros_rtde_gripper_commands__rosidl_typesupport_fastrtps_cExport.cmake
-- Up-to-date: /home/alberto/Documents/kia_gd_ws/install/ur_ros_rtde_gripper_commands/share/ur_ros_rtde_gripper_commands/cmake/export_ur_ros_rtde_gripper_commands__rosidl_typesupport_fastrtps_cExport-noconfig.cmake
-- Up-to-date: /home/alberto/Documents/kia_gd_ws/install/ur_ros_rtde_gripper_commands/share/ur_ros_rtde_gripper_commands/cmake/export_ur_ros_rtde_gripper_commands__rosidl_generator_cppExport.cmake
-- Up-to-date: /home/alberto/Documents/kia_gd_ws/install/ur_ros_rtde_gripper_commands/share/ur_ros_rtde_gripper_commands/cmake/export_ur_ros_rtde_gripper_commands__rosidl_typesupport_fastrtps_cppExport.cmake
-- Up-to-date: /home/alberto/Documents/kia_gd_ws/install/ur_ros_rtde_gripper_commands/share/ur_ros_rtde_gripper_commands/cmake/export_ur_ros_rtde_gripper_commands__rosidl_typesupport_fastrtps_cppExport-noconfig.cmake
-- Up-to-date: /home/alberto/Documents/kia_gd_ws/install/ur_ros_rtde_gripper_commands/share/ur_ros_rtde_gripper_commands/cmake/ur_ros_rtde_gripper_commands__rosidl_typesupport_introspection_cExport.cmake
-- Up-to-date: /home/alberto/Documents/kia_gd_ws/install/ur_ros_rtde_gripper_commands/share/ur_ros_rtde_gripper_commands/cmake/ur_ros_rtde_gripper_commands__rosidl_typesupport_introspection_cExport-noconfig.cmake
-- Up-to-date: /home/alberto/Documents/kia_gd_ws/install/ur_ros_rtde_gripper_commands/share/ur_ros_rtde_gripper_commands/cmake/ur_ros_rtde_gripper_commands__rosidl_typesupport_cExport.cmake
-- Up-to-date: /home/alberto/Documents/kia_gd_ws/install/ur_ros_rtde_gripper_commands/share/ur_ros_rtde_gripper_commands/cmake/ur_ros_rtde_gripper_commands__rosidl_typesupport_cExport-noconfig.cmake
-- Up-to-date: /home/alberto/Documents/kia_gd_ws/install/ur_ros_rtde_gripper_commands/share/ur_ros_rtde_gripper_commands/cmake/ur_ros_rtde_gripper_commands__rosidl_typesupport_introspection_cppExport.cmake
-- Up-to-date: /home/alberto/Documents/kia_gd_ws/install/ur_ros_rtde_gripper_commands/share/ur_ros_rtde_gripper_commands/cmake/ur_ros_rtde_gripper_commands__rosidl_typesupport_introspection_cppExport-noconfig.cmake
-- Up-to-date: /home/alberto/Documents/kia_gd_ws/install/ur_ros_rtde_gripper_commands/share/ur_ros_rtde_gripper_commands/cmake/ur_ros_rtde_gripper_commands__rosidl_typesupport_cppExport.cmake
-- Up-to-date: /home/alberto/Documents/kia_gd_ws/install/ur_ros_rtde_gripper_commands/share/ur_ros_rtde_gripper_commands/cmake/ur_ros_rtde_gripper_commands__rosidl_typesupport_cppExport-noconfig.cmake
-- Up-to-date: /home/alberto/Documents/kia_gd_ws/install/ur_ros_rtde_gripper_commands/share/ur_ros_rtde_gripper_commands/cmake/export_ur_ros_rtde_gripper_commands__rosidl_generator_pyExport.cmake
-- Up-to-date: /home/alberto/Documents/kia_gd_ws/install/ur_ros_rtde_gripper_commands/share/ur_ros_rtde_gripper_commands/cmake/export_ur_ros_rtde_gripper_commands__rosidl_generator_pyExport-noconfig.cmake
-- Up-to-date: /home/alberto/Documents/kia_gd_ws/install/ur_ros_rtde_gripper_commands/share/ur_ros_rtde_gripper_commands/cmake/export_ur_ros_rtde_gripper_commandsExport.cmake
-- Up-to-date: /home/alberto/Documents/kia_gd_ws/install/ur_ros_rtde_gripper_commands/share/ur_ros_rtde_gripper_commands/cmake/export_ur_ros_rtde_gripper_commandsExport-noconfig.cmake
-- Up-to-date: /home/alberto/Documents/kia_gd_ws/install/ur_ros_rtde_gripper_commands/share/ur_ros_rtde_gripper_commands/cmake/rosidl_cmake-extras.cmake
-- Up-to-date: /home/alberto/Documents/kia_gd_ws/install/ur_ros_rtde_gripper_commands/share/ur_ros_rtde_gripper_commands/cmake/ament_cmake_export_dependencies-extras.cmake
-- Up-to-date: /home/alberto/Documents/kia_gd_ws/install/ur_ros_rtde_gripper_commands/share/ur_ros_rtde_gripper_commands/cmake/ament_cmake_export_include_directories-extras.cmake
-- Up-to-date: /home/alberto/Documents/kia_gd_ws/install/ur_ros_rtde_gripper_commands/share/ur_ros_rtde_gripper_commands/cmake/ament_cmake_export_libraries-extras.cmake
-- Up-to-date: /home/alberto/Documents/kia_gd_ws/install/ur_ros_rtde_gripper_commands/share/ur_ros_rtde_gripper_commands/cmake/ament_cmake_export_targets-extras.cmake
-- Up-to-date: /home/alberto/Documents/kia_gd_ws/install/ur_ros_rtde_gripper_commands/share/ur_ros_rtde_gripper_commands/cmake/rosidl_cmake_export_typesupport_targets-extras.cmake
-- Up-to-date: /home/alberto/Documents/kia_gd_ws/install/ur_ros_rtde_gripper_commands/share/ur_ros_rtde_gripper_commands/cmake/rosidl_cmake_export_typesupport_libraries-extras.cmake
-- Up-to-date: /home/alberto/Documents/kia_gd_ws/install/ur_ros_rtde_gripper_commands/share/ur_ros_rtde_gripper_commands/cmake/ur_ros_rtde_gripper_commandsConfig.cmake
-- Up-to-date: /home/alberto/Documents/kia_gd_ws/install/ur_ros_rtde_gripper_commands/share/ur_ros_rtde_gripper_commands/cmake/ur_ros_rtde_gripper_commandsConfig-version.cmake
-- Up-to-date: /home/alberto/Documents/kia_gd_ws/install/ur_ros_rtde_gripper_commands/share/ur_ros_rtde_gripper_commands/package.xml
