[0.025s] Invoking command in '/home/alberto/Documents/kia_gd_ws/build/simple_ur10e_description': CMAKE_PREFIX_PATH=/home/alberto/Documents/kia_gd_ws/install/ur:/home/alberto/Documents/kia_gd_ws/install/ur_calibration:/home/alberto/Documents/kia_gd_ws/install/ur_robot_driver:/home/alberto/Documents/kia_gd_ws/install/ur_moveit_config:/home/alberto/Documents/kia_gd_ws/install/ur_bringup:/home/alberto/Documents/kia_gd_ws/install/ur_controllers:/home/alberto/Documents/kia_gd_ws/install/ur_dashboard_msgs:/home/alberto/Documents/kia_gd_ws/install/kia_gd:/home/alberto/install/vectornav:/home/alberto/install/vectornav_msgs:/home/alberto/install/uuv_teleop:/home/alberto/install/uuv_description:/home/alberto/install/sub:/home/alberto/install/pid:/home/alberto/ros2_ws/install/docker_test:/opt/ros/humble:/home/alberto/install/catkin:/home/alberto/ros2_ws/install/sub:/home/alberto/ros2_ws/install/pid:/home/alberto/ros2_ws/install/catkin:/home/alberto/uuv/install/uuv /usr/bin/cmake /home/alberto/Documents/kia_gd_ws/src/ur_ros_rtde/simple_ur10e_description -DCMAKE_INSTALL_PREFIX=/home/alberto/Documents/kia_gd_ws/install/simple_ur10e_description
[0.105s] -- The C compiler identification is GNU 11.4.0
[0.260s] -- The CXX compiler identification is GNU 11.4.0
[0.274s] -- Detecting C compiler ABI info
[0.399s] -- Detecting C compiler ABI info - done
[0.414s] -- Check for working C compiler: /usr/bin/cc - skipped
[0.414s] -- Detecting C compile features
[0.415s] -- Detecting C compile features - done
[0.421s] -- Detecting CXX compiler ABI info
[0.556s] -- Detecting CXX compiler ABI info - done
[0.576s] -- Check for working CXX compiler: /usr/bin/c++ - skipped
[0.576s] -- Detecting CXX compile features
[0.577s] -- Detecting CXX compile features - done
[0.585s] -- Found ament_cmake: 1.3.12 (/opt/ros/humble/share/ament_cmake/cmake)
[1.301s] -- Found Python3: /usr/bin/python3 (found version "3.10.12") found components: Interpreter 
[1.447s] -- Found ament_cmake_pytest: 1.3.12 (/opt/ros/humble/share/ament_cmake_pytest/cmake)
[1.596s] -- Configuring done
[1.599s] -- Generating done
[1.603s] -- Build files have been written to: /home/alberto/Documents/kia_gd_ws/build/simple_ur10e_description
[1.610s] Invoked command in '/home/alberto/Documents/kia_gd_ws/build/simple_ur10e_description' returned '0': CMAKE_PREFIX_PATH=/home/alberto/Documents/kia_gd_ws/install/ur:/home/alberto/Documents/kia_gd_ws/install/ur_calibration:/home/alberto/Documents/kia_gd_ws/install/ur_robot_driver:/home/alberto/Documents/kia_gd_ws/install/ur_moveit_config:/home/alberto/Documents/kia_gd_ws/install/ur_bringup:/home/alberto/Documents/kia_gd_ws/install/ur_controllers:/home/alberto/Documents/kia_gd_ws/install/ur_dashboard_msgs:/home/alberto/Documents/kia_gd_ws/install/kia_gd:/home/alberto/install/vectornav:/home/alberto/install/vectornav_msgs:/home/alberto/install/uuv_teleop:/home/alberto/install/uuv_description:/home/alberto/install/sub:/home/alberto/install/pid:/home/alberto/ros2_ws/install/docker_test:/opt/ros/humble:/home/alberto/install/catkin:/home/alberto/ros2_ws/install/sub:/home/alberto/ros2_ws/install/pid:/home/alberto/ros2_ws/install/catkin:/home/alberto/uuv/install/uuv /usr/bin/cmake /home/alberto/Documents/kia_gd_ws/src/ur_ros_rtde/simple_ur10e_description -DCMAKE_INSTALL_PREFIX=/home/alberto/Documents/kia_gd_ws/install/simple_ur10e_description
[1.612s] Invoking command in '/home/alberto/Documents/kia_gd_ws/build/simple_ur10e_description': CMAKE_PREFIX_PATH=/home/alberto/Documents/kia_gd_ws/install/ur:/home/alberto/Documents/kia_gd_ws/install/ur_calibration:/home/alberto/Documents/kia_gd_ws/install/ur_robot_driver:/home/alberto/Documents/kia_gd_ws/install/ur_moveit_config:/home/alberto/Documents/kia_gd_ws/install/ur_bringup:/home/alberto/Documents/kia_gd_ws/install/ur_controllers:/home/alberto/Documents/kia_gd_ws/install/ur_dashboard_msgs:/home/alberto/Documents/kia_gd_ws/install/kia_gd:/home/alberto/install/vectornav:/home/alberto/install/vectornav_msgs:/home/alberto/install/uuv_teleop:/home/alberto/install/uuv_description:/home/alberto/install/sub:/home/alberto/install/pid:/home/alberto/ros2_ws/install/docker_test:/opt/ros/humble:/home/alberto/install/catkin:/home/alberto/ros2_ws/install/sub:/home/alberto/ros2_ws/install/pid:/home/alberto/ros2_ws/install/catkin:/home/alberto/uuv/install/uuv /usr/bin/cmake --build /home/alberto/Documents/kia_gd_ws/build/simple_ur10e_description -- -j8 -l8
[1.664s] Invoked command in '/home/alberto/Documents/kia_gd_ws/build/simple_ur10e_description' returned '0': CMAKE_PREFIX_PATH=/home/alberto/Documents/kia_gd_ws/install/ur:/home/alberto/Documents/kia_gd_ws/install/ur_calibration:/home/alberto/Documents/kia_gd_ws/install/ur_robot_driver:/home/alberto/Documents/kia_gd_ws/install/ur_moveit_config:/home/alberto/Documents/kia_gd_ws/install/ur_bringup:/home/alberto/Documents/kia_gd_ws/install/ur_controllers:/home/alberto/Documents/kia_gd_ws/install/ur_dashboard_msgs:/home/alberto/Documents/kia_gd_ws/install/kia_gd:/home/alberto/install/vectornav:/home/alberto/install/vectornav_msgs:/home/alberto/install/uuv_teleop:/home/alberto/install/uuv_description:/home/alberto/install/sub:/home/alberto/install/pid:/home/alberto/ros2_ws/install/docker_test:/opt/ros/humble:/home/alberto/install/catkin:/home/alberto/ros2_ws/install/sub:/home/alberto/ros2_ws/install/pid:/home/alberto/ros2_ws/install/catkin:/home/alberto/uuv/install/uuv /usr/bin/cmake --build /home/alberto/Documents/kia_gd_ws/build/simple_ur10e_description -- -j8 -l8
[1.667s] Invoking command in '/home/alberto/Documents/kia_gd_ws/build/simple_ur10e_description': CMAKE_PREFIX_PATH=/home/alberto/Documents/kia_gd_ws/install/ur:/home/alberto/Documents/kia_gd_ws/install/ur_calibration:/home/alberto/Documents/kia_gd_ws/install/ur_robot_driver:/home/alberto/Documents/kia_gd_ws/install/ur_moveit_config:/home/alberto/Documents/kia_gd_ws/install/ur_bringup:/home/alberto/Documents/kia_gd_ws/install/ur_controllers:/home/alberto/Documents/kia_gd_ws/install/ur_dashboard_msgs:/home/alberto/Documents/kia_gd_ws/install/kia_gd:/home/alberto/install/vectornav:/home/alberto/install/vectornav_msgs:/home/alberto/install/uuv_teleop:/home/alberto/install/uuv_description:/home/alberto/install/sub:/home/alberto/install/pid:/home/alberto/ros2_ws/install/docker_test:/opt/ros/humble:/home/alberto/install/catkin:/home/alberto/ros2_ws/install/sub:/home/alberto/ros2_ws/install/pid:/home/alberto/ros2_ws/install/catkin:/home/alberto/uuv/install/uuv /usr/bin/cmake --install /home/alberto/Documents/kia_gd_ws/build/simple_ur10e_description
[1.676s] -- Install configuration: ""
[1.677s] -- Installing: /home/alberto/Documents/kia_gd_ws/install/simple_ur10e_description/share/simple_ur10e_description/meshes
[1.677s] -- Installing: /home/alberto/Documents/kia_gd_ws/install/simple_ur10e_description/share/simple_ur10e_description/meshes/visual
[1.677s] -- Installing: /home/alberto/Documents/kia_gd_ws/install/simple_ur10e_description/share/simple_ur10e_description/meshes/visual/forearm.dae
[1.678s] -- Installing: /home/alberto/Documents/kia_gd_ws/install/simple_ur10e_description/share/simple_ur10e_description/meshes/visual/base.dae
[1.679s] -- Installing: /home/alberto/Documents/kia_gd_ws/install/simple_ur10e_description/share/simple_ur10e_description/meshes/visual/shoulder.dae
[1.682s] -- Installing: /home/alberto/Documents/kia_gd_ws/install/simple_ur10e_description/share/simple_ur10e_description/meshes/visual/wrist2.dae
[1.684s] -- Installing: /home/alberto/Documents/kia_gd_ws/install/simple_ur10e_description/share/simple_ur10e_description/meshes/visual/wrist1.dae
[1.685s] -- Installing: /home/alberto/Documents/kia_gd_ws/install/simple_ur10e_description/share/simple_ur10e_description/meshes/visual/wrist3.dae
[1.686s] -- Installing: /home/alberto/Documents/kia_gd_ws/install/simple_ur10e_description/share/simple_ur10e_description/meshes/visual/upperarm.dae
[1.689s] -- Installing: /home/alberto/Documents/kia_gd_ws/install/simple_ur10e_description/share/simple_ur10e_description/meshes/collision
[1.689s] -- Installing: /home/alberto/Documents/kia_gd_ws/install/simple_ur10e_description/share/simple_ur10e_description/meshes/collision/base.stl
[1.689s] -- Installing: /home/alberto/Documents/kia_gd_ws/install/simple_ur10e_description/share/simple_ur10e_description/meshes/collision/shoulder.stl
[1.690s] -- Installing: /home/alberto/Documents/kia_gd_ws/install/simple_ur10e_description/share/simple_ur10e_description/meshes/collision/wrist1.stl
[1.690s] -- Installing: /home/alberto/Documents/kia_gd_ws/install/simple_ur10e_description/share/simple_ur10e_description/meshes/collision/wrist3.stl
[1.690s] -- Installing: /home/alberto/Documents/kia_gd_ws/install/simple_ur10e_description/share/simple_ur10e_description/meshes/collision/wrist2.stl
[1.690s] -- Installing: /home/alberto/Documents/kia_gd_ws/install/simple_ur10e_description/share/simple_ur10e_description/meshes/collision/forearm.stl
[1.690s] -- Installing: /home/alberto/Documents/kia_gd_ws/install/simple_ur10e_description/share/simple_ur10e_description/meshes/collision/upperarm.stl
[1.691s] -- Installing: /home/alberto/Documents/kia_gd_ws/install/simple_ur10e_description/share/simple_ur10e_description/urdf
[1.691s] -- Installing: /home/alberto/Documents/kia_gd_ws/install/simple_ur10e_description/share/simple_ur10e_description/urdf/ur10e.xacro
[1.691s] -- Installing: /home/alberto/Documents/kia_gd_ws/install/simple_ur10e_description/share/simple_ur10e_description/urdf/single_parts
[1.691s] -- Installing: /home/alberto/Documents/kia_gd_ws/install/simple_ur10e_description/share/simple_ur10e_description/urdf/single_parts/ur_macro.xacro
[1.691s] -- Installing: /home/alberto/Documents/kia_gd_ws/install/simple_ur10e_description/share/simple_ur10e_description/urdf/single_parts/ur.xacro
[1.691s] -- Installing: /home/alberto/Documents/kia_gd_ws/install/simple_ur10e_description/share/simple_ur10e_description/urdf/generate_urdf.sh
[1.691s] -- Installing: /home/alberto/Documents/kia_gd_ws/install/simple_ur10e_description/share/simple_ur10e_description/config
[1.691s] -- Installing: /home/alberto/Documents/kia_gd_ws/install/simple_ur10e_description/share/simple_ur10e_description/config/ur.ros2_control.xacro
[1.692s] -- Installing: /home/alberto/Documents/kia_gd_ws/install/simple_ur10e_description/share/simple_ur10e_description/config/ur_common.xacro
[1.692s] -- Installing: /home/alberto/Documents/kia_gd_ws/install/simple_ur10e_description/share/simple_ur10e_description/config/ur10e
[1.692s] -- Installing: /home/alberto/Documents/kia_gd_ws/install/simple_ur10e_description/share/simple_ur10e_description/config/ur10e/visual_parameters.yaml
[1.692s] -- Installing: /home/alberto/Documents/kia_gd_ws/install/simple_ur10e_description/share/simple_ur10e_description/config/ur10e/physical_parameters.yaml
[1.692s] -- Installing: /home/alberto/Documents/kia_gd_ws/install/simple_ur10e_description/share/simple_ur10e_description/config/ur10e/joint_limits.yaml
[1.692s] -- Installing: /home/alberto/Documents/kia_gd_ws/install/simple_ur10e_description/share/simple_ur10e_description/config/ur10e/default_kinematics.yaml
[1.692s] -- Installing: /home/alberto/Documents/kia_gd_ws/install/simple_ur10e_description/share/simple_ur10e_description/config/ur10e/initial_positions.yaml
[1.692s] -- Installing: /home/alberto/Documents/kia_gd_ws/install/simple_ur10e_description/share/simple_ur10e_description/config/ur10e/calibration.yaml
[1.693s] -- Installing: /home/alberto/Documents/kia_gd_ws/install/simple_ur10e_description/share/simple_ur10e_description/config/ur10e_update_rate.yaml
[1.693s] -- Installing: /home/alberto/Documents/kia_gd_ws/install/simple_ur10e_description/share/simple_ur10e_description/config/ur_controllers.yaml
[1.693s] -- Installing: /home/alberto/Documents/kia_gd_ws/install/simple_ur10e_description/share/simple_ur10e_description/config/ur_transmissions.xacro
[1.693s] -- Installing: /home/alberto/Documents/kia_gd_ws/install/simple_ur10e_description/share/ament_index/resource_index/package_run_dependencies/simple_ur10e_description
[1.693s] -- Installing: /home/alberto/Documents/kia_gd_ws/install/simple_ur10e_description/share/ament_index/resource_index/parent_prefix_path/simple_ur10e_description
[1.694s] -- Installing: /home/alberto/Documents/kia_gd_ws/install/simple_ur10e_description/share/simple_ur10e_description/environment/ament_prefix_path.sh
[1.694s] -- Installing: /home/alberto/Documents/kia_gd_ws/install/simple_ur10e_description/share/simple_ur10e_description/environment/ament_prefix_path.dsv
[1.694s] -- Installing: /home/alberto/Documents/kia_gd_ws/install/simple_ur10e_description/share/simple_ur10e_description/environment/path.sh
[1.694s] -- Installing: /home/alberto/Documents/kia_gd_ws/install/simple_ur10e_description/share/simple_ur10e_description/environment/path.dsv
[1.694s] -- Installing: /home/alberto/Documents/kia_gd_ws/install/simple_ur10e_description/share/simple_ur10e_description/local_setup.bash
[1.694s] -- Installing: /home/alberto/Documents/kia_gd_ws/install/simple_ur10e_description/share/simple_ur10e_description/local_setup.sh
[1.695s] -- Installing: /home/alberto/Documents/kia_gd_ws/install/simple_ur10e_description/share/simple_ur10e_description/local_setup.zsh
[1.695s] -- Installing: /home/alberto/Documents/kia_gd_ws/install/simple_ur10e_description/share/simple_ur10e_description/local_setup.dsv
[1.695s] -- Installing: /home/alberto/Documents/kia_gd_ws/install/simple_ur10e_description/share/simple_ur10e_description/package.dsv
[1.695s] -- Installing: /home/alberto/Documents/kia_gd_ws/install/simple_ur10e_description/share/ament_index/resource_index/packages/simple_ur10e_description
[1.696s] -- Installing: /home/alberto/Documents/kia_gd_ws/install/simple_ur10e_description/share/simple_ur10e_description/cmake/simple_ur10e_descriptionConfig.cmake
[1.696s] -- Installing: /home/alberto/Documents/kia_gd_ws/install/simple_ur10e_description/share/simple_ur10e_description/cmake/simple_ur10e_descriptionConfig-version.cmake
[1.696s] -- Installing: /home/alberto/Documents/kia_gd_ws/install/simple_ur10e_description/share/simple_ur10e_description/package.xml
[1.699s] Invoked command in '/home/alberto/Documents/kia_gd_ws/build/simple_ur10e_description' returned '0': CMAKE_PREFIX_PATH=/home/alberto/Documents/kia_gd_ws/install/ur:/home/alberto/Documents/kia_gd_ws/install/ur_calibration:/home/alberto/Documents/kia_gd_ws/install/ur_robot_driver:/home/alberto/Documents/kia_gd_ws/install/ur_moveit_config:/home/alberto/Documents/kia_gd_ws/install/ur_bringup:/home/alberto/Documents/kia_gd_ws/install/ur_controllers:/home/alberto/Documents/kia_gd_ws/install/ur_dashboard_msgs:/home/alberto/Documents/kia_gd_ws/install/kia_gd:/home/alberto/install/vectornav:/home/alberto/install/vectornav_msgs:/home/alberto/install/uuv_teleop:/home/alberto/install/uuv_description:/home/alberto/install/sub:/home/alberto/install/pid:/home/alberto/ros2_ws/install/docker_test:/opt/ros/humble:/home/alberto/install/catkin:/home/alberto/ros2_ws/install/sub:/home/alberto/ros2_ws/install/pid:/home/alberto/ros2_ws/install/catkin:/home/alberto/uuv/install/uuv /usr/bin/cmake --install /home/alberto/Documents/kia_gd_ws/build/simple_ur10e_description
