[0.013s] Invoking command in '/home/alberto/Documents/kia_gd_ws/build/ur_bringup': AMENT_PREFIX_PATH=/home/alberto/Documents/kia_gd_ws/install/ur_controllers:/home/alberto/Documents/kia_gd_ws/install/ur_dashboard_msgs:${AMENT_PREFIX_PATH} CMAKE_PREFIX_PATH=/home/alberto/Documents/kia_gd_ws/install/ur_controllers:/home/alberto/Documents/kia_gd_ws/install/ur_dashboard_msgs:/home/alberto/Documents/kia_gd_ws/install/kia_gd:/home/alberto/install/vectornav:/home/alberto/install/vectornav_msgs:/home/alberto/install/uuv_teleop:/home/alberto/install/uuv_description:/home/alberto/install/sub:/home/alberto/install/pid:/home/alberto/ros2_ws/install/docker_test:/opt/ros/humble:/home/alberto/install/catkin:/home/alberto/ros2_ws/install/sub:/home/alberto/ros2_ws/install/pid:/home/alberto/ros2_ws/install/catkin:/home/alberto/uuv/install/uuv LD_LIBRARY_PATH=/home/alberto/Documents/kia_gd_ws/install/ur_controllers/lib:/home/alberto/Documents/kia_gd_ws/install/ur_dashboard_msgs/lib:${LD_LIBRARY_PATH} PYTHONPATH=/home/alberto/Documents/kia_gd_ws/install/ur_dashboard_msgs/local/lib/python3.10/dist-packages:${PYTHONPATH} /usr/bin/cmake /home/alberto/Documents/kia_gd_ws/src/Universal_Robots_ROS2_Driver/ur_bringup -DCMAKE_BUILD_TYPE=Release -DCMAKE_INSTALL_PREFIX=/home/alberto/Documents/kia_gd_ws/install/ur_bringup
[0.062s] -- The C compiler identification is GNU 11.4.0
[0.114s] -- The CXX compiler identification is GNU 11.4.0
[0.123s] -- Detecting C compiler ABI info
[0.188s] -- Detecting C compiler ABI info - done
[0.202s] -- Check for working C compiler: /usr/bin/cc - skipped
[0.202s] -- Detecting C compile features
[0.202s] -- Detecting C compile features - done
[0.206s] -- Detecting CXX compiler ABI info
[0.289s] -- Detecting CXX compiler ABI info - done
[0.303s] -- Check for working CXX compiler: /usr/bin/c++ - skipped
[0.303s] -- Detecting CXX compile features
[0.304s] -- Detecting CXX compile features - done
[0.307s] -- Found ament_cmake: 1.3.12 (/opt/ros/humble/share/ament_cmake/cmake)
[0.706s] -- Found Python3: /usr/bin/python3 (found version "3.10.12") found components: Interpreter 
[0.897s] -- Configuring done
[0.899s] -- Generating done
[0.900s] -- Build files have been written to: /home/alberto/Documents/kia_gd_ws/build/ur_bringup
[0.904s] Invoked command in '/home/alberto/Documents/kia_gd_ws/build/ur_bringup' returned '0': AMENT_PREFIX_PATH=/home/alberto/Documents/kia_gd_ws/install/ur_controllers:/home/alberto/Documents/kia_gd_ws/install/ur_dashboard_msgs:${AMENT_PREFIX_PATH} CMAKE_PREFIX_PATH=/home/alberto/Documents/kia_gd_ws/install/ur_controllers:/home/alberto/Documents/kia_gd_ws/install/ur_dashboard_msgs:/home/alberto/Documents/kia_gd_ws/install/kia_gd:/home/alberto/install/vectornav:/home/alberto/install/vectornav_msgs:/home/alberto/install/uuv_teleop:/home/alberto/install/uuv_description:/home/alberto/install/sub:/home/alberto/install/pid:/home/alberto/ros2_ws/install/docker_test:/opt/ros/humble:/home/alberto/install/catkin:/home/alberto/ros2_ws/install/sub:/home/alberto/ros2_ws/install/pid:/home/alberto/ros2_ws/install/catkin:/home/alberto/uuv/install/uuv LD_LIBRARY_PATH=/home/alberto/Documents/kia_gd_ws/install/ur_controllers/lib:/home/alberto/Documents/kia_gd_ws/install/ur_dashboard_msgs/lib:${LD_LIBRARY_PATH} PYTHONPATH=/home/alberto/Documents/kia_gd_ws/install/ur_dashboard_msgs/local/lib/python3.10/dist-packages:${PYTHONPATH} /usr/bin/cmake /home/alberto/Documents/kia_gd_ws/src/Universal_Robots_ROS2_Driver/ur_bringup -DCMAKE_BUILD_TYPE=Release -DCMAKE_INSTALL_PREFIX=/home/alberto/Documents/kia_gd_ws/install/ur_bringup
[0.906s] Invoking command in '/home/alberto/Documents/kia_gd_ws/build/ur_bringup': AMENT_PREFIX_PATH=/home/alberto/Documents/kia_gd_ws/install/ur_controllers:/home/alberto/Documents/kia_gd_ws/install/ur_dashboard_msgs:${AMENT_PREFIX_PATH} CMAKE_PREFIX_PATH=/home/alberto/Documents/kia_gd_ws/install/ur_controllers:/home/alberto/Documents/kia_gd_ws/install/ur_dashboard_msgs:/home/alberto/Documents/kia_gd_ws/install/kia_gd:/home/alberto/install/vectornav:/home/alberto/install/vectornav_msgs:/home/alberto/install/uuv_teleop:/home/alberto/install/uuv_description:/home/alberto/install/sub:/home/alberto/install/pid:/home/alberto/ros2_ws/install/docker_test:/opt/ros/humble:/home/alberto/install/catkin:/home/alberto/ros2_ws/install/sub:/home/alberto/ros2_ws/install/pid:/home/alberto/ros2_ws/install/catkin:/home/alberto/uuv/install/uuv LD_LIBRARY_PATH=/home/alberto/Documents/kia_gd_ws/install/ur_controllers/lib:/home/alberto/Documents/kia_gd_ws/install/ur_dashboard_msgs/lib:${LD_LIBRARY_PATH} PYTHONPATH=/home/alberto/Documents/kia_gd_ws/install/ur_dashboard_msgs/local/lib/python3.10/dist-packages:${PYTHONPATH} /usr/bin/cmake --build /home/alberto/Documents/kia_gd_ws/build/ur_bringup -- -j8 -l8
[0.943s] Invoked command in '/home/alberto/Documents/kia_gd_ws/build/ur_bringup' returned '0': AMENT_PREFIX_PATH=/home/alberto/Documents/kia_gd_ws/install/ur_controllers:/home/alberto/Documents/kia_gd_ws/install/ur_dashboard_msgs:${AMENT_PREFIX_PATH} CMAKE_PREFIX_PATH=/home/alberto/Documents/kia_gd_ws/install/ur_controllers:/home/alberto/Documents/kia_gd_ws/install/ur_dashboard_msgs:/home/alberto/Documents/kia_gd_ws/install/kia_gd:/home/alberto/install/vectornav:/home/alberto/install/vectornav_msgs:/home/alberto/install/uuv_teleop:/home/alberto/install/uuv_description:/home/alberto/install/sub:/home/alberto/install/pid:/home/alberto/ros2_ws/install/docker_test:/opt/ros/humble:/home/alberto/install/catkin:/home/alberto/ros2_ws/install/sub:/home/alberto/ros2_ws/install/pid:/home/alberto/ros2_ws/install/catkin:/home/alberto/uuv/install/uuv LD_LIBRARY_PATH=/home/alberto/Documents/kia_gd_ws/install/ur_controllers/lib:/home/alberto/Documents/kia_gd_ws/install/ur_dashboard_msgs/lib:${LD_LIBRARY_PATH} PYTHONPATH=/home/alberto/Documents/kia_gd_ws/install/ur_dashboard_msgs/local/lib/python3.10/dist-packages:${PYTHONPATH} /usr/bin/cmake --build /home/alberto/Documents/kia_gd_ws/build/ur_bringup -- -j8 -l8
[0.945s] Invoking command in '/home/alberto/Documents/kia_gd_ws/build/ur_bringup': AMENT_PREFIX_PATH=/home/alberto/Documents/kia_gd_ws/install/ur_controllers:/home/alberto/Documents/kia_gd_ws/install/ur_dashboard_msgs:${AMENT_PREFIX_PATH} CMAKE_PREFIX_PATH=/home/alberto/Documents/kia_gd_ws/install/ur_controllers:/home/alberto/Documents/kia_gd_ws/install/ur_dashboard_msgs:/home/alberto/Documents/kia_gd_ws/install/kia_gd:/home/alberto/install/vectornav:/home/alberto/install/vectornav_msgs:/home/alberto/install/uuv_teleop:/home/alberto/install/uuv_description:/home/alberto/install/sub:/home/alberto/install/pid:/home/alberto/ros2_ws/install/docker_test:/opt/ros/humble:/home/alberto/install/catkin:/home/alberto/ros2_ws/install/sub:/home/alberto/ros2_ws/install/pid:/home/alberto/ros2_ws/install/catkin:/home/alberto/uuv/install/uuv LD_LIBRARY_PATH=/home/alberto/Documents/kia_gd_ws/install/ur_controllers/lib:/home/alberto/Documents/kia_gd_ws/install/ur_dashboard_msgs/lib:${LD_LIBRARY_PATH} PYTHONPATH=/home/alberto/Documents/kia_gd_ws/install/ur_dashboard_msgs/local/lib/python3.10/dist-packages:${PYTHONPATH} /usr/bin/cmake --install /home/alberto/Documents/kia_gd_ws/build/ur_bringup
[0.952s] -- Install configuration: "Release"
[0.952s] -- Installing: /home/alberto/Documents/kia_gd_ws/install/ur_bringup/share/ur_bringup/config
[0.952s] -- Installing: /home/alberto/Documents/kia_gd_ws/install/ur_bringup/share/ur_bringup/config/ur3_update_rate.yaml
[0.952s] -- Installing: /home/alberto/Documents/kia_gd_ws/install/ur_bringup/share/ur_bringup/config/ur5_update_rate.yaml
[0.953s] -- Installing: /home/alberto/Documents/kia_gd_ws/install/ur_bringup/share/ur_bringup/config/ur16e_update_rate.yaml
[0.953s] -- Installing: /home/alberto/Documents/kia_gd_ws/install/ur_bringup/share/ur_bringup/config/ur8long_update_rate.yaml
[0.953s] -- Installing: /home/alberto/Documents/kia_gd_ws/install/ur_bringup/share/ur_bringup/config/ur10e_update_rate.yaml
[0.953s] -- Installing: /home/alberto/Documents/kia_gd_ws/install/ur_bringup/share/ur_bringup/config/ur18_update_rate.yaml
[0.953s] -- Installing: /home/alberto/Documents/kia_gd_ws/install/ur_bringup/share/ur_bringup/config/ur10_update_rate.yaml
[0.953s] -- Installing: /home/alberto/Documents/kia_gd_ws/install/ur_bringup/share/ur_bringup/config/test_velocity_goal_publishers_config.yaml
[0.953s] -- Installing: /home/alberto/Documents/kia_gd_ws/install/ur_bringup/share/ur_bringup/config/ur3e_update_rate.yaml
[0.953s] -- Installing: /home/alberto/Documents/kia_gd_ws/install/ur_bringup/share/ur_bringup/config/ur_controllers.yaml
[0.953s] -- Installing: /home/alberto/Documents/kia_gd_ws/install/ur_bringup/share/ur_bringup/config/ur5e_update_rate.yaml
[0.954s] -- Installing: /home/alberto/Documents/kia_gd_ws/install/ur_bringup/share/ur_bringup/config/test_goal_publishers_config.yaml
[0.954s] -- Installing: /home/alberto/Documents/kia_gd_ws/install/ur_bringup/share/ur_bringup/launch
[0.954s] -- Installing: /home/alberto/Documents/kia_gd_ws/install/ur_bringup/share/ur_bringup/launch/ur10.launch.py
[0.954s] -- Installing: /home/alberto/Documents/kia_gd_ws/install/ur_bringup/share/ur_bringup/launch/test_forward_velocity_controller.launch.py
[0.954s] -- Installing: /home/alberto/Documents/kia_gd_ws/install/ur_bringup/share/ur_bringup/launch/ur3.launch.py
[0.954s] -- Installing: /home/alberto/Documents/kia_gd_ws/install/ur_bringup/share/ur_bringup/launch/ur3e.launch.py
[0.954s] -- Installing: /home/alberto/Documents/kia_gd_ws/install/ur_bringup/share/ur_bringup/launch/ur18.launch.py
[0.954s] -- Installing: /home/alberto/Documents/kia_gd_ws/install/ur_bringup/share/ur_bringup/launch/ur_control.launch.py
[0.954s] -- Installing: /home/alberto/Documents/kia_gd_ws/install/ur_bringup/share/ur_bringup/launch/test_joint_trajectory_controller.launch.py
[0.954s] -- Installing: /home/alberto/Documents/kia_gd_ws/install/ur_bringup/share/ur_bringup/launch/ur10e.launch.py
[0.955s] -- Installing: /home/alberto/Documents/kia_gd_ws/install/ur_bringup/share/ur_bringup/launch/ur5e.launch.py
[0.955s] -- Installing: /home/alberto/Documents/kia_gd_ws/install/ur_bringup/share/ur_bringup/launch/ur12e.launch.py
[0.955s] -- Installing: /home/alberto/Documents/kia_gd_ws/install/ur_bringup/share/ur_bringup/launch/ur_dashboard_client.launch.py
[0.955s] -- Installing: /home/alberto/Documents/kia_gd_ws/install/ur_bringup/share/ur_bringup/launch/ur5.launch.py
[0.955s] -- Installing: /home/alberto/Documents/kia_gd_ws/install/ur_bringup/share/ur_bringup/launch/ur16e.launch.py
[0.955s] -- Installing: /home/alberto/Documents/kia_gd_ws/install/ur_bringup/share/ur_bringup/launch/test_scaled_joint_trajectory_controller.launch.py
[0.955s] -- Installing: /home/alberto/Documents/kia_gd_ws/install/ur_bringup/share/ur_bringup/launch/ur20.launch.py
[0.955s] -- Installing: /home/alberto/Documents/kia_gd_ws/install/ur_bringup/share/ur_bringup/launch/ur30.launch.py
[0.955s] -- Installing: /home/alberto/Documents/kia_gd_ws/install/ur_bringup/share/ur_bringup/launch/ur8long.launch.py
[0.956s] -- Installing: /home/alberto/Documents/kia_gd_ws/install/ur_bringup/share/ur_bringup/launch/ur15.launch.py
[0.956s] -- Installing: /home/alberto/Documents/kia_gd_ws/install/ur_bringup/share/ur_bringup/launch/ur7e.launch.py
[0.956s] -- Installing: /home/alberto/Documents/kia_gd_ws/install/ur_bringup/lib/ur_bringup/start_ursim.sh
[0.956s] -- Installing: /home/alberto/Documents/kia_gd_ws/install/ur_bringup/share/ament_index/resource_index/package_run_dependencies/ur_bringup
[0.956s] -- Installing: /home/alberto/Documents/kia_gd_ws/install/ur_bringup/share/ament_index/resource_index/parent_prefix_path/ur_bringup
[0.956s] -- Installing: /home/alberto/Documents/kia_gd_ws/install/ur_bringup/share/ur_bringup/environment/ament_prefix_path.sh
[0.956s] -- Installing: /home/alberto/Documents/kia_gd_ws/install/ur_bringup/share/ur_bringup/environment/ament_prefix_path.dsv
[0.956s] -- Installing: /home/alberto/Documents/kia_gd_ws/install/ur_bringup/share/ur_bringup/environment/path.sh
[0.956s] -- Installing: /home/alberto/Documents/kia_gd_ws/install/ur_bringup/share/ur_bringup/environment/path.dsv
[0.956s] -- Installing: /home/alberto/Documents/kia_gd_ws/install/ur_bringup/share/ur_bringup/local_setup.bash
[0.957s] -- Installing: /home/alberto/Documents/kia_gd_ws/install/ur_bringup/share/ur_bringup/local_setup.sh
[0.957s] -- Installing: /home/alberto/Documents/kia_gd_ws/install/ur_bringup/share/ur_bringup/local_setup.zsh
[0.957s] -- Installing: /home/alberto/Documents/kia_gd_ws/install/ur_bringup/share/ur_bringup/local_setup.dsv
[0.957s] -- Installing: /home/alberto/Documents/kia_gd_ws/install/ur_bringup/share/ur_bringup/package.dsv
[0.957s] -- Installing: /home/alberto/Documents/kia_gd_ws/install/ur_bringup/share/ament_index/resource_index/packages/ur_bringup
[0.957s] -- Installing: /home/alberto/Documents/kia_gd_ws/install/ur_bringup/share/ur_bringup/cmake/ur_bringupConfig.cmake
[0.957s] -- Installing: /home/alberto/Documents/kia_gd_ws/install/ur_bringup/share/ur_bringup/cmake/ur_bringupConfig-version.cmake
[0.957s] -- Installing: /home/alberto/Documents/kia_gd_ws/install/ur_bringup/share/ur_bringup/package.xml
[0.959s] Invoked command in '/home/alberto/Documents/kia_gd_ws/build/ur_bringup' returned '0': AMENT_PREFIX_PATH=/home/alberto/Documents/kia_gd_ws/install/ur_controllers:/home/alberto/Documents/kia_gd_ws/install/ur_dashboard_msgs:${AMENT_PREFIX_PATH} CMAKE_PREFIX_PATH=/home/alberto/Documents/kia_gd_ws/install/ur_controllers:/home/alberto/Documents/kia_gd_ws/install/ur_dashboard_msgs:/home/alberto/Documents/kia_gd_ws/install/kia_gd:/home/alberto/install/vectornav:/home/alberto/install/vectornav_msgs:/home/alberto/install/uuv_teleop:/home/alberto/install/uuv_description:/home/alberto/install/sub:/home/alberto/install/pid:/home/alberto/ros2_ws/install/docker_test:/opt/ros/humble:/home/alberto/install/catkin:/home/alberto/ros2_ws/install/sub:/home/alberto/ros2_ws/install/pid:/home/alberto/ros2_ws/install/catkin:/home/alberto/uuv/install/uuv LD_LIBRARY_PATH=/home/alberto/Documents/kia_gd_ws/install/ur_controllers/lib:/home/alberto/Documents/kia_gd_ws/install/ur_dashboard_msgs/lib:${LD_LIBRARY_PATH} PYTHONPATH=/home/alberto/Documents/kia_gd_ws/install/ur_dashboard_msgs/local/lib/python3.10/dist-packages:${PYTHONPATH} /usr/bin/cmake --install /home/alberto/Documents/kia_gd_ws/build/ur_bringup
