-- Install configuration: ""
-- Up-to-date: /home/alberto/Documents/kia_gd_ws/install/kia_gd/share/kia_gd/launch
-- Up-to-date: /home/alberto/Documents/kia_gd_ws/install/kia_gd/share/kia_gd/launch/launch.py
-- Up-to-date: /home/alberto/Documents/kia_gd_ws/install/kia_gd/share/kia_gd/urdf
-- Up-to-date: /home/alberto/Documents/kia_gd_ws/install/kia_gd/share/kia_gd/urdf/ur5.urdf
-- Up-to-date: /home/alberto/Documents/kia_gd_ws/install/kia_gd/share/kia_gd/meshes
-- Up-to-date: /home/alberto/Documents/kia_gd_ws/install/kia_gd/share/kia_gd/meshes/J4.stl
-- Up-to-date: /home/alberto/Documents/kia_gd_ws/install/kia_gd/share/kia_gd/meshes/J6.dae
-- Up-to-date: /home/alberto/Documents/kia_gd_ws/install/kia_gd/share/kia_gd/meshes/Base.stl
-- Up-to-date: /home/alberto/Documents/kia_gd_ws/install/kia_gd/share/kia_gd/meshes/KIA_CAD.stl
-- Up-to-date: /home/alberto/Documents/kia_gd_ws/install/kia_gd/share/kia_gd/meshes/J5.stl
-- Up-to-date: /home/alberto/Documents/kia_gd_ws/install/kia_gd/share/kia_gd/meshes/J3.stl
-- Up-to-date: /home/alberto/Documents/kia_gd_ws/install/kia_gd/share/kia_gd/meshes/J2.dae
-- Up-to-date: /home/alberto/Documents/kia_gd_ws/install/kia_gd/share/kia_gd/meshes/J4.dae
-- Up-to-date: /home/alberto/Documents/kia_gd_ws/install/kia_gd/share/kia_gd/meshes/J5.dae
-- Up-to-date: /home/alberto/Documents/kia_gd_ws/install/kia_gd/share/kia_gd/meshes/J1.stl
-- Up-to-date: /home/alberto/Documents/kia_gd_ws/install/kia_gd/share/kia_gd/meshes/J2.stl
-- Up-to-date: /home/alberto/Documents/kia_gd_ws/install/kia_gd/share/kia_gd/meshes/J6.stl
-- Up-to-date: /home/alberto/Documents/kia_gd_ws/install/kia_gd/share/kia_gd/meshes/Base.dae
-- Up-to-date: /home/alberto/Documents/kia_gd_ws/install/kia_gd/share/kia_gd/meshes/Deslizador.stl
-- Up-to-date: /home/alberto/Documents/kia_gd_ws/install/kia_gd/share/kia_gd/meshes/J3.dae
-- Up-to-date: /home/alberto/Documents/kia_gd_ws/install/kia_gd/share/kia_gd/meshes/J1.dae
-- Up-to-date: /home/alberto/Documents/kia_gd_ws/install/kia_gd/share/kia_gd/rviz
-- Up-to-date: /home/alberto/Documents/kia_gd_ws/install/kia_gd/share/kia_gd/rviz/rviz.rviz
-- Up-to-date: /home/alberto/Documents/kia_gd_ws/install/kia_gd/share/ament_index/resource_index/package_run_dependencies/kia_gd
-- Up-to-date: /home/alberto/Documents/kia_gd_ws/install/kia_gd/share/ament_index/resource_index/parent_prefix_path/kia_gd
-- Up-to-date: /home/alberto/Documents/kia_gd_ws/install/kia_gd/share/kia_gd/environment/ament_prefix_path.sh
-- Up-to-date: /home/alberto/Documents/kia_gd_ws/install/kia_gd/share/kia_gd/environment/ament_prefix_path.dsv
-- Up-to-date: /home/alberto/Documents/kia_gd_ws/install/kia_gd/share/kia_gd/environment/path.sh
-- Up-to-date: /home/alberto/Documents/kia_gd_ws/install/kia_gd/share/kia_gd/environment/path.dsv
-- Up-to-date: /home/alberto/Documents/kia_gd_ws/install/kia_gd/share/kia_gd/local_setup.bash
-- Up-to-date: /home/alberto/Documents/kia_gd_ws/install/kia_gd/share/kia_gd/local_setup.sh
-- Up-to-date: /home/alberto/Documents/kia_gd_ws/install/kia_gd/share/kia_gd/local_setup.zsh
-- Up-to-date: /home/alberto/Documents/kia_gd_ws/install/kia_gd/share/kia_gd/local_setup.dsv
-- Installing: /home/alberto/Documents/kia_gd_ws/install/kia_gd/share/kia_gd/package.dsv
-- Up-to-date: /home/alberto/Documents/kia_gd_ws/install/kia_gd/share/ament_index/resource_index/packages/kia_gd
-- Up-to-date: /home/alberto/Documents/kia_gd_ws/install/kia_gd/share/kia_gd/cmake/kia_gdConfig.cmake
-- Up-to-date: /home/alberto/Documents/kia_gd_ws/install/kia_gd/share/kia_gd/cmake/kia_gdConfig-version.cmake
-- Up-to-date: /home/alberto/Documents/kia_gd_ws/install/kia_gd/share/kia_gd/package.xml
