[0.010s] Invoking command in '/home/alberto/Documents/kia_gd_ws/build/ur_bringup': CMAKE_PREFIX_PATH=/home/alberto/Documents/kia_gd_ws/install/ur_controllers:/home/alberto/Documents/kia_gd_ws/install/ur_dashboard_msgs:/home/alberto/Documents/kia_gd_ws/install/ur:/home/alberto/Documents/kia_gd_ws/install/ur_calibration:/home/alberto/Documents/kia_gd_ws/install/ur_robot_driver:/home/alberto/Documents/kia_gd_ws/install/ur_moveit_config:/home/alberto/Documents/kia_gd_ws/install/ur_bringup:/home/alberto/Documents/kia_gd_ws/install/kia_gd:/home/alberto/install/vectornav:/home/alberto/install/vectornav_msgs:/home/alberto/install/uuv_teleop:/home/alberto/install/uuv_description:/home/alberto/install/sub:/home/alberto/install/pid:/home/alberto/ros2_ws/install/docker_test:/opt/ros/humble:/home/alberto/install/catkin:/home/alberto/ros2_ws/install/sub:/home/alberto/ros2_ws/install/pid:/home/alberto/ros2_ws/install/catkin:/home/alberto/uuv/install/uuv LD_LIBRARY_PATH=/home/alberto/Documents/kia_gd_ws/install/ur_controllers/lib:/home/alberto/Documents/kia_gd_ws/install/ur_dashboard_msgs/lib:/home/alberto/Documents/kia_gd_ws/install/ur_robot_driver/lib:/home/alberto/install/vectornav/lib:/home/alberto/install/vectornav_msgs/lib:/opt/ros/humble/opt/rviz_ogre_vendor/lib:/opt/ros/humble/lib/x86_64-linux-gnu:/opt/ros/humble/lib /usr/bin/cmake --build /home/alberto/Documents/kia_gd_ws/build/ur_bringup -- -j8 -l8
[0.042s] Invoked command in '/home/alberto/Documents/kia_gd_ws/build/ur_bringup' returned '0': CMAKE_PREFIX_PATH=/home/alberto/Documents/kia_gd_ws/install/ur_controllers:/home/alberto/Documents/kia_gd_ws/install/ur_dashboard_msgs:/home/alberto/Documents/kia_gd_ws/install/ur:/home/alberto/Documents/kia_gd_ws/install/ur_calibration:/home/alberto/Documents/kia_gd_ws/install/ur_robot_driver:/home/alberto/Documents/kia_gd_ws/install/ur_moveit_config:/home/alberto/Documents/kia_gd_ws/install/ur_bringup:/home/alberto/Documents/kia_gd_ws/install/kia_gd:/home/alberto/install/vectornav:/home/alberto/install/vectornav_msgs:/home/alberto/install/uuv_teleop:/home/alberto/install/uuv_description:/home/alberto/install/sub:/home/alberto/install/pid:/home/alberto/ros2_ws/install/docker_test:/opt/ros/humble:/home/alberto/install/catkin:/home/alberto/ros2_ws/install/sub:/home/alberto/ros2_ws/install/pid:/home/alberto/ros2_ws/install/catkin:/home/alberto/uuv/install/uuv LD_LIBRARY_PATH=/home/alberto/Documents/kia_gd_ws/install/ur_controllers/lib:/home/alberto/Documents/kia_gd_ws/install/ur_dashboard_msgs/lib:/home/alberto/Documents/kia_gd_ws/install/ur_robot_driver/lib:/home/alberto/install/vectornav/lib:/home/alberto/install/vectornav_msgs/lib:/opt/ros/humble/opt/rviz_ogre_vendor/lib:/opt/ros/humble/lib/x86_64-linux-gnu:/opt/ros/humble/lib /usr/bin/cmake --build /home/alberto/Documents/kia_gd_ws/build/ur_bringup -- -j8 -l8
[0.049s] Invoking command in '/home/alberto/Documents/kia_gd_ws/build/ur_bringup': CMAKE_PREFIX_PATH=/home/alberto/Documents/kia_gd_ws/install/ur_controllers:/home/alberto/Documents/kia_gd_ws/install/ur_dashboard_msgs:/home/alberto/Documents/kia_gd_ws/install/ur:/home/alberto/Documents/kia_gd_ws/install/ur_calibration:/home/alberto/Documents/kia_gd_ws/install/ur_robot_driver:/home/alberto/Documents/kia_gd_ws/install/ur_moveit_config:/home/alberto/Documents/kia_gd_ws/install/ur_bringup:/home/alberto/Documents/kia_gd_ws/install/kia_gd:/home/alberto/install/vectornav:/home/alberto/install/vectornav_msgs:/home/alberto/install/uuv_teleop:/home/alberto/install/uuv_description:/home/alberto/install/sub:/home/alberto/install/pid:/home/alberto/ros2_ws/install/docker_test:/opt/ros/humble:/home/alberto/install/catkin:/home/alberto/ros2_ws/install/sub:/home/alberto/ros2_ws/install/pid:/home/alberto/ros2_ws/install/catkin:/home/alberto/uuv/install/uuv LD_LIBRARY_PATH=/home/alberto/Documents/kia_gd_ws/install/ur_controllers/lib:/home/alberto/Documents/kia_gd_ws/install/ur_dashboard_msgs/lib:/home/alberto/Documents/kia_gd_ws/install/ur_robot_driver/lib:/home/alberto/install/vectornav/lib:/home/alberto/install/vectornav_msgs/lib:/opt/ros/humble/opt/rviz_ogre_vendor/lib:/opt/ros/humble/lib/x86_64-linux-gnu:/opt/ros/humble/lib /usr/bin/cmake --install /home/alberto/Documents/kia_gd_ws/build/ur_bringup
[0.054s] -- Install configuration: "Release"
[0.055s] -- Up-to-date: /home/alberto/Documents/kia_gd_ws/install/ur_bringup/share/ur_bringup/config
[0.055s] -- Up-to-date: /home/alberto/Documents/kia_gd_ws/install/ur_bringup/share/ur_bringup/config/ur3_update_rate.yaml
[0.055s] -- Up-to-date: /home/alberto/Documents/kia_gd_ws/install/ur_bringup/share/ur_bringup/config/ur5_update_rate.yaml
[0.055s] -- Up-to-date: /home/alberto/Documents/kia_gd_ws/install/ur_bringup/share/ur_bringup/config/ur16e_update_rate.yaml
[0.055s] -- Up-to-date: /home/alberto/Documents/kia_gd_ws/install/ur_bringup/share/ur_bringup/config/ur8long_update_rate.yaml
[0.055s] -- Up-to-date: /home/alberto/Documents/kia_gd_ws/install/ur_bringup/share/ur_bringup/config/ur10e_update_rate.yaml
[0.055s] -- Up-to-date: /home/alberto/Documents/kia_gd_ws/install/ur_bringup/share/ur_bringup/config/ur18_update_rate.yaml
[0.055s] -- Up-to-date: /home/alberto/Documents/kia_gd_ws/install/ur_bringup/share/ur_bringup/config/ur10_update_rate.yaml
[0.056s] -- Up-to-date: /home/alberto/Documents/kia_gd_ws/install/ur_bringup/share/ur_bringup/config/test_velocity_goal_publishers_config.yaml
[0.056s] -- Up-to-date: /home/alberto/Documents/kia_gd_ws/install/ur_bringup/share/ur_bringup/config/ur3e_update_rate.yaml
[0.056s] -- Up-to-date: /home/alberto/Documents/kia_gd_ws/install/ur_bringup/share/ur_bringup/config/ur_controllers.yaml
[0.056s] -- Up-to-date: /home/alberto/Documents/kia_gd_ws/install/ur_bringup/share/ur_bringup/config/ur5e_update_rate.yaml
[0.056s] -- Up-to-date: /home/alberto/Documents/kia_gd_ws/install/ur_bringup/share/ur_bringup/config/test_goal_publishers_config.yaml
[0.056s] -- Up-to-date: /home/alberto/Documents/kia_gd_ws/install/ur_bringup/share/ur_bringup/launch
[0.056s] -- Up-to-date: /home/alberto/Documents/kia_gd_ws/install/ur_bringup/share/ur_bringup/launch/ur10.launch.py
[0.056s] -- Up-to-date: /home/alberto/Documents/kia_gd_ws/install/ur_bringup/share/ur_bringup/launch/test_forward_velocity_controller.launch.py
[0.056s] -- Up-to-date: /home/alberto/Documents/kia_gd_ws/install/ur_bringup/share/ur_bringup/launch/ur3.launch.py
[0.056s] -- Up-to-date: /home/alberto/Documents/kia_gd_ws/install/ur_bringup/share/ur_bringup/launch/ur3e.launch.py
[0.057s] -- Up-to-date: /home/alberto/Documents/kia_gd_ws/install/ur_bringup/share/ur_bringup/launch/ur18.launch.py
[0.057s] -- Up-to-date: /home/alberto/Documents/kia_gd_ws/install/ur_bringup/share/ur_bringup/launch/ur_control.launch.py
[0.057s] -- Up-to-date: /home/alberto/Documents/kia_gd_ws/install/ur_bringup/share/ur_bringup/launch/test_joint_trajectory_controller.launch.py
[0.057s] -- Up-to-date: /home/alberto/Documents/kia_gd_ws/install/ur_bringup/share/ur_bringup/launch/ur10e.launch.py
[0.057s] -- Up-to-date: /home/alberto/Documents/kia_gd_ws/install/ur_bringup/share/ur_bringup/launch/ur5e.launch.py
[0.057s] -- Up-to-date: /home/alberto/Documents/kia_gd_ws/install/ur_bringup/share/ur_bringup/launch/ur12e.launch.py
[0.057s] -- Up-to-date: /home/alberto/Documents/kia_gd_ws/install/ur_bringup/share/ur_bringup/launch/ur_dashboard_client.launch.py
[0.057s] -- Up-to-date: /home/alberto/Documents/kia_gd_ws/install/ur_bringup/share/ur_bringup/launch/ur5.launch.py
[0.057s] -- Up-to-date: /home/alberto/Documents/kia_gd_ws/install/ur_bringup/share/ur_bringup/launch/ur16e.launch.py
[0.058s] -- Up-to-date: /home/alberto/Documents/kia_gd_ws/install/ur_bringup/share/ur_bringup/launch/test_scaled_joint_trajectory_controller.launch.py
[0.058s] -- Up-to-date: /home/alberto/Documents/kia_gd_ws/install/ur_bringup/share/ur_bringup/launch/ur20.launch.py
[0.058s] -- Up-to-date: /home/alberto/Documents/kia_gd_ws/install/ur_bringup/share/ur_bringup/launch/ur30.launch.py
[0.058s] -- Up-to-date: /home/alberto/Documents/kia_gd_ws/install/ur_bringup/share/ur_bringup/launch/ur8long.launch.py
[0.058s] -- Up-to-date: /home/alberto/Documents/kia_gd_ws/install/ur_bringup/share/ur_bringup/launch/ur15.launch.py
[0.058s] -- Up-to-date: /home/alberto/Documents/kia_gd_ws/install/ur_bringup/share/ur_bringup/launch/ur7e.launch.py
[0.058s] -- Up-to-date: /home/alberto/Documents/kia_gd_ws/install/ur_bringup/lib/ur_bringup/start_ursim.sh
[0.058s] -- Up-to-date: /home/alberto/Documents/kia_gd_ws/install/ur_bringup/share/ament_index/resource_index/package_run_dependencies/ur_bringup
[0.058s] -- Up-to-date: /home/alberto/Documents/kia_gd_ws/install/ur_bringup/share/ament_index/resource_index/parent_prefix_path/ur_bringup
[0.058s] -- Up-to-date: /home/alberto/Documents/kia_gd_ws/install/ur_bringup/share/ur_bringup/environment/ament_prefix_path.sh
[0.058s] -- Up-to-date: /home/alberto/Documents/kia_gd_ws/install/ur_bringup/share/ur_bringup/environment/ament_prefix_path.dsv
[0.058s] -- Up-to-date: /home/alberto/Documents/kia_gd_ws/install/ur_bringup/share/ur_bringup/environment/path.sh
[0.058s] -- Up-to-date: /home/alberto/Documents/kia_gd_ws/install/ur_bringup/share/ur_bringup/environment/path.dsv
[0.058s] -- Up-to-date: /home/alberto/Documents/kia_gd_ws/install/ur_bringup/share/ur_bringup/local_setup.bash
[0.059s] -- Up-to-date: /home/alberto/Documents/kia_gd_ws/install/ur_bringup/share/ur_bringup/local_setup.sh
[0.059s] -- Up-to-date: /home/alberto/Documents/kia_gd_ws/install/ur_bringup/share/ur_bringup/local_setup.zsh
[0.059s] -- Up-to-date: /home/alberto/Documents/kia_gd_ws/install/ur_bringup/share/ur_bringup/local_setup.dsv
[0.059s] -- Installing: /home/alberto/Documents/kia_gd_ws/install/ur_bringup/share/ur_bringup/package.dsv
[0.059s] -- Up-to-date: /home/alberto/Documents/kia_gd_ws/install/ur_bringup/share/ament_index/resource_index/packages/ur_bringup
[0.059s] -- Up-to-date: /home/alberto/Documents/kia_gd_ws/install/ur_bringup/share/ur_bringup/cmake/ur_bringupConfig.cmake
[0.059s] -- Up-to-date: /home/alberto/Documents/kia_gd_ws/install/ur_bringup/share/ur_bringup/cmake/ur_bringupConfig-version.cmake
[0.059s] -- Up-to-date: /home/alberto/Documents/kia_gd_ws/install/ur_bringup/share/ur_bringup/package.xml
[0.063s] Invoked command in '/home/alberto/Documents/kia_gd_ws/build/ur_bringup' returned '0': CMAKE_PREFIX_PATH=/home/alberto/Documents/kia_gd_ws/install/ur_controllers:/home/alberto/Documents/kia_gd_ws/install/ur_dashboard_msgs:/home/alberto/Documents/kia_gd_ws/install/ur:/home/alberto/Documents/kia_gd_ws/install/ur_calibration:/home/alberto/Documents/kia_gd_ws/install/ur_robot_driver:/home/alberto/Documents/kia_gd_ws/install/ur_moveit_config:/home/alberto/Documents/kia_gd_ws/install/ur_bringup:/home/alberto/Documents/kia_gd_ws/install/kia_gd:/home/alberto/install/vectornav:/home/alberto/install/vectornav_msgs:/home/alberto/install/uuv_teleop:/home/alberto/install/uuv_description:/home/alberto/install/sub:/home/alberto/install/pid:/home/alberto/ros2_ws/install/docker_test:/opt/ros/humble:/home/alberto/install/catkin:/home/alberto/ros2_ws/install/sub:/home/alberto/ros2_ws/install/pid:/home/alberto/ros2_ws/install/catkin:/home/alberto/uuv/install/uuv LD_LIBRARY_PATH=/home/alberto/Documents/kia_gd_ws/install/ur_controllers/lib:/home/alberto/Documents/kia_gd_ws/install/ur_dashboard_msgs/lib:/home/alberto/Documents/kia_gd_ws/install/ur_robot_driver/lib:/home/alberto/install/vectornav/lib:/home/alberto/install/vectornav_msgs/lib:/opt/ros/humble/opt/rviz_ogre_vendor/lib:/opt/ros/humble/lib/x86_64-linux-gnu:/opt/ros/humble/lib /usr/bin/cmake --install /home/alberto/Documents/kia_gd_ws/build/ur_bringup
