[0.068s] Invoking command in '/home/alberto/Documents/kia_gd_ws/build/simple_ur10e_description': CMAKE_PREFIX_PATH=/home/alberto/Documents/kia_gd_ws/install/ur_ros_rtde_tutorials:/home/alberto/Documents/kia_gd_ws/install/ur_ros_rtde:/home/alberto/Documents/kia_gd_ws/install/ur_ros_rtde_simple_clients:/home/alberto/Documents/kia_gd_ws/install/ur_ros_rtde_gripper_commands:/home/alberto/Documents/kia_gd_ws/install/ur_ros_rtde_msgs:/home/alberto/Documents/kia_gd_ws/install/ur:/home/alberto/Documents/kia_gd_ws/install/ur_calibration:/home/alberto/Documents/kia_gd_ws/install/ur_robot_driver:/home/alberto/Documents/kia_gd_ws/install/ur_moveit_config:/home/alberto/Documents/kia_gd_ws/install/ur_bringup:/home/alberto/Documents/kia_gd_ws/install/ur_controllers:/home/alberto/Documents/kia_gd_ws/install/ur_dashboard_msgs:/home/alberto/Documents/kia_gd_ws/install/simple_ur10e_moveit_config:/home/alberto/Documents/kia_gd_ws/install/simple_ur10e_description:/home/alberto/Documents/kia_gd_ws/install/kia_gd:/home/alberto/Documents/sub_alberto/install/uuv_visualization:/home/alberto/Documents/sub_alberto/install/uuv_vision:/home/alberto/Documents/sub_alberto/install/uuv_navigation:/home/alberto/Documents/sub_alberto/install/uuv_mission:/home/alberto/Documents/sub_alberto/install/uuv_master:/home/alberto/Documents/sub_alberto/install/uuv_control:/home/alberto/install/vectornav:/home/alberto/install/vectornav_msgs:/home/alberto/install/uuv_teleop:/home/alberto/install/uuv_description:/home/alberto/install/sub:/home/alberto/install/pid:/home/alberto/Documents/kia_gd_ws/install/ros_tcp_endpoint:/home/alberto/ros2_ws/install/docker_test:/opt/ros/humble:/home/alberto/install/catkin:/home/alberto/ros2_ws/install/sub:/home/alberto/ros2_ws/install/pid:/home/alberto/ros2_ws/install/catkin:/home/alberto/uuv/install/uuv /usr/bin/cmake --build /home/alberto/Documents/kia_gd_ws/build/simple_ur10e_description -- -j8 -l8
[0.928s] Invoked command in '/home/alberto/Documents/kia_gd_ws/build/simple_ur10e_description' returned '0': CMAKE_PREFIX_PATH=/home/alberto/Documents/kia_gd_ws/install/ur_ros_rtde_tutorials:/home/alberto/Documents/kia_gd_ws/install/ur_ros_rtde:/home/alberto/Documents/kia_gd_ws/install/ur_ros_rtde_simple_clients:/home/alberto/Documents/kia_gd_ws/install/ur_ros_rtde_gripper_commands:/home/alberto/Documents/kia_gd_ws/install/ur_ros_rtde_msgs:/home/alberto/Documents/kia_gd_ws/install/ur:/home/alberto/Documents/kia_gd_ws/install/ur_calibration:/home/alberto/Documents/kia_gd_ws/install/ur_robot_driver:/home/alberto/Documents/kia_gd_ws/install/ur_moveit_config:/home/alberto/Documents/kia_gd_ws/install/ur_bringup:/home/alberto/Documents/kia_gd_ws/install/ur_controllers:/home/alberto/Documents/kia_gd_ws/install/ur_dashboard_msgs:/home/alberto/Documents/kia_gd_ws/install/simple_ur10e_moveit_config:/home/alberto/Documents/kia_gd_ws/install/simple_ur10e_description:/home/alberto/Documents/kia_gd_ws/install/kia_gd:/home/alberto/Documents/sub_alberto/install/uuv_visualization:/home/alberto/Documents/sub_alberto/install/uuv_vision:/home/alberto/Documents/sub_alberto/install/uuv_navigation:/home/alberto/Documents/sub_alberto/install/uuv_mission:/home/alberto/Documents/sub_alberto/install/uuv_master:/home/alberto/Documents/sub_alberto/install/uuv_control:/home/alberto/install/vectornav:/home/alberto/install/vectornav_msgs:/home/alberto/install/uuv_teleop:/home/alberto/install/uuv_description:/home/alberto/install/sub:/home/alberto/install/pid:/home/alberto/Documents/kia_gd_ws/install/ros_tcp_endpoint:/home/alberto/ros2_ws/install/docker_test:/opt/ros/humble:/home/alberto/install/catkin:/home/alberto/ros2_ws/install/sub:/home/alberto/ros2_ws/install/pid:/home/alberto/ros2_ws/install/catkin:/home/alberto/uuv/install/uuv /usr/bin/cmake --build /home/alberto/Documents/kia_gd_ws/build/simple_ur10e_description -- -j8 -l8
[0.932s] Invoking command in '/home/alberto/Documents/kia_gd_ws/build/simple_ur10e_description': CMAKE_PREFIX_PATH=/home/alberto/Documents/kia_gd_ws/install/ur_ros_rtde_tutorials:/home/alberto/Documents/kia_gd_ws/install/ur_ros_rtde:/home/alberto/Documents/kia_gd_ws/install/ur_ros_rtde_simple_clients:/home/alberto/Documents/kia_gd_ws/install/ur_ros_rtde_gripper_commands:/home/alberto/Documents/kia_gd_ws/install/ur_ros_rtde_msgs:/home/alberto/Documents/kia_gd_ws/install/ur:/home/alberto/Documents/kia_gd_ws/install/ur_calibration:/home/alberto/Documents/kia_gd_ws/install/ur_robot_driver:/home/alberto/Documents/kia_gd_ws/install/ur_moveit_config:/home/alberto/Documents/kia_gd_ws/install/ur_bringup:/home/alberto/Documents/kia_gd_ws/install/ur_controllers:/home/alberto/Documents/kia_gd_ws/install/ur_dashboard_msgs:/home/alberto/Documents/kia_gd_ws/install/simple_ur10e_moveit_config:/home/alberto/Documents/kia_gd_ws/install/simple_ur10e_description:/home/alberto/Documents/kia_gd_ws/install/kia_gd:/home/alberto/Documents/sub_alberto/install/uuv_visualization:/home/alberto/Documents/sub_alberto/install/uuv_vision:/home/alberto/Documents/sub_alberto/install/uuv_navigation:/home/alberto/Documents/sub_alberto/install/uuv_mission:/home/alberto/Documents/sub_alberto/install/uuv_master:/home/alberto/Documents/sub_alberto/install/uuv_control:/home/alberto/install/vectornav:/home/alberto/install/vectornav_msgs:/home/alberto/install/uuv_teleop:/home/alberto/install/uuv_description:/home/alberto/install/sub:/home/alberto/install/pid:/home/alberto/Documents/kia_gd_ws/install/ros_tcp_endpoint:/home/alberto/ros2_ws/install/docker_test:/opt/ros/humble:/home/alberto/install/catkin:/home/alberto/ros2_ws/install/sub:/home/alberto/ros2_ws/install/pid:/home/alberto/ros2_ws/install/catkin:/home/alberto/uuv/install/uuv /usr/bin/cmake --install /home/alberto/Documents/kia_gd_ws/build/simple_ur10e_description
[0.970s] -- Install configuration: ""
[0.970s] -- Up-to-date: /home/alberto/Documents/kia_gd_ws/install/simple_ur10e_description/share/simple_ur10e_description/meshes
[0.972s] -- Up-to-date: /home/alberto/Documents/kia_gd_ws/install/simple_ur10e_description/share/simple_ur10e_description/meshes/visual
[0.972s] -- Up-to-date: /home/alberto/Documents/kia_gd_ws/install/simple_ur10e_description/share/simple_ur10e_description/meshes/visual/forearm.dae
[0.972s] -- Up-to-date: /home/alberto/Documents/kia_gd_ws/install/simple_ur10e_description/share/simple_ur10e_description/meshes/visual/base.dae
[0.972s] -- Up-to-date: /home/alberto/Documents/kia_gd_ws/install/simple_ur10e_description/share/simple_ur10e_description/meshes/visual/shoulder.dae
[0.973s] -- Up-to-date: /home/alberto/Documents/kia_gd_ws/install/simple_ur10e_description/share/simple_ur10e_description/meshes/visual/wrist2.dae
[0.974s] -- Up-to-date: /home/alberto/Documents/kia_gd_ws/install/simple_ur10e_description/share/simple_ur10e_description/meshes/visual/wrist1.dae
[0.974s] -- Up-to-date: /home/alberto/Documents/kia_gd_ws/install/simple_ur10e_description/share/simple_ur10e_description/meshes/visual/wrist3.dae
[0.979s] -- Up-to-date: /home/alberto/Documents/kia_gd_ws/install/simple_ur10e_description/share/simple_ur10e_description/meshes/visual/upperarm.dae
[0.991s] -- Up-to-date: /home/alberto/Documents/kia_gd_ws/install/simple_ur10e_description/share/simple_ur10e_description/meshes/collision
[0.996s] -- Up-to-date: /home/alberto/Documents/kia_gd_ws/install/simple_ur10e_description/share/simple_ur10e_description/meshes/collision/base.stl
[0.997s] -- Up-to-date: /home/alberto/Documents/kia_gd_ws/install/simple_ur10e_description/share/simple_ur10e_description/meshes/collision/shoulder.stl
[0.998s] -- Up-to-date: /home/alberto/Documents/kia_gd_ws/install/simple_ur10e_description/share/simple_ur10e_description/meshes/collision/wrist1.stl
[1.001s] -- Up-to-date: /home/alberto/Documents/kia_gd_ws/install/simple_ur10e_description/share/simple_ur10e_description/meshes/collision/wrist3.stl
[1.006s] -- Up-to-date: /home/alberto/Documents/kia_gd_ws/install/simple_ur10e_description/share/simple_ur10e_description/meshes/collision/wrist2.stl
[1.008s] -- Up-to-date: /home/alberto/Documents/kia_gd_ws/install/simple_ur10e_description/share/simple_ur10e_description/meshes/collision/forearm.stl
[1.009s] -- Up-to-date: /home/alberto/Documents/kia_gd_ws/install/simple_ur10e_description/share/simple_ur10e_description/meshes/collision/upperarm.stl
[1.010s] -- Up-to-date: /home/alberto/Documents/kia_gd_ws/install/simple_ur10e_description/share/simple_ur10e_description/urdf
[1.011s] -- Up-to-date: /home/alberto/Documents/kia_gd_ws/install/simple_ur10e_description/share/simple_ur10e_description/urdf/ur10e.xacro
[1.011s] -- Up-to-date: /home/alberto/Documents/kia_gd_ws/install/simple_ur10e_description/share/simple_ur10e_description/urdf/single_parts
[1.016s] -- Up-to-date: /home/alberto/Documents/kia_gd_ws/install/simple_ur10e_description/share/simple_ur10e_description/urdf/single_parts/ur_macro.xacro
[1.017s] -- Up-to-date: /home/alberto/Documents/kia_gd_ws/install/simple_ur10e_description/share/simple_ur10e_description/urdf/single_parts/ur.xacro
[1.032s] -- Up-to-date: /home/alberto/Documents/kia_gd_ws/install/simple_ur10e_description/share/simple_ur10e_description/urdf/generate_urdf.sh
[1.032s] -- Up-to-date: /home/alberto/Documents/kia_gd_ws/install/simple_ur10e_description/share/simple_ur10e_description/config
[1.032s] -- Up-to-date: /home/alberto/Documents/kia_gd_ws/install/simple_ur10e_description/share/simple_ur10e_description/config/ur.ros2_control.xacro
[1.032s] -- Up-to-date: /home/alberto/Documents/kia_gd_ws/install/simple_ur10e_description/share/simple_ur10e_description/config/ur_common.xacro
[1.032s] -- Up-to-date: /home/alberto/Documents/kia_gd_ws/install/simple_ur10e_description/share/simple_ur10e_description/config/ur10e
[1.032s] -- Up-to-date: /home/alberto/Documents/kia_gd_ws/install/simple_ur10e_description/share/simple_ur10e_description/config/ur10e/visual_parameters.yaml
[1.033s] -- Up-to-date: /home/alberto/Documents/kia_gd_ws/install/simple_ur10e_description/share/simple_ur10e_description/config/ur10e/physical_parameters.yaml
[1.033s] -- Up-to-date: /home/alberto/Documents/kia_gd_ws/install/simple_ur10e_description/share/simple_ur10e_description/config/ur10e/joint_limits.yaml
[1.033s] -- Up-to-date: /home/alberto/Documents/kia_gd_ws/install/simple_ur10e_description/share/simple_ur10e_description/config/ur10e/default_kinematics.yaml
[1.033s] -- Up-to-date: /home/alberto/Documents/kia_gd_ws/install/simple_ur10e_description/share/simple_ur10e_description/config/ur10e/initial_positions.yaml
[1.033s] -- Up-to-date: /home/alberto/Documents/kia_gd_ws/install/simple_ur10e_description/share/simple_ur10e_description/config/ur10e/calibration.yaml
[1.033s] -- Up-to-date: /home/alberto/Documents/kia_gd_ws/install/simple_ur10e_description/share/simple_ur10e_description/config/ur10e_update_rate.yaml
[1.033s] -- Up-to-date: /home/alberto/Documents/kia_gd_ws/install/simple_ur10e_description/share/simple_ur10e_description/config/ur_controllers.yaml
[1.033s] -- Up-to-date: /home/alberto/Documents/kia_gd_ws/install/simple_ur10e_description/share/simple_ur10e_description/config/ur_transmissions.xacro
[1.033s] -- Up-to-date: /home/alberto/Documents/kia_gd_ws/install/simple_ur10e_description/share/ament_index/resource_index/package_run_dependencies/simple_ur10e_description
[1.034s] -- Up-to-date: /home/alberto/Documents/kia_gd_ws/install/simple_ur10e_description/share/ament_index/resource_index/parent_prefix_path/simple_ur10e_description
[1.034s] -- Up-to-date: /home/alberto/Documents/kia_gd_ws/install/simple_ur10e_description/share/simple_ur10e_description/environment/ament_prefix_path.sh
[1.034s] -- Up-to-date: /home/alberto/Documents/kia_gd_ws/install/simple_ur10e_description/share/simple_ur10e_description/environment/ament_prefix_path.dsv
[1.046s] -- Up-to-date: /home/alberto/Documents/kia_gd_ws/install/simple_ur10e_description/share/simple_ur10e_description/environment/path.sh
[1.046s] -- Up-to-date: /home/alberto/Documents/kia_gd_ws/install/simple_ur10e_description/share/simple_ur10e_description/environment/path.dsv
[1.047s] -- Up-to-date: /home/alberto/Documents/kia_gd_ws/install/simple_ur10e_description/share/simple_ur10e_description/local_setup.bash
[1.048s] -- Up-to-date: /home/alberto/Documents/kia_gd_ws/install/simple_ur10e_description/share/simple_ur10e_description/local_setup.sh
[1.048s] -- Up-to-date: /home/alberto/Documents/kia_gd_ws/install/simple_ur10e_description/share/simple_ur10e_description/local_setup.zsh
[1.050s] -- Up-to-date: /home/alberto/Documents/kia_gd_ws/install/simple_ur10e_description/share/simple_ur10e_description/local_setup.dsv
[1.050s] -- Installing: /home/alberto/Documents/kia_gd_ws/install/simple_ur10e_description/share/simple_ur10e_description/package.dsv
[1.052s] -- Up-to-date: /home/alberto/Documents/kia_gd_ws/install/simple_ur10e_description/share/ament_index/resource_index/packages/simple_ur10e_description
[1.055s] -- Up-to-date: /home/alberto/Documents/kia_gd_ws/install/simple_ur10e_description/share/simple_ur10e_description/cmake/simple_ur10e_descriptionConfig.cmake
[1.055s] -- Up-to-date: /home/alberto/Documents/kia_gd_ws/install/simple_ur10e_description/share/simple_ur10e_description/cmake/simple_ur10e_descriptionConfig-version.cmake
[1.060s] -- Up-to-date: /home/alberto/Documents/kia_gd_ws/install/simple_ur10e_description/share/simple_ur10e_description/package.xml
[1.089s] Invoked command in '/home/alberto/Documents/kia_gd_ws/build/simple_ur10e_description' returned '0': CMAKE_PREFIX_PATH=/home/alberto/Documents/kia_gd_ws/install/ur_ros_rtde_tutorials:/home/alberto/Documents/kia_gd_ws/install/ur_ros_rtde:/home/alberto/Documents/kia_gd_ws/install/ur_ros_rtde_simple_clients:/home/alberto/Documents/kia_gd_ws/install/ur_ros_rtde_gripper_commands:/home/alberto/Documents/kia_gd_ws/install/ur_ros_rtde_msgs:/home/alberto/Documents/kia_gd_ws/install/ur:/home/alberto/Documents/kia_gd_ws/install/ur_calibration:/home/alberto/Documents/kia_gd_ws/install/ur_robot_driver:/home/alberto/Documents/kia_gd_ws/install/ur_moveit_config:/home/alberto/Documents/kia_gd_ws/install/ur_bringup:/home/alberto/Documents/kia_gd_ws/install/ur_controllers:/home/alberto/Documents/kia_gd_ws/install/ur_dashboard_msgs:/home/alberto/Documents/kia_gd_ws/install/simple_ur10e_moveit_config:/home/alberto/Documents/kia_gd_ws/install/simple_ur10e_description:/home/alberto/Documents/kia_gd_ws/install/kia_gd:/home/alberto/Documents/sub_alberto/install/uuv_visualization:/home/alberto/Documents/sub_alberto/install/uuv_vision:/home/alberto/Documents/sub_alberto/install/uuv_navigation:/home/alberto/Documents/sub_alberto/install/uuv_mission:/home/alberto/Documents/sub_alberto/install/uuv_master:/home/alberto/Documents/sub_alberto/install/uuv_control:/home/alberto/install/vectornav:/home/alberto/install/vectornav_msgs:/home/alberto/install/uuv_teleop:/home/alberto/install/uuv_description:/home/alberto/install/sub:/home/alberto/install/pid:/home/alberto/Documents/kia_gd_ws/install/ros_tcp_endpoint:/home/alberto/ros2_ws/install/docker_test:/opt/ros/humble:/home/alberto/install/catkin:/home/alberto/ros2_ws/install/sub:/home/alberto/ros2_ws/install/pid:/home/alberto/ros2_ws/install/catkin:/home/alberto/uuv/install/uuv /usr/bin/cmake --install /home/alberto/Documents/kia_gd_ws/build/simple_ur10e_description
