[0.023s] Invoking command in '/home/alberto/Documents/kia_gd_ws/build/ur_controllers': CMAKE_PREFIX_PATH=/home/alberto/Documents/kia_gd_ws/install/ur_dashboard_msgs:/home/alberto/Documents/kia_gd_ws/install/ur:/home/alberto/Documents/kia_gd_ws/install/ur_calibration:/home/alberto/Documents/kia_gd_ws/install/ur_robot_driver:/home/alberto/Documents/kia_gd_ws/install/ur_moveit_config:/home/alberto/Documents/kia_gd_ws/install/ur_bringup:/home/alberto/Documents/kia_gd_ws/install/ur_controllers:/home/alberto/Documents/kia_gd_ws/install/kia_gd:/home/alberto/install/vectornav:/home/alberto/install/vectornav_msgs:/home/alberto/install/uuv_teleop:/home/alberto/install/uuv_description:/home/alberto/install/sub:/home/alberto/install/pid:/home/alberto/ros2_ws/install/docker_test:/opt/ros/humble:/home/alberto/install/catkin:/home/alberto/ros2_ws/install/sub:/home/alberto/ros2_ws/install/pid:/home/alberto/ros2_ws/install/catkin:/home/alberto/uuv/install/uuv LD_LIBRARY_PATH=/home/alberto/Documents/kia_gd_ws/install/ur_dashboard_msgs/lib:/home/alberto/Documents/kia_gd_ws/install/ur_robot_driver/lib:/home/alberto/Documents/kia_gd_ws/install/ur_controllers/lib:/home/alberto/install/vectornav/lib:/home/alberto/install/vectornav_msgs/lib:/opt/ros/humble/opt/rviz_ogre_vendor/lib:/opt/ros/humble/lib/x86_64-linux-gnu:/opt/ros/humble/lib /usr/bin/cmake --build /home/alberto/Documents/kia_gd_ws/build/ur_controllers -- -j8 -l8
[0.073s] [  5%] Built target tool_contact_controller_parameters
[0.073s] [ 11%] Built target freedrive_mode_controller_parameters
[0.078s] [ 17%] Built target gpio_controller_parameters
[0.078s] [ 23%] Built target passthrough_trajectory_controller_parameters
[0.078s] [ 29%] Built target speed_scaling_state_broadcaster_parameters
[0.079s] [ 35%] Built target scaled_joint_trajectory_controller_parameters
[0.083s] [ 41%] Built target force_mode_controller_parameters
[0.083s] [ 47%] Built target ur_configuration_controller_parameters
[0.095s] [ 58%] Built target gmock_main
[0.095s] [ 61%] Built target gmock
[0.113s] [ 88%] Built target ur_controllers
[0.135s] [100%] Built target test_load_freedrive_mode_controller
[0.135s] [100%] Built target test_load_force_mode_controller
[0.144s] Invoked command in '/home/alberto/Documents/kia_gd_ws/build/ur_controllers' returned '0': CMAKE_PREFIX_PATH=/home/alberto/Documents/kia_gd_ws/install/ur_dashboard_msgs:/home/alberto/Documents/kia_gd_ws/install/ur:/home/alberto/Documents/kia_gd_ws/install/ur_calibration:/home/alberto/Documents/kia_gd_ws/install/ur_robot_driver:/home/alberto/Documents/kia_gd_ws/install/ur_moveit_config:/home/alberto/Documents/kia_gd_ws/install/ur_bringup:/home/alberto/Documents/kia_gd_ws/install/ur_controllers:/home/alberto/Documents/kia_gd_ws/install/kia_gd:/home/alberto/install/vectornav:/home/alberto/install/vectornav_msgs:/home/alberto/install/uuv_teleop:/home/alberto/install/uuv_description:/home/alberto/install/sub:/home/alberto/install/pid:/home/alberto/ros2_ws/install/docker_test:/opt/ros/humble:/home/alberto/install/catkin:/home/alberto/ros2_ws/install/sub:/home/alberto/ros2_ws/install/pid:/home/alberto/ros2_ws/install/catkin:/home/alberto/uuv/install/uuv LD_LIBRARY_PATH=/home/alberto/Documents/kia_gd_ws/install/ur_dashboard_msgs/lib:/home/alberto/Documents/kia_gd_ws/install/ur_robot_driver/lib:/home/alberto/Documents/kia_gd_ws/install/ur_controllers/lib:/home/alberto/install/vectornav/lib:/home/alberto/install/vectornav_msgs/lib:/opt/ros/humble/opt/rviz_ogre_vendor/lib:/opt/ros/humble/lib/x86_64-linux-gnu:/opt/ros/humble/lib /usr/bin/cmake --build /home/alberto/Documents/kia_gd_ws/build/ur_controllers -- -j8 -l8
[0.145s] Invoking command in '/home/alberto/Documents/kia_gd_ws/build/ur_controllers': CMAKE_PREFIX_PATH=/home/alberto/Documents/kia_gd_ws/install/ur_dashboard_msgs:/home/alberto/Documents/kia_gd_ws/install/ur:/home/alberto/Documents/kia_gd_ws/install/ur_calibration:/home/alberto/Documents/kia_gd_ws/install/ur_robot_driver:/home/alberto/Documents/kia_gd_ws/install/ur_moveit_config:/home/alberto/Documents/kia_gd_ws/install/ur_bringup:/home/alberto/Documents/kia_gd_ws/install/ur_controllers:/home/alberto/Documents/kia_gd_ws/install/kia_gd:/home/alberto/install/vectornav:/home/alberto/install/vectornav_msgs:/home/alberto/install/uuv_teleop:/home/alberto/install/uuv_description:/home/alberto/install/sub:/home/alberto/install/pid:/home/alberto/ros2_ws/install/docker_test:/opt/ros/humble:/home/alberto/install/catkin:/home/alberto/ros2_ws/install/sub:/home/alberto/ros2_ws/install/pid:/home/alberto/ros2_ws/install/catkin:/home/alberto/uuv/install/uuv LD_LIBRARY_PATH=/home/alberto/Documents/kia_gd_ws/install/ur_dashboard_msgs/lib:/home/alberto/Documents/kia_gd_ws/install/ur_robot_driver/lib:/home/alberto/Documents/kia_gd_ws/install/ur_controllers/lib:/home/alberto/install/vectornav/lib:/home/alberto/install/vectornav_msgs/lib:/opt/ros/humble/opt/rviz_ogre_vendor/lib:/opt/ros/humble/lib/x86_64-linux-gnu:/opt/ros/humble/lib /usr/bin/cmake --install /home/alberto/Documents/kia_gd_ws/build/ur_controllers
[0.151s] -- Install configuration: "Release"
[0.151s] -- Up-to-date: /home/alberto/Documents/kia_gd_ws/install/ur_controllers/include/ur_controllers
[0.151s] -- Up-to-date: /home/alberto/Documents/kia_gd_ws/install/ur_controllers/include/ur_controllers/ur_configuration_controller_parameters.hpp
[0.151s] -- Up-to-date: /home/alberto/Documents/kia_gd_ws/install/ur_controllers/include/ur_controllers/scaled_joint_trajectory_controller_parameters.hpp
[0.151s] -- Up-to-date: /home/alberto/Documents/kia_gd_ws/install/ur_controllers/include/ur_controllers/speed_scaling_state_broadcaster_parameters.hpp
[0.151s] -- Up-to-date: /home/alberto/Documents/kia_gd_ws/install/ur_controllers/include/ur_controllers/gpio_controller_parameters.hpp
[0.151s] -- Up-to-date: /home/alberto/Documents/kia_gd_ws/install/ur_controllers/include/ur_controllers/force_mode_controller_parameters.hpp
[0.152s] -- Up-to-date: /home/alberto/Documents/kia_gd_ws/install/ur_controllers/include/ur_controllers/passthrough_trajectory_controller_parameters.hpp
[0.152s] -- Up-to-date: /home/alberto/Documents/kia_gd_ws/install/ur_controllers/include/ur_controllers/freedrive_mode_controller_parameters.hpp
[0.152s] -- Up-to-date: /home/alberto/Documents/kia_gd_ws/install/ur_controllers/include/ur_controllers/tool_contact_controller_parameters.hpp
[0.152s] -- Up-to-date: /home/alberto/Documents/kia_gd_ws/install/ur_controllers/include/ur_controllers
[0.152s] -- Up-to-date: /home/alberto/Documents/kia_gd_ws/install/ur_controllers/include/ur_controllers/ur_configuration_controller_parameters.hpp
[0.152s] -- Up-to-date: /home/alberto/Documents/kia_gd_ws/install/ur_controllers/include/ur_controllers/scaled_joint_trajectory_controller_parameters.hpp
[0.152s] -- Up-to-date: /home/alberto/Documents/kia_gd_ws/install/ur_controllers/include/ur_controllers/speed_scaling_state_broadcaster_parameters.hpp
[0.152s] -- Up-to-date: /home/alberto/Documents/kia_gd_ws/install/ur_controllers/include/ur_controllers/gpio_controller_parameters.hpp
[0.152s] -- Up-to-date: /home/alberto/Documents/kia_gd_ws/install/ur_controllers/include/ur_controllers/force_mode_controller_parameters.hpp
[0.152s] -- Up-to-date: /home/alberto/Documents/kia_gd_ws/install/ur_controllers/include/ur_controllers/passthrough_trajectory_controller_parameters.hpp
[0.152s] -- Up-to-date: /home/alberto/Documents/kia_gd_ws/install/ur_controllers/include/ur_controllers/freedrive_mode_controller_parameters.hpp
[0.152s] -- Up-to-date: /home/alberto/Documents/kia_gd_ws/install/ur_controllers/include/ur_controllers/tool_contact_controller_parameters.hpp
[0.152s] -- Up-to-date: /home/alberto/Documents/kia_gd_ws/install/ur_controllers/include/ur_controllers
[0.153s] -- Up-to-date: /home/alberto/Documents/kia_gd_ws/install/ur_controllers/include/ur_controllers/ur_configuration_controller_parameters.hpp
[0.153s] -- Up-to-date: /home/alberto/Documents/kia_gd_ws/install/ur_controllers/include/ur_controllers/scaled_joint_trajectory_controller_parameters.hpp
[0.153s] -- Up-to-date: /home/alberto/Documents/kia_gd_ws/install/ur_controllers/include/ur_controllers/speed_scaling_state_broadcaster_parameters.hpp
[0.153s] -- Up-to-date: /home/alberto/Documents/kia_gd_ws/install/ur_controllers/include/ur_controllers/gpio_controller_parameters.hpp
[0.153s] -- Up-to-date: /home/alberto/Documents/kia_gd_ws/install/ur_controllers/include/ur_controllers/force_mode_controller_parameters.hpp
[0.153s] -- Up-to-date: /home/alberto/Documents/kia_gd_ws/install/ur_controllers/include/ur_controllers/passthrough_trajectory_controller_parameters.hpp
[0.153s] -- Up-to-date: /home/alberto/Documents/kia_gd_ws/install/ur_controllers/include/ur_controllers/freedrive_mode_controller_parameters.hpp
[0.153s] -- Up-to-date: /home/alberto/Documents/kia_gd_ws/install/ur_controllers/include/ur_controllers/tool_contact_controller_parameters.hpp
[0.153s] -- Up-to-date: /home/alberto/Documents/kia_gd_ws/install/ur_controllers/include/ur_controllers
[0.153s] -- Up-to-date: /home/alberto/Documents/kia_gd_ws/install/ur_controllers/include/ur_controllers/ur_configuration_controller_parameters.hpp
[0.153s] -- Up-to-date: /home/alberto/Documents/kia_gd_ws/install/ur_controllers/include/ur_controllers/scaled_joint_trajectory_controller_parameters.hpp
[0.153s] -- Up-to-date: /home/alberto/Documents/kia_gd_ws/install/ur_controllers/include/ur_controllers/speed_scaling_state_broadcaster_parameters.hpp
[0.153s] -- Up-to-date: /home/alberto/Documents/kia_gd_ws/install/ur_controllers/include/ur_controllers/gpio_controller_parameters.hpp
[0.153s] -- Up-to-date: /home/alberto/Documents/kia_gd_ws/install/ur_controllers/include/ur_controllers/force_mode_controller_parameters.hpp
[0.154s] -- Up-to-date: /home/alberto/Documents/kia_gd_ws/install/ur_controllers/include/ur_controllers/passthrough_trajectory_controller_parameters.hpp
[0.154s] -- Up-to-date: /home/alberto/Documents/kia_gd_ws/install/ur_controllers/include/ur_controllers/freedrive_mode_controller_parameters.hpp
[0.154s] -- Up-to-date: /home/alberto/Documents/kia_gd_ws/install/ur_controllers/include/ur_controllers/tool_contact_controller_parameters.hpp
[0.154s] -- Up-to-date: /home/alberto/Documents/kia_gd_ws/install/ur_controllers/include/ur_controllers
[0.154s] -- Up-to-date: /home/alberto/Documents/kia_gd_ws/install/ur_controllers/include/ur_controllers/ur_configuration_controller_parameters.hpp
[0.154s] -- Up-to-date: /home/alberto/Documents/kia_gd_ws/install/ur_controllers/include/ur_controllers/scaled_joint_trajectory_controller_parameters.hpp
[0.154s] -- Up-to-date: /home/alberto/Documents/kia_gd_ws/install/ur_controllers/include/ur_controllers/speed_scaling_state_broadcaster_parameters.hpp
[0.154s] -- Up-to-date: /home/alberto/Documents/kia_gd_ws/install/ur_controllers/include/ur_controllers/gpio_controller_parameters.hpp
[0.154s] -- Up-to-date: /home/alberto/Documents/kia_gd_ws/install/ur_controllers/include/ur_controllers/force_mode_controller_parameters.hpp
[0.154s] -- Up-to-date: /home/alberto/Documents/kia_gd_ws/install/ur_controllers/include/ur_controllers/passthrough_trajectory_controller_parameters.hpp
[0.154s] -- Up-to-date: /home/alberto/Documents/kia_gd_ws/install/ur_controllers/include/ur_controllers/freedrive_mode_controller_parameters.hpp
[0.154s] -- Up-to-date: /home/alberto/Documents/kia_gd_ws/install/ur_controllers/include/ur_controllers/tool_contact_controller_parameters.hpp
[0.154s] -- Up-to-date: /home/alberto/Documents/kia_gd_ws/install/ur_controllers/include/ur_controllers
[0.155s] -- Up-to-date: /home/alberto/Documents/kia_gd_ws/install/ur_controllers/include/ur_controllers/ur_configuration_controller_parameters.hpp
[0.155s] -- Up-to-date: /home/alberto/Documents/kia_gd_ws/install/ur_controllers/include/ur_controllers/scaled_joint_trajectory_controller_parameters.hpp
[0.155s] -- Up-to-date: /home/alberto/Documents/kia_gd_ws/install/ur_controllers/include/ur_controllers/speed_scaling_state_broadcaster_parameters.hpp
[0.155s] -- Up-to-date: /home/alberto/Documents/kia_gd_ws/install/ur_controllers/include/ur_controllers/gpio_controller_parameters.hpp
[0.155s] -- Up-to-date: /home/alberto/Documents/kia_gd_ws/install/ur_controllers/include/ur_controllers/force_mode_controller_parameters.hpp
[0.155s] -- Up-to-date: /home/alberto/Documents/kia_gd_ws/install/ur_controllers/include/ur_controllers/passthrough_trajectory_controller_parameters.hpp
[0.155s] -- Up-to-date: /home/alberto/Documents/kia_gd_ws/install/ur_controllers/include/ur_controllers/freedrive_mode_controller_parameters.hpp
[0.155s] -- Up-to-date: /home/alberto/Documents/kia_gd_ws/install/ur_controllers/include/ur_controllers/tool_contact_controller_parameters.hpp
[0.155s] -- Up-to-date: /home/alberto/Documents/kia_gd_ws/install/ur_controllers/include/ur_controllers
[0.155s] -- Up-to-date: /home/alberto/Documents/kia_gd_ws/install/ur_controllers/include/ur_controllers/ur_configuration_controller_parameters.hpp
[0.156s] -- Up-to-date: /home/alberto/Documents/kia_gd_ws/install/ur_controllers/include/ur_controllers/scaled_joint_trajectory_controller_parameters.hpp
[0.156s] -- Up-to-date: /home/alberto/Documents/kia_gd_ws/install/ur_controllers/include/ur_controllers/speed_scaling_state_broadcaster_parameters.hpp
[0.156s] -- Up-to-date: /home/alberto/Documents/kia_gd_ws/install/ur_controllers/include/ur_controllers/gpio_controller_parameters.hpp
[0.156s] -- Up-to-date: /home/alberto/Documents/kia_gd_ws/install/ur_controllers/include/ur_controllers/force_mode_controller_parameters.hpp
[0.156s] -- Up-to-date: /home/alberto/Documents/kia_gd_ws/install/ur_controllers/include/ur_controllers/passthrough_trajectory_controller_parameters.hpp
[0.156s] -- Up-to-date: /home/alberto/Documents/kia_gd_ws/install/ur_controllers/include/ur_controllers/freedrive_mode_controller_parameters.hpp
[0.156s] -- Up-to-date: /home/alberto/Documents/kia_gd_ws/install/ur_controllers/include/ur_controllers/tool_contact_controller_parameters.hpp
[0.156s] -- Up-to-date: /home/alberto/Documents/kia_gd_ws/install/ur_controllers/include/ur_controllers
[0.156s] -- Up-to-date: /home/alberto/Documents/kia_gd_ws/install/ur_controllers/include/ur_controllers/ur_configuration_controller_parameters.hpp
[0.157s] -- Up-to-date: /home/alberto/Documents/kia_gd_ws/install/ur_controllers/include/ur_controllers/scaled_joint_trajectory_controller_parameters.hpp
[0.157s] -- Up-to-date: /home/alberto/Documents/kia_gd_ws/install/ur_controllers/include/ur_controllers/speed_scaling_state_broadcaster_parameters.hpp
[0.157s] -- Up-to-date: /home/alberto/Documents/kia_gd_ws/install/ur_controllers/include/ur_controllers/gpio_controller_parameters.hpp
[0.157s] -- Up-to-date: /home/alberto/Documents/kia_gd_ws/install/ur_controllers/include/ur_controllers/force_mode_controller_parameters.hpp
[0.157s] -- Up-to-date: /home/alberto/Documents/kia_gd_ws/install/ur_controllers/include/ur_controllers/passthrough_trajectory_controller_parameters.hpp
[0.157s] -- Up-to-date: /home/alberto/Documents/kia_gd_ws/install/ur_controllers/include/ur_controllers/freedrive_mode_controller_parameters.hpp
[0.157s] -- Up-to-date: /home/alberto/Documents/kia_gd_ws/install/ur_controllers/include/ur_controllers/tool_contact_controller_parameters.hpp
[0.157s] -- Up-to-date: /home/alberto/Documents/kia_gd_ws/install/ur_controllers/share/ur_controllers/controller_plugins.xml
[0.157s] -- Up-to-date: /home/alberto/Documents/kia_gd_ws/install/ur_controllers/lib/libur_controllers.so
[0.157s] -- Up-to-date: /home/alberto/Documents/kia_gd_ws/install/ur_controllers/include
[0.157s] -- Up-to-date: /home/alberto/Documents/kia_gd_ws/install/ur_controllers/include/ur_controllers
[0.157s] -- Up-to-date: /home/alberto/Documents/kia_gd_ws/install/ur_controllers/include/ur_controllers/gpio_controller.hpp
[0.157s] -- Up-to-date: /home/alberto/Documents/kia_gd_ws/install/ur_controllers/include/ur_controllers/freedrive_mode_controller.hpp
[0.157s] -- Up-to-date: /home/alberto/Documents/kia_gd_ws/install/ur_controllers/include/ur_controllers/scaled_joint_trajectory_controller.hpp
[0.158s] -- Up-to-date: /home/alberto/Documents/kia_gd_ws/install/ur_controllers/include/ur_controllers/force_mode_controller.hpp
[0.158s] -- Up-to-date: /home/alberto/Documents/kia_gd_ws/install/ur_controllers/include/ur_controllers/tool_contact_controller.hpp
[0.158s] -- Up-to-date: /home/alberto/Documents/kia_gd_ws/install/ur_controllers/include/ur_controllers/ur_configuration_controller.hpp
[0.158s] -- Up-to-date: /home/alberto/Documents/kia_gd_ws/install/ur_controllers/include/ur_controllers/speed_scaling_state_broadcaster.hpp
[0.158s] -- Up-to-date: /home/alberto/Documents/kia_gd_ws/install/ur_controllers/include/ur_controllers/passthrough_trajectory_controller.hpp
[0.158s] -- Up-to-date: /home/alberto/Documents/kia_gd_ws/install/ur_controllers/share/ur_controllers/controller_plugins.xml
[0.158s] -- Up-to-date: /home/alberto/Documents/kia_gd_ws/install/ur_controllers/share/ur_controllers/environment/library_path.sh
[0.158s] -- Up-to-date: /home/alberto/Documents/kia_gd_ws/install/ur_controllers/share/ur_controllers/environment/library_path.dsv
[0.158s] -- Up-to-date: /home/alberto/Documents/kia_gd_ws/install/ur_controllers/share/ament_index/resource_index/package_run_dependencies/ur_controllers
[0.158s] -- Up-to-date: /home/alberto/Documents/kia_gd_ws/install/ur_controllers/share/ament_index/resource_index/parent_prefix_path/ur_controllers
[0.159s] -- Up-to-date: /home/alberto/Documents/kia_gd_ws/install/ur_controllers/share/ur_controllers/environment/ament_prefix_path.sh
[0.159s] -- Up-to-date: /home/alberto/Documents/kia_gd_ws/install/ur_controllers/share/ur_controllers/environment/ament_prefix_path.dsv
[0.159s] -- Up-to-date: /home/alberto/Documents/kia_gd_ws/install/ur_controllers/share/ur_controllers/environment/path.sh
[0.159s] -- Up-to-date: /home/alberto/Documents/kia_gd_ws/install/ur_controllers/share/ur_controllers/environment/path.dsv
[0.159s] -- Up-to-date: /home/alberto/Documents/kia_gd_ws/install/ur_controllers/share/ur_controllers/local_setup.bash
[0.159s] -- Up-to-date: /home/alberto/Documents/kia_gd_ws/install/ur_controllers/share/ur_controllers/local_setup.sh
[0.159s] -- Up-to-date: /home/alberto/Documents/kia_gd_ws/install/ur_controllers/share/ur_controllers/local_setup.zsh
[0.159s] -- Up-to-date: /home/alberto/Documents/kia_gd_ws/install/ur_controllers/share/ur_controllers/local_setup.dsv
[0.159s] -- Installing: /home/alberto/Documents/kia_gd_ws/install/ur_controllers/share/ur_controllers/package.dsv
[0.159s] -- Up-to-date: /home/alberto/Documents/kia_gd_ws/install/ur_controllers/share/ament_index/resource_index/packages/ur_controllers
[0.160s] -- Up-to-date: /home/alberto/Documents/kia_gd_ws/install/ur_controllers/share/ament_index/resource_index/controller_interface__pluginlib__plugin/ur_controllers
[0.160s] -- Up-to-date: /home/alberto/Documents/kia_gd_ws/install/ur_controllers/share/ur_controllers/cmake/ament_cmake_export_dependencies-extras.cmake
[0.160s] -- Up-to-date: /home/alberto/Documents/kia_gd_ws/install/ur_controllers/share/ur_controllers/cmake/ament_cmake_export_include_directories-extras.cmake
[0.160s] -- Up-to-date: /home/alberto/Documents/kia_gd_ws/install/ur_controllers/share/ur_controllers/cmake/ament_cmake_export_libraries-extras.cmake
[0.160s] -- Up-to-date: /home/alberto/Documents/kia_gd_ws/install/ur_controllers/share/ur_controllers/cmake/ur_controllersConfig.cmake
[0.160s] -- Up-to-date: /home/alberto/Documents/kia_gd_ws/install/ur_controllers/share/ur_controllers/cmake/ur_controllersConfig-version.cmake
[0.160s] -- Up-to-date: /home/alberto/Documents/kia_gd_ws/install/ur_controllers/share/ur_controllers/package.xml
[0.160s] Invoked command in '/home/alberto/Documents/kia_gd_ws/build/ur_controllers' returned '0': CMAKE_PREFIX_PATH=/home/alberto/Documents/kia_gd_ws/install/ur_dashboard_msgs:/home/alberto/Documents/kia_gd_ws/install/ur:/home/alberto/Documents/kia_gd_ws/install/ur_calibration:/home/alberto/Documents/kia_gd_ws/install/ur_robot_driver:/home/alberto/Documents/kia_gd_ws/install/ur_moveit_config:/home/alberto/Documents/kia_gd_ws/install/ur_bringup:/home/alberto/Documents/kia_gd_ws/install/ur_controllers:/home/alberto/Documents/kia_gd_ws/install/kia_gd:/home/alberto/install/vectornav:/home/alberto/install/vectornav_msgs:/home/alberto/install/uuv_teleop:/home/alberto/install/uuv_description:/home/alberto/install/sub:/home/alberto/install/pid:/home/alberto/ros2_ws/install/docker_test:/opt/ros/humble:/home/alberto/install/catkin:/home/alberto/ros2_ws/install/sub:/home/alberto/ros2_ws/install/pid:/home/alberto/ros2_ws/install/catkin:/home/alberto/uuv/install/uuv LD_LIBRARY_PATH=/home/alberto/Documents/kia_gd_ws/install/ur_dashboard_msgs/lib:/home/alberto/Documents/kia_gd_ws/install/ur_robot_driver/lib:/home/alberto/Documents/kia_gd_ws/install/ur_controllers/lib:/home/alberto/install/vectornav/lib:/home/alberto/install/vectornav_msgs/lib:/opt/ros/humble/opt/rviz_ogre_vendor/lib:/opt/ros/humble/lib/x86_64-linux-gnu:/opt/ros/humble/lib /usr/bin/cmake --install /home/alberto/Documents/kia_gd_ws/build/ur_controllers
