-- Install configuration: ""
-- Up-to-date: /home/alberto/Documents/kia_gd_ws/install/kia_gd/share/kia_gd/launch
-- Up-to-date: /home/alberto/Documents/kia_gd_ws/install/kia_gd/share/kia_gd/launch/launch.py
-- Up-to-date: /home/alberto/Documents/kia_gd_ws/install/kia_gd/share/kia_gd/urdf
-- Up-to-date: /home/alberto/Documents/kia_gd_ws/install/kia_gd/share/kia_gd/urdf/ur5.urdf
-- Installing: /home/alberto/Documents/kia_gd_ws/install/kia_gd/share/kia_gd/meshes
-- Installing: /home/alberto/Documents/kia_gd_ws/install/kia_gd/share/kia_gd/meshes/J5.STL
-- Installing: /home/alberto/Documents/kia_gd_ws/install/kia_gd/share/kia_gd/meshes/Base.STL
-- Installing: /home/alberto/Documents/kia_gd_ws/install/kia_gd/share/kia_gd/meshes/Deslizador.STL
-- Installing: /home/alberto/Documents/kia_gd_ws/install/kia_gd/share/kia_gd/meshes/J1.STL
-- Installing: /home/alberto/Documents/kia_gd_ws/install/kia_gd/share/kia_gd/meshes/KIA_CAD.STL
-- Installing: /home/alberto/Documents/kia_gd_ws/install/kia_gd/share/kia_gd/meshes/J4.STL
-- Installing: /home/alberto/Documents/kia_gd_ws/install/kia_gd/share/kia_gd/meshes/J2.STL
-- Installing: /home/alberto/Documents/kia_gd_ws/install/kia_gd/share/kia_gd/meshes/J3.STL
-- Installing: /home/alberto/Documents/kia_gd_ws/install/kia_gd/share/kia_gd/meshes/J6.STL
-- Installing: /home/alberto/Documents/kia_gd_ws/install/kia_gd/share/kia_gd/rviz
-- Up-to-date: /home/alberto/Documents/kia_gd_ws/install/kia_gd/share/ament_index/resource_index/package_run_dependencies/kia_gd
-- Installing: /home/alberto/Documents/kia_gd_ws/install/kia_gd/share/ament_index/resource_index/parent_prefix_path/kia_gd
-- Up-to-date: /home/alberto/Documents/kia_gd_ws/install/kia_gd/share/kia_gd/environment/ament_prefix_path.sh
-- Installing: /home/alberto/Documents/kia_gd_ws/install/kia_gd/share/kia_gd/environment/ament_prefix_path.dsv
-- Up-to-date: /home/alberto/Documents/kia_gd_ws/install/kia_gd/share/kia_gd/environment/path.sh
-- Installing: /home/alberto/Documents/kia_gd_ws/install/kia_gd/share/kia_gd/environment/path.dsv
-- Up-to-date: /home/alberto/Documents/kia_gd_ws/install/kia_gd/share/kia_gd/local_setup.bash
-- Up-to-date: /home/alberto/Documents/kia_gd_ws/install/kia_gd/share/kia_gd/local_setup.sh
-- Up-to-date: /home/alberto/Documents/kia_gd_ws/install/kia_gd/share/kia_gd/local_setup.zsh
-- Installing: /home/alberto/Documents/kia_gd_ws/install/kia_gd/share/kia_gd/local_setup.dsv
-- Up-to-date: /home/alberto/Documents/kia_gd_ws/install/kia_gd/share/kia_gd/package.dsv
-- Up-to-date: /home/alberto/Documents/kia_gd_ws/install/kia_gd/share/ament_index/resource_index/packages/kia_gd
-- Up-to-date: /home/alberto/Documents/kia_gd_ws/install/kia_gd/share/kia_gd/cmake/kia_gdConfig.cmake
-- Up-to-date: /home/alberto/Documents/kia_gd_ws/install/kia_gd/share/kia_gd/cmake/kia_gdConfig-version.cmake
-- Up-to-date: /home/alberto/Documents/kia_gd_ws/install/kia_gd/share/kia_gd/package.xml
