[  2%] Built target ur_ros_rtde_tutorials__cpp
[ 10%] Built target ur_ros_rtde_tutorials__rosidl_generator_c
[ 16%] Built target linear_movements
[ 21%] Built target trajectory_execution
[ 21%] Built target ament_cmake_python_copy_ur_ros_rtde_tutorials
[ 29%] Built target ur_ros_rtde_tutorials__rosidl_typesupport_cpp
[ 37%] Built target ur_ros_rtde_tutorials__rosidl_typesupport_fastrtps_cpp
[ 45%] Built target ur_ros_rtde_tutorials__rosidl_typesupport_introspection_cpp
[ 54%] Built target ur_ros_rtde_tutorials__rosidl_typesupport_c
[ 62%] Built target ur_ros_rtde_tutorials__rosidl_typesupport_fastrtps_c
[ 70%] Built target ur_ros_rtde_tutorials__rosidl_typesupport_introspection_c
[ 75%] Built target tutorial_plugins_lib
[ 75%] Built target ur_ros_rtde_tutorials
[ 78%] Built target ur_ros_rtde_tutorials__py
[ 83%] Built target ur_ros_rtde_tutorials__rosidl_generator_py
[ 89%] Built target ur_ros_rtde_tutorials__rosidl_typesupport_fastrtps_c__pyext
[ 94%] Built target ur_ros_rtde_tutorials__rosidl_typesupport_introspection_c__pyext
[100%] Built target ur_ros_rtde_tutorials__rosidl_typesupport_c__pyext
running egg_info
writing ur_ros_rtde_tutorials.egg-info/PKG-INFO
writing dependency_links to ur_ros_rtde_tutorials.egg-info/dependency_links.txt
writing top-level names to ur_ros_rtde_tutorials.egg-info/top_level.txt
reading manifest file 'ur_ros_rtde_tutorials.egg-info/SOURCES.txt'
writing manifest file 'ur_ros_rtde_tutorials.egg-info/SOURCES.txt'
[100%] Built target ament_cmake_python_build_ur_ros_rtde_tutorials_egg
-- Install configuration: ""
-- Up-to-date: /home/alberto/Documents/kia_gd_ws/install/ur_ros_rtde_tutorials/share/ament_index/resource_index/rosidl_interfaces/ur_ros_rtde_tutorials
-- Up-to-date: /home/alberto/Documents/kia_gd_ws/install/ur_ros_rtde_tutorials/include/ur_ros_rtde_tutorials/ur_ros_rtde_tutorials
-- Up-to-date: /home/alberto/Documents/kia_gd_ws/install/ur_ros_rtde_tutorials/include/ur_ros_rtde_tutorials/ur_ros_rtde_tutorials/action
-- Up-to-date: /home/alberto/Documents/kia_gd_ws/install/ur_ros_rtde_tutorials/include/ur_ros_rtde_tutorials/ur_ros_rtde_tutorials/action/move_down_until_force.h
-- Up-to-date: /home/alberto/Documents/kia_gd_ws/install/ur_ros_rtde_tutorials/include/ur_ros_rtde_tutorials/ur_ros_rtde_tutorials/action/detail
-- Up-to-date: /home/alberto/Documents/kia_gd_ws/install/ur_ros_rtde_tutorials/include/ur_ros_rtde_tutorials/ur_ros_rtde_tutorials/action/detail/move_down_until_force__type_support.h
-- Up-to-date: /home/alberto/Documents/kia_gd_ws/install/ur_ros_rtde_tutorials/include/ur_ros_rtde_tutorials/ur_ros_rtde_tutorials/action/detail/move_down_until_force__struct.h
-- Up-to-date: /home/alberto/Documents/kia_gd_ws/install/ur_ros_rtde_tutorials/include/ur_ros_rtde_tutorials/ur_ros_rtde_tutorials/action/detail/move_down_until_force__functions.h
-- Up-to-date: /home/alberto/Documents/kia_gd_ws/install/ur_ros_rtde_tutorials/include/ur_ros_rtde_tutorials/ur_ros_rtde_tutorials/action/detail/move_down_until_force__functions.c
-- Up-to-date: /home/alberto/Documents/kia_gd_ws/install/ur_ros_rtde_tutorials/include/ur_ros_rtde_tutorials/ur_ros_rtde_tutorials/msg
-- Up-to-date: /home/alberto/Documents/kia_gd_ws/install/ur_ros_rtde_tutorials/include/ur_ros_rtde_tutorials/ur_ros_rtde_tutorials/msg/rosidl_generator_c__visibility_control.h
-- Up-to-date: /home/alberto/Documents/kia_gd_ws/install/ur_ros_rtde_tutorials/share/ur_ros_rtde_tutorials/environment/library_path.sh
-- Up-to-date: /home/alberto/Documents/kia_gd_ws/install/ur_ros_rtde_tutorials/share/ur_ros_rtde_tutorials/environment/library_path.dsv
-- Up-to-date: /home/alberto/Documents/kia_gd_ws/install/ur_ros_rtde_tutorials/lib/libur_ros_rtde_tutorials__rosidl_generator_c.so
-- Up-to-date: /home/alberto/Documents/kia_gd_ws/install/ur_ros_rtde_tutorials/include/ur_ros_rtde_tutorials/ur_ros_rtde_tutorials
-- Up-to-date: /home/alberto/Documents/kia_gd_ws/install/ur_ros_rtde_tutorials/include/ur_ros_rtde_tutorials/ur_ros_rtde_tutorials/action
-- Up-to-date: /home/alberto/Documents/kia_gd_ws/install/ur_ros_rtde_tutorials/include/ur_ros_rtde_tutorials/ur_ros_rtde_tutorials/action/detail
-- Up-to-date: /home/alberto/Documents/kia_gd_ws/install/ur_ros_rtde_tutorials/include/ur_ros_rtde_tutorials/ur_ros_rtde_tutorials/action/detail/move_down_until_force__rosidl_typesupport_fastrtps_c.h
-- Up-to-date: /home/alberto/Documents/kia_gd_ws/install/ur_ros_rtde_tutorials/include/ur_ros_rtde_tutorials/ur_ros_rtde_tutorials/msg
-- Up-to-date: /home/alberto/Documents/kia_gd_ws/install/ur_ros_rtde_tutorials/include/ur_ros_rtde_tutorials/ur_ros_rtde_tutorials/msg/rosidl_typesupport_fastrtps_c__visibility_control.h
-- Up-to-date: /home/alberto/Documents/kia_gd_ws/install/ur_ros_rtde_tutorials/lib/libur_ros_rtde_tutorials__rosidl_typesupport_fastrtps_c.so
-- Up-to-date: /home/alberto/Documents/kia_gd_ws/install/ur_ros_rtde_tutorials/include/ur_ros_rtde_tutorials/ur_ros_rtde_tutorials
-- Up-to-date: /home/alberto/Documents/kia_gd_ws/install/ur_ros_rtde_tutorials/include/ur_ros_rtde_tutorials/ur_ros_rtde_tutorials/action
-- Up-to-date: /home/alberto/Documents/kia_gd_ws/install/ur_ros_rtde_tutorials/include/ur_ros_rtde_tutorials/ur_ros_rtde_tutorials/action/detail
-- Up-to-date: /home/alberto/Documents/kia_gd_ws/install/ur_ros_rtde_tutorials/include/ur_ros_rtde_tutorials/ur_ros_rtde_tutorials/action/detail/move_down_until_force__builder.hpp
-- Up-to-date: /home/alberto/Documents/kia_gd_ws/install/ur_ros_rtde_tutorials/include/ur_ros_rtde_tutorials/ur_ros_rtde_tutorials/action/detail/move_down_until_force__traits.hpp
-- Up-to-date: /home/alberto/Documents/kia_gd_ws/install/ur_ros_rtde_tutorials/include/ur_ros_rtde_tutorials/ur_ros_rtde_tutorials/action/detail/move_down_until_force__struct.hpp
-- Up-to-date: /home/alberto/Documents/kia_gd_ws/install/ur_ros_rtde_tutorials/include/ur_ros_rtde_tutorials/ur_ros_rtde_tutorials/action/detail/move_down_until_force__type_support.hpp
-- Up-to-date: /home/alberto/Documents/kia_gd_ws/install/ur_ros_rtde_tutorials/include/ur_ros_rtde_tutorials/ur_ros_rtde_tutorials/action/move_down_until_force.hpp
-- Up-to-date: /home/alberto/Documents/kia_gd_ws/install/ur_ros_rtde_tutorials/include/ur_ros_rtde_tutorials/ur_ros_rtde_tutorials/msg
-- Up-to-date: /home/alberto/Documents/kia_gd_ws/install/ur_ros_rtde_tutorials/include/ur_ros_rtde_tutorials/ur_ros_rtde_tutorials/msg/rosidl_generator_cpp__visibility_control.hpp
-- Up-to-date: /home/alberto/Documents/kia_gd_ws/install/ur_ros_rtde_tutorials/include/ur_ros_rtde_tutorials/ur_ros_rtde_tutorials
-- Up-to-date: /home/alberto/Documents/kia_gd_ws/install/ur_ros_rtde_tutorials/include/ur_ros_rtde_tutorials/ur_ros_rtde_tutorials/action
-- Up-to-date: /home/alberto/Documents/kia_gd_ws/install/ur_ros_rtde_tutorials/include/ur_ros_rtde_tutorials/ur_ros_rtde_tutorials/action/detail
-- Up-to-date: /home/alberto/Documents/kia_gd_ws/install/ur_ros_rtde_tutorials/include/ur_ros_rtde_tutorials/ur_ros_rtde_tutorials/action/detail/dds_fastrtps
-- Up-to-date: /home/alberto/Documents/kia_gd_ws/install/ur_ros_rtde_tutorials/include/ur_ros_rtde_tutorials/ur_ros_rtde_tutorials/action/detail/move_down_until_force__rosidl_typesupport_fastrtps_cpp.hpp
-- Up-to-date: /home/alberto/Documents/kia_gd_ws/install/ur_ros_rtde_tutorials/include/ur_ros_rtde_tutorials/ur_ros_rtde_tutorials/msg
-- Up-to-date: /home/alberto/Documents/kia_gd_ws/install/ur_ros_rtde_tutorials/include/ur_ros_rtde_tutorials/ur_ros_rtde_tutorials/msg/rosidl_typesupport_fastrtps_cpp__visibility_control.h
-- Up-to-date: /home/alberto/Documents/kia_gd_ws/install/ur_ros_rtde_tutorials/lib/libur_ros_rtde_tutorials__rosidl_typesupport_fastrtps_cpp.so
-- Up-to-date: /home/alberto/Documents/kia_gd_ws/install/ur_ros_rtde_tutorials/include/ur_ros_rtde_tutorials/ur_ros_rtde_tutorials
-- Up-to-date: /home/alberto/Documents/kia_gd_ws/install/ur_ros_rtde_tutorials/include/ur_ros_rtde_tutorials/ur_ros_rtde_tutorials/action
-- Up-to-date: /home/alberto/Documents/kia_gd_ws/install/ur_ros_rtde_tutorials/include/ur_ros_rtde_tutorials/ur_ros_rtde_tutorials/action/detail
-- Up-to-date: /home/alberto/Documents/kia_gd_ws/install/ur_ros_rtde_tutorials/include/ur_ros_rtde_tutorials/ur_ros_rtde_tutorials/action/detail/move_down_until_force__type_support.c
-- Up-to-date: /home/alberto/Documents/kia_gd_ws/install/ur_ros_rtde_tutorials/include/ur_ros_rtde_tutorials/ur_ros_rtde_tutorials/action/detail/move_down_until_force__rosidl_typesupport_introspection_c.h
-- Up-to-date: /home/alberto/Documents/kia_gd_ws/install/ur_ros_rtde_tutorials/include/ur_ros_rtde_tutorials/ur_ros_rtde_tutorials/msg
-- Up-to-date: /home/alberto/Documents/kia_gd_ws/install/ur_ros_rtde_tutorials/include/ur_ros_rtde_tutorials/ur_ros_rtde_tutorials/msg/rosidl_typesupport_introspection_c__visibility_control.h
-- Up-to-date: /home/alberto/Documents/kia_gd_ws/install/ur_ros_rtde_tutorials/lib/libur_ros_rtde_tutorials__rosidl_typesupport_introspection_c.so
-- Up-to-date: /home/alberto/Documents/kia_gd_ws/install/ur_ros_rtde_tutorials/lib/libur_ros_rtde_tutorials__rosidl_typesupport_c.so
-- Up-to-date: /home/alberto/Documents/kia_gd_ws/install/ur_ros_rtde_tutorials/include/ur_ros_rtde_tutorials/ur_ros_rtde_tutorials
-- Up-to-date: /home/alberto/Documents/kia_gd_ws/install/ur_ros_rtde_tutorials/include/ur_ros_rtde_tutorials/ur_ros_rtde_tutorials/action
-- Up-to-date: /home/alberto/Documents/kia_gd_ws/install/ur_ros_rtde_tutorials/include/ur_ros_rtde_tutorials/ur_ros_rtde_tutorials/action/detail
-- Up-to-date: /home/alberto/Documents/kia_gd_ws/install/ur_ros_rtde_tutorials/include/ur_ros_rtde_tutorials/ur_ros_rtde_tutorials/action/detail/move_down_until_force__rosidl_typesupport_introspection_cpp.hpp
-- Up-to-date: /home/alberto/Documents/kia_gd_ws/install/ur_ros_rtde_tutorials/include/ur_ros_rtde_tutorials/ur_ros_rtde_tutorials/action/detail/move_down_until_force__type_support.cpp
-- Up-to-date: /home/alberto/Documents/kia_gd_ws/install/ur_ros_rtde_tutorials/lib/libur_ros_rtde_tutorials__rosidl_typesupport_introspection_cpp.so
-- Up-to-date: /home/alberto/Documents/kia_gd_ws/install/ur_ros_rtde_tutorials/lib/libur_ros_rtde_tutorials__rosidl_typesupport_cpp.so
-- Up-to-date: /home/alberto/Documents/kia_gd_ws/install/ur_ros_rtde_tutorials/share/ur_ros_rtde_tutorials/environment/pythonpath.sh
-- Up-to-date: /home/alberto/Documents/kia_gd_ws/install/ur_ros_rtde_tutorials/share/ur_ros_rtde_tutorials/environment/pythonpath.dsv
-- Up-to-date: /home/alberto/Documents/kia_gd_ws/install/ur_ros_rtde_tutorials/local/lib/python3.10/dist-packages/ur_ros_rtde_tutorials-0.0.0-py3.10.egg-info
-- Installing: /home/alberto/Documents/kia_gd_ws/install/ur_ros_rtde_tutorials/local/lib/python3.10/dist-packages/ur_ros_rtde_tutorials-0.0.0-py3.10.egg-info/top_level.txt
-- Installing: /home/alberto/Documents/kia_gd_ws/install/ur_ros_rtde_tutorials/local/lib/python3.10/dist-packages/ur_ros_rtde_tutorials-0.0.0-py3.10.egg-info/SOURCES.txt
-- Installing: /home/alberto/Documents/kia_gd_ws/install/ur_ros_rtde_tutorials/local/lib/python3.10/dist-packages/ur_ros_rtde_tutorials-0.0.0-py3.10.egg-info/PKG-INFO
-- Installing: /home/alberto/Documents/kia_gd_ws/install/ur_ros_rtde_tutorials/local/lib/python3.10/dist-packages/ur_ros_rtde_tutorials-0.0.0-py3.10.egg-info/dependency_links.txt
-- Up-to-date: /home/alberto/Documents/kia_gd_ws/install/ur_ros_rtde_tutorials/local/lib/python3.10/dist-packages/ur_ros_rtde_tutorials
-- Up-to-date: /home/alberto/Documents/kia_gd_ws/install/ur_ros_rtde_tutorials/local/lib/python3.10/dist-packages/ur_ros_rtde_tutorials/ur_ros_rtde_tutorials_s__rosidl_typesupport_fastrtps_c.cpython-310-x86_64-linux-gnu.so
-- Up-to-date: /home/alberto/Documents/kia_gd_ws/install/ur_ros_rtde_tutorials/local/lib/python3.10/dist-packages/ur_ros_rtde_tutorials/action
-- Up-to-date: /home/alberto/Documents/kia_gd_ws/install/ur_ros_rtde_tutorials/local/lib/python3.10/dist-packages/ur_ros_rtde_tutorials/action/_move_down_until_force_s.c
-- Up-to-date: /home/alberto/Documents/kia_gd_ws/install/ur_ros_rtde_tutorials/local/lib/python3.10/dist-packages/ur_ros_rtde_tutorials/action/_move_down_until_force.py
-- Up-to-date: /home/alberto/Documents/kia_gd_ws/install/ur_ros_rtde_tutorials/local/lib/python3.10/dist-packages/ur_ros_rtde_tutorials/action/__init__.py
-- Up-to-date: /home/alberto/Documents/kia_gd_ws/install/ur_ros_rtde_tutorials/local/lib/python3.10/dist-packages/ur_ros_rtde_tutorials/libur_ros_rtde_tutorials__rosidl_generator_py.so
-- Up-to-date: /home/alberto/Documents/kia_gd_ws/install/ur_ros_rtde_tutorials/local/lib/python3.10/dist-packages/ur_ros_rtde_tutorials/_ur_ros_rtde_tutorials_s.ep.rosidl_typesupport_fastrtps_c.c
-- Up-to-date: /home/alberto/Documents/kia_gd_ws/install/ur_ros_rtde_tutorials/local/lib/python3.10/dist-packages/ur_ros_rtde_tutorials/_ur_ros_rtde_tutorials_s.ep.rosidl_typesupport_introspection_c.c
-- Up-to-date: /home/alberto/Documents/kia_gd_ws/install/ur_ros_rtde_tutorials/local/lib/python3.10/dist-packages/ur_ros_rtde_tutorials/_ur_ros_rtde_tutorials_s.ep.rosidl_typesupport_c.c
-- Up-to-date: /home/alberto/Documents/kia_gd_ws/install/ur_ros_rtde_tutorials/local/lib/python3.10/dist-packages/ur_ros_rtde_tutorials/ur_ros_rtde_tutorials_s__rosidl_typesupport_c.cpython-310-x86_64-linux-gnu.so
-- Up-to-date: /home/alberto/Documents/kia_gd_ws/install/ur_ros_rtde_tutorials/local/lib/python3.10/dist-packages/ur_ros_rtde_tutorials/ur_ros_rtde_tutorials_s__rosidl_typesupport_introspection_c.cpython-310-x86_64-linux-gnu.so
-- Up-to-date: /home/alberto/Documents/kia_gd_ws/install/ur_ros_rtde_tutorials/local/lib/python3.10/dist-packages/ur_ros_rtde_tutorials/__init__.py
Listing '/home/alberto/Documents/kia_gd_ws/install/ur_ros_rtde_tutorials/local/lib/python3.10/dist-packages/ur_ros_rtde_tutorials'...
Listing '/home/alberto/Documents/kia_gd_ws/install/ur_ros_rtde_tutorials/local/lib/python3.10/dist-packages/ur_ros_rtde_tutorials/action'...
-- Up-to-date: /home/alberto/Documents/kia_gd_ws/install/ur_ros_rtde_tutorials/local/lib/python3.10/dist-packages/ur_ros_rtde_tutorials/ur_ros_rtde_tutorials_s__rosidl_typesupport_fastrtps_c.cpython-310-x86_64-linux-gnu.so
-- Up-to-date: /home/alberto/Documents/kia_gd_ws/install/ur_ros_rtde_tutorials/local/lib/python3.10/dist-packages/ur_ros_rtde_tutorials/ur_ros_rtde_tutorials_s__rosidl_typesupport_introspection_c.cpython-310-x86_64-linux-gnu.so
-- Up-to-date: /home/alberto/Documents/kia_gd_ws/install/ur_ros_rtde_tutorials/local/lib/python3.10/dist-packages/ur_ros_rtde_tutorials/ur_ros_rtde_tutorials_s__rosidl_typesupport_c.cpython-310-x86_64-linux-gnu.so
-- Up-to-date: /home/alberto/Documents/kia_gd_ws/install/ur_ros_rtde_tutorials/lib/libur_ros_rtde_tutorials__rosidl_generator_py.so
-- Up-to-date: /home/alberto/Documents/kia_gd_ws/install/ur_ros_rtde_tutorials/share/ur_ros_rtde_tutorials/action/MoveDownUntilForce.idl
-- Up-to-date: /home/alberto/Documents/kia_gd_ws/install/ur_ros_rtde_tutorials/share/ur_ros_rtde_tutorials/action/MoveDownUntilForce.action
-- Up-to-date: /home/alberto/Documents/kia_gd_ws/install/ur_ros_rtde_tutorials/share/ur_ros_rtde_tutorials/plugins.xml
-- Up-to-date: /home/alberto/Documents/kia_gd_ws/install/ur_ros_rtde_tutorials/lib/libtutorial_plugins_lib.so
-- Up-to-date: /home/alberto/Documents/kia_gd_ws/install/ur_ros_rtde_tutorials/share/ur_ros_rtde_tutorials//action
-- Up-to-date: /home/alberto/Documents/kia_gd_ws/install/ur_ros_rtde_tutorials/share/ur_ros_rtde_tutorials//action/MoveDownUntilForce.action
-- Up-to-date: /home/alberto/Documents/kia_gd_ws/install/ur_ros_rtde_tutorials/lib/ur_ros_rtde_tutorials/linear_movements
-- Up-to-date: /home/alberto/Documents/kia_gd_ws/install/ur_ros_rtde_tutorials/lib/ur_ros_rtde_tutorials/trajectory_execution
-- Up-to-date: /home/alberto/Documents/kia_gd_ws/install/ur_ros_rtde_tutorials/share/ament_index/resource_index/package_run_dependencies/ur_ros_rtde_tutorials
-- Up-to-date: /home/alberto/Documents/kia_gd_ws/install/ur_ros_rtde_tutorials/share/ament_index/resource_index/parent_prefix_path/ur_ros_rtde_tutorials
-- Up-to-date: /home/alberto/Documents/kia_gd_ws/install/ur_ros_rtde_tutorials/share/ur_ros_rtde_tutorials/environment/ament_prefix_path.sh
-- Up-to-date: /home/alberto/Documents/kia_gd_ws/install/ur_ros_rtde_tutorials/share/ur_ros_rtde_tutorials/environment/ament_prefix_path.dsv
-- Up-to-date: /home/alberto/Documents/kia_gd_ws/install/ur_ros_rtde_tutorials/share/ur_ros_rtde_tutorials/environment/path.sh
-- Up-to-date: /home/alberto/Documents/kia_gd_ws/install/ur_ros_rtde_tutorials/share/ur_ros_rtde_tutorials/environment/path.dsv
-- Up-to-date: /home/alberto/Documents/kia_gd_ws/install/ur_ros_rtde_tutorials/share/ur_ros_rtde_tutorials/local_setup.bash
-- Up-to-date: /home/alberto/Documents/kia_gd_ws/install/ur_ros_rtde_tutorials/share/ur_ros_rtde_tutorials/local_setup.sh
-- Up-to-date: /home/alberto/Documents/kia_gd_ws/install/ur_ros_rtde_tutorials/share/ur_ros_rtde_tutorials/local_setup.zsh
-- Up-to-date: /home/alberto/Documents/kia_gd_ws/install/ur_ros_rtde_tutorials/share/ur_ros_rtde_tutorials/local_setup.dsv
-- Installing: /home/alberto/Documents/kia_gd_ws/install/ur_ros_rtde_tutorials/share/ur_ros_rtde_tutorials/package.dsv
-- Up-to-date: /home/alberto/Documents/kia_gd_ws/install/ur_ros_rtde_tutorials/share/ament_index/resource_index/packages/ur_ros_rtde_tutorials
-- Up-to-date: /home/alberto/Documents/kia_gd_ws/install/ur_ros_rtde_tutorials/share/ament_index/resource_index/ur_ros_rtde_tutorials__pluginlib__plugin/ur_ros_rtde_tutorials
-- Up-to-date: /home/alberto/Documents/kia_gd_ws/install/ur_ros_rtde_tutorials/share/ur_ros_rtde_tutorials/cmake/export_ur_ros_rtde_tutorials__rosidl_generator_cExport.cmake
-- Up-to-date: /home/alberto/Documents/kia_gd_ws/install/ur_ros_rtde_tutorials/share/ur_ros_rtde_tutorials/cmake/export_ur_ros_rtde_tutorials__rosidl_generator_cExport-noconfig.cmake
-- Up-to-date: /home/alberto/Documents/kia_gd_ws/install/ur_ros_rtde_tutorials/share/ur_ros_rtde_tutorials/cmake/export_ur_ros_rtde_tutorials__rosidl_typesupport_fastrtps_cExport.cmake
-- Up-to-date: /home/alberto/Documents/kia_gd_ws/install/ur_ros_rtde_tutorials/share/ur_ros_rtde_tutorials/cmake/export_ur_ros_rtde_tutorials__rosidl_typesupport_fastrtps_cExport-noconfig.cmake
-- Up-to-date: /home/alberto/Documents/kia_gd_ws/install/ur_ros_rtde_tutorials/share/ur_ros_rtde_tutorials/cmake/export_ur_ros_rtde_tutorials__rosidl_generator_cppExport.cmake
-- Up-to-date: /home/alberto/Documents/kia_gd_ws/install/ur_ros_rtde_tutorials/share/ur_ros_rtde_tutorials/cmake/export_ur_ros_rtde_tutorials__rosidl_typesupport_fastrtps_cppExport.cmake
-- Up-to-date: /home/alberto/Documents/kia_gd_ws/install/ur_ros_rtde_tutorials/share/ur_ros_rtde_tutorials/cmake/export_ur_ros_rtde_tutorials__rosidl_typesupport_fastrtps_cppExport-noconfig.cmake
-- Up-to-date: /home/alberto/Documents/kia_gd_ws/install/ur_ros_rtde_tutorials/share/ur_ros_rtde_tutorials/cmake/ur_ros_rtde_tutorials__rosidl_typesupport_introspection_cExport.cmake
-- Up-to-date: /home/alberto/Documents/kia_gd_ws/install/ur_ros_rtde_tutorials/share/ur_ros_rtde_tutorials/cmake/ur_ros_rtde_tutorials__rosidl_typesupport_introspection_cExport-noconfig.cmake
-- Up-to-date: /home/alberto/Documents/kia_gd_ws/install/ur_ros_rtde_tutorials/share/ur_ros_rtde_tutorials/cmake/ur_ros_rtde_tutorials__rosidl_typesupport_cExport.cmake
-- Up-to-date: /home/alberto/Documents/kia_gd_ws/install/ur_ros_rtde_tutorials/share/ur_ros_rtde_tutorials/cmake/ur_ros_rtde_tutorials__rosidl_typesupport_cExport-noconfig.cmake
-- Up-to-date: /home/alberto/Documents/kia_gd_ws/install/ur_ros_rtde_tutorials/share/ur_ros_rtde_tutorials/cmake/ur_ros_rtde_tutorials__rosidl_typesupport_introspection_cppExport.cmake
-- Up-to-date: /home/alberto/Documents/kia_gd_ws/install/ur_ros_rtde_tutorials/share/ur_ros_rtde_tutorials/cmake/ur_ros_rtde_tutorials__rosidl_typesupport_introspection_cppExport-noconfig.cmake
-- Up-to-date: /home/alberto/Documents/kia_gd_ws/install/ur_ros_rtde_tutorials/share/ur_ros_rtde_tutorials/cmake/ur_ros_rtde_tutorials__rosidl_typesupport_cppExport.cmake
-- Up-to-date: /home/alberto/Documents/kia_gd_ws/install/ur_ros_rtde_tutorials/share/ur_ros_rtde_tutorials/cmake/ur_ros_rtde_tutorials__rosidl_typesupport_cppExport-noconfig.cmake
-- Up-to-date: /home/alberto/Documents/kia_gd_ws/install/ur_ros_rtde_tutorials/share/ur_ros_rtde_tutorials/cmake/export_ur_ros_rtde_tutorials__rosidl_generator_pyExport.cmake
-- Up-to-date: /home/alberto/Documents/kia_gd_ws/install/ur_ros_rtde_tutorials/share/ur_ros_rtde_tutorials/cmake/export_ur_ros_rtde_tutorials__rosidl_generator_pyExport-noconfig.cmake
-- Up-to-date: /home/alberto/Documents/kia_gd_ws/install/ur_ros_rtde_tutorials/share/ur_ros_rtde_tutorials/cmake/export_ur_ros_rtde_tutorialsExport.cmake
-- Up-to-date: /home/alberto/Documents/kia_gd_ws/install/ur_ros_rtde_tutorials/share/ur_ros_rtde_tutorials/cmake/export_ur_ros_rtde_tutorialsExport-noconfig.cmake
-- Up-to-date: /home/alberto/Documents/kia_gd_ws/install/ur_ros_rtde_tutorials/share/ur_ros_rtde_tutorials/cmake/rosidl_cmake-extras.cmake
-- Up-to-date: /home/alberto/Documents/kia_gd_ws/install/ur_ros_rtde_tutorials/share/ur_ros_rtde_tutorials/cmake/ament_cmake_export_dependencies-extras.cmake
-- Up-to-date: /home/alberto/Documents/kia_gd_ws/install/ur_ros_rtde_tutorials/share/ur_ros_rtde_tutorials/cmake/ament_cmake_export_include_directories-extras.cmake
-- Up-to-date: /home/alberto/Documents/kia_gd_ws/install/ur_ros_rtde_tutorials/share/ur_ros_rtde_tutorials/cmake/ament_cmake_export_libraries-extras.cmake
-- Up-to-date: /home/alberto/Documents/kia_gd_ws/install/ur_ros_rtde_tutorials/share/ur_ros_rtde_tutorials/cmake/ament_cmake_export_targets-extras.cmake
-- Up-to-date: /home/alberto/Documents/kia_gd_ws/install/ur_ros_rtde_tutorials/share/ur_ros_rtde_tutorials/cmake/rosidl_cmake_export_typesupport_targets-extras.cmake
-- Up-to-date: /home/alberto/Documents/kia_gd_ws/install/ur_ros_rtde_tutorials/share/ur_ros_rtde_tutorials/cmake/rosidl_cmake_export_typesupport_libraries-extras.cmake
-- Up-to-date: /home/alberto/Documents/kia_gd_ws/install/ur_ros_rtde_tutorials/share/ur_ros_rtde_tutorials/cmake/ur_ros_rtde_tutorialsConfig.cmake
-- Up-to-date: /home/alberto/Documents/kia_gd_ws/install/ur_ros_rtde_tutorials/share/ur_ros_rtde_tutorials/cmake/ur_ros_rtde_tutorialsConfig-version.cmake
-- Up-to-date: /home/alberto/Documents/kia_gd_ws/install/ur_ros_rtde_tutorials/share/ur_ros_rtde_tutorials/package.xml
