[0.059s] Invoking command in '/home/alberto/Documents/kia_gd_ws/build/ur_ros_rtde_tutorials': CMAKE_PREFIX_PATH=/home/alberto/Documents/kia_gd_ws/install/ur_ros_rtde:/home/alberto/Documents/kia_gd_ws/install/ur_ros_rtde_simple_clients:/home/alberto/Documents/kia_gd_ws/install/ur_ros_rtde_msgs:/home/alberto/Documents/kia_gd_ws/install/ur_ros_rtde_tutorials:/home/alberto/Documents/kia_gd_ws/install/ur_ros_rtde_gripper_commands:/home/alberto/Documents/kia_gd_ws/install/ur:/home/alberto/Documents/kia_gd_ws/install/ur_calibration:/home/alberto/Documents/kia_gd_ws/install/ur_robot_driver:/home/alberto/Documents/kia_gd_ws/install/ur_moveit_config:/home/alberto/Documents/kia_gd_ws/install/ur_bringup:/home/alberto/Documents/kia_gd_ws/install/ur_controllers:/home/alberto/Documents/kia_gd_ws/install/ur_dashboard_msgs:/home/alberto/Documents/kia_gd_ws/install/simple_ur10e_moveit_config:/home/alberto/Documents/kia_gd_ws/install/simple_ur10e_description:/home/alberto/Documents/kia_gd_ws/install/kia_gd:/home/alberto/Documents/sub_alberto/install/uuv_visualization:/home/alberto/Documents/sub_alberto/install/uuv_vision:/home/alberto/Documents/sub_alberto/install/uuv_navigation:/home/alberto/Documents/sub_alberto/install/uuv_mission:/home/alberto/Documents/sub_alberto/install/uuv_master:/home/alberto/Documents/sub_alberto/install/uuv_control:/home/alberto/install/vectornav:/home/alberto/install/vectornav_msgs:/home/alberto/install/uuv_teleop:/home/alberto/install/uuv_description:/home/alberto/install/sub:/home/alberto/install/pid:/home/alberto/Documents/kia_gd_ws/install/ros_tcp_endpoint:/home/alberto/ros2_ws/install/docker_test:/opt/ros/humble:/home/alberto/install/catkin:/home/alberto/ros2_ws/install/sub:/home/alberto/ros2_ws/install/pid:/home/alberto/ros2_ws/install/catkin:/home/alberto/uuv/install/uuv LD_LIBRARY_PATH=/home/alberto/Documents/kia_gd_ws/install/ur_ros_rtde/lib:/home/alberto/Documents/kia_gd_ws/install/ur_ros_rtde_msgs/lib:/home/alberto/Documents/kia_gd_ws/install/ur_ros_rtde_tutorials/lib:/home/alberto/Documents/kia_gd_ws/install/ur_ros_rtde_gripper_commands/lib:/home/alberto/Documents/kia_gd_ws/install/ur_robot_driver/lib:/home/alberto/Documents/kia_gd_ws/install/ur_controllers/lib:/home/alberto/Documents/kia_gd_ws/install/ur_dashboard_msgs/lib:/home/alberto/install/vectornav/lib:/home/alberto/install/vectornav_msgs/lib:/opt/ros/humble/opt/rviz_ogre_vendor/lib:/opt/ros/humble/lib/x86_64-linux-gnu:/opt/ros/humble/lib /usr/bin/cmake --build /home/alberto/Documents/kia_gd_ws/build/ur_ros_rtde_tutorials -- -j8 -l8
[0.224s] [  2%] Built target ur_ros_rtde_tutorials__cpp
[0.244s] [  2%] Built target ament_cmake_python_copy_ur_ros_rtde_tutorials
[0.288s] [  8%] Built target linear_movements
[0.307s] [ 16%] Built target ur_ros_rtde_tutorials__rosidl_generator_c
[0.339s] [ 21%] Built target trajectory_execution
[0.362s] [ 29%] Built target ur_ros_rtde_tutorials__rosidl_typesupport_introspection_cpp
[0.421s] [ 37%] Built target ur_ros_rtde_tutorials__rosidl_typesupport_fastrtps_cpp
[0.423s] [ 45%] Built target ur_ros_rtde_tutorials__rosidl_typesupport_cpp
[0.454s] [ 54%] Built target ur_ros_rtde_tutorials__rosidl_typesupport_c
[0.463s] [ 62%] Built target ur_ros_rtde_tutorials__rosidl_typesupport_introspection_c
[0.465s] [ 70%] Built target ur_ros_rtde_tutorials__rosidl_typesupport_fastrtps_c
[0.539s] [ 75%] Built target tutorial_plugins_lib
[0.566s] [ 75%] Built target ur_ros_rtde_tutorials
[0.663s] [ 78%] Built target ur_ros_rtde_tutorials__py
[0.714s] [ 83%] Built target ur_ros_rtde_tutorials__rosidl_generator_py
[0.796s] [ 89%] Built target ur_ros_rtde_tutorials__rosidl_typesupport_c__pyext
[0.809s] [ 94%] Built target ur_ros_rtde_tutorials__rosidl_typesupport_fastrtps_c__pyext
[0.815s] [100%] Built target ur_ros_rtde_tutorials__rosidl_typesupport_introspection_c__pyext
[0.915s] running egg_info
[0.956s] writing ur_ros_rtde_tutorials.egg-info/PKG-INFO
[0.957s] writing dependency_links to ur_ros_rtde_tutorials.egg-info/dependency_links.txt
[0.957s] writing top-level names to ur_ros_rtde_tutorials.egg-info/top_level.txt
[1.073s] reading manifest file 'ur_ros_rtde_tutorials.egg-info/SOURCES.txt'
[1.075s] writing manifest file 'ur_ros_rtde_tutorials.egg-info/SOURCES.txt'
[1.128s] [100%] Built target ament_cmake_python_build_ur_ros_rtde_tutorials_egg
[1.146s] Invoked command in '/home/alberto/Documents/kia_gd_ws/build/ur_ros_rtde_tutorials' returned '0': CMAKE_PREFIX_PATH=/home/alberto/Documents/kia_gd_ws/install/ur_ros_rtde:/home/alberto/Documents/kia_gd_ws/install/ur_ros_rtde_simple_clients:/home/alberto/Documents/kia_gd_ws/install/ur_ros_rtde_msgs:/home/alberto/Documents/kia_gd_ws/install/ur_ros_rtde_tutorials:/home/alberto/Documents/kia_gd_ws/install/ur_ros_rtde_gripper_commands:/home/alberto/Documents/kia_gd_ws/install/ur:/home/alberto/Documents/kia_gd_ws/install/ur_calibration:/home/alberto/Documents/kia_gd_ws/install/ur_robot_driver:/home/alberto/Documents/kia_gd_ws/install/ur_moveit_config:/home/alberto/Documents/kia_gd_ws/install/ur_bringup:/home/alberto/Documents/kia_gd_ws/install/ur_controllers:/home/alberto/Documents/kia_gd_ws/install/ur_dashboard_msgs:/home/alberto/Documents/kia_gd_ws/install/simple_ur10e_moveit_config:/home/alberto/Documents/kia_gd_ws/install/simple_ur10e_description:/home/alberto/Documents/kia_gd_ws/install/kia_gd:/home/alberto/Documents/sub_alberto/install/uuv_visualization:/home/alberto/Documents/sub_alberto/install/uuv_vision:/home/alberto/Documents/sub_alberto/install/uuv_navigation:/home/alberto/Documents/sub_alberto/install/uuv_mission:/home/alberto/Documents/sub_alberto/install/uuv_master:/home/alberto/Documents/sub_alberto/install/uuv_control:/home/alberto/install/vectornav:/home/alberto/install/vectornav_msgs:/home/alberto/install/uuv_teleop:/home/alberto/install/uuv_description:/home/alberto/install/sub:/home/alberto/install/pid:/home/alberto/Documents/kia_gd_ws/install/ros_tcp_endpoint:/home/alberto/ros2_ws/install/docker_test:/opt/ros/humble:/home/alberto/install/catkin:/home/alberto/ros2_ws/install/sub:/home/alberto/ros2_ws/install/pid:/home/alberto/ros2_ws/install/catkin:/home/alberto/uuv/install/uuv LD_LIBRARY_PATH=/home/alberto/Documents/kia_gd_ws/install/ur_ros_rtde/lib:/home/alberto/Documents/kia_gd_ws/install/ur_ros_rtde_msgs/lib:/home/alberto/Documents/kia_gd_ws/install/ur_ros_rtde_tutorials/lib:/home/alberto/Documents/kia_gd_ws/install/ur_ros_rtde_gripper_commands/lib:/home/alberto/Documents/kia_gd_ws/install/ur_robot_driver/lib:/home/alberto/Documents/kia_gd_ws/install/ur_controllers/lib:/home/alberto/Documents/kia_gd_ws/install/ur_dashboard_msgs/lib:/home/alberto/install/vectornav/lib:/home/alberto/install/vectornav_msgs/lib:/opt/ros/humble/opt/rviz_ogre_vendor/lib:/opt/ros/humble/lib/x86_64-linux-gnu:/opt/ros/humble/lib /usr/bin/cmake --build /home/alberto/Documents/kia_gd_ws/build/ur_ros_rtde_tutorials -- -j8 -l8
[1.151s] Invoking command in '/home/alberto/Documents/kia_gd_ws/build/ur_ros_rtde_tutorials': CMAKE_PREFIX_PATH=/home/alberto/Documents/kia_gd_ws/install/ur_ros_rtde:/home/alberto/Documents/kia_gd_ws/install/ur_ros_rtde_simple_clients:/home/alberto/Documents/kia_gd_ws/install/ur_ros_rtde_msgs:/home/alberto/Documents/kia_gd_ws/install/ur_ros_rtde_tutorials:/home/alberto/Documents/kia_gd_ws/install/ur_ros_rtde_gripper_commands:/home/alberto/Documents/kia_gd_ws/install/ur:/home/alberto/Documents/kia_gd_ws/install/ur_calibration:/home/alberto/Documents/kia_gd_ws/install/ur_robot_driver:/home/alberto/Documents/kia_gd_ws/install/ur_moveit_config:/home/alberto/Documents/kia_gd_ws/install/ur_bringup:/home/alberto/Documents/kia_gd_ws/install/ur_controllers:/home/alberto/Documents/kia_gd_ws/install/ur_dashboard_msgs:/home/alberto/Documents/kia_gd_ws/install/simple_ur10e_moveit_config:/home/alberto/Documents/kia_gd_ws/install/simple_ur10e_description:/home/alberto/Documents/kia_gd_ws/install/kia_gd:/home/alberto/Documents/sub_alberto/install/uuv_visualization:/home/alberto/Documents/sub_alberto/install/uuv_vision:/home/alberto/Documents/sub_alberto/install/uuv_navigation:/home/alberto/Documents/sub_alberto/install/uuv_mission:/home/alberto/Documents/sub_alberto/install/uuv_master:/home/alberto/Documents/sub_alberto/install/uuv_control:/home/alberto/install/vectornav:/home/alberto/install/vectornav_msgs:/home/alberto/install/uuv_teleop:/home/alberto/install/uuv_description:/home/alberto/install/sub:/home/alberto/install/pid:/home/alberto/Documents/kia_gd_ws/install/ros_tcp_endpoint:/home/alberto/ros2_ws/install/docker_test:/opt/ros/humble:/home/alberto/install/catkin:/home/alberto/ros2_ws/install/sub:/home/alberto/ros2_ws/install/pid:/home/alberto/ros2_ws/install/catkin:/home/alberto/uuv/install/uuv LD_LIBRARY_PATH=/home/alberto/Documents/kia_gd_ws/install/ur_ros_rtde/lib:/home/alberto/Documents/kia_gd_ws/install/ur_ros_rtde_msgs/lib:/home/alberto/Documents/kia_gd_ws/install/ur_ros_rtde_tutorials/lib:/home/alberto/Documents/kia_gd_ws/install/ur_ros_rtde_gripper_commands/lib:/home/alberto/Documents/kia_gd_ws/install/ur_robot_driver/lib:/home/alberto/Documents/kia_gd_ws/install/ur_controllers/lib:/home/alberto/Documents/kia_gd_ws/install/ur_dashboard_msgs/lib:/home/alberto/install/vectornav/lib:/home/alberto/install/vectornav_msgs/lib:/opt/ros/humble/opt/rviz_ogre_vendor/lib:/opt/ros/humble/lib/x86_64-linux-gnu:/opt/ros/humble/lib /usr/bin/cmake --install /home/alberto/Documents/kia_gd_ws/build/ur_ros_rtde_tutorials
[1.165s] -- Install configuration: ""
[1.165s] -- Up-to-date: /home/alberto/Documents/kia_gd_ws/install/ur_ros_rtde_tutorials/share/ament_index/resource_index/rosidl_interfaces/ur_ros_rtde_tutorials
[1.166s] -- Up-to-date: /home/alberto/Documents/kia_gd_ws/install/ur_ros_rtde_tutorials/include/ur_ros_rtde_tutorials/ur_ros_rtde_tutorials
[1.166s] -- Up-to-date: /home/alberto/Documents/kia_gd_ws/install/ur_ros_rtde_tutorials/include/ur_ros_rtde_tutorials/ur_ros_rtde_tutorials/action
[1.166s] -- Up-to-date: /home/alberto/Documents/kia_gd_ws/install/ur_ros_rtde_tutorials/include/ur_ros_rtde_tutorials/ur_ros_rtde_tutorials/action/move_down_until_force.h
[1.167s] -- Up-to-date: /home/alberto/Documents/kia_gd_ws/install/ur_ros_rtde_tutorials/include/ur_ros_rtde_tutorials/ur_ros_rtde_tutorials/action/detail
[1.168s] -- Up-to-date: /home/alberto/Documents/kia_gd_ws/install/ur_ros_rtde_tutorials/include/ur_ros_rtde_tutorials/ur_ros_rtde_tutorials/action/detail/move_down_until_force__type_support.h
[1.168s] -- Up-to-date: /home/alberto/Documents/kia_gd_ws/install/ur_ros_rtde_tutorials/include/ur_ros_rtde_tutorials/ur_ros_rtde_tutorials/action/detail/move_down_until_force__struct.h
[1.174s] -- Up-to-date: /home/alberto/Documents/kia_gd_ws/install/ur_ros_rtde_tutorials/include/ur_ros_rtde_tutorials/ur_ros_rtde_tutorials/action/detail/move_down_until_force__functions.h
[1.174s] -- Up-to-date: /home/alberto/Documents/kia_gd_ws/install/ur_ros_rtde_tutorials/include/ur_ros_rtde_tutorials/ur_ros_rtde_tutorials/action/detail/move_down_until_force__functions.c
[1.175s] -- Up-to-date: /home/alberto/Documents/kia_gd_ws/install/ur_ros_rtde_tutorials/include/ur_ros_rtde_tutorials/ur_ros_rtde_tutorials/msg
[1.175s] -- Up-to-date: /home/alberto/Documents/kia_gd_ws/install/ur_ros_rtde_tutorials/include/ur_ros_rtde_tutorials/ur_ros_rtde_tutorials/msg/rosidl_generator_c__visibility_control.h
[1.175s] -- Up-to-date: /home/alberto/Documents/kia_gd_ws/install/ur_ros_rtde_tutorials/share/ur_ros_rtde_tutorials/environment/library_path.sh
[1.175s] -- Up-to-date: /home/alberto/Documents/kia_gd_ws/install/ur_ros_rtde_tutorials/share/ur_ros_rtde_tutorials/environment/library_path.dsv
[1.177s] -- Up-to-date: /home/alberto/Documents/kia_gd_ws/install/ur_ros_rtde_tutorials/lib/libur_ros_rtde_tutorials__rosidl_generator_c.so
[1.177s] -- Up-to-date: /home/alberto/Documents/kia_gd_ws/install/ur_ros_rtde_tutorials/include/ur_ros_rtde_tutorials/ur_ros_rtde_tutorials
[1.177s] -- Up-to-date: /home/alberto/Documents/kia_gd_ws/install/ur_ros_rtde_tutorials/include/ur_ros_rtde_tutorials/ur_ros_rtde_tutorials/action
[1.178s] -- Up-to-date: /home/alberto/Documents/kia_gd_ws/install/ur_ros_rtde_tutorials/include/ur_ros_rtde_tutorials/ur_ros_rtde_tutorials/action/detail
[1.178s] -- Up-to-date: /home/alberto/Documents/kia_gd_ws/install/ur_ros_rtde_tutorials/include/ur_ros_rtde_tutorials/ur_ros_rtde_tutorials/action/detail/move_down_until_force__rosidl_typesupport_fastrtps_c.h
[1.178s] -- Up-to-date: /home/alberto/Documents/kia_gd_ws/install/ur_ros_rtde_tutorials/include/ur_ros_rtde_tutorials/ur_ros_rtde_tutorials/msg
[1.178s] -- Up-to-date: /home/alberto/Documents/kia_gd_ws/install/ur_ros_rtde_tutorials/include/ur_ros_rtde_tutorials/ur_ros_rtde_tutorials/msg/rosidl_typesupport_fastrtps_c__visibility_control.h
[1.178s] -- Up-to-date: /home/alberto/Documents/kia_gd_ws/install/ur_ros_rtde_tutorials/lib/libur_ros_rtde_tutorials__rosidl_typesupport_fastrtps_c.so
[1.178s] -- Up-to-date: /home/alberto/Documents/kia_gd_ws/install/ur_ros_rtde_tutorials/include/ur_ros_rtde_tutorials/ur_ros_rtde_tutorials
[1.178s] -- Up-to-date: /home/alberto/Documents/kia_gd_ws/install/ur_ros_rtde_tutorials/include/ur_ros_rtde_tutorials/ur_ros_rtde_tutorials/action
[1.178s] -- Up-to-date: /home/alberto/Documents/kia_gd_ws/install/ur_ros_rtde_tutorials/include/ur_ros_rtde_tutorials/ur_ros_rtde_tutorials/action/detail
[1.179s] -- Up-to-date: /home/alberto/Documents/kia_gd_ws/install/ur_ros_rtde_tutorials/include/ur_ros_rtde_tutorials/ur_ros_rtde_tutorials/action/detail/move_down_until_force__builder.hpp
[1.179s] -- Up-to-date: /home/alberto/Documents/kia_gd_ws/install/ur_ros_rtde_tutorials/include/ur_ros_rtde_tutorials/ur_ros_rtde_tutorials/action/detail/move_down_until_force__traits.hpp
[1.179s] -- Up-to-date: /home/alberto/Documents/kia_gd_ws/install/ur_ros_rtde_tutorials/include/ur_ros_rtde_tutorials/ur_ros_rtde_tutorials/action/detail/move_down_until_force__struct.hpp
[1.179s] -- Up-to-date: /home/alberto/Documents/kia_gd_ws/install/ur_ros_rtde_tutorials/include/ur_ros_rtde_tutorials/ur_ros_rtde_tutorials/action/detail/move_down_until_force__type_support.hpp
[1.179s] -- Up-to-date: /home/alberto/Documents/kia_gd_ws/install/ur_ros_rtde_tutorials/include/ur_ros_rtde_tutorials/ur_ros_rtde_tutorials/action/move_down_until_force.hpp
[1.179s] -- Up-to-date: /home/alberto/Documents/kia_gd_ws/install/ur_ros_rtde_tutorials/include/ur_ros_rtde_tutorials/ur_ros_rtde_tutorials/msg
[1.179s] -- Up-to-date: /home/alberto/Documents/kia_gd_ws/install/ur_ros_rtde_tutorials/include/ur_ros_rtde_tutorials/ur_ros_rtde_tutorials/msg/rosidl_generator_cpp__visibility_control.hpp
[1.179s] -- Up-to-date: /home/alberto/Documents/kia_gd_ws/install/ur_ros_rtde_tutorials/include/ur_ros_rtde_tutorials/ur_ros_rtde_tutorials
[1.180s] -- Up-to-date: /home/alberto/Documents/kia_gd_ws/install/ur_ros_rtde_tutorials/include/ur_ros_rtde_tutorials/ur_ros_rtde_tutorials/action
[1.180s] -- Up-to-date: /home/alberto/Documents/kia_gd_ws/install/ur_ros_rtde_tutorials/include/ur_ros_rtde_tutorials/ur_ros_rtde_tutorials/action/detail
[1.180s] -- Up-to-date: /home/alberto/Documents/kia_gd_ws/install/ur_ros_rtde_tutorials/include/ur_ros_rtde_tutorials/ur_ros_rtde_tutorials/action/detail/dds_fastrtps
[1.180s] -- Up-to-date: /home/alberto/Documents/kia_gd_ws/install/ur_ros_rtde_tutorials/include/ur_ros_rtde_tutorials/ur_ros_rtde_tutorials/action/detail/move_down_until_force__rosidl_typesupport_fastrtps_cpp.hpp
[1.180s] -- Up-to-date: /home/alberto/Documents/kia_gd_ws/install/ur_ros_rtde_tutorials/include/ur_ros_rtde_tutorials/ur_ros_rtde_tutorials/msg
[1.180s] -- Up-to-date: /home/alberto/Documents/kia_gd_ws/install/ur_ros_rtde_tutorials/include/ur_ros_rtde_tutorials/ur_ros_rtde_tutorials/msg/rosidl_typesupport_fastrtps_cpp__visibility_control.h
[1.180s] -- Up-to-date: /home/alberto/Documents/kia_gd_ws/install/ur_ros_rtde_tutorials/lib/libur_ros_rtde_tutorials__rosidl_typesupport_fastrtps_cpp.so
[1.180s] -- Up-to-date: /home/alberto/Documents/kia_gd_ws/install/ur_ros_rtde_tutorials/include/ur_ros_rtde_tutorials/ur_ros_rtde_tutorials
[1.180s] -- Up-to-date: /home/alberto/Documents/kia_gd_ws/install/ur_ros_rtde_tutorials/include/ur_ros_rtde_tutorials/ur_ros_rtde_tutorials/action
[1.181s] -- Up-to-date: /home/alberto/Documents/kia_gd_ws/install/ur_ros_rtde_tutorials/include/ur_ros_rtde_tutorials/ur_ros_rtde_tutorials/action/detail
[1.181s] -- Up-to-date: /home/alberto/Documents/kia_gd_ws/install/ur_ros_rtde_tutorials/include/ur_ros_rtde_tutorials/ur_ros_rtde_tutorials/action/detail/move_down_until_force__type_support.c
[1.181s] -- Up-to-date: /home/alberto/Documents/kia_gd_ws/install/ur_ros_rtde_tutorials/include/ur_ros_rtde_tutorials/ur_ros_rtde_tutorials/action/detail/move_down_until_force__rosidl_typesupport_introspection_c.h
[1.181s] -- Up-to-date: /home/alberto/Documents/kia_gd_ws/install/ur_ros_rtde_tutorials/include/ur_ros_rtde_tutorials/ur_ros_rtde_tutorials/msg
[1.183s] -- Up-to-date: /home/alberto/Documents/kia_gd_ws/install/ur_ros_rtde_tutorials/include/ur_ros_rtde_tutorials/ur_ros_rtde_tutorials/msg/rosidl_typesupport_introspection_c__visibility_control.h
[1.183s] -- Up-to-date: /home/alberto/Documents/kia_gd_ws/install/ur_ros_rtde_tutorials/lib/libur_ros_rtde_tutorials__rosidl_typesupport_introspection_c.so
[1.183s] -- Up-to-date: /home/alberto/Documents/kia_gd_ws/install/ur_ros_rtde_tutorials/lib/libur_ros_rtde_tutorials__rosidl_typesupport_c.so
[1.183s] -- Up-to-date: /home/alberto/Documents/kia_gd_ws/install/ur_ros_rtde_tutorials/include/ur_ros_rtde_tutorials/ur_ros_rtde_tutorials
[1.183s] -- Up-to-date: /home/alberto/Documents/kia_gd_ws/install/ur_ros_rtde_tutorials/include/ur_ros_rtde_tutorials/ur_ros_rtde_tutorials/action
[1.183s] -- Up-to-date: /home/alberto/Documents/kia_gd_ws/install/ur_ros_rtde_tutorials/include/ur_ros_rtde_tutorials/ur_ros_rtde_tutorials/action/detail
[1.183s] -- Up-to-date: /home/alberto/Documents/kia_gd_ws/install/ur_ros_rtde_tutorials/include/ur_ros_rtde_tutorials/ur_ros_rtde_tutorials/action/detail/move_down_until_force__rosidl_typesupport_introspection_cpp.hpp
[1.183s] -- Up-to-date: /home/alberto/Documents/kia_gd_ws/install/ur_ros_rtde_tutorials/include/ur_ros_rtde_tutorials/ur_ros_rtde_tutorials/action/detail/move_down_until_force__type_support.cpp
[1.183s] -- Up-to-date: /home/alberto/Documents/kia_gd_ws/install/ur_ros_rtde_tutorials/lib/libur_ros_rtde_tutorials__rosidl_typesupport_introspection_cpp.so
[1.183s] -- Up-to-date: /home/alberto/Documents/kia_gd_ws/install/ur_ros_rtde_tutorials/lib/libur_ros_rtde_tutorials__rosidl_typesupport_cpp.so
[1.184s] -- Up-to-date: /home/alberto/Documents/kia_gd_ws/install/ur_ros_rtde_tutorials/share/ur_ros_rtde_tutorials/environment/pythonpath.sh
[1.184s] -- Up-to-date: /home/alberto/Documents/kia_gd_ws/install/ur_ros_rtde_tutorials/share/ur_ros_rtde_tutorials/environment/pythonpath.dsv
[1.184s] -- Up-to-date: /home/alberto/Documents/kia_gd_ws/install/ur_ros_rtde_tutorials/local/lib/python3.10/dist-packages/ur_ros_rtde_tutorials-0.0.0-py3.10.egg-info
[1.184s] -- Installing: /home/alberto/Documents/kia_gd_ws/install/ur_ros_rtde_tutorials/local/lib/python3.10/dist-packages/ur_ros_rtde_tutorials-0.0.0-py3.10.egg-info/top_level.txt
[1.184s] -- Installing: /home/alberto/Documents/kia_gd_ws/install/ur_ros_rtde_tutorials/local/lib/python3.10/dist-packages/ur_ros_rtde_tutorials-0.0.0-py3.10.egg-info/SOURCES.txt
[1.184s] -- Installing: /home/alberto/Documents/kia_gd_ws/install/ur_ros_rtde_tutorials/local/lib/python3.10/dist-packages/ur_ros_rtde_tutorials-0.0.0-py3.10.egg-info/PKG-INFO
[1.184s] -- Installing: /home/alberto/Documents/kia_gd_ws/install/ur_ros_rtde_tutorials/local/lib/python3.10/dist-packages/ur_ros_rtde_tutorials-0.0.0-py3.10.egg-info/dependency_links.txt
[1.184s] -- Up-to-date: /home/alberto/Documents/kia_gd_ws/install/ur_ros_rtde_tutorials/local/lib/python3.10/dist-packages/ur_ros_rtde_tutorials
[1.184s] -- Up-to-date: /home/alberto/Documents/kia_gd_ws/install/ur_ros_rtde_tutorials/local/lib/python3.10/dist-packages/ur_ros_rtde_tutorials/ur_ros_rtde_tutorials_s__rosidl_typesupport_fastrtps_c.cpython-310-x86_64-linux-gnu.so
[1.185s] -- Up-to-date: /home/alberto/Documents/kia_gd_ws/install/ur_ros_rtde_tutorials/local/lib/python3.10/dist-packages/ur_ros_rtde_tutorials/action
[1.185s] -- Up-to-date: /home/alberto/Documents/kia_gd_ws/install/ur_ros_rtde_tutorials/local/lib/python3.10/dist-packages/ur_ros_rtde_tutorials/action/_move_down_until_force_s.c
[1.185s] -- Up-to-date: /home/alberto/Documents/kia_gd_ws/install/ur_ros_rtde_tutorials/local/lib/python3.10/dist-packages/ur_ros_rtde_tutorials/action/_move_down_until_force.py
[1.185s] -- Up-to-date: /home/alberto/Documents/kia_gd_ws/install/ur_ros_rtde_tutorials/local/lib/python3.10/dist-packages/ur_ros_rtde_tutorials/action/__init__.py
[1.185s] -- Up-to-date: /home/alberto/Documents/kia_gd_ws/install/ur_ros_rtde_tutorials/local/lib/python3.10/dist-packages/ur_ros_rtde_tutorials/libur_ros_rtde_tutorials__rosidl_generator_py.so
[1.185s] -- Up-to-date: /home/alberto/Documents/kia_gd_ws/install/ur_ros_rtde_tutorials/local/lib/python3.10/dist-packages/ur_ros_rtde_tutorials/_ur_ros_rtde_tutorials_s.ep.rosidl_typesupport_fastrtps_c.c
[1.185s] -- Up-to-date: /home/alberto/Documents/kia_gd_ws/install/ur_ros_rtde_tutorials/local/lib/python3.10/dist-packages/ur_ros_rtde_tutorials/_ur_ros_rtde_tutorials_s.ep.rosidl_typesupport_introspection_c.c
[1.185s] -- Up-to-date: /home/alberto/Documents/kia_gd_ws/install/ur_ros_rtde_tutorials/local/lib/python3.10/dist-packages/ur_ros_rtde_tutorials/_ur_ros_rtde_tutorials_s.ep.rosidl_typesupport_c.c
[1.185s] -- Up-to-date: /home/alberto/Documents/kia_gd_ws/install/ur_ros_rtde_tutorials/local/lib/python3.10/dist-packages/ur_ros_rtde_tutorials/ur_ros_rtde_tutorials_s__rosidl_typesupport_c.cpython-310-x86_64-linux-gnu.so
[1.186s] -- Up-to-date: /home/alberto/Documents/kia_gd_ws/install/ur_ros_rtde_tutorials/local/lib/python3.10/dist-packages/ur_ros_rtde_tutorials/ur_ros_rtde_tutorials_s__rosidl_typesupport_introspection_c.cpython-310-x86_64-linux-gnu.so
[1.186s] -- Up-to-date: /home/alberto/Documents/kia_gd_ws/install/ur_ros_rtde_tutorials/local/lib/python3.10/dist-packages/ur_ros_rtde_tutorials/__init__.py
[1.251s] Listing '/home/alberto/Documents/kia_gd_ws/install/ur_ros_rtde_tutorials/local/lib/python3.10/dist-packages/ur_ros_rtde_tutorials'...
[1.251s] Listing '/home/alberto/Documents/kia_gd_ws/install/ur_ros_rtde_tutorials/local/lib/python3.10/dist-packages/ur_ros_rtde_tutorials/action'...
[1.259s] -- Up-to-date: /home/alberto/Documents/kia_gd_ws/install/ur_ros_rtde_tutorials/local/lib/python3.10/dist-packages/ur_ros_rtde_tutorials/ur_ros_rtde_tutorials_s__rosidl_typesupport_fastrtps_c.cpython-310-x86_64-linux-gnu.so
[1.261s] -- Up-to-date: /home/alberto/Documents/kia_gd_ws/install/ur_ros_rtde_tutorials/local/lib/python3.10/dist-packages/ur_ros_rtde_tutorials/ur_ros_rtde_tutorials_s__rosidl_typesupport_introspection_c.cpython-310-x86_64-linux-gnu.so
[1.262s] -- Up-to-date: /home/alberto/Documents/kia_gd_ws/install/ur_ros_rtde_tutorials/local/lib/python3.10/dist-packages/ur_ros_rtde_tutorials/ur_ros_rtde_tutorials_s__rosidl_typesupport_c.cpython-310-x86_64-linux-gnu.so
[1.262s] -- Up-to-date: /home/alberto/Documents/kia_gd_ws/install/ur_ros_rtde_tutorials/lib/libur_ros_rtde_tutorials__rosidl_generator_py.so
[1.262s] -- Up-to-date: /home/alberto/Documents/kia_gd_ws/install/ur_ros_rtde_tutorials/share/ur_ros_rtde_tutorials/action/MoveDownUntilForce.idl
[1.262s] -- Up-to-date: /home/alberto/Documents/kia_gd_ws/install/ur_ros_rtde_tutorials/share/ur_ros_rtde_tutorials/action/MoveDownUntilForce.action
[1.262s] -- Up-to-date: /home/alberto/Documents/kia_gd_ws/install/ur_ros_rtde_tutorials/share/ur_ros_rtde_tutorials/plugins.xml
[1.263s] -- Up-to-date: /home/alberto/Documents/kia_gd_ws/install/ur_ros_rtde_tutorials/lib/libtutorial_plugins_lib.so
[1.263s] -- Up-to-date: /home/alberto/Documents/kia_gd_ws/install/ur_ros_rtde_tutorials/share/ur_ros_rtde_tutorials//action
[1.263s] -- Up-to-date: /home/alberto/Documents/kia_gd_ws/install/ur_ros_rtde_tutorials/share/ur_ros_rtde_tutorials//action/MoveDownUntilForce.action
[1.263s] -- Up-to-date: /home/alberto/Documents/kia_gd_ws/install/ur_ros_rtde_tutorials/lib/ur_ros_rtde_tutorials/linear_movements
[1.263s] -- Up-to-date: /home/alberto/Documents/kia_gd_ws/install/ur_ros_rtde_tutorials/lib/ur_ros_rtde_tutorials/trajectory_execution
[1.264s] -- Up-to-date: /home/alberto/Documents/kia_gd_ws/install/ur_ros_rtde_tutorials/share/ament_index/resource_index/package_run_dependencies/ur_ros_rtde_tutorials
[1.264s] -- Up-to-date: /home/alberto/Documents/kia_gd_ws/install/ur_ros_rtde_tutorials/share/ament_index/resource_index/parent_prefix_path/ur_ros_rtde_tutorials
[1.264s] -- Up-to-date: /home/alberto/Documents/kia_gd_ws/install/ur_ros_rtde_tutorials/share/ur_ros_rtde_tutorials/environment/ament_prefix_path.sh
[1.264s] -- Up-to-date: /home/alberto/Documents/kia_gd_ws/install/ur_ros_rtde_tutorials/share/ur_ros_rtde_tutorials/environment/ament_prefix_path.dsv
[1.264s] -- Up-to-date: /home/alberto/Documents/kia_gd_ws/install/ur_ros_rtde_tutorials/share/ur_ros_rtde_tutorials/environment/path.sh
[1.264s] -- Up-to-date: /home/alberto/Documents/kia_gd_ws/install/ur_ros_rtde_tutorials/share/ur_ros_rtde_tutorials/environment/path.dsv
[1.265s] -- Up-to-date: /home/alberto/Documents/kia_gd_ws/install/ur_ros_rtde_tutorials/share/ur_ros_rtde_tutorials/local_setup.bash
[1.265s] -- Up-to-date: /home/alberto/Documents/kia_gd_ws/install/ur_ros_rtde_tutorials/share/ur_ros_rtde_tutorials/local_setup.sh
[1.265s] -- Up-to-date: /home/alberto/Documents/kia_gd_ws/install/ur_ros_rtde_tutorials/share/ur_ros_rtde_tutorials/local_setup.zsh
[1.265s] -- Up-to-date: /home/alberto/Documents/kia_gd_ws/install/ur_ros_rtde_tutorials/share/ur_ros_rtde_tutorials/local_setup.dsv
[1.265s] -- Installing: /home/alberto/Documents/kia_gd_ws/install/ur_ros_rtde_tutorials/share/ur_ros_rtde_tutorials/package.dsv
[1.265s] -- Up-to-date: /home/alberto/Documents/kia_gd_ws/install/ur_ros_rtde_tutorials/share/ament_index/resource_index/packages/ur_ros_rtde_tutorials
[1.266s] -- Up-to-date: /home/alberto/Documents/kia_gd_ws/install/ur_ros_rtde_tutorials/share/ament_index/resource_index/ur_ros_rtde_tutorials__pluginlib__plugin/ur_ros_rtde_tutorials
[1.266s] -- Up-to-date: /home/alberto/Documents/kia_gd_ws/install/ur_ros_rtde_tutorials/share/ur_ros_rtde_tutorials/cmake/export_ur_ros_rtde_tutorials__rosidl_generator_cExport.cmake
[1.266s] -- Up-to-date: /home/alberto/Documents/kia_gd_ws/install/ur_ros_rtde_tutorials/share/ur_ros_rtde_tutorials/cmake/export_ur_ros_rtde_tutorials__rosidl_generator_cExport-noconfig.cmake
[1.266s] -- Up-to-date: /home/alberto/Documents/kia_gd_ws/install/ur_ros_rtde_tutorials/share/ur_ros_rtde_tutorials/cmake/export_ur_ros_rtde_tutorials__rosidl_typesupport_fastrtps_cExport.cmake
[1.266s] -- Up-to-date: /home/alberto/Documents/kia_gd_ws/install/ur_ros_rtde_tutorials/share/ur_ros_rtde_tutorials/cmake/export_ur_ros_rtde_tutorials__rosidl_typesupport_fastrtps_cExport-noconfig.cmake
[1.266s] -- Up-to-date: /home/alberto/Documents/kia_gd_ws/install/ur_ros_rtde_tutorials/share/ur_ros_rtde_tutorials/cmake/export_ur_ros_rtde_tutorials__rosidl_generator_cppExport.cmake
[1.266s] -- Up-to-date: /home/alberto/Documents/kia_gd_ws/install/ur_ros_rtde_tutorials/share/ur_ros_rtde_tutorials/cmake/export_ur_ros_rtde_tutorials__rosidl_typesupport_fastrtps_cppExport.cmake
[1.266s] -- Up-to-date: /home/alberto/Documents/kia_gd_ws/install/ur_ros_rtde_tutorials/share/ur_ros_rtde_tutorials/cmake/export_ur_ros_rtde_tutorials__rosidl_typesupport_fastrtps_cppExport-noconfig.cmake
[1.266s] -- Up-to-date: /home/alberto/Documents/kia_gd_ws/install/ur_ros_rtde_tutorials/share/ur_ros_rtde_tutorials/cmake/ur_ros_rtde_tutorials__rosidl_typesupport_introspection_cExport.cmake
[1.267s] -- Up-to-date: /home/alberto/Documents/kia_gd_ws/install/ur_ros_rtde_tutorials/share/ur_ros_rtde_tutorials/cmake/ur_ros_rtde_tutorials__rosidl_typesupport_introspection_cExport-noconfig.cmake
[1.267s] -- Up-to-date: /home/alberto/Documents/kia_gd_ws/install/ur_ros_rtde_tutorials/share/ur_ros_rtde_tutorials/cmake/ur_ros_rtde_tutorials__rosidl_typesupport_cExport.cmake
[1.267s] -- Up-to-date: /home/alberto/Documents/kia_gd_ws/install/ur_ros_rtde_tutorials/share/ur_ros_rtde_tutorials/cmake/ur_ros_rtde_tutorials__rosidl_typesupport_cExport-noconfig.cmake
[1.267s] -- Up-to-date: /home/alberto/Documents/kia_gd_ws/install/ur_ros_rtde_tutorials/share/ur_ros_rtde_tutorials/cmake/ur_ros_rtde_tutorials__rosidl_typesupport_introspection_cppExport.cmake
[1.267s] -- Up-to-date: /home/alberto/Documents/kia_gd_ws/install/ur_ros_rtde_tutorials/share/ur_ros_rtde_tutorials/cmake/ur_ros_rtde_tutorials__rosidl_typesupport_introspection_cppExport-noconfig.cmake
[1.268s] -- Up-to-date: /home/alberto/Documents/kia_gd_ws/install/ur_ros_rtde_tutorials/share/ur_ros_rtde_tutorials/cmake/ur_ros_rtde_tutorials__rosidl_typesupport_cppExport.cmake
[1.268s] -- Up-to-date: /home/alberto/Documents/kia_gd_ws/install/ur_ros_rtde_tutorials/share/ur_ros_rtde_tutorials/cmake/ur_ros_rtde_tutorials__rosidl_typesupport_cppExport-noconfig.cmake
[1.268s] -- Up-to-date: /home/alberto/Documents/kia_gd_ws/install/ur_ros_rtde_tutorials/share/ur_ros_rtde_tutorials/cmake/export_ur_ros_rtde_tutorials__rosidl_generator_pyExport.cmake
[1.268s] -- Up-to-date: /home/alberto/Documents/kia_gd_ws/install/ur_ros_rtde_tutorials/share/ur_ros_rtde_tutorials/cmake/export_ur_ros_rtde_tutorials__rosidl_generator_pyExport-noconfig.cmake
[1.268s] -- Up-to-date: /home/alberto/Documents/kia_gd_ws/install/ur_ros_rtde_tutorials/share/ur_ros_rtde_tutorials/cmake/export_ur_ros_rtde_tutorialsExport.cmake
[1.268s] -- Up-to-date: /home/alberto/Documents/kia_gd_ws/install/ur_ros_rtde_tutorials/share/ur_ros_rtde_tutorials/cmake/export_ur_ros_rtde_tutorialsExport-noconfig.cmake
[1.268s] -- Up-to-date: /home/alberto/Documents/kia_gd_ws/install/ur_ros_rtde_tutorials/share/ur_ros_rtde_tutorials/cmake/rosidl_cmake-extras.cmake
[1.268s] -- Up-to-date: /home/alberto/Documents/kia_gd_ws/install/ur_ros_rtde_tutorials/share/ur_ros_rtde_tutorials/cmake/ament_cmake_export_dependencies-extras.cmake
[1.269s] -- Up-to-date: /home/alberto/Documents/kia_gd_ws/install/ur_ros_rtde_tutorials/share/ur_ros_rtde_tutorials/cmake/ament_cmake_export_include_directories-extras.cmake
[1.269s] -- Up-to-date: /home/alberto/Documents/kia_gd_ws/install/ur_ros_rtde_tutorials/share/ur_ros_rtde_tutorials/cmake/ament_cmake_export_libraries-extras.cmake
[1.269s] -- Up-to-date: /home/alberto/Documents/kia_gd_ws/install/ur_ros_rtde_tutorials/share/ur_ros_rtde_tutorials/cmake/ament_cmake_export_targets-extras.cmake
[1.269s] -- Up-to-date: /home/alberto/Documents/kia_gd_ws/install/ur_ros_rtde_tutorials/share/ur_ros_rtde_tutorials/cmake/rosidl_cmake_export_typesupport_targets-extras.cmake
[1.269s] -- Up-to-date: /home/alberto/Documents/kia_gd_ws/install/ur_ros_rtde_tutorials/share/ur_ros_rtde_tutorials/cmake/rosidl_cmake_export_typesupport_libraries-extras.cmake
[1.269s] -- Up-to-date: /home/alberto/Documents/kia_gd_ws/install/ur_ros_rtde_tutorials/share/ur_ros_rtde_tutorials/cmake/ur_ros_rtde_tutorialsConfig.cmake
[1.269s] -- Up-to-date: /home/alberto/Documents/kia_gd_ws/install/ur_ros_rtde_tutorials/share/ur_ros_rtde_tutorials/cmake/ur_ros_rtde_tutorialsConfig-version.cmake
[1.269s] -- Up-to-date: /home/alberto/Documents/kia_gd_ws/install/ur_ros_rtde_tutorials/share/ur_ros_rtde_tutorials/package.xml
[1.284s] Invoked command in '/home/alberto/Documents/kia_gd_ws/build/ur_ros_rtde_tutorials' returned '0': CMAKE_PREFIX_PATH=/home/alberto/Documents/kia_gd_ws/install/ur_ros_rtde:/home/alberto/Documents/kia_gd_ws/install/ur_ros_rtde_simple_clients:/home/alberto/Documents/kia_gd_ws/install/ur_ros_rtde_msgs:/home/alberto/Documents/kia_gd_ws/install/ur_ros_rtde_tutorials:/home/alberto/Documents/kia_gd_ws/install/ur_ros_rtde_gripper_commands:/home/alberto/Documents/kia_gd_ws/install/ur:/home/alberto/Documents/kia_gd_ws/install/ur_calibration:/home/alberto/Documents/kia_gd_ws/install/ur_robot_driver:/home/alberto/Documents/kia_gd_ws/install/ur_moveit_config:/home/alberto/Documents/kia_gd_ws/install/ur_bringup:/home/alberto/Documents/kia_gd_ws/install/ur_controllers:/home/alberto/Documents/kia_gd_ws/install/ur_dashboard_msgs:/home/alberto/Documents/kia_gd_ws/install/simple_ur10e_moveit_config:/home/alberto/Documents/kia_gd_ws/install/simple_ur10e_description:/home/alberto/Documents/kia_gd_ws/install/kia_gd:/home/alberto/Documents/sub_alberto/install/uuv_visualization:/home/alberto/Documents/sub_alberto/install/uuv_vision:/home/alberto/Documents/sub_alberto/install/uuv_navigation:/home/alberto/Documents/sub_alberto/install/uuv_mission:/home/alberto/Documents/sub_alberto/install/uuv_master:/home/alberto/Documents/sub_alberto/install/uuv_control:/home/alberto/install/vectornav:/home/alberto/install/vectornav_msgs:/home/alberto/install/uuv_teleop:/home/alberto/install/uuv_description:/home/alberto/install/sub:/home/alberto/install/pid:/home/alberto/Documents/kia_gd_ws/install/ros_tcp_endpoint:/home/alberto/ros2_ws/install/docker_test:/opt/ros/humble:/home/alberto/install/catkin:/home/alberto/ros2_ws/install/sub:/home/alberto/ros2_ws/install/pid:/home/alberto/ros2_ws/install/catkin:/home/alberto/uuv/install/uuv LD_LIBRARY_PATH=/home/alberto/Documents/kia_gd_ws/install/ur_ros_rtde/lib:/home/alberto/Documents/kia_gd_ws/install/ur_ros_rtde_msgs/lib:/home/alberto/Documents/kia_gd_ws/install/ur_ros_rtde_tutorials/lib:/home/alberto/Documents/kia_gd_ws/install/ur_ros_rtde_gripper_commands/lib:/home/alberto/Documents/kia_gd_ws/install/ur_robot_driver/lib:/home/alberto/Documents/kia_gd_ws/install/ur_controllers/lib:/home/alberto/Documents/kia_gd_ws/install/ur_dashboard_msgs/lib:/home/alberto/install/vectornav/lib:/home/alberto/install/vectornav_msgs/lib:/opt/ros/humble/opt/rviz_ogre_vendor/lib:/opt/ros/humble/lib/x86_64-linux-gnu:/opt/ros/humble/lib /usr/bin/cmake --install /home/alberto/Documents/kia_gd_ws/build/ur_ros_rtde_tutorials
