[0.012s] Invoking command in '/home/alberto/Documents/kia_gd_ws/build/ur_robot_driver': AMENT_PREFIX_PATH=/home/alberto/Documents/kia_gd_ws/install/ur_controllers:/home/alberto/Documents/kia_gd_ws/install/ur_dashboard_msgs:${AMENT_PREFIX_PATH} CMAKE_PREFIX_PATH=/home/alberto/Documents/kia_gd_ws/install/ur_controllers:/home/alberto/Documents/kia_gd_ws/install/ur_dashboard_msgs:/home/alberto/Documents/kia_gd_ws/install/kia_gd:/home/alberto/install/vectornav:/home/alberto/install/vectornav_msgs:/home/alberto/install/uuv_teleop:/home/alberto/install/uuv_description:/home/alberto/install/sub:/home/alberto/install/pid:/home/alberto/ros2_ws/install/docker_test:/opt/ros/humble:/home/alberto/install/catkin:/home/alberto/ros2_ws/install/sub:/home/alberto/ros2_ws/install/pid:/home/alberto/ros2_ws/install/catkin:/home/alberto/uuv/install/uuv LD_LIBRARY_PATH=/home/alberto/Documents/kia_gd_ws/install/ur_controllers/lib:/home/alberto/Documents/kia_gd_ws/install/ur_dashboard_msgs/lib:${LD_LIBRARY_PATH} PYTHONPATH=/home/alberto/Documents/kia_gd_ws/install/ur_dashboard_msgs/local/lib/python3.10/dist-packages:${PYTHONPATH} /usr/bin/cmake /home/alberto/Documents/kia_gd_ws/src/Universal_Robots_ROS2_Driver/ur_robot_driver -DCMAKE_BUILD_TYPE=Release -DCMAKE_INSTALL_PREFIX=/home/alberto/Documents/kia_gd_ws/install/ur_robot_driver
[0.062s] -- The C compiler identification is GNU 11.4.0
[0.114s] -- The CXX compiler identification is GNU 11.4.0
[0.121s] -- Detecting C compiler ABI info
[0.183s] -- Detecting C compiler ABI info - done
[0.195s] -- Check for working C compiler: /usr/bin/cc - skipped
[0.195s] -- Detecting C compile features
[0.196s] -- Detecting C compile features - done
[0.200s] -- Detecting CXX compiler ABI info
[0.282s] -- Detecting CXX compiler ABI info - done
[0.290s] -- Check for working CXX compiler: /usr/bin/c++ - skipped
[0.290s] -- Detecting CXX compile features
[0.291s] -- Detecting CXX compile features - done
[0.294s] -- Found ament_cmake: 1.3.12 (/opt/ros/humble/share/ament_cmake/cmake)
[0.697s] -- Found Python3: /usr/bin/python3 (found version "3.10.12") found components: Interpreter 
[0.806s] -- Found controller_manager: 2.52.0 (/opt/ros/humble/share/controller_manager/cmake)
[0.857s] -- Found rosidl_generator_c: 3.1.7 (/opt/ros/humble/share/rosidl_generator_c/cmake)
[0.862s] -- Found rosidl_adapter: 3.1.7 (/opt/ros/humble/share/rosidl_adapter/cmake)
[0.872s] -- Found rosidl_generator_cpp: 3.1.7 (/opt/ros/humble/share/rosidl_generator_cpp/cmake)
[0.884s] -- Using all available rosidl_typesupport_c: rosidl_typesupport_fastrtps_c;rosidl_typesupport_introspection_c
[0.902s] -- Using all available rosidl_typesupport_cpp: rosidl_typesupport_fastrtps_cpp;rosidl_typesupport_introspection_cpp
[1.116s] -- Found rmw_implementation_cmake: 6.1.2 (/opt/ros/humble/share/rmw_implementation_cmake/cmake)
[1.119s] -- Found rmw_fastrtps_cpp: 6.2.9 (/opt/ros/humble/share/rmw_fastrtps_cpp/cmake)
[1.144s] -- Found TinyXML2 via Config file: TinyXML2_DIR-NOTFOUND
[1.194s] -- Found OpenSSL: /usr/lib/x86_64-linux-gnu/libcrypto.so (found version "3.0.2")  
[1.197s] -- Found TinyXML2 via Config file: TinyXML2_DIR-NOTFOUND
[1.210s] -- Found FastRTPS: /opt/ros/humble/include  
[1.213s] -- Found TinyXML2 via Config file: TinyXML2_DIR-NOTFOUND
[1.221s] -- Found TinyXML2 via Config file: TinyXML2_DIR-NOTFOUND
[1.230s] -- Using RMW implementation 'rmw_fastrtps_cpp' as default
[1.238s] -- Looking for pthread.h
[1.320s] -- Looking for pthread.h - found
[1.320s] -- Performing Test CMAKE_HAVE_LIBC_PTHREAD
[1.402s] -- Performing Test CMAKE_HAVE_LIBC_PTHREAD - Success
[1.403s] -- Found Threads: TRUE  
[1.477s] -- Found rclpy: 3.3.17 (/opt/ros/humble/share/rclpy/cmake)
[1.479s] -- Found std_srvs: 4.9.0 (/opt/ros/humble/share/std_srvs/cmake)
[1.489s] -- Found tf2_geometry_msgs: 0.25.16 (/opt/ros/humble/share/tf2_geometry_msgs/cmake)
[1.503s] -- Found eigen3_cmake_module: 0.1.1 (/opt/ros/humble/share/eigen3_cmake_module/cmake)
[1.504s] -- Found Eigen3: TRUE (found version "3.4.0") 
[1.504s] -- Ensuring Eigen3 include directory is part of orocos-kdl CMake target
[1.558s] -- Found ur_dashboard_msgs: 2.10.0 (/home/alberto/Documents/kia_gd_ws/install/ur_dashboard_msgs/share/ur_dashboard_msgs/cmake)
[1.572s] -- Found ur_msgs: 2.3.0 (/opt/ros/humble/share/ur_msgs/cmake)
[1.799s] -- Found ur_controllers: 2.10.0 (/home/alberto/Documents/kia_gd_ws/install/ur_controllers/share/ur_controllers/cmake)
[1.880s] -- Found ur_description: 2.8.0 (/opt/ros/humble/share/ur_description/cmake)
[1.882s] -- Found launch_testing_ament_cmake: 1.0.11 (/opt/ros/humble/share/launch_testing_ament_cmake/cmake)
[1.884s] -- Found python_cmake_module: 0.10.0 (/opt/ros/humble/share/python_cmake_module/cmake)
[1.903s] -- Found PythonInterp: /usr/bin/python3 (found suitable version "3.10.12", minimum required is "3.6") 
[1.907s] -- Found PythonLibs: /usr/lib/x86_64-linux-gnu/libpython3.10.so (found suitable version "3.10.12", minimum required is "3.5") 
[1.907s] -- Using PYTHON_EXECUTABLE: /usr/bin/python3
[1.907s] -- Using PYTHON_INCLUDE_DIRS: /usr/include/python3.10
[1.907s] -- Using PYTHON_LIBRARIES: /usr/lib/x86_64-linux-gnu/libpython3.10.so
[1.926s] -- Found PythonExtra: .so  
[1.927s] -- Configuring done
[1.966s] -- Generating done
[1.984s] -- Build files have been written to: /home/alberto/Documents/kia_gd_ws/build/ur_robot_driver
[1.994s] Invoked command in '/home/alberto/Documents/kia_gd_ws/build/ur_robot_driver' returned '0': AMENT_PREFIX_PATH=/home/alberto/Documents/kia_gd_ws/install/ur_controllers:/home/alberto/Documents/kia_gd_ws/install/ur_dashboard_msgs:${AMENT_PREFIX_PATH} CMAKE_PREFIX_PATH=/home/alberto/Documents/kia_gd_ws/install/ur_controllers:/home/alberto/Documents/kia_gd_ws/install/ur_dashboard_msgs:/home/alberto/Documents/kia_gd_ws/install/kia_gd:/home/alberto/install/vectornav:/home/alberto/install/vectornav_msgs:/home/alberto/install/uuv_teleop:/home/alberto/install/uuv_description:/home/alberto/install/sub:/home/alberto/install/pid:/home/alberto/ros2_ws/install/docker_test:/opt/ros/humble:/home/alberto/install/catkin:/home/alberto/ros2_ws/install/sub:/home/alberto/ros2_ws/install/pid:/home/alberto/ros2_ws/install/catkin:/home/alberto/uuv/install/uuv LD_LIBRARY_PATH=/home/alberto/Documents/kia_gd_ws/install/ur_controllers/lib:/home/alberto/Documents/kia_gd_ws/install/ur_dashboard_msgs/lib:${LD_LIBRARY_PATH} PYTHONPATH=/home/alberto/Documents/kia_gd_ws/install/ur_dashboard_msgs/local/lib/python3.10/dist-packages:${PYTHONPATH} /usr/bin/cmake /home/alberto/Documents/kia_gd_ws/src/Universal_Robots_ROS2_Driver/ur_robot_driver -DCMAKE_BUILD_TYPE=Release -DCMAKE_INSTALL_PREFIX=/home/alberto/Documents/kia_gd_ws/install/ur_robot_driver
[1.995s] Invoking command in '/home/alberto/Documents/kia_gd_ws/build/ur_robot_driver': AMENT_PREFIX_PATH=/home/alberto/Documents/kia_gd_ws/install/ur_controllers:/home/alberto/Documents/kia_gd_ws/install/ur_dashboard_msgs:${AMENT_PREFIX_PATH} CMAKE_PREFIX_PATH=/home/alberto/Documents/kia_gd_ws/install/ur_controllers:/home/alberto/Documents/kia_gd_ws/install/ur_dashboard_msgs:/home/alberto/Documents/kia_gd_ws/install/kia_gd:/home/alberto/install/vectornav:/home/alberto/install/vectornav_msgs:/home/alberto/install/uuv_teleop:/home/alberto/install/uuv_description:/home/alberto/install/sub:/home/alberto/install/pid:/home/alberto/ros2_ws/install/docker_test:/opt/ros/humble:/home/alberto/install/catkin:/home/alberto/ros2_ws/install/sub:/home/alberto/ros2_ws/install/pid:/home/alberto/ros2_ws/install/catkin:/home/alberto/uuv/install/uuv LD_LIBRARY_PATH=/home/alberto/Documents/kia_gd_ws/install/ur_controllers/lib:/home/alberto/Documents/kia_gd_ws/install/ur_dashboard_msgs/lib:${LD_LIBRARY_PATH} PYTHONPATH=/home/alberto/Documents/kia_gd_ws/install/ur_dashboard_msgs/local/lib/python3.10/dist-packages:${PYTHONPATH} /usr/bin/cmake --build /home/alberto/Documents/kia_gd_ws/build/ur_robot_driver -- -j8 -l8
[2.056s] [  4%] [32mBuilding CXX object CMakeFiles/robot_state_helper.dir/src/robot_state_helper.cpp.o[0m
[2.056s] [  9%] [32mBuilding CXX object CMakeFiles/ur_ros2_control_node.dir/src/ur_ros2_control_node.cpp.o[0m
[2.057s] [ 13%] [32mBuilding CXX object CMakeFiles/controller_stopper_node.dir/src/controller_stopper.cpp.o[0m
[2.058s] [ 18%] [32mBuilding CXX object CMakeFiles/ur_robot_driver_plugin.dir/src/dashboard_client_ros.cpp.o[0m
[2.058s] [ 22%] [32mBuilding CXX object CMakeFiles/dashboard_client.dir/src/dashboard_client_ros.cpp.o[0m
[2.061s] [ 27%] [32mBuilding CXX object CMakeFiles/trajectory_until_node.dir/src/trajectory_until_node.cpp.o[0m
[2.069s] [ 31%] [32mBuilding CXX object CMakeFiles/urscript_interface.dir/src/urscript_interface.cpp.o[0m
[2.071s] [ 31%] Built target ament_cmake_python_copy_ur_robot_driver
[2.100s] [ 36%] [32mBuilding CXX object CMakeFiles/dashboard_client.dir/src/dashboard_client_node.cpp.o[0m
[10.013s] [ 40%] [32m[1mLinking CXX executable ur_ros2_control_node[0m
[10.271s] [ 40%] Built target ur_ros2_control_node
[10.286s] [ 45%] [32mBuilding CXX object CMakeFiles/dashboard_client.dir/src/urcl_log_handler.cpp.o[0m
[11.568s] [ 50%] [32mBuilding CXX object CMakeFiles/ur_robot_driver_plugin.dir/src/hardware_interface.cpp.o[0m
[12.069s] running egg_info
[12.103s] creating ur_robot_driver.egg-info
[12.104s] writing ur_robot_driver.egg-info/PKG-INFO
[12.105s] writing dependency_links to ur_robot_driver.egg-info/dependency_links.txt
[12.105s] writing top-level names to ur_robot_driver.egg-info/top_level.txt
[12.107s] writing manifest file 'ur_robot_driver.egg-info/SOURCES.txt'
[12.215s] reading manifest file 'ur_robot_driver.egg-info/SOURCES.txt'
[12.221s] writing manifest file 'ur_robot_driver.egg-info/SOURCES.txt'
[12.266s] [ 50%] Built target ament_cmake_python_build_ur_robot_driver_egg
[12.282s] [ 54%] [32mBuilding CXX object CMakeFiles/controller_stopper_node.dir/src/controller_stopper_node.cpp.o[0m
[18.843s] [ 59%] [32mBuilding CXX object CMakeFiles/robot_state_helper.dir/src/robot_state_helper_node.cpp.o[0m
[19.753s] [ 63%] [32m[1mLinking CXX executable trajectory_until_node[0m
[20.071s] [ 63%] Built target trajectory_until_node
[20.088s] [ 68%] [32mBuilding CXX object CMakeFiles/robot_state_helper.dir/src/urcl_log_handler.cpp.o[0m
[21.579s] [ 72%] [32mBuilding CXX object CMakeFiles/ur_robot_driver_plugin.dir/src/urcl_log_handler.cpp.o[0m
[21.775s] [ 77%] [32m[1mLinking CXX executable urscript_interface[0m
[22.208s] [ 77%] Built target urscript_interface
[22.224s] [ 81%] [32mBuilding CXX object CMakeFiles/ur_robot_driver_plugin.dir/src/robot_state_helper.cpp.o[0m
[25.496s] [ 86%] [32m[1mLinking CXX executable controller_stopper_node[0m
[25.890s] [ 86%] Built target controller_stopper_node
[31.623s] [ 90%] [32m[1mLinking CXX executable dashboard_client[0m
[31.891s] [ 90%] Built target dashboard_client
[35.103s] [ 95%] [32m[1mLinking CXX executable robot_state_helper[0m
[35.452s] [ 95%] Built target robot_state_helper
[46.719s] [100%] [32m[1mLinking CXX shared library libur_robot_driver_plugin.so[0m
[47.149s] [100%] Built target ur_robot_driver_plugin
[47.162s] Invoked command in '/home/alberto/Documents/kia_gd_ws/build/ur_robot_driver' returned '0': AMENT_PREFIX_PATH=/home/alberto/Documents/kia_gd_ws/install/ur_controllers:/home/alberto/Documents/kia_gd_ws/install/ur_dashboard_msgs:${AMENT_PREFIX_PATH} CMAKE_PREFIX_PATH=/home/alberto/Documents/kia_gd_ws/install/ur_controllers:/home/alberto/Documents/kia_gd_ws/install/ur_dashboard_msgs:/home/alberto/Documents/kia_gd_ws/install/kia_gd:/home/alberto/install/vectornav:/home/alberto/install/vectornav_msgs:/home/alberto/install/uuv_teleop:/home/alberto/install/uuv_description:/home/alberto/install/sub:/home/alberto/install/pid:/home/alberto/ros2_ws/install/docker_test:/opt/ros/humble:/home/alberto/install/catkin:/home/alberto/ros2_ws/install/sub:/home/alberto/ros2_ws/install/pid:/home/alberto/ros2_ws/install/catkin:/home/alberto/uuv/install/uuv LD_LIBRARY_PATH=/home/alberto/Documents/kia_gd_ws/install/ur_controllers/lib:/home/alberto/Documents/kia_gd_ws/install/ur_dashboard_msgs/lib:${LD_LIBRARY_PATH} PYTHONPATH=/home/alberto/Documents/kia_gd_ws/install/ur_dashboard_msgs/local/lib/python3.10/dist-packages:${PYTHONPATH} /usr/bin/cmake --build /home/alberto/Documents/kia_gd_ws/build/ur_robot_driver -- -j8 -l8
[47.164s] Invoking command in '/home/alberto/Documents/kia_gd_ws/build/ur_robot_driver': AMENT_PREFIX_PATH=/home/alberto/Documents/kia_gd_ws/install/ur_controllers:/home/alberto/Documents/kia_gd_ws/install/ur_dashboard_msgs:${AMENT_PREFIX_PATH} CMAKE_PREFIX_PATH=/home/alberto/Documents/kia_gd_ws/install/ur_controllers:/home/alberto/Documents/kia_gd_ws/install/ur_dashboard_msgs:/home/alberto/Documents/kia_gd_ws/install/kia_gd:/home/alberto/install/vectornav:/home/alberto/install/vectornav_msgs:/home/alberto/install/uuv_teleop:/home/alberto/install/uuv_description:/home/alberto/install/sub:/home/alberto/install/pid:/home/alberto/ros2_ws/install/docker_test:/opt/ros/humble:/home/alberto/install/catkin:/home/alberto/ros2_ws/install/sub:/home/alberto/ros2_ws/install/pid:/home/alberto/ros2_ws/install/catkin:/home/alberto/uuv/install/uuv LD_LIBRARY_PATH=/home/alberto/Documents/kia_gd_ws/install/ur_controllers/lib:/home/alberto/Documents/kia_gd_ws/install/ur_dashboard_msgs/lib:${LD_LIBRARY_PATH} PYTHONPATH=/home/alberto/Documents/kia_gd_ws/install/ur_dashboard_msgs/local/lib/python3.10/dist-packages:${PYTHONPATH} /usr/bin/cmake --install /home/alberto/Documents/kia_gd_ws/build/ur_robot_driver
[47.173s] -- Install configuration: "Release"
[47.173s] -- Installing: /home/alberto/Documents/kia_gd_ws/install/ur_robot_driver/share/ur_robot_driver/hardware_interface_plugin.xml
[47.173s] -- Installing: /home/alberto/Documents/kia_gd_ws/install/ur_robot_driver/lib/ur_robot_driver/controller_stopper_node
[47.174s] -- Set runtime path of "/home/alberto/Documents/kia_gd_ws/install/ur_robot_driver/lib/ur_robot_driver/controller_stopper_node" to ""
[47.174s] -- Installing: /home/alberto/Documents/kia_gd_ws/install/ur_robot_driver/lib/ur_robot_driver/dashboard_client
[47.175s] -- Set runtime path of "/home/alberto/Documents/kia_gd_ws/install/ur_robot_driver/lib/ur_robot_driver/dashboard_client" to ""
[47.175s] -- Installing: /home/alberto/Documents/kia_gd_ws/install/ur_robot_driver/lib/ur_robot_driver/robot_state_helper
[47.176s] -- Set runtime path of "/home/alberto/Documents/kia_gd_ws/install/ur_robot_driver/lib/ur_robot_driver/robot_state_helper" to ""
[47.176s] -- Installing: /home/alberto/Documents/kia_gd_ws/install/ur_robot_driver/lib/ur_robot_driver/trajectory_until_node
[47.177s] -- Set runtime path of "/home/alberto/Documents/kia_gd_ws/install/ur_robot_driver/lib/ur_robot_driver/trajectory_until_node" to ""
[47.177s] -- Installing: /home/alberto/Documents/kia_gd_ws/install/ur_robot_driver/lib/ur_robot_driver/ur_ros2_control_node
[47.177s] -- Set runtime path of "/home/alberto/Documents/kia_gd_ws/install/ur_robot_driver/lib/ur_robot_driver/ur_ros2_control_node" to ""
[47.177s] -- Installing: /home/alberto/Documents/kia_gd_ws/install/ur_robot_driver/lib/ur_robot_driver/urscript_interface
[47.178s] -- Set runtime path of "/home/alberto/Documents/kia_gd_ws/install/ur_robot_driver/lib/ur_robot_driver/urscript_interface" to ""
[47.178s] -- Installing: /home/alberto/Documents/kia_gd_ws/install/ur_robot_driver/lib/libur_robot_driver_plugin.so
[47.181s] -- Set runtime path of "/home/alberto/Documents/kia_gd_ws/install/ur_robot_driver/lib/libur_robot_driver_plugin.so" to ""
[47.181s] -- Installing: /home/alberto/Documents/kia_gd_ws/install/ur_robot_driver/include
[47.181s] -- Installing: /home/alberto/Documents/kia_gd_ws/install/ur_robot_driver/include/ur_robot_driver
[47.182s] -- Installing: /home/alberto/Documents/kia_gd_ws/install/ur_robot_driver/include/ur_robot_driver/controller_stopper.hpp
[47.182s] -- Installing: /home/alberto/Documents/kia_gd_ws/install/ur_robot_driver/include/ur_robot_driver/dashboard_client_ros.hpp
[47.182s] -- Installing: /home/alberto/Documents/kia_gd_ws/install/ur_robot_driver/include/ur_robot_driver/hardware_interface.hpp
[47.182s] -- Installing: /home/alberto/Documents/kia_gd_ws/install/ur_robot_driver/include/ur_robot_driver/robot_state_helper.hpp
[47.182s] -- Installing: /home/alberto/Documents/kia_gd_ws/install/ur_robot_driver/include/ur_robot_driver/urcl_log_handler.hpp
[47.182s] -- Installing: /home/alberto/Documents/kia_gd_ws/install/ur_robot_driver/include/ur_robot_driver/trajectory_until_node.hpp
[47.182s] -- Installing: /home/alberto/Documents/kia_gd_ws/install/ur_robot_driver/share/ur_robot_driver/environment/library_path.sh
[47.182s] -- Installing: /home/alberto/Documents/kia_gd_ws/install/ur_robot_driver/share/ur_robot_driver/environment/library_path.dsv
[47.182s] -- Installing: /home/alberto/Documents/kia_gd_ws/install/ur_robot_driver/share/ur_robot_driver/resources
[47.182s] -- Installing: /home/alberto/Documents/kia_gd_ws/install/ur_robot_driver/share/ur_robot_driver/resources/externalcontrol-1.0.5.urcap
[47.182s] -- Installing: /home/alberto/Documents/kia_gd_ws/install/ur_robot_driver/share/ur_robot_driver/resources/rtde_input_recipe.txt
[47.183s] -- Installing: /home/alberto/Documents/kia_gd_ws/install/ur_robot_driver/share/ur_robot_driver/resources/rtde_output_recipe.txt
[47.183s] -- Installing: /home/alberto/Documents/kia_gd_ws/install/ur_robot_driver/share/ur_robot_driver/resources/ros_control.urscript
[47.183s] -- Installing: /home/alberto/Documents/kia_gd_ws/install/ur_robot_driver/share/ur_robot_driver/resources/rs485-1.0.urcap
[47.183s] -- Up-to-date: /home/alberto/Documents/kia_gd_ws/install/ur_robot_driver/include
[47.183s] -- Up-to-date: /home/alberto/Documents/kia_gd_ws/install/ur_robot_driver/include/ur_robot_driver
[47.183s] -- Up-to-date: /home/alberto/Documents/kia_gd_ws/install/ur_robot_driver/include/ur_robot_driver/controller_stopper.hpp
[47.183s] -- Up-to-date: /home/alberto/Documents/kia_gd_ws/install/ur_robot_driver/include/ur_robot_driver/dashboard_client_ros.hpp
[47.183s] -- Up-to-date: /home/alberto/Documents/kia_gd_ws/install/ur_robot_driver/include/ur_robot_driver/hardware_interface.hpp
[47.183s] -- Up-to-date: /home/alberto/Documents/kia_gd_ws/install/ur_robot_driver/include/ur_robot_driver/robot_state_helper.hpp
[47.183s] -- Up-to-date: /home/alberto/Documents/kia_gd_ws/install/ur_robot_driver/include/ur_robot_driver/urcl_log_handler.hpp
[47.183s] -- Up-to-date: /home/alberto/Documents/kia_gd_ws/install/ur_robot_driver/include/ur_robot_driver/trajectory_until_node.hpp
[47.183s] -- Installing: /home/alberto/Documents/kia_gd_ws/install/ur_robot_driver/share/ur_robot_driver/environment/pythonpath.sh
[47.183s] -- Installing: /home/alberto/Documents/kia_gd_ws/install/ur_robot_driver/share/ur_robot_driver/environment/pythonpath.dsv
[47.183s] -- Installing: /home/alberto/Documents/kia_gd_ws/install/ur_robot_driver/local/lib/python3.10/dist-packages/ur_robot_driver-2.10.0-py3.10.egg-info
[47.184s] -- Installing: /home/alberto/Documents/kia_gd_ws/install/ur_robot_driver/local/lib/python3.10/dist-packages/ur_robot_driver-2.10.0-py3.10.egg-info/top_level.txt
[47.184s] -- Installing: /home/alberto/Documents/kia_gd_ws/install/ur_robot_driver/local/lib/python3.10/dist-packages/ur_robot_driver-2.10.0-py3.10.egg-info/SOURCES.txt
[47.184s] -- Installing: /home/alberto/Documents/kia_gd_ws/install/ur_robot_driver/local/lib/python3.10/dist-packages/ur_robot_driver-2.10.0-py3.10.egg-info/PKG-INFO
[47.184s] -- Installing: /home/alberto/Documents/kia_gd_ws/install/ur_robot_driver/local/lib/python3.10/dist-packages/ur_robot_driver-2.10.0-py3.10.egg-info/dependency_links.txt
[47.184s] -- Installing: /home/alberto/Documents/kia_gd_ws/install/ur_robot_driver/local/lib/python3.10/dist-packages/ur_robot_driver
[47.184s] -- Installing: /home/alberto/Documents/kia_gd_ws/install/ur_robot_driver/local/lib/python3.10/dist-packages/ur_robot_driver/__init__.py
[47.227s] Listing '/home/alberto/Documents/kia_gd_ws/install/ur_robot_driver/local/lib/python3.10/dist-packages/ur_robot_driver'...
[47.227s] Compiling '/home/alberto/Documents/kia_gd_ws/install/ur_robot_driver/local/lib/python3.10/dist-packages/ur_robot_driver/__init__.py'...
[47.232s] -- Installing: /home/alberto/Documents/kia_gd_ws/install/ur_robot_driver/lib/ur_robot_driver/tool_communication.py
[47.232s] -- Installing: /home/alberto/Documents/kia_gd_ws/install/ur_robot_driver/lib/ur_robot_driver/example_move.py
[47.232s] -- Installing: /home/alberto/Documents/kia_gd_ws/install/ur_robot_driver/lib/ur_robot_driver/start_ursim.sh
[47.233s] -- Installing: /home/alberto/Documents/kia_gd_ws/install/ur_robot_driver/lib/ur_robot_driver/examples.py
[47.233s] -- Installing: /home/alberto/Documents/kia_gd_ws/install/ur_robot_driver/lib/ur_robot_driver/force_mode.py
[47.233s] -- Installing: /home/alberto/Documents/kia_gd_ws/install/ur_robot_driver/lib/ur_robot_driver/move_until_example.py
[47.233s] -- Installing: /home/alberto/Documents/kia_gd_ws/install/ur_robot_driver/bin/wait_dashboard_server.sh
[47.233s] -- Up-to-date: /home/alberto/Documents/kia_gd_ws/install/ur_robot_driver/lib/ur_robot_driver/start_ursim.sh
[47.233s] -- Installing: /home/alberto/Documents/kia_gd_ws/install/ur_robot_driver/share/ur_robot_driver/config
[47.233s] -- Installing: /home/alberto/Documents/kia_gd_ws/install/ur_robot_driver/share/ur_robot_driver/config/ur3_update_rate.yaml
[47.233s] -- Installing: /home/alberto/Documents/kia_gd_ws/install/ur_robot_driver/share/ur_robot_driver/config/ur7e_update_rate.yaml
[47.233s] -- Installing: /home/alberto/Documents/kia_gd_ws/install/ur_robot_driver/share/ur_robot_driver/config/ur20_update_rate.yaml
[47.233s] -- Installing: /home/alberto/Documents/kia_gd_ws/install/ur_robot_driver/share/ur_robot_driver/config/ur5_update_rate.yaml
[47.234s] -- Installing: /home/alberto/Documents/kia_gd_ws/install/ur_robot_driver/share/ur_robot_driver/config/ur16e_update_rate.yaml
[47.234s] -- Installing: /home/alberto/Documents/kia_gd_ws/install/ur_robot_driver/share/ur_robot_driver/config/ur8long_update_rate.yaml
[47.234s] -- Installing: /home/alberto/Documents/kia_gd_ws/install/ur_robot_driver/share/ur_robot_driver/config/ur10e_update_rate.yaml
[47.234s] -- Installing: /home/alberto/Documents/kia_gd_ws/install/ur_robot_driver/share/ur_robot_driver/config/ur18_update_rate.yaml
[47.234s] -- Installing: /home/alberto/Documents/kia_gd_ws/install/ur_robot_driver/share/ur_robot_driver/config/ur10_update_rate.yaml
[47.234s] -- Installing: /home/alberto/Documents/kia_gd_ws/install/ur_robot_driver/share/ur_robot_driver/config/ur12e_update_rate.yaml
[47.234s] -- Installing: /home/alberto/Documents/kia_gd_ws/install/ur_robot_driver/share/ur_robot_driver/config/test_velocity_goal_publishers_config.yaml
[47.234s] -- Installing: /home/alberto/Documents/kia_gd_ws/install/ur_robot_driver/share/ur_robot_driver/config/ur3e_update_rate.yaml
[47.234s] -- Installing: /home/alberto/Documents/kia_gd_ws/install/ur_robot_driver/share/ur_robot_driver/config/ur_controllers.yaml
[47.234s] -- Installing: /home/alberto/Documents/kia_gd_ws/install/ur_robot_driver/share/ur_robot_driver/config/ur5e_update_rate.yaml
[47.234s] -- Installing: /home/alberto/Documents/kia_gd_ws/install/ur_robot_driver/share/ur_robot_driver/config/test_goal_publishers_config.yaml
[47.234s] -- Installing: /home/alberto/Documents/kia_gd_ws/install/ur_robot_driver/share/ur_robot_driver/config/ur15_update_rate.yaml
[47.235s] -- Installing: /home/alberto/Documents/kia_gd_ws/install/ur_robot_driver/share/ur_robot_driver/config/ur30_update_rate.yaml
[47.235s] -- Installing: /home/alberto/Documents/kia_gd_ws/install/ur_robot_driver/share/ur_robot_driver/launch
[47.235s] -- Installing: /home/alberto/Documents/kia_gd_ws/install/ur_robot_driver/share/ur_robot_driver/launch/ur10.launch.py
[47.235s] -- Installing: /home/alberto/Documents/kia_gd_ws/install/ur_robot_driver/share/ur_robot_driver/launch/test_forward_velocity_controller.launch.py
[47.235s] -- Installing: /home/alberto/Documents/kia_gd_ws/install/ur_robot_driver/share/ur_robot_driver/launch/ur3.launch.py
[47.235s] -- Installing: /home/alberto/Documents/kia_gd_ws/install/ur_robot_driver/share/ur_robot_driver/launch/ur3e.launch.py
[47.235s] -- Installing: /home/alberto/Documents/kia_gd_ws/install/ur_robot_driver/share/ur_robot_driver/launch/ur18.launch.py
[47.235s] -- Installing: /home/alberto/Documents/kia_gd_ws/install/ur_robot_driver/share/ur_robot_driver/launch/ur_control.launch.py
[47.235s] -- Installing: /home/alberto/Documents/kia_gd_ws/install/ur_robot_driver/share/ur_robot_driver/launch/test_joint_trajectory_controller.launch.py
[47.235s] -- Installing: /home/alberto/Documents/kia_gd_ws/install/ur_robot_driver/share/ur_robot_driver/launch/ur10e.launch.py
[47.235s] -- Installing: /home/alberto/Documents/kia_gd_ws/install/ur_robot_driver/share/ur_robot_driver/launch/ur5e.launch.py
[47.236s] -- Installing: /home/alberto/Documents/kia_gd_ws/install/ur_robot_driver/share/ur_robot_driver/launch/ur12e.launch.py
[47.236s] -- Installing: /home/alberto/Documents/kia_gd_ws/install/ur_robot_driver/share/ur_robot_driver/launch/ur_dashboard_client.launch.py
[47.236s] -- Installing: /home/alberto/Documents/kia_gd_ws/install/ur_robot_driver/share/ur_robot_driver/launch/ur5.launch.py
[47.236s] -- Installing: /home/alberto/Documents/kia_gd_ws/install/ur_robot_driver/share/ur_robot_driver/launch/ur16e.launch.py
[47.236s] -- Installing: /home/alberto/Documents/kia_gd_ws/install/ur_robot_driver/share/ur_robot_driver/launch/test_scaled_joint_trajectory_controller.launch.py
[47.236s] -- Installing: /home/alberto/Documents/kia_gd_ws/install/ur_robot_driver/share/ur_robot_driver/launch/ur20.launch.py
[47.236s] -- Installing: /home/alberto/Documents/kia_gd_ws/install/ur_robot_driver/share/ur_robot_driver/launch/ur30.launch.py
[47.236s] -- Installing: /home/alberto/Documents/kia_gd_ws/install/ur_robot_driver/share/ur_robot_driver/launch/ur8long.launch.py
[47.236s] -- Installing: /home/alberto/Documents/kia_gd_ws/install/ur_robot_driver/share/ur_robot_driver/launch/ur15.launch.py
[47.236s] -- Installing: /home/alberto/Documents/kia_gd_ws/install/ur_robot_driver/share/ur_robot_driver/launch/ur7e.launch.py
[47.236s] -- Installing: /home/alberto/Documents/kia_gd_ws/install/ur_robot_driver/share/ament_index/resource_index/package_run_dependencies/ur_robot_driver
[47.236s] -- Installing: /home/alberto/Documents/kia_gd_ws/install/ur_robot_driver/share/ament_index/resource_index/parent_prefix_path/ur_robot_driver
[47.237s] -- Installing: /home/alberto/Documents/kia_gd_ws/install/ur_robot_driver/share/ur_robot_driver/environment/ament_prefix_path.sh
[47.237s] -- Installing: /home/alberto/Documents/kia_gd_ws/install/ur_robot_driver/share/ur_robot_driver/environment/ament_prefix_path.dsv
[47.237s] -- Installing: /home/alberto/Documents/kia_gd_ws/install/ur_robot_driver/share/ur_robot_driver/environment/path.sh
[47.237s] -- Installing: /home/alberto/Documents/kia_gd_ws/install/ur_robot_driver/share/ur_robot_driver/environment/path.dsv
[47.237s] -- Installing: /home/alberto/Documents/kia_gd_ws/install/ur_robot_driver/share/ur_robot_driver/local_setup.bash
[47.237s] -- Installing: /home/alberto/Documents/kia_gd_ws/install/ur_robot_driver/share/ur_robot_driver/local_setup.sh
[47.237s] -- Installing: /home/alberto/Documents/kia_gd_ws/install/ur_robot_driver/share/ur_robot_driver/local_setup.zsh
[47.237s] -- Installing: /home/alberto/Documents/kia_gd_ws/install/ur_robot_driver/share/ur_robot_driver/local_setup.dsv
[47.238s] -- Installing: /home/alberto/Documents/kia_gd_ws/install/ur_robot_driver/share/ur_robot_driver/package.dsv
[47.238s] -- Installing: /home/alberto/Documents/kia_gd_ws/install/ur_robot_driver/share/ament_index/resource_index/packages/ur_robot_driver
[47.238s] -- Installing: /home/alberto/Documents/kia_gd_ws/install/ur_robot_driver/share/ament_index/resource_index/hardware_interface__pluginlib__plugin/ur_robot_driver
[47.238s] -- Installing: /home/alberto/Documents/kia_gd_ws/install/ur_robot_driver/share/ur_robot_driver/cmake/ament_cmake_export_include_directories-extras.cmake
[47.238s] -- Installing: /home/alberto/Documents/kia_gd_ws/install/ur_robot_driver/share/ur_robot_driver/cmake/ament_cmake_export_libraries-extras.cmake
[47.238s] -- Installing: /home/alberto/Documents/kia_gd_ws/install/ur_robot_driver/share/ur_robot_driver/cmake/ament_cmake_export_dependencies-extras.cmake
[47.238s] -- Installing: /home/alberto/Documents/kia_gd_ws/install/ur_robot_driver/share/ur_robot_driver/cmake/ur_robot_driverConfig.cmake
[47.238s] -- Installing: /home/alberto/Documents/kia_gd_ws/install/ur_robot_driver/share/ur_robot_driver/cmake/ur_robot_driverConfig-version.cmake
[47.238s] -- Installing: /home/alberto/Documents/kia_gd_ws/install/ur_robot_driver/share/ur_robot_driver/package.xml
[47.241s] Invoked command in '/home/alberto/Documents/kia_gd_ws/build/ur_robot_driver' returned '0': AMENT_PREFIX_PATH=/home/alberto/Documents/kia_gd_ws/install/ur_controllers:/home/alberto/Documents/kia_gd_ws/install/ur_dashboard_msgs:${AMENT_PREFIX_PATH} CMAKE_PREFIX_PATH=/home/alberto/Documents/kia_gd_ws/install/ur_controllers:/home/alberto/Documents/kia_gd_ws/install/ur_dashboard_msgs:/home/alberto/Documents/kia_gd_ws/install/kia_gd:/home/alberto/install/vectornav:/home/alberto/install/vectornav_msgs:/home/alberto/install/uuv_teleop:/home/alberto/install/uuv_description:/home/alberto/install/sub:/home/alberto/install/pid:/home/alberto/ros2_ws/install/docker_test:/opt/ros/humble:/home/alberto/install/catkin:/home/alberto/ros2_ws/install/sub:/home/alberto/ros2_ws/install/pid:/home/alberto/ros2_ws/install/catkin:/home/alberto/uuv/install/uuv LD_LIBRARY_PATH=/home/alberto/Documents/kia_gd_ws/install/ur_controllers/lib:/home/alberto/Documents/kia_gd_ws/install/ur_dashboard_msgs/lib:${LD_LIBRARY_PATH} PYTHONPATH=/home/alberto/Documents/kia_gd_ws/install/ur_dashboard_msgs/local/lib/python3.10/dist-packages:${PYTHONPATH} /usr/bin/cmake --install /home/alberto/Documents/kia_gd_ws/build/ur_robot_driver
