[0.012s] Invoking command in '/home/alberto/Documents/kia_gd_ws/build/ur_moveit_config': CMAKE_PREFIX_PATH=/home/alberto/Documents/kia_gd_ws/install/kia_gd:/home/alberto/install/vectornav:/home/alberto/install/vectornav_msgs:/home/alberto/install/uuv_teleop:/home/alberto/install/uuv_description:/home/alberto/install/sub:/home/alberto/install/pid:/home/alberto/ros2_ws/install/docker_test:/opt/ros/humble:/home/alberto/install/catkin:/home/alberto/ros2_ws/install/sub:/home/alberto/ros2_ws/install/pid:/home/alberto/ros2_ws/install/catkin:/home/alberto/uuv/install/uuv /usr/bin/cmake /home/alberto/Documents/kia_gd_ws/src/Universal_Robots_ROS2_Driver/ur_moveit_config -DCMAKE_INSTALL_PREFIX=/home/alberto/Documents/kia_gd_ws/install/ur_moveit_config
[0.104s] -- The C compiler identification is GNU 11.4.0
[0.191s] -- The CXX compiler identification is GNU 11.4.0
[0.198s] -- Detecting C compiler ABI info
[0.270s] -- Detecting C compiler ABI info - done
[0.280s] -- Check for working C compiler: /usr/bin/cc - skipped
[0.280s] -- Detecting C compile features
[0.281s] -- Detecting C compile features - done
[0.284s] -- Detecting CXX compiler ABI info
[0.354s] -- Detecting CXX compiler ABI info - done
[0.361s] -- Check for working CXX compiler: /usr/bin/c++ - skipped
[0.362s] -- Detecting CXX compile features
[0.362s] -- Detecting CXX compile features - done
[0.364s] -- Found ament_cmake: 1.3.12 (/opt/ros/humble/share/ament_cmake/cmake)
[0.699s] -- Found Python3: /usr/bin/python3 (found version "3.10.12") found components: Interpreter 
[0.950s] -- Configuring done
[0.953s] -- Generating done
[0.955s] -- Build files have been written to: /home/alberto/Documents/kia_gd_ws/build/ur_moveit_config
[0.958s] Invoked command in '/home/alberto/Documents/kia_gd_ws/build/ur_moveit_config' returned '0': CMAKE_PREFIX_PATH=/home/alberto/Documents/kia_gd_ws/install/kia_gd:/home/alberto/install/vectornav:/home/alberto/install/vectornav_msgs:/home/alberto/install/uuv_teleop:/home/alberto/install/uuv_description:/home/alberto/install/sub:/home/alberto/install/pid:/home/alberto/ros2_ws/install/docker_test:/opt/ros/humble:/home/alberto/install/catkin:/home/alberto/ros2_ws/install/sub:/home/alberto/ros2_ws/install/pid:/home/alberto/ros2_ws/install/catkin:/home/alberto/uuv/install/uuv /usr/bin/cmake /home/alberto/Documents/kia_gd_ws/src/Universal_Robots_ROS2_Driver/ur_moveit_config -DCMAKE_INSTALL_PREFIX=/home/alberto/Documents/kia_gd_ws/install/ur_moveit_config
[0.960s] Invoking command in '/home/alberto/Documents/kia_gd_ws/build/ur_moveit_config': CMAKE_PREFIX_PATH=/home/alberto/Documents/kia_gd_ws/install/kia_gd:/home/alberto/install/vectornav:/home/alberto/install/vectornav_msgs:/home/alberto/install/uuv_teleop:/home/alberto/install/uuv_description:/home/alberto/install/sub:/home/alberto/install/pid:/home/alberto/ros2_ws/install/docker_test:/opt/ros/humble:/home/alberto/install/catkin:/home/alberto/ros2_ws/install/sub:/home/alberto/ros2_ws/install/pid:/home/alberto/ros2_ws/install/catkin:/home/alberto/uuv/install/uuv /usr/bin/cmake --build /home/alberto/Documents/kia_gd_ws/build/ur_moveit_config -- -j8 -l8
[1.005s] Built target ament_cmake_python_copy_ur_moveit_config
[1.196s] running egg_info
[1.211s] creating ur_moveit_config.egg-info
[1.211s] writing ur_moveit_config.egg-info/PKG-INFO
[1.211s] writing dependency_links to ur_moveit_config.egg-info/dependency_links.txt
[1.211s] writing top-level names to ur_moveit_config.egg-info/top_level.txt
[1.211s] writing manifest file 'ur_moveit_config.egg-info/SOURCES.txt'
[1.255s] reading manifest file 'ur_moveit_config.egg-info/SOURCES.txt'
[1.255s] writing manifest file 'ur_moveit_config.egg-info/SOURCES.txt'
[1.279s] Built target ament_cmake_python_build_ur_moveit_config_egg
[1.288s] Invoked command in '/home/alberto/Documents/kia_gd_ws/build/ur_moveit_config' returned '0': CMAKE_PREFIX_PATH=/home/alberto/Documents/kia_gd_ws/install/kia_gd:/home/alberto/install/vectornav:/home/alberto/install/vectornav_msgs:/home/alberto/install/uuv_teleop:/home/alberto/install/uuv_description:/home/alberto/install/sub:/home/alberto/install/pid:/home/alberto/ros2_ws/install/docker_test:/opt/ros/humble:/home/alberto/install/catkin:/home/alberto/ros2_ws/install/sub:/home/alberto/ros2_ws/install/pid:/home/alberto/ros2_ws/install/catkin:/home/alberto/uuv/install/uuv /usr/bin/cmake --build /home/alberto/Documents/kia_gd_ws/build/ur_moveit_config -- -j8 -l8
[1.289s] Invoking command in '/home/alberto/Documents/kia_gd_ws/build/ur_moveit_config': CMAKE_PREFIX_PATH=/home/alberto/Documents/kia_gd_ws/install/kia_gd:/home/alberto/install/vectornav:/home/alberto/install/vectornav_msgs:/home/alberto/install/uuv_teleop:/home/alberto/install/uuv_description:/home/alberto/install/sub:/home/alberto/install/pid:/home/alberto/ros2_ws/install/docker_test:/opt/ros/humble:/home/alberto/install/catkin:/home/alberto/ros2_ws/install/sub:/home/alberto/ros2_ws/install/pid:/home/alberto/ros2_ws/install/catkin:/home/alberto/uuv/install/uuv /usr/bin/cmake --install /home/alberto/Documents/kia_gd_ws/build/ur_moveit_config
[1.294s] -- Install configuration: ""
[1.294s] -- Installing: /home/alberto/Documents/kia_gd_ws/install/ur_moveit_config/share/ur_moveit_config/config
[1.295s] -- Installing: /home/alberto/Documents/kia_gd_ws/install/ur_moveit_config/share/ur_moveit_config/config/kinematics.yaml
[1.295s] -- Installing: /home/alberto/Documents/kia_gd_ws/install/ur_moveit_config/share/ur_moveit_config/config/controllers.yaml
[1.295s] -- Installing: /home/alberto/Documents/kia_gd_ws/install/ur_moveit_config/share/ur_moveit_config/config/joint_limits.yaml
[1.295s] -- Installing: /home/alberto/Documents/kia_gd_ws/install/ur_moveit_config/share/ur_moveit_config/config/ompl_planning.yaml
[1.295s] -- Installing: /home/alberto/Documents/kia_gd_ws/install/ur_moveit_config/share/ur_moveit_config/config/ur_servo.yaml
[1.295s] -- Installing: /home/alberto/Documents/kia_gd_ws/install/ur_moveit_config/share/ur_moveit_config/launch
[1.295s] -- Installing: /home/alberto/Documents/kia_gd_ws/install/ur_moveit_config/share/ur_moveit_config/launch/ur_moveit.launch.py
[1.295s] -- Installing: /home/alberto/Documents/kia_gd_ws/install/ur_moveit_config/share/ur_moveit_config/rviz
[1.295s] -- Installing: /home/alberto/Documents/kia_gd_ws/install/ur_moveit_config/share/ur_moveit_config/rviz/view_robot.rviz
[1.295s] -- Installing: /home/alberto/Documents/kia_gd_ws/install/ur_moveit_config/share/ur_moveit_config/srdf
[1.295s] -- Installing: /home/alberto/Documents/kia_gd_ws/install/ur_moveit_config/share/ur_moveit_config/srdf/ur_macro.srdf.xacro
[1.295s] -- Installing: /home/alberto/Documents/kia_gd_ws/install/ur_moveit_config/share/ur_moveit_config/srdf/ur.srdf.xacro
[1.295s] -- Installing: /home/alberto/Documents/kia_gd_ws/install/ur_moveit_config/share/ur_moveit_config/environment/pythonpath.sh
[1.295s] -- Installing: /home/alberto/Documents/kia_gd_ws/install/ur_moveit_config/share/ur_moveit_config/environment/pythonpath.dsv
[1.295s] -- Installing: /home/alberto/Documents/kia_gd_ws/install/ur_moveit_config/local/lib/python3.10/dist-packages/ur_moveit_config-2.10.0-py3.10.egg-info
[1.296s] -- Installing: /home/alberto/Documents/kia_gd_ws/install/ur_moveit_config/local/lib/python3.10/dist-packages/ur_moveit_config-2.10.0-py3.10.egg-info/top_level.txt
[1.296s] -- Installing: /home/alberto/Documents/kia_gd_ws/install/ur_moveit_config/local/lib/python3.10/dist-packages/ur_moveit_config-2.10.0-py3.10.egg-info/SOURCES.txt
[1.296s] -- Installing: /home/alberto/Documents/kia_gd_ws/install/ur_moveit_config/local/lib/python3.10/dist-packages/ur_moveit_config-2.10.0-py3.10.egg-info/PKG-INFO
[1.296s] -- Installing: /home/alberto/Documents/kia_gd_ws/install/ur_moveit_config/local/lib/python3.10/dist-packages/ur_moveit_config-2.10.0-py3.10.egg-info/dependency_links.txt
[1.296s] -- Installing: /home/alberto/Documents/kia_gd_ws/install/ur_moveit_config/local/lib/python3.10/dist-packages/ur_moveit_config
[1.296s] -- Installing: /home/alberto/Documents/kia_gd_ws/install/ur_moveit_config/local/lib/python3.10/dist-packages/ur_moveit_config/launch_common.py
[1.297s] -- Installing: /home/alberto/Documents/kia_gd_ws/install/ur_moveit_config/local/lib/python3.10/dist-packages/ur_moveit_config/__init__.py
[1.327s] Listing '/home/alberto/Documents/kia_gd_ws/install/ur_moveit_config/local/lib/python3.10/dist-packages/ur_moveit_config'...
[1.328s] Compiling '/home/alberto/Documents/kia_gd_ws/install/ur_moveit_config/local/lib/python3.10/dist-packages/ur_moveit_config/__init__.py'...
[1.328s] Compiling '/home/alberto/Documents/kia_gd_ws/install/ur_moveit_config/local/lib/python3.10/dist-packages/ur_moveit_config/launch_common.py'...
[1.333s] -- Installing: /home/alberto/Documents/kia_gd_ws/install/ur_moveit_config/local/lib/python3.10/dist-packages/launch_common.py
[1.371s] Compiling '/home/alberto/Documents/kia_gd_ws/install/ur_moveit_config/local/lib/python3.10/dist-packages/launch_common.py'...
[1.376s] -- Installing: /home/alberto/Documents/kia_gd_ws/install/ur_moveit_config/share/ament_index/resource_index/package_run_dependencies/ur_moveit_config
[1.376s] -- Installing: /home/alberto/Documents/kia_gd_ws/install/ur_moveit_config/share/ament_index/resource_index/parent_prefix_path/ur_moveit_config
[1.376s] -- Installing: /home/alberto/Documents/kia_gd_ws/install/ur_moveit_config/share/ur_moveit_config/environment/ament_prefix_path.sh
[1.377s] -- Installing: /home/alberto/Documents/kia_gd_ws/install/ur_moveit_config/share/ur_moveit_config/environment/ament_prefix_path.dsv
[1.377s] -- Installing: /home/alberto/Documents/kia_gd_ws/install/ur_moveit_config/share/ur_moveit_config/environment/path.sh
[1.377s] -- Installing: /home/alberto/Documents/kia_gd_ws/install/ur_moveit_config/share/ur_moveit_config/environment/path.dsv
[1.377s] -- Installing: /home/alberto/Documents/kia_gd_ws/install/ur_moveit_config/share/ur_moveit_config/local_setup.bash
[1.377s] -- Installing: /home/alberto/Documents/kia_gd_ws/install/ur_moveit_config/share/ur_moveit_config/local_setup.sh
[1.377s] -- Installing: /home/alberto/Documents/kia_gd_ws/install/ur_moveit_config/share/ur_moveit_config/local_setup.zsh
[1.377s] -- Installing: /home/alberto/Documents/kia_gd_ws/install/ur_moveit_config/share/ur_moveit_config/local_setup.dsv
[1.378s] -- Installing: /home/alberto/Documents/kia_gd_ws/install/ur_moveit_config/share/ur_moveit_config/package.dsv
[1.378s] -- Installing: /home/alberto/Documents/kia_gd_ws/install/ur_moveit_config/share/ament_index/resource_index/packages/ur_moveit_config
[1.378s] -- Installing: /home/alberto/Documents/kia_gd_ws/install/ur_moveit_config/share/ur_moveit_config/cmake/ur_moveit_configConfig.cmake
[1.378s] -- Installing: /home/alberto/Documents/kia_gd_ws/install/ur_moveit_config/share/ur_moveit_config/cmake/ur_moveit_configConfig-version.cmake
[1.378s] -- Installing: /home/alberto/Documents/kia_gd_ws/install/ur_moveit_config/share/ur_moveit_config/package.xml
[1.381s] Invoked command in '/home/alberto/Documents/kia_gd_ws/build/ur_moveit_config' returned '0': CMAKE_PREFIX_PATH=/home/alberto/Documents/kia_gd_ws/install/kia_gd:/home/alberto/install/vectornav:/home/alberto/install/vectornav_msgs:/home/alberto/install/uuv_teleop:/home/alberto/install/uuv_description:/home/alberto/install/sub:/home/alberto/install/pid:/home/alberto/ros2_ws/install/docker_test:/opt/ros/humble:/home/alberto/install/catkin:/home/alberto/ros2_ws/install/sub:/home/alberto/ros2_ws/install/pid:/home/alberto/ros2_ws/install/catkin:/home/alberto/uuv/install/uuv /usr/bin/cmake --install /home/alberto/Documents/kia_gd_ws/build/ur_moveit_config
