[0.012s] Invoking command in '/home/alberto/Documents/kia_gd_ws/build/ur_calibration': CMAKE_PREFIX_PATH=/home/alberto/Documents/kia_gd_ws/install/ur_robot_driver:/home/alberto/Documents/kia_gd_ws/install/ur_controllers:/home/alberto/Documents/kia_gd_ws/install/ur_dashboard_msgs:/home/alberto/Documents/kia_gd_ws/install/ur:/home/alberto/Documents/kia_gd_ws/install/ur_calibration:/home/alberto/Documents/kia_gd_ws/install/ur_moveit_config:/home/alberto/Documents/kia_gd_ws/install/ur_bringup:/home/alberto/Documents/kia_gd_ws/install/kia_gd:/home/alberto/install/vectornav:/home/alberto/install/vectornav_msgs:/home/alberto/install/uuv_teleop:/home/alberto/install/uuv_description:/home/alberto/install/sub:/home/alberto/install/pid:/home/alberto/ros2_ws/install/docker_test:/opt/ros/humble:/home/alberto/install/catkin:/home/alberto/ros2_ws/install/sub:/home/alberto/ros2_ws/install/pid:/home/alberto/ros2_ws/install/catkin:/home/alberto/uuv/install/uuv /usr/bin/cmake /home/alberto/Documents/kia_gd_ws/src/Universal_Robots_ROS2_Driver/ur_calibration -DCMAKE_INSTALL_PREFIX=/home/alberto/Documents/kia_gd_ws/install/ur_calibration
[0.022s] -- Found ament_cmake: 1.3.12 (/opt/ros/humble/share/ament_cmake/cmake)
[0.126s] -- Found rclcpp: 16.0.15 (/opt/ros/humble/share/rclcpp/cmake)
[0.148s] -- Found rosidl_generator_c: 3.1.7 (/opt/ros/humble/share/rosidl_generator_c/cmake)
[0.149s] -- Found rosidl_adapter: 3.1.7 (/opt/ros/humble/share/rosidl_adapter/cmake)
[0.154s] -- Found rosidl_generator_cpp: 3.1.7 (/opt/ros/humble/share/rosidl_generator_cpp/cmake)
[0.161s] -- Using all available rosidl_typesupport_c: rosidl_typesupport_fastrtps_c;rosidl_typesupport_introspection_c
[0.170s] -- Using all available rosidl_typesupport_cpp: rosidl_typesupport_fastrtps_cpp;rosidl_typesupport_introspection_cpp
[0.194s] -- Found rmw_implementation_cmake: 6.1.2 (/opt/ros/humble/share/rmw_implementation_cmake/cmake)
[0.195s] -- Found rmw_fastrtps_cpp: 6.2.9 (/opt/ros/humble/share/rmw_fastrtps_cpp/cmake)
[0.273s] -- Using RMW implementation 'rmw_fastrtps_cpp' as default
[0.310s] -- Found ur_robot_driver: 2.10.0 (/home/alberto/Documents/kia_gd_ws/install/ur_robot_driver/share/ur_robot_driver/cmake)
[0.444s] -- Found eigen3_cmake_module: 0.1.1 (/opt/ros/humble/share/eigen3_cmake_module/cmake)
[0.444s] -- Ensuring Eigen3 include directory is part of orocos-kdl CMake target
[0.519s] -- Found yaml_cpp_vendor: 8.0.2 (/opt/ros/humble/share/yaml_cpp_vendor/cmake)
[0.541s] -- Found ament_cmake_gmock: 1.3.12 (/opt/ros/humble/share/ament_cmake_gmock/cmake)
[0.541s] -- Found gmock sources under '/opt/ros/humble/src/gmock_vendor': C++ tests using 'Google Mock' will be built
[0.543s] -- Found ament_cmake_gtest: 1.3.12 (/opt/ros/humble/share/ament_cmake_gtest/cmake)
[0.543s] -- Found gtest sources under '/opt/ros/humble/src/gtest_vendor': C++ tests using 'Google Test' will be built
[0.614s] -- Configuring done
[0.673s] -- Generating done
[0.682s] -- Build files have been written to: /home/alberto/Documents/kia_gd_ws/build/ur_calibration
[0.691s] Invoked command in '/home/alberto/Documents/kia_gd_ws/build/ur_calibration' returned '0': CMAKE_PREFIX_PATH=/home/alberto/Documents/kia_gd_ws/install/ur_robot_driver:/home/alberto/Documents/kia_gd_ws/install/ur_controllers:/home/alberto/Documents/kia_gd_ws/install/ur_dashboard_msgs:/home/alberto/Documents/kia_gd_ws/install/ur:/home/alberto/Documents/kia_gd_ws/install/ur_calibration:/home/alberto/Documents/kia_gd_ws/install/ur_moveit_config:/home/alberto/Documents/kia_gd_ws/install/ur_bringup:/home/alberto/Documents/kia_gd_ws/install/kia_gd:/home/alberto/install/vectornav:/home/alberto/install/vectornav_msgs:/home/alberto/install/uuv_teleop:/home/alberto/install/uuv_description:/home/alberto/install/sub:/home/alberto/install/pid:/home/alberto/ros2_ws/install/docker_test:/opt/ros/humble:/home/alberto/install/catkin:/home/alberto/ros2_ws/install/sub:/home/alberto/ros2_ws/install/pid:/home/alberto/ros2_ws/install/catkin:/home/alberto/uuv/install/uuv /usr/bin/cmake /home/alberto/Documents/kia_gd_ws/src/Universal_Robots_ROS2_Driver/ur_calibration -DCMAKE_INSTALL_PREFIX=/home/alberto/Documents/kia_gd_ws/install/ur_calibration
[0.692s] Invoking command in '/home/alberto/Documents/kia_gd_ws/build/ur_calibration': CMAKE_PREFIX_PATH=/home/alberto/Documents/kia_gd_ws/install/ur_robot_driver:/home/alberto/Documents/kia_gd_ws/install/ur_controllers:/home/alberto/Documents/kia_gd_ws/install/ur_dashboard_msgs:/home/alberto/Documents/kia_gd_ws/install/ur:/home/alberto/Documents/kia_gd_ws/install/ur_calibration:/home/alberto/Documents/kia_gd_ws/install/ur_moveit_config:/home/alberto/Documents/kia_gd_ws/install/ur_bringup:/home/alberto/Documents/kia_gd_ws/install/kia_gd:/home/alberto/install/vectornav:/home/alberto/install/vectornav_msgs:/home/alberto/install/uuv_teleop:/home/alberto/install/uuv_description:/home/alberto/install/sub:/home/alberto/install/pid:/home/alberto/ros2_ws/install/docker_test:/opt/ros/humble:/home/alberto/install/catkin:/home/alberto/ros2_ws/install/sub:/home/alberto/ros2_ws/install/pid:/home/alberto/ros2_ws/install/catkin:/home/alberto/uuv/install/uuv /usr/bin/cmake --build /home/alberto/Documents/kia_gd_ws/build/ur_calibration -- -j8 -l8
[0.723s] [35m[1mConsolidate compiler generated dependencies of target gmock_main[0m
[0.723s] [35m[1mConsolidate compiler generated dependencies of target gmock[0m
[0.724s] [35m[1mConsolidate compiler generated dependencies of target calibration[0m
[0.733s] [ 16%] Built target gmock_main
[0.734s] [ 41%] Built target gmock
[0.739s] [ 66%] Built target calibration
[0.748s] [35m[1mConsolidate compiler generated dependencies of target calibration_test[0m
[0.748s] [35m[1mConsolidate compiler generated dependencies of target calibration_correction[0m
[0.763s] [100%] Built target calibration_correction
[0.763s] [100%] Built target calibration_test
[0.771s] Invoked command in '/home/alberto/Documents/kia_gd_ws/build/ur_calibration' returned '0': CMAKE_PREFIX_PATH=/home/alberto/Documents/kia_gd_ws/install/ur_robot_driver:/home/alberto/Documents/kia_gd_ws/install/ur_controllers:/home/alberto/Documents/kia_gd_ws/install/ur_dashboard_msgs:/home/alberto/Documents/kia_gd_ws/install/ur:/home/alberto/Documents/kia_gd_ws/install/ur_calibration:/home/alberto/Documents/kia_gd_ws/install/ur_moveit_config:/home/alberto/Documents/kia_gd_ws/install/ur_bringup:/home/alberto/Documents/kia_gd_ws/install/kia_gd:/home/alberto/install/vectornav:/home/alberto/install/vectornav_msgs:/home/alberto/install/uuv_teleop:/home/alberto/install/uuv_description:/home/alberto/install/sub:/home/alberto/install/pid:/home/alberto/ros2_ws/install/docker_test:/opt/ros/humble:/home/alberto/install/catkin:/home/alberto/ros2_ws/install/sub:/home/alberto/ros2_ws/install/pid:/home/alberto/ros2_ws/install/catkin:/home/alberto/uuv/install/uuv /usr/bin/cmake --build /home/alberto/Documents/kia_gd_ws/build/ur_calibration -- -j8 -l8
[0.772s] Invoking command in '/home/alberto/Documents/kia_gd_ws/build/ur_calibration': CMAKE_PREFIX_PATH=/home/alberto/Documents/kia_gd_ws/install/ur_robot_driver:/home/alberto/Documents/kia_gd_ws/install/ur_controllers:/home/alberto/Documents/kia_gd_ws/install/ur_dashboard_msgs:/home/alberto/Documents/kia_gd_ws/install/ur:/home/alberto/Documents/kia_gd_ws/install/ur_calibration:/home/alberto/Documents/kia_gd_ws/install/ur_moveit_config:/home/alberto/Documents/kia_gd_ws/install/ur_bringup:/home/alberto/Documents/kia_gd_ws/install/kia_gd:/home/alberto/install/vectornav:/home/alberto/install/vectornav_msgs:/home/alberto/install/uuv_teleop:/home/alberto/install/uuv_description:/home/alberto/install/sub:/home/alberto/install/pid:/home/alberto/ros2_ws/install/docker_test:/opt/ros/humble:/home/alberto/install/catkin:/home/alberto/ros2_ws/install/sub:/home/alberto/ros2_ws/install/pid:/home/alberto/ros2_ws/install/catkin:/home/alberto/uuv/install/uuv /usr/bin/cmake --install /home/alberto/Documents/kia_gd_ws/build/ur_calibration
[0.778s] -- Install configuration: "Release"
[0.778s] -- Up-to-date: /home/alberto/Documents/kia_gd_ws/install/ur_calibration/lib/ur_calibration/calibration_correction
[0.778s] -- Up-to-date: /home/alberto/Documents/kia_gd_ws/install/ur_calibration/include
[0.778s] -- Up-to-date: /home/alberto/Documents/kia_gd_ws/install/ur_calibration/include/ur_calibration
[0.778s] -- Up-to-date: /home/alberto/Documents/kia_gd_ws/install/ur_calibration/include/ur_calibration/calibration.hpp
[0.778s] -- Up-to-date: /home/alberto/Documents/kia_gd_ws/install/ur_calibration/include/ur_calibration/calibration_consumer.hpp
[0.778s] -- Up-to-date: /home/alberto/Documents/kia_gd_ws/install/ur_calibration/share/ur_calibration/launch
[0.778s] -- Up-to-date: /home/alberto/Documents/kia_gd_ws/install/ur_calibration/share/ur_calibration/launch/calibration_correction.launch.py
[0.778s] -- Up-to-date: /home/alberto/Documents/kia_gd_ws/install/ur_calibration/share/ament_index/resource_index/package_run_dependencies/ur_calibration
[0.778s] -- Installing: /home/alberto/Documents/kia_gd_ws/install/ur_calibration/share/ament_index/resource_index/parent_prefix_path/ur_calibration
[0.778s] -- Up-to-date: /home/alberto/Documents/kia_gd_ws/install/ur_calibration/share/ur_calibration/environment/ament_prefix_path.sh
[0.779s] -- Installing: /home/alberto/Documents/kia_gd_ws/install/ur_calibration/share/ur_calibration/environment/ament_prefix_path.dsv
[0.779s] -- Up-to-date: /home/alberto/Documents/kia_gd_ws/install/ur_calibration/share/ur_calibration/environment/path.sh
[0.779s] -- Installing: /home/alberto/Documents/kia_gd_ws/install/ur_calibration/share/ur_calibration/environment/path.dsv
[0.779s] -- Up-to-date: /home/alberto/Documents/kia_gd_ws/install/ur_calibration/share/ur_calibration/local_setup.bash
[0.779s] -- Up-to-date: /home/alberto/Documents/kia_gd_ws/install/ur_calibration/share/ur_calibration/local_setup.sh
[0.779s] -- Up-to-date: /home/alberto/Documents/kia_gd_ws/install/ur_calibration/share/ur_calibration/local_setup.zsh
[0.779s] -- Installing: /home/alberto/Documents/kia_gd_ws/install/ur_calibration/share/ur_calibration/local_setup.dsv
[0.779s] -- Installing: /home/alberto/Documents/kia_gd_ws/install/ur_calibration/share/ur_calibration/package.dsv
[0.779s] -- Up-to-date: /home/alberto/Documents/kia_gd_ws/install/ur_calibration/share/ament_index/resource_index/packages/ur_calibration
[0.779s] -- Up-to-date: /home/alberto/Documents/kia_gd_ws/install/ur_calibration/share/ur_calibration/cmake/ament_cmake_export_include_directories-extras.cmake
[0.779s] -- Up-to-date: /home/alberto/Documents/kia_gd_ws/install/ur_calibration/share/ur_calibration/cmake/ament_cmake_export_dependencies-extras.cmake
[0.779s] -- Up-to-date: /home/alberto/Documents/kia_gd_ws/install/ur_calibration/share/ur_calibration/cmake/ur_calibrationConfig.cmake
[0.779s] -- Up-to-date: /home/alberto/Documents/kia_gd_ws/install/ur_calibration/share/ur_calibration/cmake/ur_calibrationConfig-version.cmake
[0.779s] -- Up-to-date: /home/alberto/Documents/kia_gd_ws/install/ur_calibration/share/ur_calibration/package.xml
[0.780s] Invoked command in '/home/alberto/Documents/kia_gd_ws/build/ur_calibration' returned '0': CMAKE_PREFIX_PATH=/home/alberto/Documents/kia_gd_ws/install/ur_robot_driver:/home/alberto/Documents/kia_gd_ws/install/ur_controllers:/home/alberto/Documents/kia_gd_ws/install/ur_dashboard_msgs:/home/alberto/Documents/kia_gd_ws/install/ur:/home/alberto/Documents/kia_gd_ws/install/ur_calibration:/home/alberto/Documents/kia_gd_ws/install/ur_moveit_config:/home/alberto/Documents/kia_gd_ws/install/ur_bringup:/home/alberto/Documents/kia_gd_ws/install/kia_gd:/home/alberto/install/vectornav:/home/alberto/install/vectornav_msgs:/home/alberto/install/uuv_teleop:/home/alberto/install/uuv_description:/home/alberto/install/sub:/home/alberto/install/pid:/home/alberto/ros2_ws/install/docker_test:/opt/ros/humble:/home/alberto/install/catkin:/home/alberto/ros2_ws/install/sub:/home/alberto/ros2_ws/install/pid:/home/alberto/ros2_ws/install/catkin:/home/alberto/uuv/install/uuv /usr/bin/cmake --install /home/alberto/Documents/kia_gd_ws/build/ur_calibration
