-- Install configuration: ""
-- Up-to-date: /home/alberto/Documents/kia_gd_ws/install/simple_ur10e_description/share/simple_ur10e_description/meshes
-- Up-to-date: /home/alberto/Documents/kia_gd_ws/install/simple_ur10e_description/share/simple_ur10e_description/meshes/visual
-- Up-to-date: /home/alberto/Documents/kia_gd_ws/install/simple_ur10e_description/share/simple_ur10e_description/meshes/visual/forearm.dae
-- Up-to-date: /home/alberto/Documents/kia_gd_ws/install/simple_ur10e_description/share/simple_ur10e_description/meshes/visual/base.dae
-- Up-to-date: /home/alberto/Documents/kia_gd_ws/install/simple_ur10e_description/share/simple_ur10e_description/meshes/visual/shoulder.dae
-- Up-to-date: /home/alberto/Documents/kia_gd_ws/install/simple_ur10e_description/share/simple_ur10e_description/meshes/visual/wrist2.dae
-- Up-to-date: /home/alberto/Documents/kia_gd_ws/install/simple_ur10e_description/share/simple_ur10e_description/meshes/visual/wrist1.dae
-- Up-to-date: /home/alberto/Documents/kia_gd_ws/install/simple_ur10e_description/share/simple_ur10e_description/meshes/visual/wrist3.dae
-- Up-to-date: /home/alberto/Documents/kia_gd_ws/install/simple_ur10e_description/share/simple_ur10e_description/meshes/visual/upperarm.dae
-- Up-to-date: /home/alberto/Documents/kia_gd_ws/install/simple_ur10e_description/share/simple_ur10e_description/meshes/collision
-- Up-to-date: /home/alberto/Documents/kia_gd_ws/install/simple_ur10e_description/share/simple_ur10e_description/meshes/collision/base.stl
-- Up-to-date: /home/alberto/Documents/kia_gd_ws/install/simple_ur10e_description/share/simple_ur10e_description/meshes/collision/shoulder.stl
-- Up-to-date: /home/alberto/Documents/kia_gd_ws/install/simple_ur10e_description/share/simple_ur10e_description/meshes/collision/wrist1.stl
-- Up-to-date: /home/alberto/Documents/kia_gd_ws/install/simple_ur10e_description/share/simple_ur10e_description/meshes/collision/wrist3.stl
-- Up-to-date: /home/alberto/Documents/kia_gd_ws/install/simple_ur10e_description/share/simple_ur10e_description/meshes/collision/wrist2.stl
-- Up-to-date: /home/alberto/Documents/kia_gd_ws/install/simple_ur10e_description/share/simple_ur10e_description/meshes/collision/forearm.stl
-- Up-to-date: /home/alberto/Documents/kia_gd_ws/install/simple_ur10e_description/share/simple_ur10e_description/meshes/collision/upperarm.stl
-- Up-to-date: /home/alberto/Documents/kia_gd_ws/install/simple_ur10e_description/share/simple_ur10e_description/urdf
-- Up-to-date: /home/alberto/Documents/kia_gd_ws/install/simple_ur10e_description/share/simple_ur10e_description/urdf/ur10e.xacro
-- Up-to-date: /home/alberto/Documents/kia_gd_ws/install/simple_ur10e_description/share/simple_ur10e_description/urdf/single_parts
-- Up-to-date: /home/alberto/Documents/kia_gd_ws/install/simple_ur10e_description/share/simple_ur10e_description/urdf/single_parts/ur_macro.xacro
-- Up-to-date: /home/alberto/Documents/kia_gd_ws/install/simple_ur10e_description/share/simple_ur10e_description/urdf/single_parts/ur.xacro
-- Up-to-date: /home/alberto/Documents/kia_gd_ws/install/simple_ur10e_description/share/simple_ur10e_description/urdf/generate_urdf.sh
-- Up-to-date: /home/alberto/Documents/kia_gd_ws/install/simple_ur10e_description/share/simple_ur10e_description/config
-- Up-to-date: /home/alberto/Documents/kia_gd_ws/install/simple_ur10e_description/share/simple_ur10e_description/config/ur.ros2_control.xacro
-- Up-to-date: /home/alberto/Documents/kia_gd_ws/install/simple_ur10e_description/share/simple_ur10e_description/config/ur_common.xacro
-- Up-to-date: /home/alberto/Documents/kia_gd_ws/install/simple_ur10e_description/share/simple_ur10e_description/config/ur10e
-- Up-to-date: /home/alberto/Documents/kia_gd_ws/install/simple_ur10e_description/share/simple_ur10e_description/config/ur10e/visual_parameters.yaml
-- Up-to-date: /home/alberto/Documents/kia_gd_ws/install/simple_ur10e_description/share/simple_ur10e_description/config/ur10e/physical_parameters.yaml
-- Up-to-date: /home/alberto/Documents/kia_gd_ws/install/simple_ur10e_description/share/simple_ur10e_description/config/ur10e/joint_limits.yaml
-- Up-to-date: /home/alberto/Documents/kia_gd_ws/install/simple_ur10e_description/share/simple_ur10e_description/config/ur10e/default_kinematics.yaml
-- Up-to-date: /home/alberto/Documents/kia_gd_ws/install/simple_ur10e_description/share/simple_ur10e_description/config/ur10e/initial_positions.yaml
-- Up-to-date: /home/alberto/Documents/kia_gd_ws/install/simple_ur10e_description/share/simple_ur10e_description/config/ur10e/calibration.yaml
-- Up-to-date: /home/alberto/Documents/kia_gd_ws/install/simple_ur10e_description/share/simple_ur10e_description/config/ur10e_update_rate.yaml
-- Up-to-date: /home/alberto/Documents/kia_gd_ws/install/simple_ur10e_description/share/simple_ur10e_description/config/ur_controllers.yaml
-- Up-to-date: /home/alberto/Documents/kia_gd_ws/install/simple_ur10e_description/share/simple_ur10e_description/config/ur_transmissions.xacro
-- Up-to-date: /home/alberto/Documents/kia_gd_ws/install/simple_ur10e_description/share/ament_index/resource_index/package_run_dependencies/simple_ur10e_description
-- Up-to-date: /home/alberto/Documents/kia_gd_ws/install/simple_ur10e_description/share/ament_index/resource_index/parent_prefix_path/simple_ur10e_description
-- Up-to-date: /home/alberto/Documents/kia_gd_ws/install/simple_ur10e_description/share/simple_ur10e_description/environment/ament_prefix_path.sh
-- Up-to-date: /home/alberto/Documents/kia_gd_ws/install/simple_ur10e_description/share/simple_ur10e_description/environment/ament_prefix_path.dsv
-- Up-to-date: /home/alberto/Documents/kia_gd_ws/install/simple_ur10e_description/share/simple_ur10e_description/environment/path.sh
-- Up-to-date: /home/alberto/Documents/kia_gd_ws/install/simple_ur10e_description/share/simple_ur10e_description/environment/path.dsv
-- Up-to-date: /home/alberto/Documents/kia_gd_ws/install/simple_ur10e_description/share/simple_ur10e_description/local_setup.bash
-- Up-to-date: /home/alberto/Documents/kia_gd_ws/install/simple_ur10e_description/share/simple_ur10e_description/local_setup.sh
-- Up-to-date: /home/alberto/Documents/kia_gd_ws/install/simple_ur10e_description/share/simple_ur10e_description/local_setup.zsh
-- Up-to-date: /home/alberto/Documents/kia_gd_ws/install/simple_ur10e_description/share/simple_ur10e_description/local_setup.dsv
-- Installing: /home/alberto/Documents/kia_gd_ws/install/simple_ur10e_description/share/simple_ur10e_description/package.dsv
-- Up-to-date: /home/alberto/Documents/kia_gd_ws/install/simple_ur10e_description/share/ament_index/resource_index/packages/simple_ur10e_description
-- Up-to-date: /home/alberto/Documents/kia_gd_ws/install/simple_ur10e_description/share/simple_ur10e_description/cmake/simple_ur10e_descriptionConfig.cmake
-- Up-to-date: /home/alberto/Documents/kia_gd_ws/install/simple_ur10e_description/share/simple_ur10e_description/cmake/simple_ur10e_descriptionConfig-version.cmake
-- Up-to-date: /home/alberto/Documents/kia_gd_ws/install/simple_ur10e_description/share/simple_ur10e_description/package.xml
