[2.003s] Invoking command in '/home/alberto/Documents/kia_gd_ws/src/ROS-TCP-Endpoint': PYTHONPATH=/home/alberto/Documents/kia_gd_ws/build/ros_tcp_endpoint/prefix_override:/usr/lib/python3/dist-packages/colcon_core/task/python/colcon_distutils_commands:/home/alberto/Documents/kia_gd_ws/install/ros_tcp_endpoint/lib/python3.10/site-packages:${PYTHONPATH} /usr/bin/python3 -W ignore:setup.py install is deprecated -W ignore:easy_install command is deprecated setup.py egg_info --egg-base ../../build/ros_tcp_endpoint build --build-base /home/alberto/Documents/kia_gd_ws/build/ros_tcp_endpoint/build install --record /home/alberto/Documents/kia_gd_ws/build/ros_tcp_endpoint/install.log --install-scripts $base/lib/ros_tcp_endpoint --single-version-externally-managed install_data
[2.391s] /home/alberto/.local/lib/python3.10/site-packages/setuptools/dist.py:599: SetuptoolsDeprecationWarning: Invalid dash-separated key 'script-dir' in 'develop' (setup.cfg), please use the underscore name 'script_dir' instead.
[2.391s] !!
[2.391s] 
[2.394s]         ********************************************************************************
[2.394s]         Usage of dash-separated 'script-dir' will not be supported in future
[2.394s]         versions. Please use the underscore name 'script_dir' instead.
[2.394s] 
[2.394s]         By 2026-Mar-03, you need to update your project and remove deprecated calls
[2.395s]         or your builds will no longer be supported.
[2.395s] 
[2.395s]         See https://setuptools.pypa.io/en/latest/userguide/declarative_config.html for details.
[2.395s]         ********************************************************************************
[2.395s] 
[2.395s] !!
[2.395s]   opt = self._enforce_underscore(opt, section)
[2.427s] /home/alberto/.local/lib/python3.10/site-packages/setuptools/_distutils/dist.py:289: UserWarning: Unknown distribution option: 'tests_require'
[2.427s]   warnings.warn(msg)
[2.493s] /home/alberto/.local/lib/python3.10/site-packages/setuptools/dist.py:599: SetuptoolsDeprecationWarning: Invalid dash-separated key 'script-dir' in 'develop' (setup.cfg), please use the underscore name 'script_dir' instead.
[2.493s] !!
[2.493s] 
[2.493s]         ********************************************************************************
[2.493s]         Usage of dash-separated 'script-dir' will not be supported in future
[2.494s]         versions. Please use the underscore name 'script_dir' instead.
[2.494s]         (Affected: ros_tcp_endpoint).
[2.494s] 
[2.494s]         By 2026-Mar-03, you need to update your project and remove deprecated calls
[2.494s]         or your builds will no longer be supported.
[2.494s] 
[2.495s]         See https://setuptools.pypa.io/en/latest/userguide/declarative_config.html for details.
[2.495s]         ********************************************************************************
[2.496s] 
[2.496s] !!
[2.497s]   opt = self._enforce_underscore(opt, section)
[2.658s] running egg_info
[2.702s] writing ../../build/ros_tcp_endpoint/ros_tcp_endpoint.egg-info/PKG-INFO
[2.703s] writing dependency_links to ../../build/ros_tcp_endpoint/ros_tcp_endpoint.egg-info/dependency_links.txt
[2.707s] writing entry points to ../../build/ros_tcp_endpoint/ros_tcp_endpoint.egg-info/entry_points.txt
[2.708s] writing requirements to ../../build/ros_tcp_endpoint/ros_tcp_endpoint.egg-info/requires.txt
[2.708s] writing top-level names to ../../build/ros_tcp_endpoint/ros_tcp_endpoint.egg-info/top_level.txt
[2.801s] reading manifest file '../../build/ros_tcp_endpoint/ros_tcp_endpoint.egg-info/SOURCES.txt'
[2.803s] adding license file 'LICENSE'
[2.805s] writing manifest file '../../build/ros_tcp_endpoint/ros_tcp_endpoint.egg-info/SOURCES.txt'
[2.807s] running build
[2.807s] running build_py
[2.809s] copying ros_tcp_endpoint/service.py -> /home/alberto/Documents/kia_gd_ws/build/ros_tcp_endpoint/build/lib/ros_tcp_endpoint
[2.811s] copying ros_tcp_endpoint/client.py -> /home/alberto/Documents/kia_gd_ws/build/ros_tcp_endpoint/build/lib/ros_tcp_endpoint
[2.813s] copying ros_tcp_endpoint/publisher.py -> /home/alberto/Documents/kia_gd_ws/build/ros_tcp_endpoint/build/lib/ros_tcp_endpoint
[2.814s] copying ros_tcp_endpoint/thread_pauser.py -> /home/alberto/Documents/kia_gd_ws/build/ros_tcp_endpoint/build/lib/ros_tcp_endpoint
[2.815s] copying ros_tcp_endpoint/subscriber.py -> /home/alberto/Documents/kia_gd_ws/build/ros_tcp_endpoint/build/lib/ros_tcp_endpoint
[2.816s] copying ros_tcp_endpoint/server.py -> /home/alberto/Documents/kia_gd_ws/build/ros_tcp_endpoint/build/lib/ros_tcp_endpoint
[2.816s] copying ros_tcp_endpoint/default_server_endpoint.py -> /home/alberto/Documents/kia_gd_ws/build/ros_tcp_endpoint/build/lib/ros_tcp_endpoint
[2.817s] copying ros_tcp_endpoint/unity_service.py -> /home/alberto/Documents/kia_gd_ws/build/ros_tcp_endpoint/build/lib/ros_tcp_endpoint
[2.817s] copying ros_tcp_endpoint/communication.py -> /home/alberto/Documents/kia_gd_ws/build/ros_tcp_endpoint/build/lib/ros_tcp_endpoint
[2.818s] copying ros_tcp_endpoint/tcp_sender.py -> /home/alberto/Documents/kia_gd_ws/build/ros_tcp_endpoint/build/lib/ros_tcp_endpoint
[2.818s] copying ros_tcp_endpoint/__init__.py -> /home/alberto/Documents/kia_gd_ws/build/ros_tcp_endpoint/build/lib/ros_tcp_endpoint
[2.819s] copying ros_tcp_endpoint/exceptions.py -> /home/alberto/Documents/kia_gd_ws/build/ros_tcp_endpoint/build/lib/ros_tcp_endpoint
[2.820s] running install
[2.833s] running install_lib
[2.871s] running install_data
[2.873s] copying resource/ros_tcp_endpoint -> /home/alberto/Documents/kia_gd_ws/install/ros_tcp_endpoint/share/ament_index/resource_index/packages
[2.874s] copying package.xml -> /home/alberto/Documents/kia_gd_ws/install/ros_tcp_endpoint/share/ros_tcp_endpoint
[2.877s] copying launch/endpoint.py -> /home/alberto/Documents/kia_gd_ws/install/ros_tcp_endpoint/share/ros_tcp_endpoint/launch
[2.878s] running install_egg_info
[2.935s] removing '/home/alberto/Documents/kia_gd_ws/install/ros_tcp_endpoint/lib/python3.10/site-packages/ros_tcp_endpoint-0.0.1-py3.10.egg-info' (and everything under it)
[2.940s] Copying ../../build/ros_tcp_endpoint/ros_tcp_endpoint.egg-info to /home/alberto/Documents/kia_gd_ws/install/ros_tcp_endpoint/lib/python3.10/site-packages/ros_tcp_endpoint-0.0.1-py3.10.egg-info
[2.940s] running install_scripts
[3.141s] Installing default_server_endpoint script to /home/alberto/Documents/kia_gd_ws/install/ros_tcp_endpoint/lib/ros_tcp_endpoint
[3.143s] writing list of installed files to '/home/alberto/Documents/kia_gd_ws/build/ros_tcp_endpoint/install.log'
[3.229s] Invoked command in '/home/alberto/Documents/kia_gd_ws/src/ROS-TCP-Endpoint' returned '0': PYTHONPATH=/home/alberto/Documents/kia_gd_ws/build/ros_tcp_endpoint/prefix_override:/usr/lib/python3/dist-packages/colcon_core/task/python/colcon_distutils_commands:/home/alberto/Documents/kia_gd_ws/install/ros_tcp_endpoint/lib/python3.10/site-packages:${PYTHONPATH} /usr/bin/python3 -W ignore:setup.py install is deprecated -W ignore:easy_install command is deprecated setup.py egg_info --egg-base ../../build/ros_tcp_endpoint build --build-base /home/alberto/Documents/kia_gd_ws/build/ros_tcp_endpoint/build install --record /home/alberto/Documents/kia_gd_ws/build/ros_tcp_endpoint/install.log --install-scripts $base/lib/ros_tcp_endpoint --single-version-externally-managed install_data
