[0.012s] Invoking command in '/home/alberto/Documents/kia_gd_ws/build/ur_calibration': CMAKE_PREFIX_PATH=/home/alberto/Documents/kia_gd_ws/install/ur_robot_driver:/home/alberto/Documents/kia_gd_ws/install/ur_controllers:/home/alberto/Documents/kia_gd_ws/install/ur_dashboard_msgs:/home/alberto/Documents/kia_gd_ws/install/ur:/home/alberto/Documents/kia_gd_ws/install/ur_calibration:/home/alberto/Documents/kia_gd_ws/install/ur_moveit_config:/home/alberto/Documents/kia_gd_ws/install/ur_bringup:/home/alberto/Documents/kia_gd_ws/install/kia_gd:/home/alberto/install/vectornav:/home/alberto/install/vectornav_msgs:/home/alberto/install/uuv_teleop:/home/alberto/install/uuv_description:/home/alberto/install/sub:/home/alberto/install/pid:/home/alberto/ros2_ws/install/docker_test:/opt/ros/humble:/home/alberto/install/catkin:/home/alberto/ros2_ws/install/sub:/home/alberto/ros2_ws/install/pid:/home/alberto/ros2_ws/install/catkin:/home/alberto/uuv/install/uuv /usr/bin/cmake --build /home/alberto/Documents/kia_gd_ws/build/ur_calibration -- -j8 -l8
[0.052s] [ 16%] Built target gmock_main
[0.053s] [ 41%] Built target gmock
[0.056s] [ 66%] Built target calibration
[0.078s] [100%] Built target calibration_test
[0.078s] [100%] Built target calibration_correction
[0.086s] Invoked command in '/home/alberto/Documents/kia_gd_ws/build/ur_calibration' returned '0': CMAKE_PREFIX_PATH=/home/alberto/Documents/kia_gd_ws/install/ur_robot_driver:/home/alberto/Documents/kia_gd_ws/install/ur_controllers:/home/alberto/Documents/kia_gd_ws/install/ur_dashboard_msgs:/home/alberto/Documents/kia_gd_ws/install/ur:/home/alberto/Documents/kia_gd_ws/install/ur_calibration:/home/alberto/Documents/kia_gd_ws/install/ur_moveit_config:/home/alberto/Documents/kia_gd_ws/install/ur_bringup:/home/alberto/Documents/kia_gd_ws/install/kia_gd:/home/alberto/install/vectornav:/home/alberto/install/vectornav_msgs:/home/alberto/install/uuv_teleop:/home/alberto/install/uuv_description:/home/alberto/install/sub:/home/alberto/install/pid:/home/alberto/ros2_ws/install/docker_test:/opt/ros/humble:/home/alberto/install/catkin:/home/alberto/ros2_ws/install/sub:/home/alberto/ros2_ws/install/pid:/home/alberto/ros2_ws/install/catkin:/home/alberto/uuv/install/uuv /usr/bin/cmake --build /home/alberto/Documents/kia_gd_ws/build/ur_calibration -- -j8 -l8
[0.087s] Invoking command in '/home/alberto/Documents/kia_gd_ws/build/ur_calibration': CMAKE_PREFIX_PATH=/home/alberto/Documents/kia_gd_ws/install/ur_robot_driver:/home/alberto/Documents/kia_gd_ws/install/ur_controllers:/home/alberto/Documents/kia_gd_ws/install/ur_dashboard_msgs:/home/alberto/Documents/kia_gd_ws/install/ur:/home/alberto/Documents/kia_gd_ws/install/ur_calibration:/home/alberto/Documents/kia_gd_ws/install/ur_moveit_config:/home/alberto/Documents/kia_gd_ws/install/ur_bringup:/home/alberto/Documents/kia_gd_ws/install/kia_gd:/home/alberto/install/vectornav:/home/alberto/install/vectornav_msgs:/home/alberto/install/uuv_teleop:/home/alberto/install/uuv_description:/home/alberto/install/sub:/home/alberto/install/pid:/home/alberto/ros2_ws/install/docker_test:/opt/ros/humble:/home/alberto/install/catkin:/home/alberto/ros2_ws/install/sub:/home/alberto/ros2_ws/install/pid:/home/alberto/ros2_ws/install/catkin:/home/alberto/uuv/install/uuv /usr/bin/cmake --install /home/alberto/Documents/kia_gd_ws/build/ur_calibration
[0.093s] -- Install configuration: "Release"
[0.093s] -- Up-to-date: /home/alberto/Documents/kia_gd_ws/install/ur_calibration/lib/ur_calibration/calibration_correction
[0.093s] -- Up-to-date: /home/alberto/Documents/kia_gd_ws/install/ur_calibration/include
[0.093s] -- Up-to-date: /home/alberto/Documents/kia_gd_ws/install/ur_calibration/include/ur_calibration
[0.093s] -- Up-to-date: /home/alberto/Documents/kia_gd_ws/install/ur_calibration/include/ur_calibration/calibration.hpp
[0.093s] -- Up-to-date: /home/alberto/Documents/kia_gd_ws/install/ur_calibration/include/ur_calibration/calibration_consumer.hpp
[0.093s] -- Up-to-date: /home/alberto/Documents/kia_gd_ws/install/ur_calibration/share/ur_calibration/launch
[0.093s] -- Up-to-date: /home/alberto/Documents/kia_gd_ws/install/ur_calibration/share/ur_calibration/launch/calibration_correction.launch.py
[0.093s] -- Up-to-date: /home/alberto/Documents/kia_gd_ws/install/ur_calibration/share/ament_index/resource_index/package_run_dependencies/ur_calibration
[0.093s] -- Up-to-date: /home/alberto/Documents/kia_gd_ws/install/ur_calibration/share/ament_index/resource_index/parent_prefix_path/ur_calibration
[0.093s] -- Up-to-date: /home/alberto/Documents/kia_gd_ws/install/ur_calibration/share/ur_calibration/environment/ament_prefix_path.sh
[0.093s] -- Up-to-date: /home/alberto/Documents/kia_gd_ws/install/ur_calibration/share/ur_calibration/environment/ament_prefix_path.dsv
[0.094s] -- Up-to-date: /home/alberto/Documents/kia_gd_ws/install/ur_calibration/share/ur_calibration/environment/path.sh
[0.094s] -- Up-to-date: /home/alberto/Documents/kia_gd_ws/install/ur_calibration/share/ur_calibration/environment/path.dsv
[0.094s] -- Up-to-date: /home/alberto/Documents/kia_gd_ws/install/ur_calibration/share/ur_calibration/local_setup.bash
[0.094s] -- Up-to-date: /home/alberto/Documents/kia_gd_ws/install/ur_calibration/share/ur_calibration/local_setup.sh
[0.094s] -- Up-to-date: /home/alberto/Documents/kia_gd_ws/install/ur_calibration/share/ur_calibration/local_setup.zsh
[0.094s] -- Up-to-date: /home/alberto/Documents/kia_gd_ws/install/ur_calibration/share/ur_calibration/local_setup.dsv
[0.094s] -- Up-to-date: /home/alberto/Documents/kia_gd_ws/install/ur_calibration/share/ur_calibration/package.dsv
[0.094s] -- Up-to-date: /home/alberto/Documents/kia_gd_ws/install/ur_calibration/share/ament_index/resource_index/packages/ur_calibration
[0.094s] -- Up-to-date: /home/alberto/Documents/kia_gd_ws/install/ur_calibration/share/ur_calibration/cmake/ament_cmake_export_include_directories-extras.cmake
[0.094s] -- Up-to-date: /home/alberto/Documents/kia_gd_ws/install/ur_calibration/share/ur_calibration/cmake/ament_cmake_export_dependencies-extras.cmake
[0.094s] -- Up-to-date: /home/alberto/Documents/kia_gd_ws/install/ur_calibration/share/ur_calibration/cmake/ur_calibrationConfig.cmake
[0.094s] -- Up-to-date: /home/alberto/Documents/kia_gd_ws/install/ur_calibration/share/ur_calibration/cmake/ur_calibrationConfig-version.cmake
[0.094s] -- Up-to-date: /home/alberto/Documents/kia_gd_ws/install/ur_calibration/share/ur_calibration/package.xml
[0.095s] Invoked command in '/home/alberto/Documents/kia_gd_ws/build/ur_calibration' returned '0': CMAKE_PREFIX_PATH=/home/alberto/Documents/kia_gd_ws/install/ur_robot_driver:/home/alberto/Documents/kia_gd_ws/install/ur_controllers:/home/alberto/Documents/kia_gd_ws/install/ur_dashboard_msgs:/home/alberto/Documents/kia_gd_ws/install/ur:/home/alberto/Documents/kia_gd_ws/install/ur_calibration:/home/alberto/Documents/kia_gd_ws/install/ur_moveit_config:/home/alberto/Documents/kia_gd_ws/install/ur_bringup:/home/alberto/Documents/kia_gd_ws/install/kia_gd:/home/alberto/install/vectornav:/home/alberto/install/vectornav_msgs:/home/alberto/install/uuv_teleop:/home/alberto/install/uuv_description:/home/alberto/install/sub:/home/alberto/install/pid:/home/alberto/ros2_ws/install/docker_test:/opt/ros/humble:/home/alberto/install/catkin:/home/alberto/ros2_ws/install/sub:/home/alberto/ros2_ws/install/pid:/home/alberto/ros2_ws/install/catkin:/home/alberto/uuv/install/uuv /usr/bin/cmake --install /home/alberto/Documents/kia_gd_ws/build/ur_calibration
