[0.028s] Invoking command in '/home/alberto/Documents/kia_gd_ws/build/ur_robot_driver': CMAKE_PREFIX_PATH=/home/alberto/Documents/kia_gd_ws/install/ur_controllers:/home/alberto/Documents/kia_gd_ws/install/ur_dashboard_msgs:/home/alberto/Documents/kia_gd_ws/install/ur_ros_rtde_tutorials:/home/alberto/Documents/kia_gd_ws/install/ur_ros_rtde:/home/alberto/Documents/kia_gd_ws/install/ur_ros_rtde_simple_clients:/home/alberto/Documents/kia_gd_ws/install/ur_ros_rtde_gripper_commands:/home/alberto/Documents/kia_gd_ws/install/ur_ros_rtde_msgs:/home/alberto/Documents/kia_gd_ws/install/ur:/home/alberto/Documents/kia_gd_ws/install/ur_calibration:/home/alberto/Documents/kia_gd_ws/install/ur_robot_driver:/home/alberto/Documents/kia_gd_ws/install/ur_moveit_config:/home/alberto/Documents/kia_gd_ws/install/ur_bringup:/home/alberto/Documents/kia_gd_ws/install/simple_ur10e_moveit_config:/home/alberto/Documents/kia_gd_ws/install/simple_ur10e_description:/home/alberto/Documents/kia_gd_ws/install/kia_gd:/home/alberto/install/vectornav:/home/alberto/install/vectornav_msgs:/home/alberto/install/uuv_teleop:/home/alberto/install/uuv_description:/home/alberto/install/sub:/home/alberto/install/pid:/home/alberto/ros2_ws/install/docker_test:/opt/ros/humble:/home/alberto/install/catkin:/home/alberto/ros2_ws/install/sub:/home/alberto/ros2_ws/install/pid:/home/alberto/ros2_ws/install/catkin:/home/alberto/uuv/install/uuv LD_LIBRARY_PATH=/home/alberto/Documents/kia_gd_ws/install/ur_controllers/lib:/home/alberto/Documents/kia_gd_ws/install/ur_dashboard_msgs/lib:/home/alberto/Documents/kia_gd_ws/install/ur_ros_rtde_tutorials/lib:/home/alberto/Documents/kia_gd_ws/install/ur_ros_rtde/lib:/home/alberto/Documents/kia_gd_ws/install/ur_ros_rtde_gripper_commands/lib:/home/alberto/Documents/kia_gd_ws/install/ur_ros_rtde_msgs/lib:/home/alberto/Documents/kia_gd_ws/install/ur_robot_driver/lib:/home/alberto/install/vectornav/lib:/home/alberto/install/vectornav_msgs/lib:/opt/ros/humble/opt/rviz_ogre_vendor/lib:/opt/ros/humble/lib/x86_64-linux-gnu:/opt/ros/humble/lib /usr/bin/cmake --build /home/alberto/Documents/kia_gd_ws/build/ur_robot_driver -- -j8 -l8
[0.174s] [  9%] Built target ur_ros2_control_node
[0.174s] [ 31%] Built target ur_robot_driver_plugin
[0.176s] [ 45%] Built target controller_stopper_node
[0.177s] [ 54%] Built target urscript_interface
[0.183s] [ 54%] Built target ament_cmake_python_copy_ur_robot_driver
[0.194s] [ 72%] Built target dashboard_client
[0.194s] [ 81%] Built target trajectory_until_node
[0.195s] [100%] Built target robot_state_helper
[0.738s] running egg_info
[0.788s] writing ur_robot_driver.egg-info/PKG-INFO
[0.788s] writing dependency_links to ur_robot_driver.egg-info/dependency_links.txt
[0.788s] writing top-level names to ur_robot_driver.egg-info/top_level.txt
[0.903s] reading manifest file 'ur_robot_driver.egg-info/SOURCES.txt'
[0.903s] writing manifest file 'ur_robot_driver.egg-info/SOURCES.txt'
[0.961s] [100%] Built target ament_cmake_python_build_ur_robot_driver_egg
[0.980s] Invoked command in '/home/alberto/Documents/kia_gd_ws/build/ur_robot_driver' returned '0': CMAKE_PREFIX_PATH=/home/alberto/Documents/kia_gd_ws/install/ur_controllers:/home/alberto/Documents/kia_gd_ws/install/ur_dashboard_msgs:/home/alberto/Documents/kia_gd_ws/install/ur_ros_rtde_tutorials:/home/alberto/Documents/kia_gd_ws/install/ur_ros_rtde:/home/alberto/Documents/kia_gd_ws/install/ur_ros_rtde_simple_clients:/home/alberto/Documents/kia_gd_ws/install/ur_ros_rtde_gripper_commands:/home/alberto/Documents/kia_gd_ws/install/ur_ros_rtde_msgs:/home/alberto/Documents/kia_gd_ws/install/ur:/home/alberto/Documents/kia_gd_ws/install/ur_calibration:/home/alberto/Documents/kia_gd_ws/install/ur_robot_driver:/home/alberto/Documents/kia_gd_ws/install/ur_moveit_config:/home/alberto/Documents/kia_gd_ws/install/ur_bringup:/home/alberto/Documents/kia_gd_ws/install/simple_ur10e_moveit_config:/home/alberto/Documents/kia_gd_ws/install/simple_ur10e_description:/home/alberto/Documents/kia_gd_ws/install/kia_gd:/home/alberto/install/vectornav:/home/alberto/install/vectornav_msgs:/home/alberto/install/uuv_teleop:/home/alberto/install/uuv_description:/home/alberto/install/sub:/home/alberto/install/pid:/home/alberto/ros2_ws/install/docker_test:/opt/ros/humble:/home/alberto/install/catkin:/home/alberto/ros2_ws/install/sub:/home/alberto/ros2_ws/install/pid:/home/alberto/ros2_ws/install/catkin:/home/alberto/uuv/install/uuv LD_LIBRARY_PATH=/home/alberto/Documents/kia_gd_ws/install/ur_controllers/lib:/home/alberto/Documents/kia_gd_ws/install/ur_dashboard_msgs/lib:/home/alberto/Documents/kia_gd_ws/install/ur_ros_rtde_tutorials/lib:/home/alberto/Documents/kia_gd_ws/install/ur_ros_rtde/lib:/home/alberto/Documents/kia_gd_ws/install/ur_ros_rtde_gripper_commands/lib:/home/alberto/Documents/kia_gd_ws/install/ur_ros_rtde_msgs/lib:/home/alberto/Documents/kia_gd_ws/install/ur_robot_driver/lib:/home/alberto/install/vectornav/lib:/home/alberto/install/vectornav_msgs/lib:/opt/ros/humble/opt/rviz_ogre_vendor/lib:/opt/ros/humble/lib/x86_64-linux-gnu:/opt/ros/humble/lib /usr/bin/cmake --build /home/alberto/Documents/kia_gd_ws/build/ur_robot_driver -- -j8 -l8
[0.988s] Invoking command in '/home/alberto/Documents/kia_gd_ws/build/ur_robot_driver': CMAKE_PREFIX_PATH=/home/alberto/Documents/kia_gd_ws/install/ur_controllers:/home/alberto/Documents/kia_gd_ws/install/ur_dashboard_msgs:/home/alberto/Documents/kia_gd_ws/install/ur_ros_rtde_tutorials:/home/alberto/Documents/kia_gd_ws/install/ur_ros_rtde:/home/alberto/Documents/kia_gd_ws/install/ur_ros_rtde_simple_clients:/home/alberto/Documents/kia_gd_ws/install/ur_ros_rtde_gripper_commands:/home/alberto/Documents/kia_gd_ws/install/ur_ros_rtde_msgs:/home/alberto/Documents/kia_gd_ws/install/ur:/home/alberto/Documents/kia_gd_ws/install/ur_calibration:/home/alberto/Documents/kia_gd_ws/install/ur_robot_driver:/home/alberto/Documents/kia_gd_ws/install/ur_moveit_config:/home/alberto/Documents/kia_gd_ws/install/ur_bringup:/home/alberto/Documents/kia_gd_ws/install/simple_ur10e_moveit_config:/home/alberto/Documents/kia_gd_ws/install/simple_ur10e_description:/home/alberto/Documents/kia_gd_ws/install/kia_gd:/home/alberto/install/vectornav:/home/alberto/install/vectornav_msgs:/home/alberto/install/uuv_teleop:/home/alberto/install/uuv_description:/home/alberto/install/sub:/home/alberto/install/pid:/home/alberto/ros2_ws/install/docker_test:/opt/ros/humble:/home/alberto/install/catkin:/home/alberto/ros2_ws/install/sub:/home/alberto/ros2_ws/install/pid:/home/alberto/ros2_ws/install/catkin:/home/alberto/uuv/install/uuv LD_LIBRARY_PATH=/home/alberto/Documents/kia_gd_ws/install/ur_controllers/lib:/home/alberto/Documents/kia_gd_ws/install/ur_dashboard_msgs/lib:/home/alberto/Documents/kia_gd_ws/install/ur_ros_rtde_tutorials/lib:/home/alberto/Documents/kia_gd_ws/install/ur_ros_rtde/lib:/home/alberto/Documents/kia_gd_ws/install/ur_ros_rtde_gripper_commands/lib:/home/alberto/Documents/kia_gd_ws/install/ur_ros_rtde_msgs/lib:/home/alberto/Documents/kia_gd_ws/install/ur_robot_driver/lib:/home/alberto/install/vectornav/lib:/home/alberto/install/vectornav_msgs/lib:/opt/ros/humble/opt/rviz_ogre_vendor/lib:/opt/ros/humble/lib/x86_64-linux-gnu:/opt/ros/humble/lib /usr/bin/cmake --install /home/alberto/Documents/kia_gd_ws/build/ur_robot_driver
[0.997s] -- Install configuration: "Release"
[0.997s] -- Up-to-date: /home/alberto/Documents/kia_gd_ws/install/ur_robot_driver/share/ur_robot_driver/hardware_interface_plugin.xml
[0.997s] -- Up-to-date: /home/alberto/Documents/kia_gd_ws/install/ur_robot_driver/lib/ur_robot_driver/controller_stopper_node
[0.997s] -- Up-to-date: /home/alberto/Documents/kia_gd_ws/install/ur_robot_driver/lib/ur_robot_driver/dashboard_client
[0.998s] -- Up-to-date: /home/alberto/Documents/kia_gd_ws/install/ur_robot_driver/lib/ur_robot_driver/robot_state_helper
[0.998s] -- Up-to-date: /home/alberto/Documents/kia_gd_ws/install/ur_robot_driver/lib/ur_robot_driver/trajectory_until_node
[0.999s] -- Up-to-date: /home/alberto/Documents/kia_gd_ws/install/ur_robot_driver/lib/ur_robot_driver/ur_ros2_control_node
[1.000s] -- Up-to-date: /home/alberto/Documents/kia_gd_ws/install/ur_robot_driver/lib/ur_robot_driver/urscript_interface
[1.001s] -- Up-to-date: /home/alberto/Documents/kia_gd_ws/install/ur_robot_driver/lib/libur_robot_driver_plugin.so
[1.002s] -- Up-to-date: /home/alberto/Documents/kia_gd_ws/install/ur_robot_driver/include
[1.002s] -- Up-to-date: /home/alberto/Documents/kia_gd_ws/install/ur_robot_driver/include/ur_robot_driver
[1.003s] -- Up-to-date: /home/alberto/Documents/kia_gd_ws/install/ur_robot_driver/include/ur_robot_driver/controller_stopper.hpp
[1.003s] -- Up-to-date: /home/alberto/Documents/kia_gd_ws/install/ur_robot_driver/include/ur_robot_driver/dashboard_client_ros.hpp
[1.003s] -- Up-to-date: /home/alberto/Documents/kia_gd_ws/install/ur_robot_driver/include/ur_robot_driver/hardware_interface.hpp
[1.003s] -- Up-to-date: /home/alberto/Documents/kia_gd_ws/install/ur_robot_driver/include/ur_robot_driver/robot_state_helper.hpp
[1.003s] -- Up-to-date: /home/alberto/Documents/kia_gd_ws/install/ur_robot_driver/include/ur_robot_driver/urcl_log_handler.hpp
[1.003s] -- Up-to-date: /home/alberto/Documents/kia_gd_ws/install/ur_robot_driver/include/ur_robot_driver/trajectory_until_node.hpp
[1.003s] -- Up-to-date: /home/alberto/Documents/kia_gd_ws/install/ur_robot_driver/share/ur_robot_driver/environment/library_path.sh
[1.003s] -- Up-to-date: /home/alberto/Documents/kia_gd_ws/install/ur_robot_driver/share/ur_robot_driver/environment/library_path.dsv
[1.004s] -- Up-to-date: /home/alberto/Documents/kia_gd_ws/install/ur_robot_driver/share/ur_robot_driver/resources
[1.004s] -- Up-to-date: /home/alberto/Documents/kia_gd_ws/install/ur_robot_driver/share/ur_robot_driver/resources/externalcontrol-1.0.5.urcap
[1.004s] -- Up-to-date: /home/alberto/Documents/kia_gd_ws/install/ur_robot_driver/share/ur_robot_driver/resources/rtde_input_recipe.txt
[1.004s] -- Up-to-date: /home/alberto/Documents/kia_gd_ws/install/ur_robot_driver/share/ur_robot_driver/resources/rtde_output_recipe.txt
[1.004s] -- Up-to-date: /home/alberto/Documents/kia_gd_ws/install/ur_robot_driver/share/ur_robot_driver/resources/ros_control.urscript
[1.004s] -- Up-to-date: /home/alberto/Documents/kia_gd_ws/install/ur_robot_driver/share/ur_robot_driver/resources/rs485-1.0.urcap
[1.005s] -- Up-to-date: /home/alberto/Documents/kia_gd_ws/install/ur_robot_driver/include
[1.005s] -- Up-to-date: /home/alberto/Documents/kia_gd_ws/install/ur_robot_driver/include/ur_robot_driver
[1.005s] -- Up-to-date: /home/alberto/Documents/kia_gd_ws/install/ur_robot_driver/include/ur_robot_driver/controller_stopper.hpp
[1.005s] -- Up-to-date: /home/alberto/Documents/kia_gd_ws/install/ur_robot_driver/include/ur_robot_driver/dashboard_client_ros.hpp
[1.005s] -- Up-to-date: /home/alberto/Documents/kia_gd_ws/install/ur_robot_driver/include/ur_robot_driver/hardware_interface.hpp
[1.005s] -- Up-to-date: /home/alberto/Documents/kia_gd_ws/install/ur_robot_driver/include/ur_robot_driver/robot_state_helper.hpp
[1.005s] -- Up-to-date: /home/alberto/Documents/kia_gd_ws/install/ur_robot_driver/include/ur_robot_driver/urcl_log_handler.hpp
[1.005s] -- Up-to-date: /home/alberto/Documents/kia_gd_ws/install/ur_robot_driver/include/ur_robot_driver/trajectory_until_node.hpp
[1.005s] -- Up-to-date: /home/alberto/Documents/kia_gd_ws/install/ur_robot_driver/share/ur_robot_driver/environment/pythonpath.sh
[1.005s] -- Up-to-date: /home/alberto/Documents/kia_gd_ws/install/ur_robot_driver/share/ur_robot_driver/environment/pythonpath.dsv
[1.006s] -- Up-to-date: /home/alberto/Documents/kia_gd_ws/install/ur_robot_driver/local/lib/python3.10/dist-packages/ur_robot_driver-2.10.0-py3.10.egg-info
[1.007s] -- Installing: /home/alberto/Documents/kia_gd_ws/install/ur_robot_driver/local/lib/python3.10/dist-packages/ur_robot_driver-2.10.0-py3.10.egg-info/top_level.txt
[1.007s] -- Installing: /home/alberto/Documents/kia_gd_ws/install/ur_robot_driver/local/lib/python3.10/dist-packages/ur_robot_driver-2.10.0-py3.10.egg-info/SOURCES.txt
[1.007s] -- Installing: /home/alberto/Documents/kia_gd_ws/install/ur_robot_driver/local/lib/python3.10/dist-packages/ur_robot_driver-2.10.0-py3.10.egg-info/PKG-INFO
[1.007s] -- Installing: /home/alberto/Documents/kia_gd_ws/install/ur_robot_driver/local/lib/python3.10/dist-packages/ur_robot_driver-2.10.0-py3.10.egg-info/dependency_links.txt
[1.007s] -- Up-to-date: /home/alberto/Documents/kia_gd_ws/install/ur_robot_driver/local/lib/python3.10/dist-packages/ur_robot_driver
[1.007s] -- Up-to-date: /home/alberto/Documents/kia_gd_ws/install/ur_robot_driver/local/lib/python3.10/dist-packages/ur_robot_driver/__init__.py
[1.060s] Listing '/home/alberto/Documents/kia_gd_ws/install/ur_robot_driver/local/lib/python3.10/dist-packages/ur_robot_driver'...
[1.065s] -- Up-to-date: /home/alberto/Documents/kia_gd_ws/install/ur_robot_driver/lib/ur_robot_driver/tool_communication.py
[1.066s] -- Up-to-date: /home/alberto/Documents/kia_gd_ws/install/ur_robot_driver/lib/ur_robot_driver/example_move.py
[1.066s] -- Up-to-date: /home/alberto/Documents/kia_gd_ws/install/ur_robot_driver/lib/ur_robot_driver/start_ursim.sh
[1.066s] -- Up-to-date: /home/alberto/Documents/kia_gd_ws/install/ur_robot_driver/lib/ur_robot_driver/examples.py
[1.066s] -- Up-to-date: /home/alberto/Documents/kia_gd_ws/install/ur_robot_driver/lib/ur_robot_driver/force_mode.py
[1.066s] -- Up-to-date: /home/alberto/Documents/kia_gd_ws/install/ur_robot_driver/lib/ur_robot_driver/move_until_example.py
[1.066s] -- Up-to-date: /home/alberto/Documents/kia_gd_ws/install/ur_robot_driver/bin/wait_dashboard_server.sh
[1.066s] -- Up-to-date: /home/alberto/Documents/kia_gd_ws/install/ur_robot_driver/lib/ur_robot_driver/start_ursim.sh
[1.067s] -- Up-to-date: /home/alberto/Documents/kia_gd_ws/install/ur_robot_driver/share/ur_robot_driver/config
[1.067s] -- Up-to-date: /home/alberto/Documents/kia_gd_ws/install/ur_robot_driver/share/ur_robot_driver/config/ur3_update_rate.yaml
[1.067s] -- Up-to-date: /home/alberto/Documents/kia_gd_ws/install/ur_robot_driver/share/ur_robot_driver/config/ur7e_update_rate.yaml
[1.067s] -- Up-to-date: /home/alberto/Documents/kia_gd_ws/install/ur_robot_driver/share/ur_robot_driver/config/ur20_update_rate.yaml
[1.067s] -- Up-to-date: /home/alberto/Documents/kia_gd_ws/install/ur_robot_driver/share/ur_robot_driver/config/ur5_update_rate.yaml
[1.067s] -- Up-to-date: /home/alberto/Documents/kia_gd_ws/install/ur_robot_driver/share/ur_robot_driver/config/ur16e_update_rate.yaml
[1.067s] -- Up-to-date: /home/alberto/Documents/kia_gd_ws/install/ur_robot_driver/share/ur_robot_driver/config/ur8long_update_rate.yaml
[1.068s] -- Up-to-date: /home/alberto/Documents/kia_gd_ws/install/ur_robot_driver/share/ur_robot_driver/config/ur10e_update_rate.yaml
[1.068s] -- Up-to-date: /home/alberto/Documents/kia_gd_ws/install/ur_robot_driver/share/ur_robot_driver/config/ur18_update_rate.yaml
[1.068s] -- Up-to-date: /home/alberto/Documents/kia_gd_ws/install/ur_robot_driver/share/ur_robot_driver/config/ur10_update_rate.yaml
[1.068s] -- Up-to-date: /home/alberto/Documents/kia_gd_ws/install/ur_robot_driver/share/ur_robot_driver/config/ur12e_update_rate.yaml
[1.068s] -- Up-to-date: /home/alberto/Documents/kia_gd_ws/install/ur_robot_driver/share/ur_robot_driver/config/test_velocity_goal_publishers_config.yaml
[1.068s] -- Up-to-date: /home/alberto/Documents/kia_gd_ws/install/ur_robot_driver/share/ur_robot_driver/config/ur3e_update_rate.yaml
[1.069s] -- Up-to-date: /home/alberto/Documents/kia_gd_ws/install/ur_robot_driver/share/ur_robot_driver/config/ur_controllers.yaml
[1.069s] -- Up-to-date: /home/alberto/Documents/kia_gd_ws/install/ur_robot_driver/share/ur_robot_driver/config/ur5e_update_rate.yaml
[1.069s] -- Up-to-date: /home/alberto/Documents/kia_gd_ws/install/ur_robot_driver/share/ur_robot_driver/config/test_goal_publishers_config.yaml
[1.069s] -- Up-to-date: /home/alberto/Documents/kia_gd_ws/install/ur_robot_driver/share/ur_robot_driver/config/ur15_update_rate.yaml
[1.069s] -- Up-to-date: /home/alberto/Documents/kia_gd_ws/install/ur_robot_driver/share/ur_robot_driver/config/ur30_update_rate.yaml
[1.069s] -- Up-to-date: /home/alberto/Documents/kia_gd_ws/install/ur_robot_driver/share/ur_robot_driver/launch
[1.069s] -- Up-to-date: /home/alberto/Documents/kia_gd_ws/install/ur_robot_driver/share/ur_robot_driver/launch/ur10.launch.py
[1.069s] -- Up-to-date: /home/alberto/Documents/kia_gd_ws/install/ur_robot_driver/share/ur_robot_driver/launch/test_forward_velocity_controller.launch.py
[1.069s] -- Up-to-date: /home/alberto/Documents/kia_gd_ws/install/ur_robot_driver/share/ur_robot_driver/launch/ur3.launch.py
[1.070s] -- Up-to-date: /home/alberto/Documents/kia_gd_ws/install/ur_robot_driver/share/ur_robot_driver/launch/ur3e.launch.py
[1.070s] -- Up-to-date: /home/alberto/Documents/kia_gd_ws/install/ur_robot_driver/share/ur_robot_driver/launch/ur18.launch.py
[1.070s] -- Up-to-date: /home/alberto/Documents/kia_gd_ws/install/ur_robot_driver/share/ur_robot_driver/launch/ur_control.launch.py
[1.070s] -- Up-to-date: /home/alberto/Documents/kia_gd_ws/install/ur_robot_driver/share/ur_robot_driver/launch/test_joint_trajectory_controller.launch.py
[1.070s] -- Up-to-date: /home/alberto/Documents/kia_gd_ws/install/ur_robot_driver/share/ur_robot_driver/launch/ur10e.launch.py
[1.070s] -- Up-to-date: /home/alberto/Documents/kia_gd_ws/install/ur_robot_driver/share/ur_robot_driver/launch/ur5e.launch.py
[1.070s] -- Up-to-date: /home/alberto/Documents/kia_gd_ws/install/ur_robot_driver/share/ur_robot_driver/launch/ur12e.launch.py
[1.071s] -- Up-to-date: /home/alberto/Documents/kia_gd_ws/install/ur_robot_driver/share/ur_robot_driver/launch/ur_dashboard_client.launch.py
[1.071s] -- Up-to-date: /home/alberto/Documents/kia_gd_ws/install/ur_robot_driver/share/ur_robot_driver/launch/ur5.launch.py
[1.071s] -- Up-to-date: /home/alberto/Documents/kia_gd_ws/install/ur_robot_driver/share/ur_robot_driver/launch/ur16e.launch.py
[1.071s] -- Up-to-date: /home/alberto/Documents/kia_gd_ws/install/ur_robot_driver/share/ur_robot_driver/launch/test_scaled_joint_trajectory_controller.launch.py
[1.071s] -- Up-to-date: /home/alberto/Documents/kia_gd_ws/install/ur_robot_driver/share/ur_robot_driver/launch/ur20.launch.py
[1.071s] -- Up-to-date: /home/alberto/Documents/kia_gd_ws/install/ur_robot_driver/share/ur_robot_driver/launch/ur30.launch.py
[1.071s] -- Up-to-date: /home/alberto/Documents/kia_gd_ws/install/ur_robot_driver/share/ur_robot_driver/launch/ur8long.launch.py
[1.071s] -- Up-to-date: /home/alberto/Documents/kia_gd_ws/install/ur_robot_driver/share/ur_robot_driver/launch/ur15.launch.py
[1.071s] -- Up-to-date: /home/alberto/Documents/kia_gd_ws/install/ur_robot_driver/share/ur_robot_driver/launch/ur7e.launch.py
[1.071s] -- Up-to-date: /home/alberto/Documents/kia_gd_ws/install/ur_robot_driver/share/ament_index/resource_index/package_run_dependencies/ur_robot_driver
[1.071s] -- Up-to-date: /home/alberto/Documents/kia_gd_ws/install/ur_robot_driver/share/ament_index/resource_index/parent_prefix_path/ur_robot_driver
[1.072s] -- Up-to-date: /home/alberto/Documents/kia_gd_ws/install/ur_robot_driver/share/ur_robot_driver/environment/ament_prefix_path.sh
[1.072s] -- Up-to-date: /home/alberto/Documents/kia_gd_ws/install/ur_robot_driver/share/ur_robot_driver/environment/ament_prefix_path.dsv
[1.072s] -- Up-to-date: /home/alberto/Documents/kia_gd_ws/install/ur_robot_driver/share/ur_robot_driver/environment/path.sh
[1.072s] -- Up-to-date: /home/alberto/Documents/kia_gd_ws/install/ur_robot_driver/share/ur_robot_driver/environment/path.dsv
[1.072s] -- Up-to-date: /home/alberto/Documents/kia_gd_ws/install/ur_robot_driver/share/ur_robot_driver/local_setup.bash
[1.072s] -- Up-to-date: /home/alberto/Documents/kia_gd_ws/install/ur_robot_driver/share/ur_robot_driver/local_setup.sh
[1.072s] -- Up-to-date: /home/alberto/Documents/kia_gd_ws/install/ur_robot_driver/share/ur_robot_driver/local_setup.zsh
[1.072s] -- Up-to-date: /home/alberto/Documents/kia_gd_ws/install/ur_robot_driver/share/ur_robot_driver/local_setup.dsv
[1.073s] -- Installing: /home/alberto/Documents/kia_gd_ws/install/ur_robot_driver/share/ur_robot_driver/package.dsv
[1.073s] -- Up-to-date: /home/alberto/Documents/kia_gd_ws/install/ur_robot_driver/share/ament_index/resource_index/packages/ur_robot_driver
[1.073s] -- Up-to-date: /home/alberto/Documents/kia_gd_ws/install/ur_robot_driver/share/ament_index/resource_index/hardware_interface__pluginlib__plugin/ur_robot_driver
[1.073s] -- Up-to-date: /home/alberto/Documents/kia_gd_ws/install/ur_robot_driver/share/ur_robot_driver/cmake/ament_cmake_export_include_directories-extras.cmake
[1.073s] -- Up-to-date: /home/alberto/Documents/kia_gd_ws/install/ur_robot_driver/share/ur_robot_driver/cmake/ament_cmake_export_libraries-extras.cmake
[1.073s] -- Up-to-date: /home/alberto/Documents/kia_gd_ws/install/ur_robot_driver/share/ur_robot_driver/cmake/ament_cmake_export_dependencies-extras.cmake
[1.073s] -- Up-to-date: /home/alberto/Documents/kia_gd_ws/install/ur_robot_driver/share/ur_robot_driver/cmake/ur_robot_driverConfig.cmake
[1.073s] -- Up-to-date: /home/alberto/Documents/kia_gd_ws/install/ur_robot_driver/share/ur_robot_driver/cmake/ur_robot_driverConfig-version.cmake
[1.074s] -- Up-to-date: /home/alberto/Documents/kia_gd_ws/install/ur_robot_driver/share/ur_robot_driver/package.xml
[1.075s] Invoked command in '/home/alberto/Documents/kia_gd_ws/build/ur_robot_driver' returned '0': CMAKE_PREFIX_PATH=/home/alberto/Documents/kia_gd_ws/install/ur_controllers:/home/alberto/Documents/kia_gd_ws/install/ur_dashboard_msgs:/home/alberto/Documents/kia_gd_ws/install/ur_ros_rtde_tutorials:/home/alberto/Documents/kia_gd_ws/install/ur_ros_rtde:/home/alberto/Documents/kia_gd_ws/install/ur_ros_rtde_simple_clients:/home/alberto/Documents/kia_gd_ws/install/ur_ros_rtde_gripper_commands:/home/alberto/Documents/kia_gd_ws/install/ur_ros_rtde_msgs:/home/alberto/Documents/kia_gd_ws/install/ur:/home/alberto/Documents/kia_gd_ws/install/ur_calibration:/home/alberto/Documents/kia_gd_ws/install/ur_robot_driver:/home/alberto/Documents/kia_gd_ws/install/ur_moveit_config:/home/alberto/Documents/kia_gd_ws/install/ur_bringup:/home/alberto/Documents/kia_gd_ws/install/simple_ur10e_moveit_config:/home/alberto/Documents/kia_gd_ws/install/simple_ur10e_description:/home/alberto/Documents/kia_gd_ws/install/kia_gd:/home/alberto/install/vectornav:/home/alberto/install/vectornav_msgs:/home/alberto/install/uuv_teleop:/home/alberto/install/uuv_description:/home/alberto/install/sub:/home/alberto/install/pid:/home/alberto/ros2_ws/install/docker_test:/opt/ros/humble:/home/alberto/install/catkin:/home/alberto/ros2_ws/install/sub:/home/alberto/ros2_ws/install/pid:/home/alberto/ros2_ws/install/catkin:/home/alberto/uuv/install/uuv LD_LIBRARY_PATH=/home/alberto/Documents/kia_gd_ws/install/ur_controllers/lib:/home/alberto/Documents/kia_gd_ws/install/ur_dashboard_msgs/lib:/home/alberto/Documents/kia_gd_ws/install/ur_ros_rtde_tutorials/lib:/home/alberto/Documents/kia_gd_ws/install/ur_ros_rtde/lib:/home/alberto/Documents/kia_gd_ws/install/ur_ros_rtde_gripper_commands/lib:/home/alberto/Documents/kia_gd_ws/install/ur_ros_rtde_msgs/lib:/home/alberto/Documents/kia_gd_ws/install/ur_robot_driver/lib:/home/alberto/install/vectornav/lib:/home/alberto/install/vectornav_msgs/lib:/opt/ros/humble/opt/rviz_ogre_vendor/lib:/opt/ros/humble/lib/x86_64-linux-gnu:/opt/ros/humble/lib /usr/bin/cmake --install /home/alberto/Documents/kia_gd_ws/build/ur_robot_driver
