-- Found ament_cmake: 1.3.12 (/opt/ros/humble/share/ament_cmake/cmake)
-- Found rclcpp: 16.0.15 (/opt/ros/humble/share/rclcpp/cmake)
-- Found rosidl_generator_c: 3.1.7 (/opt/ros/humble/share/rosidl_generator_c/cmake)
-- Found rosidl_adapter: 3.1.7 (/opt/ros/humble/share/rosidl_adapter/cmake)
-- Found rosidl_generator_cpp: 3.1.7 (/opt/ros/humble/share/rosidl_generator_cpp/cmake)
-- Using all available rosidl_typesupport_c: rosidl_typesupport_fastrtps_c;rosidl_typesupport_introspection_c
-- Using all available rosidl_typesupport_cpp: rosidl_typesupport_fastrtps_cpp;rosidl_typesupport_introspection_cpp
-- Found rmw_implementation_cmake: 6.1.2 (/opt/ros/humble/share/rmw_implementation_cmake/cmake)
-- Found rmw_fastrtps_cpp: 6.2.9 (/opt/ros/humble/share/rmw_fastrtps_cpp/cmake)
-- Using RMW implementation 'rmw_fastrtps_cpp' as default
-- Found geometry_msgs: 4.9.0 (/opt/ros/humble/share/geometry_msgs/cmake)
-- Found sensor_msgs: 4.9.0 (/opt/ros/humble/share/sensor_msgs/cmake)
-- Found visualization_msgs: 4.9.0 (/opt/ros/humble/share/visualization_msgs/cmake)
-- Found ament_lint_auto: 0.12.14 (/opt/ros/humble/share/ament_lint_auto/cmake)
-- Added test 'cppcheck' to perform static code analysis on C / C++ code
-- Configured cppcheck include dirs: 
-- Configured cppcheck exclude dirs and/or files: 
-- Added test 'flake8' to check Python code syntax and style conventions
-- Added test 'lint_cmake' to check CMake code style
-- Added test 'pep257' to check Python code against some of the docstring style conventions in PEP 257
-- Added test 'uncrustify' to check C / C++ code style
-- Configured uncrustify additional arguments: 
-- Added test 'xmllint' to check XML markup files
-- Configuring done
-- Generating done
-- Build files have been written to: /home/alberto/Documents/kia_gd/build/kia_gd
-- Install configuration: ""
-- Installing: /home/alberto/Documents/kia_gd/install/kia_gd/share/ament_index/resource_index/package_run_dependencies/kia_gd
-- Installing: /home/alberto/Documents/kia_gd/install/kia_gd/share/ament_index/resource_index/parent_prefix_path/kia_gd
-- Up-to-date: /home/alberto/Documents/kia_gd/install/kia_gd/share/kia_gd/environment/ament_prefix_path.sh
-- Installing: /home/alberto/Documents/kia_gd/install/kia_gd/share/kia_gd/environment/ament_prefix_path.dsv
-- Up-to-date: /home/alberto/Documents/kia_gd/install/kia_gd/share/kia_gd/environment/path.sh
-- Installing: /home/alberto/Documents/kia_gd/install/kia_gd/share/kia_gd/environment/path.dsv
-- Up-to-date: /home/alberto/Documents/kia_gd/install/kia_gd/share/kia_gd/local_setup.bash
-- Up-to-date: /home/alberto/Documents/kia_gd/install/kia_gd/share/kia_gd/local_setup.sh
-- Up-to-date: /home/alberto/Documents/kia_gd/install/kia_gd/share/kia_gd/local_setup.zsh
-- Installing: /home/alberto/Documents/kia_gd/install/kia_gd/share/kia_gd/local_setup.dsv
-- Installing: /home/alberto/Documents/kia_gd/install/kia_gd/share/kia_gd/package.dsv
-- Up-to-date: /home/alberto/Documents/kia_gd/install/kia_gd/share/ament_index/resource_index/packages/kia_gd
-- Up-to-date: /home/alberto/Documents/kia_gd/install/kia_gd/share/kia_gd/cmake/kia_gdConfig.cmake
-- Up-to-date: /home/alberto/Documents/kia_gd/install/kia_gd/share/kia_gd/cmake/kia_gdConfig-version.cmake
-- Installing: /home/alberto/Documents/kia_gd/install/kia_gd/share/kia_gd/package.xml
