[0.008s] Invoking command in '/home/alberto/Documents/kia_gd/build/kia_gd': CMAKE_PREFIX_PATH=/home/alberto/ros2_ws/install/sub:/home/alberto/ros2_ws/install/pid:/home/alberto/ros2_ws/install/docker_test:/opt/ros/humble:/home/alberto/ros2_ws/install/catkin:/home/alberto/uuv/install/uuv /usr/bin/cmake --build /home/alberto/Documents/kia_gd/build/kia_gd -- -j8 -l8
[0.049s] -- Found ament_cmake: 1.3.12 (/opt/ros/humble/share/ament_cmake/cmake)
[0.160s] -- Found rclcpp: 16.0.15 (/opt/ros/humble/share/rclcpp/cmake)
[0.193s] -- Found rosidl_generator_c: 3.1.7 (/opt/ros/humble/share/rosidl_generator_c/cmake)
[0.196s] -- Found rosidl_adapter: 3.1.7 (/opt/ros/humble/share/rosidl_adapter/cmake)
[0.202s] -- Found rosidl_generator_cpp: 3.1.7 (/opt/ros/humble/share/rosidl_generator_cpp/cmake)
[0.212s] -- Using all available rosidl_typesupport_c: rosidl_typesupport_fastrtps_c;rosidl_typesupport_introspection_c
[0.224s] -- Using all available rosidl_typesupport_cpp: rosidl_typesupport_fastrtps_cpp;rosidl_typesupport_introspection_cpp
[0.253s] -- Found rmw_implementation_cmake: 6.1.2 (/opt/ros/humble/share/rmw_implementation_cmake/cmake)
[0.255s] -- Found rmw_fastrtps_cpp: 6.2.9 (/opt/ros/humble/share/rmw_fastrtps_cpp/cmake)
[0.325s] -- Using RMW implementation 'rmw_fastrtps_cpp' as default
[0.366s] -- Found geometry_msgs: 4.9.0 (/opt/ros/humble/share/geometry_msgs/cmake)
[0.376s] -- Found sensor_msgs: 4.9.0 (/opt/ros/humble/share/sensor_msgs/cmake)
[0.389s] -- Found visualization_msgs: 4.9.0 (/opt/ros/humble/share/visualization_msgs/cmake)
[0.403s] -- Found ament_lint_auto: 0.12.14 (/opt/ros/humble/share/ament_lint_auto/cmake)
[0.477s] -- Added test 'cppcheck' to perform static code analysis on C / C++ code
[0.477s] -- Configured cppcheck include dirs: 
[0.477s] -- Configured cppcheck exclude dirs and/or files: 
[0.478s] -- Added test 'flake8' to check Python code syntax and style conventions
[0.480s] -- Added test 'lint_cmake' to check CMake code style
[0.481s] -- Added test 'pep257' to check Python code against some of the docstring style conventions in PEP 257
[0.487s] -- Added test 'uncrustify' to check C / C++ code style
[0.487s] -- Configured uncrustify additional arguments: 
[0.488s] -- Added test 'xmllint' to check XML markup files
[0.489s] -- Configuring done
[0.495s] -- Generating done
[0.498s] -- Build files have been written to: /home/alberto/Documents/kia_gd/build/kia_gd
[0.518s] Invoked command in '/home/alberto/Documents/kia_gd/build/kia_gd' returned '0': CMAKE_PREFIX_PATH=/home/alberto/ros2_ws/install/sub:/home/alberto/ros2_ws/install/pid:/home/alberto/ros2_ws/install/docker_test:/opt/ros/humble:/home/alberto/ros2_ws/install/catkin:/home/alberto/uuv/install/uuv /usr/bin/cmake --build /home/alberto/Documents/kia_gd/build/kia_gd -- -j8 -l8
[0.525s] Invoking command in '/home/alberto/Documents/kia_gd/build/kia_gd': CMAKE_PREFIX_PATH=/home/alberto/ros2_ws/install/sub:/home/alberto/ros2_ws/install/pid:/home/alberto/ros2_ws/install/docker_test:/opt/ros/humble:/home/alberto/ros2_ws/install/catkin:/home/alberto/uuv/install/uuv /usr/bin/cmake --install /home/alberto/Documents/kia_gd/build/kia_gd
[0.531s] -- Install configuration: ""
[0.531s] -- Installing: /home/alberto/Documents/kia_gd/install/kia_gd/share/ament_index/resource_index/package_run_dependencies/kia_gd
[0.531s] -- Installing: /home/alberto/Documents/kia_gd/install/kia_gd/share/ament_index/resource_index/parent_prefix_path/kia_gd
[0.531s] -- Up-to-date: /home/alberto/Documents/kia_gd/install/kia_gd/share/kia_gd/environment/ament_prefix_path.sh
[0.531s] -- Installing: /home/alberto/Documents/kia_gd/install/kia_gd/share/kia_gd/environment/ament_prefix_path.dsv
[0.531s] -- Up-to-date: /home/alberto/Documents/kia_gd/install/kia_gd/share/kia_gd/environment/path.sh
[0.531s] -- Installing: /home/alberto/Documents/kia_gd/install/kia_gd/share/kia_gd/environment/path.dsv
[0.531s] -- Up-to-date: /home/alberto/Documents/kia_gd/install/kia_gd/share/kia_gd/local_setup.bash
[0.531s] -- Up-to-date: /home/alberto/Documents/kia_gd/install/kia_gd/share/kia_gd/local_setup.sh
[0.532s] -- Up-to-date: /home/alberto/Documents/kia_gd/install/kia_gd/share/kia_gd/local_setup.zsh
[0.532s] -- Installing: /home/alberto/Documents/kia_gd/install/kia_gd/share/kia_gd/local_setup.dsv
[0.532s] -- Installing: /home/alberto/Documents/kia_gd/install/kia_gd/share/kia_gd/package.dsv
[0.532s] -- Up-to-date: /home/alberto/Documents/kia_gd/install/kia_gd/share/ament_index/resource_index/packages/kia_gd
[0.532s] -- Up-to-date: /home/alberto/Documents/kia_gd/install/kia_gd/share/kia_gd/cmake/kia_gdConfig.cmake
[0.532s] -- Up-to-date: /home/alberto/Documents/kia_gd/install/kia_gd/share/kia_gd/cmake/kia_gdConfig-version.cmake
[0.532s] -- Installing: /home/alberto/Documents/kia_gd/install/kia_gd/share/kia_gd/package.xml
[0.534s] Invoked command in '/home/alberto/Documents/kia_gd/build/kia_gd' returned '0': CMAKE_PREFIX_PATH=/home/alberto/ros2_ws/install/sub:/home/alberto/ros2_ws/install/pid:/home/alberto/ros2_ws/install/docker_test:/opt/ros/humble:/home/alberto/ros2_ws/install/catkin:/home/alberto/uuv/install/uuv /usr/bin/cmake --install /home/alberto/Documents/kia_gd/build/kia_gd
