[0.018s] Invoking command in '/home/alberto/Documents/kia_gd_ws/build/visualizar_figuras': CMAKE_PREFIX_PATH=/home/alberto/Documents/kia_gd_ws/install/kia_gd:/home/alberto/ros2_ws/install/sub:/home/alberto/ros2_ws/install/pid:/home/alberto/ros2_ws/install/docker_test:/opt/ros/humble:/home/alberto/ros2_ws/install/catkin:/home/alberto/uuv/install/uuv /usr/bin/cmake /home/alberto/Documents/kia_gd_ws/src/visualizar_figuras -DCMAKE_INSTALL_PREFIX=/home/alberto/Documents/kia_gd_ws/install/visualizar_figuras
[0.018s] -- Found ament_cmake: 1.3.12 (/opt/ros/humble/share/ament_cmake/cmake)
[0.118s] -- Found robot_state_publisher: 3.0.3 (/opt/ros/humble/share/robot_state_publisher/cmake)
[0.134s] -- Found rosidl_generator_c: 3.1.7 (/opt/ros/humble/share/rosidl_generator_c/cmake)
[0.136s] -- Found rosidl_adapter: 3.1.7 (/opt/ros/humble/share/rosidl_adapter/cmake)
[0.140s] -- Found rosidl_generator_cpp: 3.1.7 (/opt/ros/humble/share/rosidl_generator_cpp/cmake)
[0.146s] -- Using all available rosidl_typesupport_c: rosidl_typesupport_fastrtps_c;rosidl_typesupport_introspection_c
[0.154s] -- Using all available rosidl_typesupport_cpp: rosidl_typesupport_fastrtps_cpp;rosidl_typesupport_introspection_cpp
[0.179s] -- Found eigen3_cmake_module: 0.1.1 (/opt/ros/humble/share/eigen3_cmake_module/cmake)
[0.180s] -- Ensuring Eigen3 include directory is part of orocos-kdl CMake target
[0.198s] -- Found rmw_implementation_cmake: 6.1.2 (/opt/ros/humble/share/rmw_implementation_cmake/cmake)
[0.199s] -- Found rmw_fastrtps_cpp: 6.2.9 (/opt/ros/humble/share/rmw_fastrtps_cpp/cmake)
[0.264s] -- Using RMW implementation 'rmw_fastrtps_cpp' as default
[0.388s] [31mCMake Error at CMakeLists.txt:11 (find_package):
[0.388s]   By not providing "Findjoint_state_publisher_gui.cmake" in CMAKE_MODULE_PATH
[0.388s]   this project has asked CMake to find a package configuration file provided
[0.388s]   by "joint_state_publisher_gui", but CMake did not find one.
[0.388s] 
[0.388s]   Could not find a package configuration file provided by
[0.388s]   "joint_state_publisher_gui" with any of the following names:
[0.388s] 
[0.388s]     joint_state_publisher_guiConfig.cmake
[0.388s]     joint_state_publisher_gui-config.cmake
[0.388s] 
[0.388s]   Add the installation prefix of "joint_state_publisher_gui" to
[0.388s]   CMAKE_PREFIX_PATH or set "joint_state_publisher_gui_DIR" to a directory
[0.388s]   containing one of the above files.  If "joint_state_publisher_gui" provides
[0.388s]   a separate development package or SDK, be sure it has been installed.
[0.388s] 
[0.388s] [0m
[0.389s] -- Configuring incomplete, errors occurred!
[0.389s] See also "/home/alberto/Documents/kia_gd_ws/build/visualizar_figuras/CMakeFiles/CMakeOutput.log".
[0.393s] Invoked command in '/home/alberto/Documents/kia_gd_ws/build/visualizar_figuras' returned '1': CMAKE_PREFIX_PATH=/home/alberto/Documents/kia_gd_ws/install/kia_gd:/home/alberto/ros2_ws/install/sub:/home/alberto/ros2_ws/install/pid:/home/alberto/ros2_ws/install/docker_test:/opt/ros/humble:/home/alberto/ros2_ws/install/catkin:/home/alberto/uuv/install/uuv /usr/bin/cmake /home/alberto/Documents/kia_gd_ws/src/visualizar_figuras -DCMAKE_INSTALL_PREFIX=/home/alberto/Documents/kia_gd_ws/install/visualizar_figuras
