[0.010s] Invoking command in '/home/alberto/Documents/kia_gd_ws/build/ur_robot_driver': CMAKE_PREFIX_PATH=/home/alberto/Documents/kia_gd_ws/install/ur_controllers:/home/alberto/Documents/kia_gd_ws/install/ur_dashboard_msgs:/home/alberto/Documents/kia_gd_ws/install/ur:/home/alberto/Documents/kia_gd_ws/install/ur_calibration:/home/alberto/Documents/kia_gd_ws/install/ur_robot_driver:/home/alberto/Documents/kia_gd_ws/install/ur_moveit_config:/home/alberto/Documents/kia_gd_ws/install/ur_bringup:/home/alberto/Documents/kia_gd_ws/install/kia_gd:/home/alberto/install/vectornav:/home/alberto/install/vectornav_msgs:/home/alberto/install/uuv_teleop:/home/alberto/install/uuv_description:/home/alberto/install/sub:/home/alberto/install/pid:/home/alberto/ros2_ws/install/docker_test:/opt/ros/humble:/home/alberto/install/catkin:/home/alberto/ros2_ws/install/sub:/home/alberto/ros2_ws/install/pid:/home/alberto/ros2_ws/install/catkin:/home/alberto/uuv/install/uuv LD_LIBRARY_PATH=/home/alberto/Documents/kia_gd_ws/install/ur_controllers/lib:/home/alberto/Documents/kia_gd_ws/install/ur_dashboard_msgs/lib:/home/alberto/Documents/kia_gd_ws/install/ur_robot_driver/lib:/home/alberto/install/vectornav/lib:/home/alberto/install/vectornav_msgs/lib:/opt/ros/humble/opt/rviz_ogre_vendor/lib:/opt/ros/humble/lib/x86_64-linux-gnu:/opt/ros/humble/lib /usr/bin/cmake --build /home/alberto/Documents/kia_gd_ws/build/ur_robot_driver -- -j8 -l8
[0.070s] [ 31%] Built target controller_stopper_node
[0.070s] [ 31%] Built target dashboard_client
[0.070s] [ 40%] Built target trajectory_until_node
[0.070s] [ 40%] Built target ament_cmake_python_copy_ur_robot_driver
[0.071s] [ 50%] Built target urscript_interface
[0.071s] [ 59%] Built target ur_ros2_control_node
[0.073s] [ 81%] Built target ur_robot_driver_plugin
[0.074s] [100%] Built target robot_state_helper
[0.256s] running egg_info
[0.269s] writing ur_robot_driver.egg-info/PKG-INFO
[0.270s] writing dependency_links to ur_robot_driver.egg-info/dependency_links.txt
[0.270s] writing top-level names to ur_robot_driver.egg-info/top_level.txt
[0.307s] reading manifest file 'ur_robot_driver.egg-info/SOURCES.txt'
[0.307s] writing manifest file 'ur_robot_driver.egg-info/SOURCES.txt'
[0.330s] [100%] Built target ament_cmake_python_build_ur_robot_driver_egg
[0.338s] Invoked command in '/home/alberto/Documents/kia_gd_ws/build/ur_robot_driver' returned '0': CMAKE_PREFIX_PATH=/home/alberto/Documents/kia_gd_ws/install/ur_controllers:/home/alberto/Documents/kia_gd_ws/install/ur_dashboard_msgs:/home/alberto/Documents/kia_gd_ws/install/ur:/home/alberto/Documents/kia_gd_ws/install/ur_calibration:/home/alberto/Documents/kia_gd_ws/install/ur_robot_driver:/home/alberto/Documents/kia_gd_ws/install/ur_moveit_config:/home/alberto/Documents/kia_gd_ws/install/ur_bringup:/home/alberto/Documents/kia_gd_ws/install/kia_gd:/home/alberto/install/vectornav:/home/alberto/install/vectornav_msgs:/home/alberto/install/uuv_teleop:/home/alberto/install/uuv_description:/home/alberto/install/sub:/home/alberto/install/pid:/home/alberto/ros2_ws/install/docker_test:/opt/ros/humble:/home/alberto/install/catkin:/home/alberto/ros2_ws/install/sub:/home/alberto/ros2_ws/install/pid:/home/alberto/ros2_ws/install/catkin:/home/alberto/uuv/install/uuv LD_LIBRARY_PATH=/home/alberto/Documents/kia_gd_ws/install/ur_controllers/lib:/home/alberto/Documents/kia_gd_ws/install/ur_dashboard_msgs/lib:/home/alberto/Documents/kia_gd_ws/install/ur_robot_driver/lib:/home/alberto/install/vectornav/lib:/home/alberto/install/vectornav_msgs/lib:/opt/ros/humble/opt/rviz_ogre_vendor/lib:/opt/ros/humble/lib/x86_64-linux-gnu:/opt/ros/humble/lib /usr/bin/cmake --build /home/alberto/Documents/kia_gd_ws/build/ur_robot_driver -- -j8 -l8
[0.340s] Invoking command in '/home/alberto/Documents/kia_gd_ws/build/ur_robot_driver': CMAKE_PREFIX_PATH=/home/alberto/Documents/kia_gd_ws/install/ur_controllers:/home/alberto/Documents/kia_gd_ws/install/ur_dashboard_msgs:/home/alberto/Documents/kia_gd_ws/install/ur:/home/alberto/Documents/kia_gd_ws/install/ur_calibration:/home/alberto/Documents/kia_gd_ws/install/ur_robot_driver:/home/alberto/Documents/kia_gd_ws/install/ur_moveit_config:/home/alberto/Documents/kia_gd_ws/install/ur_bringup:/home/alberto/Documents/kia_gd_ws/install/kia_gd:/home/alberto/install/vectornav:/home/alberto/install/vectornav_msgs:/home/alberto/install/uuv_teleop:/home/alberto/install/uuv_description:/home/alberto/install/sub:/home/alberto/install/pid:/home/alberto/ros2_ws/install/docker_test:/opt/ros/humble:/home/alberto/install/catkin:/home/alberto/ros2_ws/install/sub:/home/alberto/ros2_ws/install/pid:/home/alberto/ros2_ws/install/catkin:/home/alberto/uuv/install/uuv LD_LIBRARY_PATH=/home/alberto/Documents/kia_gd_ws/install/ur_controllers/lib:/home/alberto/Documents/kia_gd_ws/install/ur_dashboard_msgs/lib:/home/alberto/Documents/kia_gd_ws/install/ur_robot_driver/lib:/home/alberto/install/vectornav/lib:/home/alberto/install/vectornav_msgs/lib:/opt/ros/humble/opt/rviz_ogre_vendor/lib:/opt/ros/humble/lib/x86_64-linux-gnu:/opt/ros/humble/lib /usr/bin/cmake --install /home/alberto/Documents/kia_gd_ws/build/ur_robot_driver
[0.346s] -- Install configuration: "Release"
[0.346s] -- Up-to-date: /home/alberto/Documents/kia_gd_ws/install/ur_robot_driver/share/ur_robot_driver/hardware_interface_plugin.xml
[0.346s] -- Up-to-date: /home/alberto/Documents/kia_gd_ws/install/ur_robot_driver/lib/ur_robot_driver/controller_stopper_node
[0.346s] -- Up-to-date: /home/alberto/Documents/kia_gd_ws/install/ur_robot_driver/lib/ur_robot_driver/dashboard_client
[0.346s] -- Up-to-date: /home/alberto/Documents/kia_gd_ws/install/ur_robot_driver/lib/ur_robot_driver/robot_state_helper
[0.346s] -- Up-to-date: /home/alberto/Documents/kia_gd_ws/install/ur_robot_driver/lib/ur_robot_driver/trajectory_until_node
[0.346s] -- Up-to-date: /home/alberto/Documents/kia_gd_ws/install/ur_robot_driver/lib/ur_robot_driver/ur_ros2_control_node
[0.346s] -- Up-to-date: /home/alberto/Documents/kia_gd_ws/install/ur_robot_driver/lib/ur_robot_driver/urscript_interface
[0.347s] -- Up-to-date: /home/alberto/Documents/kia_gd_ws/install/ur_robot_driver/lib/libur_robot_driver_plugin.so
[0.347s] -- Up-to-date: /home/alberto/Documents/kia_gd_ws/install/ur_robot_driver/include
[0.347s] -- Up-to-date: /home/alberto/Documents/kia_gd_ws/install/ur_robot_driver/include/ur_robot_driver
[0.347s] -- Up-to-date: /home/alberto/Documents/kia_gd_ws/install/ur_robot_driver/include/ur_robot_driver/controller_stopper.hpp
[0.347s] -- Up-to-date: /home/alberto/Documents/kia_gd_ws/install/ur_robot_driver/include/ur_robot_driver/dashboard_client_ros.hpp
[0.347s] -- Up-to-date: /home/alberto/Documents/kia_gd_ws/install/ur_robot_driver/include/ur_robot_driver/hardware_interface.hpp
[0.347s] -- Up-to-date: /home/alberto/Documents/kia_gd_ws/install/ur_robot_driver/include/ur_robot_driver/robot_state_helper.hpp
[0.347s] -- Up-to-date: /home/alberto/Documents/kia_gd_ws/install/ur_robot_driver/include/ur_robot_driver/urcl_log_handler.hpp
[0.347s] -- Up-to-date: /home/alberto/Documents/kia_gd_ws/install/ur_robot_driver/include/ur_robot_driver/trajectory_until_node.hpp
[0.347s] -- Up-to-date: /home/alberto/Documents/kia_gd_ws/install/ur_robot_driver/share/ur_robot_driver/environment/library_path.sh
[0.347s] -- Up-to-date: /home/alberto/Documents/kia_gd_ws/install/ur_robot_driver/share/ur_robot_driver/environment/library_path.dsv
[0.347s] -- Up-to-date: /home/alberto/Documents/kia_gd_ws/install/ur_robot_driver/share/ur_robot_driver/resources
[0.347s] -- Up-to-date: /home/alberto/Documents/kia_gd_ws/install/ur_robot_driver/share/ur_robot_driver/resources/externalcontrol-1.0.5.urcap
[0.347s] -- Up-to-date: /home/alberto/Documents/kia_gd_ws/install/ur_robot_driver/share/ur_robot_driver/resources/rtde_input_recipe.txt
[0.348s] -- Up-to-date: /home/alberto/Documents/kia_gd_ws/install/ur_robot_driver/share/ur_robot_driver/resources/rtde_output_recipe.txt
[0.348s] -- Up-to-date: /home/alberto/Documents/kia_gd_ws/install/ur_robot_driver/share/ur_robot_driver/resources/ros_control.urscript
[0.348s] -- Up-to-date: /home/alberto/Documents/kia_gd_ws/install/ur_robot_driver/share/ur_robot_driver/resources/rs485-1.0.urcap
[0.348s] -- Up-to-date: /home/alberto/Documents/kia_gd_ws/install/ur_robot_driver/include
[0.348s] -- Up-to-date: /home/alberto/Documents/kia_gd_ws/install/ur_robot_driver/include/ur_robot_driver
[0.348s] -- Up-to-date: /home/alberto/Documents/kia_gd_ws/install/ur_robot_driver/include/ur_robot_driver/controller_stopper.hpp
[0.348s] -- Up-to-date: /home/alberto/Documents/kia_gd_ws/install/ur_robot_driver/include/ur_robot_driver/dashboard_client_ros.hpp
[0.348s] -- Up-to-date: /home/alberto/Documents/kia_gd_ws/install/ur_robot_driver/include/ur_robot_driver/hardware_interface.hpp
[0.348s] -- Up-to-date: /home/alberto/Documents/kia_gd_ws/install/ur_robot_driver/include/ur_robot_driver/robot_state_helper.hpp
[0.348s] -- Up-to-date: /home/alberto/Documents/kia_gd_ws/install/ur_robot_driver/include/ur_robot_driver/urcl_log_handler.hpp
[0.348s] -- Up-to-date: /home/alberto/Documents/kia_gd_ws/install/ur_robot_driver/include/ur_robot_driver/trajectory_until_node.hpp
[0.348s] -- Up-to-date: /home/alberto/Documents/kia_gd_ws/install/ur_robot_driver/share/ur_robot_driver/environment/pythonpath.sh
[0.348s] -- Up-to-date: /home/alberto/Documents/kia_gd_ws/install/ur_robot_driver/share/ur_robot_driver/environment/pythonpath.dsv
[0.348s] -- Up-to-date: /home/alberto/Documents/kia_gd_ws/install/ur_robot_driver/local/lib/python3.10/dist-packages/ur_robot_driver-2.10.0-py3.10.egg-info
[0.348s] -- Installing: /home/alberto/Documents/kia_gd_ws/install/ur_robot_driver/local/lib/python3.10/dist-packages/ur_robot_driver-2.10.0-py3.10.egg-info/top_level.txt
[0.348s] -- Installing: /home/alberto/Documents/kia_gd_ws/install/ur_robot_driver/local/lib/python3.10/dist-packages/ur_robot_driver-2.10.0-py3.10.egg-info/SOURCES.txt
[0.348s] -- Installing: /home/alberto/Documents/kia_gd_ws/install/ur_robot_driver/local/lib/python3.10/dist-packages/ur_robot_driver-2.10.0-py3.10.egg-info/PKG-INFO
[0.348s] -- Installing: /home/alberto/Documents/kia_gd_ws/install/ur_robot_driver/local/lib/python3.10/dist-packages/ur_robot_driver-2.10.0-py3.10.egg-info/dependency_links.txt
[0.348s] -- Up-to-date: /home/alberto/Documents/kia_gd_ws/install/ur_robot_driver/local/lib/python3.10/dist-packages/ur_robot_driver
[0.348s] -- Up-to-date: /home/alberto/Documents/kia_gd_ws/install/ur_robot_driver/local/lib/python3.10/dist-packages/ur_robot_driver/__init__.py
[0.375s] Listing '/home/alberto/Documents/kia_gd_ws/install/ur_robot_driver/local/lib/python3.10/dist-packages/ur_robot_driver'...
[0.378s] -- Up-to-date: /home/alberto/Documents/kia_gd_ws/install/ur_robot_driver/lib/ur_robot_driver/tool_communication.py
[0.378s] -- Up-to-date: /home/alberto/Documents/kia_gd_ws/install/ur_robot_driver/lib/ur_robot_driver/example_move.py
[0.378s] -- Up-to-date: /home/alberto/Documents/kia_gd_ws/install/ur_robot_driver/lib/ur_robot_driver/start_ursim.sh
[0.378s] -- Up-to-date: /home/alberto/Documents/kia_gd_ws/install/ur_robot_driver/lib/ur_robot_driver/examples.py
[0.378s] -- Up-to-date: /home/alberto/Documents/kia_gd_ws/install/ur_robot_driver/lib/ur_robot_driver/force_mode.py
[0.378s] -- Up-to-date: /home/alberto/Documents/kia_gd_ws/install/ur_robot_driver/lib/ur_robot_driver/move_until_example.py
[0.378s] -- Up-to-date: /home/alberto/Documents/kia_gd_ws/install/ur_robot_driver/bin/wait_dashboard_server.sh
[0.379s] -- Up-to-date: /home/alberto/Documents/kia_gd_ws/install/ur_robot_driver/lib/ur_robot_driver/start_ursim.sh
[0.379s] -- Up-to-date: /home/alberto/Documents/kia_gd_ws/install/ur_robot_driver/share/ur_robot_driver/config
[0.379s] -- Up-to-date: /home/alberto/Documents/kia_gd_ws/install/ur_robot_driver/share/ur_robot_driver/config/ur3_update_rate.yaml
[0.379s] -- Up-to-date: /home/alberto/Documents/kia_gd_ws/install/ur_robot_driver/share/ur_robot_driver/config/ur7e_update_rate.yaml
[0.379s] -- Up-to-date: /home/alberto/Documents/kia_gd_ws/install/ur_robot_driver/share/ur_robot_driver/config/ur20_update_rate.yaml
[0.379s] -- Up-to-date: /home/alberto/Documents/kia_gd_ws/install/ur_robot_driver/share/ur_robot_driver/config/ur5_update_rate.yaml
[0.379s] -- Up-to-date: /home/alberto/Documents/kia_gd_ws/install/ur_robot_driver/share/ur_robot_driver/config/ur16e_update_rate.yaml
[0.379s] -- Up-to-date: /home/alberto/Documents/kia_gd_ws/install/ur_robot_driver/share/ur_robot_driver/config/ur8long_update_rate.yaml
[0.379s] -- Up-to-date: /home/alberto/Documents/kia_gd_ws/install/ur_robot_driver/share/ur_robot_driver/config/ur10e_update_rate.yaml
[0.379s] -- Up-to-date: /home/alberto/Documents/kia_gd_ws/install/ur_robot_driver/share/ur_robot_driver/config/ur18_update_rate.yaml
[0.379s] -- Up-to-date: /home/alberto/Documents/kia_gd_ws/install/ur_robot_driver/share/ur_robot_driver/config/ur10_update_rate.yaml
[0.379s] -- Up-to-date: /home/alberto/Documents/kia_gd_ws/install/ur_robot_driver/share/ur_robot_driver/config/ur12e_update_rate.yaml
[0.379s] -- Up-to-date: /home/alberto/Documents/kia_gd_ws/install/ur_robot_driver/share/ur_robot_driver/config/test_velocity_goal_publishers_config.yaml
[0.379s] -- Up-to-date: /home/alberto/Documents/kia_gd_ws/install/ur_robot_driver/share/ur_robot_driver/config/ur3e_update_rate.yaml
[0.379s] -- Up-to-date: /home/alberto/Documents/kia_gd_ws/install/ur_robot_driver/share/ur_robot_driver/config/ur_controllers.yaml
[0.379s] -- Up-to-date: /home/alberto/Documents/kia_gd_ws/install/ur_robot_driver/share/ur_robot_driver/config/ur5e_update_rate.yaml
[0.379s] -- Up-to-date: /home/alberto/Documents/kia_gd_ws/install/ur_robot_driver/share/ur_robot_driver/config/test_goal_publishers_config.yaml
[0.379s] -- Up-to-date: /home/alberto/Documents/kia_gd_ws/install/ur_robot_driver/share/ur_robot_driver/config/ur15_update_rate.yaml
[0.379s] -- Up-to-date: /home/alberto/Documents/kia_gd_ws/install/ur_robot_driver/share/ur_robot_driver/config/ur30_update_rate.yaml
[0.379s] -- Up-to-date: /home/alberto/Documents/kia_gd_ws/install/ur_robot_driver/share/ur_robot_driver/launch
[0.379s] -- Up-to-date: /home/alberto/Documents/kia_gd_ws/install/ur_robot_driver/share/ur_robot_driver/launch/ur10.launch.py
[0.380s] -- Up-to-date: /home/alberto/Documents/kia_gd_ws/install/ur_robot_driver/share/ur_robot_driver/launch/test_forward_velocity_controller.launch.py
[0.380s] -- Up-to-date: /home/alberto/Documents/kia_gd_ws/install/ur_robot_driver/share/ur_robot_driver/launch/ur3.launch.py
[0.380s] -- Up-to-date: /home/alberto/Documents/kia_gd_ws/install/ur_robot_driver/share/ur_robot_driver/launch/ur3e.launch.py
[0.380s] -- Up-to-date: /home/alberto/Documents/kia_gd_ws/install/ur_robot_driver/share/ur_robot_driver/launch/ur18.launch.py
[0.380s] -- Up-to-date: /home/alberto/Documents/kia_gd_ws/install/ur_robot_driver/share/ur_robot_driver/launch/ur_control.launch.py
[0.380s] -- Up-to-date: /home/alberto/Documents/kia_gd_ws/install/ur_robot_driver/share/ur_robot_driver/launch/test_joint_trajectory_controller.launch.py
[0.380s] -- Up-to-date: /home/alberto/Documents/kia_gd_ws/install/ur_robot_driver/share/ur_robot_driver/launch/ur10e.launch.py
[0.380s] -- Up-to-date: /home/alberto/Documents/kia_gd_ws/install/ur_robot_driver/share/ur_robot_driver/launch/ur5e.launch.py
[0.380s] -- Up-to-date: /home/alberto/Documents/kia_gd_ws/install/ur_robot_driver/share/ur_robot_driver/launch/ur12e.launch.py
[0.380s] -- Up-to-date: /home/alberto/Documents/kia_gd_ws/install/ur_robot_driver/share/ur_robot_driver/launch/ur_dashboard_client.launch.py
[0.380s] -- Up-to-date: /home/alberto/Documents/kia_gd_ws/install/ur_robot_driver/share/ur_robot_driver/launch/ur5.launch.py
[0.380s] -- Up-to-date: /home/alberto/Documents/kia_gd_ws/install/ur_robot_driver/share/ur_robot_driver/launch/ur16e.launch.py
[0.380s] -- Up-to-date: /home/alberto/Documents/kia_gd_ws/install/ur_robot_driver/share/ur_robot_driver/launch/test_scaled_joint_trajectory_controller.launch.py
[0.380s] -- Up-to-date: /home/alberto/Documents/kia_gd_ws/install/ur_robot_driver/share/ur_robot_driver/launch/ur20.launch.py
[0.380s] -- Up-to-date: /home/alberto/Documents/kia_gd_ws/install/ur_robot_driver/share/ur_robot_driver/launch/ur30.launch.py
[0.380s] -- Up-to-date: /home/alberto/Documents/kia_gd_ws/install/ur_robot_driver/share/ur_robot_driver/launch/ur8long.launch.py
[0.380s] -- Up-to-date: /home/alberto/Documents/kia_gd_ws/install/ur_robot_driver/share/ur_robot_driver/launch/ur15.launch.py
[0.380s] -- Up-to-date: /home/alberto/Documents/kia_gd_ws/install/ur_robot_driver/share/ur_robot_driver/launch/ur7e.launch.py
[0.380s] -- Up-to-date: /home/alberto/Documents/kia_gd_ws/install/ur_robot_driver/share/ament_index/resource_index/package_run_dependencies/ur_robot_driver
[0.380s] -- Up-to-date: /home/alberto/Documents/kia_gd_ws/install/ur_robot_driver/share/ament_index/resource_index/parent_prefix_path/ur_robot_driver
[0.380s] -- Up-to-date: /home/alberto/Documents/kia_gd_ws/install/ur_robot_driver/share/ur_robot_driver/environment/ament_prefix_path.sh
[0.380s] -- Up-to-date: /home/alberto/Documents/kia_gd_ws/install/ur_robot_driver/share/ur_robot_driver/environment/ament_prefix_path.dsv
[0.380s] -- Up-to-date: /home/alberto/Documents/kia_gd_ws/install/ur_robot_driver/share/ur_robot_driver/environment/path.sh
[0.380s] -- Up-to-date: /home/alberto/Documents/kia_gd_ws/install/ur_robot_driver/share/ur_robot_driver/environment/path.dsv
[0.381s] -- Up-to-date: /home/alberto/Documents/kia_gd_ws/install/ur_robot_driver/share/ur_robot_driver/local_setup.bash
[0.381s] -- Up-to-date: /home/alberto/Documents/kia_gd_ws/install/ur_robot_driver/share/ur_robot_driver/local_setup.sh
[0.381s] -- Up-to-date: /home/alberto/Documents/kia_gd_ws/install/ur_robot_driver/share/ur_robot_driver/local_setup.zsh
[0.381s] -- Up-to-date: /home/alberto/Documents/kia_gd_ws/install/ur_robot_driver/share/ur_robot_driver/local_setup.dsv
[0.381s] -- Up-to-date: /home/alberto/Documents/kia_gd_ws/install/ur_robot_driver/share/ur_robot_driver/package.dsv
[0.381s] -- Up-to-date: /home/alberto/Documents/kia_gd_ws/install/ur_robot_driver/share/ament_index/resource_index/packages/ur_robot_driver
[0.381s] -- Up-to-date: /home/alberto/Documents/kia_gd_ws/install/ur_robot_driver/share/ament_index/resource_index/hardware_interface__pluginlib__plugin/ur_robot_driver
[0.381s] -- Up-to-date: /home/alberto/Documents/kia_gd_ws/install/ur_robot_driver/share/ur_robot_driver/cmake/ament_cmake_export_include_directories-extras.cmake
[0.381s] -- Up-to-date: /home/alberto/Documents/kia_gd_ws/install/ur_robot_driver/share/ur_robot_driver/cmake/ament_cmake_export_libraries-extras.cmake
[0.381s] -- Up-to-date: /home/alberto/Documents/kia_gd_ws/install/ur_robot_driver/share/ur_robot_driver/cmake/ament_cmake_export_dependencies-extras.cmake
[0.381s] -- Up-to-date: /home/alberto/Documents/kia_gd_ws/install/ur_robot_driver/share/ur_robot_driver/cmake/ur_robot_driverConfig.cmake
[0.381s] -- Up-to-date: /home/alberto/Documents/kia_gd_ws/install/ur_robot_driver/share/ur_robot_driver/cmake/ur_robot_driverConfig-version.cmake
[0.381s] -- Up-to-date: /home/alberto/Documents/kia_gd_ws/install/ur_robot_driver/share/ur_robot_driver/package.xml
[0.382s] Invoked command in '/home/alberto/Documents/kia_gd_ws/build/ur_robot_driver' returned '0': CMAKE_PREFIX_PATH=/home/alberto/Documents/kia_gd_ws/install/ur_controllers:/home/alberto/Documents/kia_gd_ws/install/ur_dashboard_msgs:/home/alberto/Documents/kia_gd_ws/install/ur:/home/alberto/Documents/kia_gd_ws/install/ur_calibration:/home/alberto/Documents/kia_gd_ws/install/ur_robot_driver:/home/alberto/Documents/kia_gd_ws/install/ur_moveit_config:/home/alberto/Documents/kia_gd_ws/install/ur_bringup:/home/alberto/Documents/kia_gd_ws/install/kia_gd:/home/alberto/install/vectornav:/home/alberto/install/vectornav_msgs:/home/alberto/install/uuv_teleop:/home/alberto/install/uuv_description:/home/alberto/install/sub:/home/alberto/install/pid:/home/alberto/ros2_ws/install/docker_test:/opt/ros/humble:/home/alberto/install/catkin:/home/alberto/ros2_ws/install/sub:/home/alberto/ros2_ws/install/pid:/home/alberto/ros2_ws/install/catkin:/home/alberto/uuv/install/uuv LD_LIBRARY_PATH=/home/alberto/Documents/kia_gd_ws/install/ur_controllers/lib:/home/alberto/Documents/kia_gd_ws/install/ur_dashboard_msgs/lib:/home/alberto/Documents/kia_gd_ws/install/ur_robot_driver/lib:/home/alberto/install/vectornav/lib:/home/alberto/install/vectornav_msgs/lib:/opt/ros/humble/opt/rviz_ogre_vendor/lib:/opt/ros/humble/lib/x86_64-linux-gnu:/opt/ros/humble/lib /usr/bin/cmake --install /home/alberto/Documents/kia_gd_ws/build/ur_robot_driver
