-- Install configuration: ""
-- Up-to-date: /home/alberto/Documents/kia_gd_ws/install/kia_gd/share/kia_gd/launch
-- Up-to-date: /home/alberto/Documents/kia_gd_ws/install/kia_gd/share/kia_gd/launch/launch.py
-- Up-to-date: /home/alberto/Documents/kia_gd_ws/install/kia_gd/share/kia_gd/urdf
-- Installing: /home/alberto/Documents/kia_gd_ws/install/kia_gd/share/kia_gd/urdf/install
-- Installing: /home/alberto/Documents/kia_gd_ws/install/kia_gd/share/kia_gd/urdf/install/setup.bash
-- Installing: /home/alberto/Documents/kia_gd_ws/install/kia_gd/share/kia_gd/urdf/install/_local_setup_util_sh.py
-- Installing: /home/alberto/Documents/kia_gd_ws/install/kia_gd/share/kia_gd/urdf/install/local_setup.ps1
-- Installing: /home/alberto/Documents/kia_gd_ws/install/kia_gd/share/kia_gd/urdf/install/COLCON_IGNORE
-- Installing: /home/alberto/Documents/kia_gd_ws/install/kia_gd/share/kia_gd/urdf/install/setup.zsh
-- Installing: /home/alberto/Documents/kia_gd_ws/install/kia_gd/share/kia_gd/urdf/install/setup.ps1
-- Installing: /home/alberto/Documents/kia_gd_ws/install/kia_gd/share/kia_gd/urdf/install/setup.sh
-- Installing: /home/alberto/Documents/kia_gd_ws/install/kia_gd/share/kia_gd/urdf/install/local_setup.sh
-- Installing: /home/alberto/Documents/kia_gd_ws/install/kia_gd/share/kia_gd/urdf/install/local_setup.zsh
-- Installing: /home/alberto/Documents/kia_gd_ws/install/kia_gd/share/kia_gd/urdf/install/_local_setup_util_ps1.py
-- Installing: /home/alberto/Documents/kia_gd_ws/install/kia_gd/share/kia_gd/urdf/install/local_setup.bash
-- Installing: /home/alberto/Documents/kia_gd_ws/install/kia_gd/share/kia_gd/urdf/install/.colcon_install_layout
-- Installing: /home/alberto/Documents/kia_gd_ws/install/kia_gd/share/kia_gd/urdf/log
-- Installing: /home/alberto/Documents/kia_gd_ws/install/kia_gd/share/kia_gd/urdf/log/build_2025-10-31_13-45-53
-- Installing: /home/alberto/Documents/kia_gd_ws/install/kia_gd/share/kia_gd/urdf/log/build_2025-10-31_13-45-53/events.log
-- Installing: /home/alberto/Documents/kia_gd_ws/install/kia_gd/share/kia_gd/urdf/log/build_2025-10-31_13-45-53/logger_all.log
-- Installing: /home/alberto/Documents/kia_gd_ws/install/kia_gd/share/kia_gd/urdf/log/COLCON_IGNORE
-- Installing: /home/alberto/Documents/kia_gd_ws/install/kia_gd/share/kia_gd/urdf/log/latest_build
-- Installing: /home/alberto/Documents/kia_gd_ws/install/kia_gd/share/kia_gd/urdf/log/latest
-- Installing: /home/alberto/Documents/kia_gd_ws/install/kia_gd/share/kia_gd/urdf/ur5.urdf
-- Installing: /home/alberto/Documents/kia_gd_ws/install/kia_gd/share/kia_gd/urdf/build
-- Installing: /home/alberto/Documents/kia_gd_ws/install/kia_gd/share/kia_gd/urdf/build/.built_by
-- Installing: /home/alberto/Documents/kia_gd_ws/install/kia_gd/share/kia_gd/urdf/build/COLCON_IGNORE
-- Up-to-date: /home/alberto/Documents/kia_gd_ws/install/kia_gd/share/kia_gd/meshes
-- Up-to-date: /home/alberto/Documents/kia_gd_ws/install/kia_gd/share/kia_gd/meshes/base.dae
-- Up-to-date: /home/alberto/Documents/kia_gd_ws/install/kia_gd/share/kia_gd/meshes/J4.stl
-- Up-to-date: /home/alberto/Documents/kia_gd_ws/install/kia_gd/share/kia_gd/meshes/J6.dae
-- Up-to-date: /home/alberto/Documents/kia_gd_ws/install/kia_gd/share/kia_gd/meshes/Base.stl
-- Up-to-date: /home/alberto/Documents/kia_gd_ws/install/kia_gd/share/kia_gd/meshes/J1_m_ascii.STL
-- Up-to-date: /home/alberto/Documents/kia_gd_ws/install/kia_gd/share/kia_gd/meshes/KIA_CAD.stl
-- Up-to-date: /home/alberto/Documents/kia_gd_ws/install/kia_gd/share/kia_gd/meshes/J4_m_ascii.STL
-- Up-to-date: /home/alberto/Documents/kia_gd_ws/install/kia_gd/share/kia_gd/meshes/J5.stl
-- Up-to-date: /home/alberto/Documents/kia_gd_ws/install/kia_gd/share/kia_gd/meshes/J3.stl
-- Up-to-date: /home/alberto/Documents/kia_gd_ws/install/kia_gd/share/kia_gd/meshes/J2_m_ascii.STL
-- Up-to-date: /home/alberto/Documents/kia_gd_ws/install/kia_gd/share/kia_gd/meshes/J2.dae
-- Up-to-date: /home/alberto/Documents/kia_gd_ws/install/kia_gd/share/kia_gd/meshes/J4.dae
-- Up-to-date: /home/alberto/Documents/kia_gd_ws/install/kia_gd/share/kia_gd/meshes/J5.dae
-- Up-to-date: /home/alberto/Documents/kia_gd_ws/install/kia_gd/share/kia_gd/meshes/J1.stl
-- Up-to-date: /home/alberto/Documents/kia_gd_ws/install/kia_gd/share/kia_gd/meshes/J2.stl
-- Up-to-date: /home/alberto/Documents/kia_gd_ws/install/kia_gd/share/kia_gd/meshes/J6.stl
-- Up-to-date: /home/alberto/Documents/kia_gd_ws/install/kia_gd/share/kia_gd/meshes/J3_m_ascii.STL
-- Up-to-date: /home/alberto/Documents/kia_gd_ws/install/kia_gd/share/kia_gd/meshes/Deslizador.stl
-- Up-to-date: /home/alberto/Documents/kia_gd_ws/install/kia_gd/share/kia_gd/meshes/J3.dae
-- Up-to-date: /home/alberto/Documents/kia_gd_ws/install/kia_gd/share/kia_gd/meshes/J5_m_ascii.STL
-- Up-to-date: /home/alberto/Documents/kia_gd_ws/install/kia_gd/share/kia_gd/meshes/J6_m_ascii.STL
-- Up-to-date: /home/alberto/Documents/kia_gd_ws/install/kia_gd/share/kia_gd/meshes/Base_m_ascii.STL
-- Up-to-date: /home/alberto/Documents/kia_gd_ws/install/kia_gd/share/kia_gd/meshes/J1.dae
-- Up-to-date: /home/alberto/Documents/kia_gd_ws/install/kia_gd/share/kia_gd/rviz
-- Up-to-date: /home/alberto/Documents/kia_gd_ws/install/kia_gd/share/kia_gd/rviz/rviz.rviz
-- Up-to-date: /home/alberto/Documents/kia_gd_ws/install/kia_gd/share/ament_index/resource_index/package_run_dependencies/kia_gd
-- Up-to-date: /home/alberto/Documents/kia_gd_ws/install/kia_gd/share/ament_index/resource_index/parent_prefix_path/kia_gd
-- Up-to-date: /home/alberto/Documents/kia_gd_ws/install/kia_gd/share/kia_gd/environment/ament_prefix_path.sh
-- Up-to-date: /home/alberto/Documents/kia_gd_ws/install/kia_gd/share/kia_gd/environment/ament_prefix_path.dsv
-- Up-to-date: /home/alberto/Documents/kia_gd_ws/install/kia_gd/share/kia_gd/environment/path.sh
-- Up-to-date: /home/alberto/Documents/kia_gd_ws/install/kia_gd/share/kia_gd/environment/path.dsv
-- Up-to-date: /home/alberto/Documents/kia_gd_ws/install/kia_gd/share/kia_gd/local_setup.bash
-- Up-to-date: /home/alberto/Documents/kia_gd_ws/install/kia_gd/share/kia_gd/local_setup.sh
-- Up-to-date: /home/alberto/Documents/kia_gd_ws/install/kia_gd/share/kia_gd/local_setup.zsh
-- Up-to-date: /home/alberto/Documents/kia_gd_ws/install/kia_gd/share/kia_gd/local_setup.dsv
-- Installing: /home/alberto/Documents/kia_gd_ws/install/kia_gd/share/kia_gd/package.dsv
-- Up-to-date: /home/alberto/Documents/kia_gd_ws/install/kia_gd/share/ament_index/resource_index/packages/kia_gd
-- Up-to-date: /home/alberto/Documents/kia_gd_ws/install/kia_gd/share/kia_gd/cmake/kia_gdConfig.cmake
-- Up-to-date: /home/alberto/Documents/kia_gd_ws/install/kia_gd/share/kia_gd/cmake/kia_gdConfig-version.cmake
-- Up-to-date: /home/alberto/Documents/kia_gd_ws/install/kia_gd/share/kia_gd/package.xml
