[0.008s] Invoking command in '/home/alberto/Documents/kia_gd_ws/build/kia_gd': CMAKE_PREFIX_PATH=/home/alberto/Documents/kia_gd_ws/install/kia_gd:/home/alberto/ros2_ws/install/sub:/home/alberto/ros2_ws/install/pid:/home/alberto/ros2_ws/install/docker_test:/opt/ros/humble:/home/alberto/ros2_ws/install/catkin:/home/alberto/uuv/install/uuv /usr/bin/cmake --build /home/alberto/Documents/kia_gd_ws/build/kia_gd -- -j8 -l8
[0.024s] -- Found ament_cmake: 1.3.12 (/opt/ros/humble/share/ament_cmake/cmake)
[0.116s] -- Found rclcpp: 16.0.15 (/opt/ros/humble/share/rclcpp/cmake)
[0.135s] -- Found rosidl_generator_c: 3.1.7 (/opt/ros/humble/share/rosidl_generator_c/cmake)
[0.137s] -- Found rosidl_adapter: 3.1.7 (/opt/ros/humble/share/rosidl_adapter/cmake)
[0.141s] -- Found rosidl_generator_cpp: 3.1.7 (/opt/ros/humble/share/rosidl_generator_cpp/cmake)
[0.147s] -- Using all available rosidl_typesupport_c: rosidl_typesupport_fastrtps_c;rosidl_typesupport_introspection_c
[0.156s] -- Using all available rosidl_typesupport_cpp: rosidl_typesupport_fastrtps_cpp;rosidl_typesupport_introspection_cpp
[0.181s] -- Found rmw_implementation_cmake: 6.1.2 (/opt/ros/humble/share/rmw_implementation_cmake/cmake)
[0.182s] -- Found rmw_fastrtps_cpp: 6.2.9 (/opt/ros/humble/share/rmw_fastrtps_cpp/cmake)
[0.253s] -- Using RMW implementation 'rmw_fastrtps_cpp' as default
[0.285s] -- Found geometry_msgs: 4.9.0 (/opt/ros/humble/share/geometry_msgs/cmake)
[0.293s] -- Found sensor_msgs: 4.9.0 (/opt/ros/humble/share/sensor_msgs/cmake)
[0.304s] -- Found visualization_msgs: 4.9.0 (/opt/ros/humble/share/visualization_msgs/cmake)
[0.316s] -- Found ament_lint_auto: 0.12.14 (/opt/ros/humble/share/ament_lint_auto/cmake)
[0.391s] -- Added test 'cppcheck' to perform static code analysis on C / C++ code
[0.391s] -- Configured cppcheck include dirs: 
[0.391s] -- Configured cppcheck exclude dirs and/or files: 
[0.392s] -- Added test 'flake8' to check Python code syntax and style conventions
[0.394s] -- Added test 'lint_cmake' to check CMake code style
[0.395s] -- Added test 'pep257' to check Python code against some of the docstring style conventions in PEP 257
[0.402s] -- Added test 'uncrustify' to check C / C++ code style
[0.402s] -- Configured uncrustify additional arguments: 
[0.404s] -- Added test 'xmllint' to check XML markup files
[0.404s] -- Configuring done
[0.407s] -- Generating done
[0.408s] -- Build files have been written to: /home/alberto/Documents/kia_gd_ws/build/kia_gd
[0.426s] Invoked command in '/home/alberto/Documents/kia_gd_ws/build/kia_gd' returned '0': CMAKE_PREFIX_PATH=/home/alberto/Documents/kia_gd_ws/install/kia_gd:/home/alberto/ros2_ws/install/sub:/home/alberto/ros2_ws/install/pid:/home/alberto/ros2_ws/install/docker_test:/opt/ros/humble:/home/alberto/ros2_ws/install/catkin:/home/alberto/uuv/install/uuv /usr/bin/cmake --build /home/alberto/Documents/kia_gd_ws/build/kia_gd -- -j8 -l8
[0.436s] Invoking command in '/home/alberto/Documents/kia_gd_ws/build/kia_gd': CMAKE_PREFIX_PATH=/home/alberto/Documents/kia_gd_ws/install/kia_gd:/home/alberto/ros2_ws/install/sub:/home/alberto/ros2_ws/install/pid:/home/alberto/ros2_ws/install/docker_test:/opt/ros/humble:/home/alberto/ros2_ws/install/catkin:/home/alberto/uuv/install/uuv /usr/bin/cmake --install /home/alberto/Documents/kia_gd_ws/build/kia_gd
[0.443s] -- Install configuration: ""
[0.444s] -- Up-to-date: /home/alberto/Documents/kia_gd_ws/install/kia_gd/share/kia_gd/launch
[0.444s] -- Up-to-date: /home/alberto/Documents/kia_gd_ws/install/kia_gd/share/kia_gd/launch/launch.py
[0.444s] -- Up-to-date: /home/alberto/Documents/kia_gd_ws/install/kia_gd/share/kia_gd/urdf
[0.444s] -- Up-to-date: /home/alberto/Documents/kia_gd_ws/install/kia_gd/share/kia_gd/urdf/kia.urdf
[0.444s] -- Up-to-date: /home/alberto/Documents/kia_gd_ws/install/kia_gd/share/kia_gd/urdf/install
[0.444s] -- Up-to-date: /home/alberto/Documents/kia_gd_ws/install/kia_gd/share/kia_gd/urdf/install/setup.bash
[0.444s] -- Up-to-date: /home/alberto/Documents/kia_gd_ws/install/kia_gd/share/kia_gd/urdf/install/_local_setup_util_sh.py
[0.444s] -- Up-to-date: /home/alberto/Documents/kia_gd_ws/install/kia_gd/share/kia_gd/urdf/install/local_setup.ps1
[0.444s] -- Up-to-date: /home/alberto/Documents/kia_gd_ws/install/kia_gd/share/kia_gd/urdf/install/COLCON_IGNORE
[0.445s] -- Up-to-date: /home/alberto/Documents/kia_gd_ws/install/kia_gd/share/kia_gd/urdf/install/setup.zsh
[0.445s] -- Up-to-date: /home/alberto/Documents/kia_gd_ws/install/kia_gd/share/kia_gd/urdf/install/setup.ps1
[0.445s] -- Up-to-date: /home/alberto/Documents/kia_gd_ws/install/kia_gd/share/kia_gd/urdf/install/setup.sh
[0.445s] -- Up-to-date: /home/alberto/Documents/kia_gd_ws/install/kia_gd/share/kia_gd/urdf/install/local_setup.sh
[0.445s] -- Up-to-date: /home/alberto/Documents/kia_gd_ws/install/kia_gd/share/kia_gd/urdf/install/local_setup.zsh
[0.446s] -- Up-to-date: /home/alberto/Documents/kia_gd_ws/install/kia_gd/share/kia_gd/urdf/install/_local_setup_util_ps1.py
[0.446s] -- Up-to-date: /home/alberto/Documents/kia_gd_ws/install/kia_gd/share/kia_gd/urdf/install/local_setup.bash
[0.447s] -- Up-to-date: /home/alberto/Documents/kia_gd_ws/install/kia_gd/share/kia_gd/urdf/install/.colcon_install_layout
[0.447s] -- Up-to-date: /home/alberto/Documents/kia_gd_ws/install/kia_gd/share/kia_gd/urdf/log
[0.447s] -- Up-to-date: /home/alberto/Documents/kia_gd_ws/install/kia_gd/share/kia_gd/urdf/log/build_2025-10-31_13-45-53
[0.448s] -- Up-to-date: /home/alberto/Documents/kia_gd_ws/install/kia_gd/share/kia_gd/urdf/log/build_2025-10-31_13-45-53/events.log
[0.448s] -- Up-to-date: /home/alberto/Documents/kia_gd_ws/install/kia_gd/share/kia_gd/urdf/log/build_2025-10-31_13-45-53/logger_all.log
[0.448s] -- Up-to-date: /home/alberto/Documents/kia_gd_ws/install/kia_gd/share/kia_gd/urdf/log/COLCON_IGNORE
[0.448s] -- Up-to-date: /home/alberto/Documents/kia_gd_ws/install/kia_gd/share/kia_gd/urdf/log/latest_build
[0.448s] -- Up-to-date: /home/alberto/Documents/kia_gd_ws/install/kia_gd/share/kia_gd/urdf/log/latest
[0.448s] -- Up-to-date: /home/alberto/Documents/kia_gd_ws/install/kia_gd/share/kia_gd/urdf/ur5.urdf
[0.448s] -- Up-to-date: /home/alberto/Documents/kia_gd_ws/install/kia_gd/share/kia_gd/urdf/build
[0.449s] -- Up-to-date: /home/alberto/Documents/kia_gd_ws/install/kia_gd/share/kia_gd/urdf/build/.built_by
[0.449s] -- Up-to-date: /home/alberto/Documents/kia_gd_ws/install/kia_gd/share/kia_gd/urdf/build/COLCON_IGNORE
[0.449s] -- Up-to-date: /home/alberto/Documents/kia_gd_ws/install/kia_gd/share/kia_gd/meshes
[0.449s] -- Up-to-date: /home/alberto/Documents/kia_gd_ws/install/kia_gd/share/kia_gd/meshes/J4.stl
[0.449s] -- Up-to-date: /home/alberto/Documents/kia_gd_ws/install/kia_gd/share/kia_gd/meshes/Base.stl
[0.449s] -- Up-to-date: /home/alberto/Documents/kia_gd_ws/install/kia_gd/share/kia_gd/meshes/KIA_CAD.stl
[0.449s] -- Up-to-date: /home/alberto/Documents/kia_gd_ws/install/kia_gd/share/kia_gd/meshes/install
[0.449s] -- Up-to-date: /home/alberto/Documents/kia_gd_ws/install/kia_gd/share/kia_gd/meshes/install/setup.bash
[0.449s] -- Up-to-date: /home/alberto/Documents/kia_gd_ws/install/kia_gd/share/kia_gd/meshes/install/_local_setup_util_sh.py
[0.450s] -- Up-to-date: /home/alberto/Documents/kia_gd_ws/install/kia_gd/share/kia_gd/meshes/install/local_setup.ps1
[0.450s] -- Up-to-date: /home/alberto/Documents/kia_gd_ws/install/kia_gd/share/kia_gd/meshes/install/COLCON_IGNORE
[0.450s] -- Up-to-date: /home/alberto/Documents/kia_gd_ws/install/kia_gd/share/kia_gd/meshes/install/setup.zsh
[0.450s] -- Up-to-date: /home/alberto/Documents/kia_gd_ws/install/kia_gd/share/kia_gd/meshes/install/setup.ps1
[0.450s] -- Up-to-date: /home/alberto/Documents/kia_gd_ws/install/kia_gd/share/kia_gd/meshes/install/setup.sh
[0.450s] -- Up-to-date: /home/alberto/Documents/kia_gd_ws/install/kia_gd/share/kia_gd/meshes/install/local_setup.sh
[0.450s] -- Up-to-date: /home/alberto/Documents/kia_gd_ws/install/kia_gd/share/kia_gd/meshes/install/local_setup.zsh
[0.451s] -- Up-to-date: /home/alberto/Documents/kia_gd_ws/install/kia_gd/share/kia_gd/meshes/install/_local_setup_util_ps1.py
[0.451s] -- Up-to-date: /home/alberto/Documents/kia_gd_ws/install/kia_gd/share/kia_gd/meshes/install/local_setup.bash
[0.451s] -- Up-to-date: /home/alberto/Documents/kia_gd_ws/install/kia_gd/share/kia_gd/meshes/install/.colcon_install_layout
[0.451s] -- Up-to-date: /home/alberto/Documents/kia_gd_ws/install/kia_gd/share/kia_gd/meshes/J5.stl
[0.451s] -- Up-to-date: /home/alberto/Documents/kia_gd_ws/install/kia_gd/share/kia_gd/meshes/J3.stl
[0.452s] -- Up-to-date: /home/alberto/Documents/kia_gd_ws/install/kia_gd/share/kia_gd/meshes/log
[0.452s] -- Up-to-date: /home/alberto/Documents/kia_gd_ws/install/kia_gd/share/kia_gd/meshes/log/build_2025-10-31_14-03-48
[0.452s] -- Up-to-date: /home/alberto/Documents/kia_gd_ws/install/kia_gd/share/kia_gd/meshes/log/build_2025-10-31_14-03-48/events.log
[0.452s] -- Up-to-date: /home/alberto/Documents/kia_gd_ws/install/kia_gd/share/kia_gd/meshes/log/build_2025-10-31_14-03-48/logger_all.log
[0.452s] -- Up-to-date: /home/alberto/Documents/kia_gd_ws/install/kia_gd/share/kia_gd/meshes/log/build_2025-10-31_14-12-58
[0.452s] -- Up-to-date: /home/alberto/Documents/kia_gd_ws/install/kia_gd/share/kia_gd/meshes/log/build_2025-10-31_14-12-58/events.log
[0.452s] -- Up-to-date: /home/alberto/Documents/kia_gd_ws/install/kia_gd/share/kia_gd/meshes/log/build_2025-10-31_14-12-58/logger_all.log
[0.452s] -- Up-to-date: /home/alberto/Documents/kia_gd_ws/install/kia_gd/share/kia_gd/meshes/log/build_2025-10-31_14-01-21
[0.453s] -- Up-to-date: /home/alberto/Documents/kia_gd_ws/install/kia_gd/share/kia_gd/meshes/log/build_2025-10-31_14-01-21/events.log
[0.453s] -- Up-to-date: /home/alberto/Documents/kia_gd_ws/install/kia_gd/share/kia_gd/meshes/log/build_2025-10-31_14-01-21/logger_all.log
[0.454s] -- Up-to-date: /home/alberto/Documents/kia_gd_ws/install/kia_gd/share/kia_gd/meshes/log/build_2025-10-31_14-13-40
[0.454s] -- Up-to-date: /home/alberto/Documents/kia_gd_ws/install/kia_gd/share/kia_gd/meshes/log/build_2025-10-31_14-13-40/events.log
[0.454s] -- Up-to-date: /home/alberto/Documents/kia_gd_ws/install/kia_gd/share/kia_gd/meshes/log/build_2025-10-31_14-13-40/logger_all.log
[0.454s] -- Up-to-date: /home/alberto/Documents/kia_gd_ws/install/kia_gd/share/kia_gd/meshes/log/build_2025-10-31_14-13-17
[0.455s] -- Up-to-date: /home/alberto/Documents/kia_gd_ws/install/kia_gd/share/kia_gd/meshes/log/build_2025-10-31_14-13-17/events.log
[0.455s] -- Up-to-date: /home/alberto/Documents/kia_gd_ws/install/kia_gd/share/kia_gd/meshes/log/build_2025-10-31_14-13-17/logger_all.log
[0.455s] -- Up-to-date: /home/alberto/Documents/kia_gd_ws/install/kia_gd/share/kia_gd/meshes/log/build_2025-10-31_14-01-52
[0.455s] -- Up-to-date: /home/alberto/Documents/kia_gd_ws/install/kia_gd/share/kia_gd/meshes/log/build_2025-10-31_14-01-52/events.log
[0.455s] -- Up-to-date: /home/alberto/Documents/kia_gd_ws/install/kia_gd/share/kia_gd/meshes/log/build_2025-10-31_14-01-52/logger_all.log
[0.456s] -- Up-to-date: /home/alberto/Documents/kia_gd_ws/install/kia_gd/share/kia_gd/meshes/log/COLCON_IGNORE
[0.456s] -- Up-to-date: /home/alberto/Documents/kia_gd_ws/install/kia_gd/share/kia_gd/meshes/log/latest_build
[0.456s] -- Up-to-date: /home/alberto/Documents/kia_gd_ws/install/kia_gd/share/kia_gd/meshes/log/latest
[0.457s] -- Up-to-date: /home/alberto/Documents/kia_gd_ws/install/kia_gd/share/kia_gd/meshes/log/build_2025-10-31_14-02-46
[0.457s] -- Up-to-date: /home/alberto/Documents/kia_gd_ws/install/kia_gd/share/kia_gd/meshes/log/build_2025-10-31_14-02-46/events.log
[0.457s] -- Up-to-date: /home/alberto/Documents/kia_gd_ws/install/kia_gd/share/kia_gd/meshes/log/build_2025-10-31_14-02-46/logger_all.log
[0.457s] -- Up-to-date: /home/alberto/Documents/kia_gd_ws/install/kia_gd/share/kia_gd/meshes/log/build_2025-10-31_14-12-39
[0.457s] -- Up-to-date: /home/alberto/Documents/kia_gd_ws/install/kia_gd/share/kia_gd/meshes/log/build_2025-10-31_14-12-39/events.log
[0.460s] -- Up-to-date: /home/alberto/Documents/kia_gd_ws/install/kia_gd/share/kia_gd/meshes/log/build_2025-10-31_14-12-39/logger_all.log
[0.460s] -- Up-to-date: /home/alberto/Documents/kia_gd_ws/install/kia_gd/share/kia_gd/meshes/log/build_2025-10-31_13-53-10
[0.460s] -- Up-to-date: /home/alberto/Documents/kia_gd_ws/install/kia_gd/share/kia_gd/meshes/log/build_2025-10-31_13-53-10/events.log
[0.460s] -- Up-to-date: /home/alberto/Documents/kia_gd_ws/install/kia_gd/share/kia_gd/meshes/log/build_2025-10-31_13-53-10/logger_all.log
[0.460s] -- Up-to-date: /home/alberto/Documents/kia_gd_ws/install/kia_gd/share/kia_gd/meshes/J1.stl
[0.460s] -- Up-to-date: /home/alberto/Documents/kia_gd_ws/install/kia_gd/share/kia_gd/meshes/J2.stl
[0.460s] -- Up-to-date: /home/alberto/Documents/kia_gd_ws/install/kia_gd/share/kia_gd/meshes/J6.stl
[0.460s] -- Up-to-date: /home/alberto/Documents/kia_gd_ws/install/kia_gd/share/kia_gd/meshes/build
[0.461s] -- Up-to-date: /home/alberto/Documents/kia_gd_ws/install/kia_gd/share/kia_gd/meshes/build/.built_by
[0.461s] -- Up-to-date: /home/alberto/Documents/kia_gd_ws/install/kia_gd/share/kia_gd/meshes/build/COLCON_IGNORE
[0.461s] -- Up-to-date: /home/alberto/Documents/kia_gd_ws/install/kia_gd/share/kia_gd/meshes/Deslizador.stl
[0.461s] -- Up-to-date: /home/alberto/Documents/kia_gd_ws/install/kia_gd/share/kia_gd/rviz
[0.461s] -- Up-to-date: /home/alberto/Documents/kia_gd_ws/install/kia_gd/share/kia_gd/rviz/rviz.rviz
[0.461s] -- Up-to-date: /home/alberto/Documents/kia_gd_ws/install/kia_gd/share/kia_gd/rviz/visualizacion.rviz
[0.461s] -- Up-to-date: /home/alberto/Documents/kia_gd_ws/install/kia_gd/share/kia_gd/rviz/visualizacion2.rviz
[0.461s] -- Up-to-date: /home/alberto/Documents/kia_gd_ws/install/kia_gd/lib/kia_gd/controlador_ur5
[0.461s] -- Up-to-date: /home/alberto/Documents/kia_gd_ws/install/kia_gd/lib/kia_gd/controlador_kia
[0.461s] -- Up-to-date: /home/alberto/Documents/kia_gd_ws/install/kia_gd/lib/kia_gd/mtconnect_bridge
[0.462s] -- Installing: /home/alberto/Documents/kia_gd_ws/install/kia_gd/share/ament_index/resource_index/package_run_dependencies/kia_gd
[0.462s] -- Up-to-date: /home/alberto/Documents/kia_gd_ws/install/kia_gd/share/ament_index/resource_index/parent_prefix_path/kia_gd
[0.462s] -- Up-to-date: /home/alberto/Documents/kia_gd_ws/install/kia_gd/share/kia_gd/environment/ament_prefix_path.sh
[0.462s] -- Installing: /home/alberto/Documents/kia_gd_ws/install/kia_gd/share/kia_gd/environment/ament_prefix_path.dsv
[0.462s] -- Up-to-date: /home/alberto/Documents/kia_gd_ws/install/kia_gd/share/kia_gd/environment/path.sh
[0.462s] -- Installing: /home/alberto/Documents/kia_gd_ws/install/kia_gd/share/kia_gd/environment/path.dsv
[0.462s] -- Up-to-date: /home/alberto/Documents/kia_gd_ws/install/kia_gd/share/kia_gd/local_setup.bash
[0.462s] -- Up-to-date: /home/alberto/Documents/kia_gd_ws/install/kia_gd/share/kia_gd/local_setup.sh
[0.462s] -- Up-to-date: /home/alberto/Documents/kia_gd_ws/install/kia_gd/share/kia_gd/local_setup.zsh
[0.462s] -- Installing: /home/alberto/Documents/kia_gd_ws/install/kia_gd/share/kia_gd/local_setup.dsv
[0.462s] -- Installing: /home/alberto/Documents/kia_gd_ws/install/kia_gd/share/kia_gd/package.dsv
[0.463s] -- Up-to-date: /home/alberto/Documents/kia_gd_ws/install/kia_gd/share/ament_index/resource_index/packages/kia_gd
[0.463s] -- Up-to-date: /home/alberto/Documents/kia_gd_ws/install/kia_gd/share/kia_gd/cmake/kia_gdConfig.cmake
[0.463s] -- Up-to-date: /home/alberto/Documents/kia_gd_ws/install/kia_gd/share/kia_gd/cmake/kia_gdConfig-version.cmake
[0.463s] -- Installing: /home/alberto/Documents/kia_gd_ws/install/kia_gd/share/kia_gd/package.xml
[0.463s] Invoked command in '/home/alberto/Documents/kia_gd_ws/build/kia_gd' returned '0': CMAKE_PREFIX_PATH=/home/alberto/Documents/kia_gd_ws/install/kia_gd:/home/alberto/ros2_ws/install/sub:/home/alberto/ros2_ws/install/pid:/home/alberto/ros2_ws/install/docker_test:/opt/ros/humble:/home/alberto/ros2_ws/install/catkin:/home/alberto/uuv/install/uuv /usr/bin/cmake --install /home/alberto/Documents/kia_gd_ws/build/kia_gd
