[0.009s] Invoking command in '/home/alberto/Documents/kia_gd_ws/build/kia_gd': CMAKE_PREFIX_PATH=/home/alberto/Documents/kia_gd_ws/install/kia_gd:/home/alberto/ros2_ws/install/sub:/home/alberto/ros2_ws/install/pid:/home/alberto/ros2_ws/install/docker_test:/opt/ros/humble:/home/alberto/ros2_ws/install/catkin:/home/alberto/uuv/install/uuv /usr/bin/cmake --build /home/alberto/Documents/kia_gd_ws/build/kia_gd -- -j8 -l8
[0.037s] Invoked command in '/home/alberto/Documents/kia_gd_ws/build/kia_gd' returned '0': CMAKE_PREFIX_PATH=/home/alberto/Documents/kia_gd_ws/install/kia_gd:/home/alberto/ros2_ws/install/sub:/home/alberto/ros2_ws/install/pid:/home/alberto/ros2_ws/install/docker_test:/opt/ros/humble:/home/alberto/ros2_ws/install/catkin:/home/alberto/uuv/install/uuv /usr/bin/cmake --build /home/alberto/Documents/kia_gd_ws/build/kia_gd -- -j8 -l8
[0.045s] Invoking command in '/home/alberto/Documents/kia_gd_ws/build/kia_gd': CMAKE_PREFIX_PATH=/home/alberto/Documents/kia_gd_ws/install/kia_gd:/home/alberto/ros2_ws/install/sub:/home/alberto/ros2_ws/install/pid:/home/alberto/ros2_ws/install/docker_test:/opt/ros/humble:/home/alberto/ros2_ws/install/catkin:/home/alberto/uuv/install/uuv /usr/bin/cmake --install /home/alberto/Documents/kia_gd_ws/build/kia_gd
[0.050s] -- Install configuration: ""
[0.050s] -- Up-to-date: /home/alberto/Documents/kia_gd_ws/install/kia_gd/share/kia_gd/launch
[0.050s] -- Up-to-date: /home/alberto/Documents/kia_gd_ws/install/kia_gd/share/kia_gd/launch/launch.py
[0.050s] -- Up-to-date: /home/alberto/Documents/kia_gd_ws/install/kia_gd/share/kia_gd/urdf
[0.050s] -- Up-to-date: /home/alberto/Documents/kia_gd_ws/install/kia_gd/share/kia_gd/urdf/install
[0.050s] -- Up-to-date: /home/alberto/Documents/kia_gd_ws/install/kia_gd/share/kia_gd/urdf/install/setup.bash
[0.050s] -- Up-to-date: /home/alberto/Documents/kia_gd_ws/install/kia_gd/share/kia_gd/urdf/install/_local_setup_util_sh.py
[0.051s] -- Up-to-date: /home/alberto/Documents/kia_gd_ws/install/kia_gd/share/kia_gd/urdf/install/local_setup.ps1
[0.051s] -- Up-to-date: /home/alberto/Documents/kia_gd_ws/install/kia_gd/share/kia_gd/urdf/install/COLCON_IGNORE
[0.051s] -- Up-to-date: /home/alberto/Documents/kia_gd_ws/install/kia_gd/share/kia_gd/urdf/install/setup.zsh
[0.051s] -- Up-to-date: /home/alberto/Documents/kia_gd_ws/install/kia_gd/share/kia_gd/urdf/install/setup.ps1
[0.051s] -- Up-to-date: /home/alberto/Documents/kia_gd_ws/install/kia_gd/share/kia_gd/urdf/install/setup.sh
[0.051s] -- Up-to-date: /home/alberto/Documents/kia_gd_ws/install/kia_gd/share/kia_gd/urdf/install/local_setup.sh
[0.051s] -- Up-to-date: /home/alberto/Documents/kia_gd_ws/install/kia_gd/share/kia_gd/urdf/install/local_setup.zsh
[0.051s] -- Up-to-date: /home/alberto/Documents/kia_gd_ws/install/kia_gd/share/kia_gd/urdf/install/_local_setup_util_ps1.py
[0.051s] -- Up-to-date: /home/alberto/Documents/kia_gd_ws/install/kia_gd/share/kia_gd/urdf/install/local_setup.bash
[0.051s] -- Up-to-date: /home/alberto/Documents/kia_gd_ws/install/kia_gd/share/kia_gd/urdf/install/.colcon_install_layout
[0.051s] -- Up-to-date: /home/alberto/Documents/kia_gd_ws/install/kia_gd/share/kia_gd/urdf/log
[0.052s] -- Up-to-date: /home/alberto/Documents/kia_gd_ws/install/kia_gd/share/kia_gd/urdf/log/build_2025-10-31_13-45-53
[0.052s] -- Up-to-date: /home/alberto/Documents/kia_gd_ws/install/kia_gd/share/kia_gd/urdf/log/build_2025-10-31_13-45-53/events.log
[0.052s] -- Up-to-date: /home/alberto/Documents/kia_gd_ws/install/kia_gd/share/kia_gd/urdf/log/build_2025-10-31_13-45-53/logger_all.log
[0.052s] -- Up-to-date: /home/alberto/Documents/kia_gd_ws/install/kia_gd/share/kia_gd/urdf/log/COLCON_IGNORE
[0.052s] -- Up-to-date: /home/alberto/Documents/kia_gd_ws/install/kia_gd/share/kia_gd/urdf/log/latest_build
[0.052s] -- Up-to-date: /home/alberto/Documents/kia_gd_ws/install/kia_gd/share/kia_gd/urdf/log/latest
[0.052s] -- Installing: /home/alberto/Documents/kia_gd_ws/install/kia_gd/share/kia_gd/urdf/ur5.urdf
[0.052s] -- Up-to-date: /home/alberto/Documents/kia_gd_ws/install/kia_gd/share/kia_gd/urdf/build
[0.052s] -- Up-to-date: /home/alberto/Documents/kia_gd_ws/install/kia_gd/share/kia_gd/urdf/build/.built_by
[0.052s] -- Up-to-date: /home/alberto/Documents/kia_gd_ws/install/kia_gd/share/kia_gd/urdf/build/COLCON_IGNORE
[0.052s] -- Up-to-date: /home/alberto/Documents/kia_gd_ws/install/kia_gd/share/kia_gd/meshes
[0.052s] -- Up-to-date: /home/alberto/Documents/kia_gd_ws/install/kia_gd/share/kia_gd/meshes/base.dae
[0.052s] -- Up-to-date: /home/alberto/Documents/kia_gd_ws/install/kia_gd/share/kia_gd/meshes/J4.stl
[0.052s] -- Up-to-date: /home/alberto/Documents/kia_gd_ws/install/kia_gd/share/kia_gd/meshes/J6.dae
[0.052s] -- Up-to-date: /home/alberto/Documents/kia_gd_ws/install/kia_gd/share/kia_gd/meshes/Base.stl
[0.052s] -- Up-to-date: /home/alberto/Documents/kia_gd_ws/install/kia_gd/share/kia_gd/meshes/J1_m_ascii.STL
[0.052s] -- Up-to-date: /home/alberto/Documents/kia_gd_ws/install/kia_gd/share/kia_gd/meshes/KIA_CAD.stl
[0.052s] -- Up-to-date: /home/alberto/Documents/kia_gd_ws/install/kia_gd/share/kia_gd/meshes/J4_m_ascii.STL
[0.052s] -- Up-to-date: /home/alberto/Documents/kia_gd_ws/install/kia_gd/share/kia_gd/meshes/install
[0.053s] -- Up-to-date: /home/alberto/Documents/kia_gd_ws/install/kia_gd/share/kia_gd/meshes/install/setup.bash
[0.053s] -- Up-to-date: /home/alberto/Documents/kia_gd_ws/install/kia_gd/share/kia_gd/meshes/install/_local_setup_util_sh.py
[0.053s] -- Up-to-date: /home/alberto/Documents/kia_gd_ws/install/kia_gd/share/kia_gd/meshes/install/local_setup.ps1
[0.053s] -- Up-to-date: /home/alberto/Documents/kia_gd_ws/install/kia_gd/share/kia_gd/meshes/install/COLCON_IGNORE
[0.053s] -- Up-to-date: /home/alberto/Documents/kia_gd_ws/install/kia_gd/share/kia_gd/meshes/install/setup.zsh
[0.053s] -- Up-to-date: /home/alberto/Documents/kia_gd_ws/install/kia_gd/share/kia_gd/meshes/install/setup.ps1
[0.053s] -- Up-to-date: /home/alberto/Documents/kia_gd_ws/install/kia_gd/share/kia_gd/meshes/install/setup.sh
[0.053s] -- Up-to-date: /home/alberto/Documents/kia_gd_ws/install/kia_gd/share/kia_gd/meshes/install/local_setup.sh
[0.053s] -- Up-to-date: /home/alberto/Documents/kia_gd_ws/install/kia_gd/share/kia_gd/meshes/install/local_setup.zsh
[0.053s] -- Up-to-date: /home/alberto/Documents/kia_gd_ws/install/kia_gd/share/kia_gd/meshes/install/_local_setup_util_ps1.py
[0.053s] -- Up-to-date: /home/alberto/Documents/kia_gd_ws/install/kia_gd/share/kia_gd/meshes/install/local_setup.bash
[0.053s] -- Up-to-date: /home/alberto/Documents/kia_gd_ws/install/kia_gd/share/kia_gd/meshes/install/.colcon_install_layout
[0.053s] -- Up-to-date: /home/alberto/Documents/kia_gd_ws/install/kia_gd/share/kia_gd/meshes/J5.stl
[0.053s] -- Up-to-date: /home/alberto/Documents/kia_gd_ws/install/kia_gd/share/kia_gd/meshes/J3.stl
[0.053s] -- Up-to-date: /home/alberto/Documents/kia_gd_ws/install/kia_gd/share/kia_gd/meshes/J2_m_ascii.STL
[0.053s] -- Up-to-date: /home/alberto/Documents/kia_gd_ws/install/kia_gd/share/kia_gd/meshes/log
[0.053s] -- Up-to-date: /home/alberto/Documents/kia_gd_ws/install/kia_gd/share/kia_gd/meshes/log/build_2025-10-31_14-03-48
[0.053s] -- Up-to-date: /home/alberto/Documents/kia_gd_ws/install/kia_gd/share/kia_gd/meshes/log/build_2025-10-31_14-03-48/events.log
[0.053s] -- Up-to-date: /home/alberto/Documents/kia_gd_ws/install/kia_gd/share/kia_gd/meshes/log/build_2025-10-31_14-03-48/logger_all.log
[0.054s] -- Up-to-date: /home/alberto/Documents/kia_gd_ws/install/kia_gd/share/kia_gd/meshes/log/build_2025-10-31_14-12-58
[0.054s] -- Up-to-date: /home/alberto/Documents/kia_gd_ws/install/kia_gd/share/kia_gd/meshes/log/build_2025-10-31_14-12-58/events.log
[0.054s] -- Up-to-date: /home/alberto/Documents/kia_gd_ws/install/kia_gd/share/kia_gd/meshes/log/build_2025-10-31_14-12-58/logger_all.log
[0.054s] -- Up-to-date: /home/alberto/Documents/kia_gd_ws/install/kia_gd/share/kia_gd/meshes/log/build_2025-10-31_14-01-21
[0.054s] -- Up-to-date: /home/alberto/Documents/kia_gd_ws/install/kia_gd/share/kia_gd/meshes/log/build_2025-10-31_14-01-21/events.log
[0.054s] -- Up-to-date: /home/alberto/Documents/kia_gd_ws/install/kia_gd/share/kia_gd/meshes/log/build_2025-10-31_14-01-21/logger_all.log
[0.054s] -- Up-to-date: /home/alberto/Documents/kia_gd_ws/install/kia_gd/share/kia_gd/meshes/log/build_2025-10-31_14-13-40
[0.055s] -- Up-to-date: /home/alberto/Documents/kia_gd_ws/install/kia_gd/share/kia_gd/meshes/log/build_2025-10-31_14-13-40/events.log
[0.055s] -- Up-to-date: /home/alberto/Documents/kia_gd_ws/install/kia_gd/share/kia_gd/meshes/log/build_2025-10-31_14-13-40/logger_all.log
[0.055s] -- Up-to-date: /home/alberto/Documents/kia_gd_ws/install/kia_gd/share/kia_gd/meshes/log/build_2025-10-31_14-13-17
[0.055s] -- Up-to-date: /home/alberto/Documents/kia_gd_ws/install/kia_gd/share/kia_gd/meshes/log/build_2025-10-31_14-13-17/events.log
[0.055s] -- Up-to-date: /home/alberto/Documents/kia_gd_ws/install/kia_gd/share/kia_gd/meshes/log/build_2025-10-31_14-13-17/logger_all.log
[0.055s] -- Up-to-date: /home/alberto/Documents/kia_gd_ws/install/kia_gd/share/kia_gd/meshes/log/build_2025-10-31_14-01-52
[0.055s] -- Up-to-date: /home/alberto/Documents/kia_gd_ws/install/kia_gd/share/kia_gd/meshes/log/build_2025-10-31_14-01-52/events.log
[0.055s] -- Up-to-date: /home/alberto/Documents/kia_gd_ws/install/kia_gd/share/kia_gd/meshes/log/build_2025-10-31_14-01-52/logger_all.log
[0.055s] -- Up-to-date: /home/alberto/Documents/kia_gd_ws/install/kia_gd/share/kia_gd/meshes/log/COLCON_IGNORE
[0.055s] -- Up-to-date: /home/alberto/Documents/kia_gd_ws/install/kia_gd/share/kia_gd/meshes/log/latest_build
[0.055s] -- Up-to-date: /home/alberto/Documents/kia_gd_ws/install/kia_gd/share/kia_gd/meshes/log/latest
[0.055s] -- Up-to-date: /home/alberto/Documents/kia_gd_ws/install/kia_gd/share/kia_gd/meshes/log/build_2025-10-31_14-02-46
[0.055s] -- Up-to-date: /home/alberto/Documents/kia_gd_ws/install/kia_gd/share/kia_gd/meshes/log/build_2025-10-31_14-02-46/events.log
[0.055s] -- Up-to-date: /home/alberto/Documents/kia_gd_ws/install/kia_gd/share/kia_gd/meshes/log/build_2025-10-31_14-02-46/logger_all.log
[0.056s] -- Up-to-date: /home/alberto/Documents/kia_gd_ws/install/kia_gd/share/kia_gd/meshes/log/build_2025-10-31_14-12-39
[0.056s] -- Up-to-date: /home/alberto/Documents/kia_gd_ws/install/kia_gd/share/kia_gd/meshes/log/build_2025-10-31_14-12-39/events.log
[0.056s] -- Up-to-date: /home/alberto/Documents/kia_gd_ws/install/kia_gd/share/kia_gd/meshes/log/build_2025-10-31_14-12-39/logger_all.log
[0.056s] -- Up-to-date: /home/alberto/Documents/kia_gd_ws/install/kia_gd/share/kia_gd/meshes/log/build_2025-10-31_13-53-10
[0.056s] -- Up-to-date: /home/alberto/Documents/kia_gd_ws/install/kia_gd/share/kia_gd/meshes/log/build_2025-10-31_13-53-10/events.log
[0.056s] -- Up-to-date: /home/alberto/Documents/kia_gd_ws/install/kia_gd/share/kia_gd/meshes/log/build_2025-10-31_13-53-10/logger_all.log
[0.056s] -- Up-to-date: /home/alberto/Documents/kia_gd_ws/install/kia_gd/share/kia_gd/meshes/J2.dae
[0.056s] -- Up-to-date: /home/alberto/Documents/kia_gd_ws/install/kia_gd/share/kia_gd/meshes/J4.dae
[0.056s] -- Up-to-date: /home/alberto/Documents/kia_gd_ws/install/kia_gd/share/kia_gd/meshes/J5.dae
[0.056s] -- Up-to-date: /home/alberto/Documents/kia_gd_ws/install/kia_gd/share/kia_gd/meshes/J1.stl
[0.056s] -- Up-to-date: /home/alberto/Documents/kia_gd_ws/install/kia_gd/share/kia_gd/meshes/J2.stl
[0.056s] -- Up-to-date: /home/alberto/Documents/kia_gd_ws/install/kia_gd/share/kia_gd/meshes/J6.stl
[0.056s] -- Up-to-date: /home/alberto/Documents/kia_gd_ws/install/kia_gd/share/kia_gd/meshes/J3_m_ascii.STL
[0.056s] -- Up-to-date: /home/alberto/Documents/kia_gd_ws/install/kia_gd/share/kia_gd/meshes/build
[0.056s] -- Up-to-date: /home/alberto/Documents/kia_gd_ws/install/kia_gd/share/kia_gd/meshes/build/.built_by
[0.057s] -- Up-to-date: /home/alberto/Documents/kia_gd_ws/install/kia_gd/share/kia_gd/meshes/build/COLCON_IGNORE
[0.057s] -- Up-to-date: /home/alberto/Documents/kia_gd_ws/install/kia_gd/share/kia_gd/meshes/Deslizador.stl
[0.057s] -- Up-to-date: /home/alberto/Documents/kia_gd_ws/install/kia_gd/share/kia_gd/meshes/J3.dae
[0.057s] -- Up-to-date: /home/alberto/Documents/kia_gd_ws/install/kia_gd/share/kia_gd/meshes/J5_m_ascii.STL
[0.057s] -- Up-to-date: /home/alberto/Documents/kia_gd_ws/install/kia_gd/share/kia_gd/meshes/J6_m_ascii.STL
[0.057s] -- Up-to-date: /home/alberto/Documents/kia_gd_ws/install/kia_gd/share/kia_gd/meshes/Base_m_ascii.STL
[0.057s] -- Up-to-date: /home/alberto/Documents/kia_gd_ws/install/kia_gd/share/kia_gd/meshes/J1.dae
[0.057s] -- Up-to-date: /home/alberto/Documents/kia_gd_ws/install/kia_gd/share/kia_gd/rviz
[0.057s] -- Up-to-date: /home/alberto/Documents/kia_gd_ws/install/kia_gd/share/kia_gd/rviz/rviz.rviz
[0.057s] -- Up-to-date: /home/alberto/Documents/kia_gd_ws/install/kia_gd/share/kia_gd/rviz/visualizacion.rviz
[0.057s] -- Up-to-date: /home/alberto/Documents/kia_gd_ws/install/kia_gd/share/kia_gd/xacro
[0.058s] -- Up-to-date: /home/alberto/Documents/kia_gd_ws/install/kia_gd/share/kia_gd/xacro/ur5.xacro
[0.058s] -- Up-to-date: /home/alberto/Documents/kia_gd_ws/install/kia_gd/share/ament_index/resource_index/package_run_dependencies/kia_gd
[0.058s] -- Up-to-date: /home/alberto/Documents/kia_gd_ws/install/kia_gd/share/ament_index/resource_index/parent_prefix_path/kia_gd
[0.058s] -- Up-to-date: /home/alberto/Documents/kia_gd_ws/install/kia_gd/share/kia_gd/environment/ament_prefix_path.sh
[0.058s] -- Up-to-date: /home/alberto/Documents/kia_gd_ws/install/kia_gd/share/kia_gd/environment/ament_prefix_path.dsv
[0.058s] -- Up-to-date: /home/alberto/Documents/kia_gd_ws/install/kia_gd/share/kia_gd/environment/path.sh
[0.058s] -- Up-to-date: /home/alberto/Documents/kia_gd_ws/install/kia_gd/share/kia_gd/environment/path.dsv
[0.059s] -- Up-to-date: /home/alberto/Documents/kia_gd_ws/install/kia_gd/share/kia_gd/local_setup.bash
[0.059s] -- Up-to-date: /home/alberto/Documents/kia_gd_ws/install/kia_gd/share/kia_gd/local_setup.sh
[0.060s] -- Up-to-date: /home/alberto/Documents/kia_gd_ws/install/kia_gd/share/kia_gd/local_setup.zsh
[0.060s] -- Up-to-date: /home/alberto/Documents/kia_gd_ws/install/kia_gd/share/kia_gd/local_setup.dsv
[0.060s] -- Installing: /home/alberto/Documents/kia_gd_ws/install/kia_gd/share/kia_gd/package.dsv
[0.060s] -- Up-to-date: /home/alberto/Documents/kia_gd_ws/install/kia_gd/share/ament_index/resource_index/packages/kia_gd
[0.060s] -- Up-to-date: /home/alberto/Documents/kia_gd_ws/install/kia_gd/share/kia_gd/cmake/kia_gdConfig.cmake
[0.060s] -- Up-to-date: /home/alberto/Documents/kia_gd_ws/install/kia_gd/share/kia_gd/cmake/kia_gdConfig-version.cmake
[0.060s] -- Up-to-date: /home/alberto/Documents/kia_gd_ws/install/kia_gd/share/kia_gd/package.xml
[0.060s] Invoked command in '/home/alberto/Documents/kia_gd_ws/build/kia_gd' returned '0': CMAKE_PREFIX_PATH=/home/alberto/Documents/kia_gd_ws/install/kia_gd:/home/alberto/ros2_ws/install/sub:/home/alberto/ros2_ws/install/pid:/home/alberto/ros2_ws/install/docker_test:/opt/ros/humble:/home/alberto/ros2_ws/install/catkin:/home/alberto/uuv/install/uuv /usr/bin/cmake --install /home/alberto/Documents/kia_gd_ws/build/kia_gd
