[0.016s] Invoking command in '/home/alberto/Documents/kia_gd_ws/build/ur_dashboard_msgs': CMAKE_PREFIX_PATH=/home/alberto/Documents/kia_gd_ws/install/ur:/home/alberto/Documents/kia_gd_ws/install/ur_calibration:/home/alberto/Documents/kia_gd_ws/install/ur_robot_driver:/home/alberto/Documents/kia_gd_ws/install/ur_moveit_config:/home/alberto/Documents/kia_gd_ws/install/ur_bringup:/home/alberto/Documents/kia_gd_ws/install/ur_controllers:/home/alberto/Documents/kia_gd_ws/install/ur_dashboard_msgs:/home/alberto/Documents/kia_gd_ws/install/kia_gd:/home/alberto/install/vectornav:/home/alberto/install/vectornav_msgs:/home/alberto/install/uuv_teleop:/home/alberto/install/uuv_description:/home/alberto/install/sub:/home/alberto/install/pid:/home/alberto/ros2_ws/install/docker_test:/opt/ros/humble:/home/alberto/install/catkin:/home/alberto/ros2_ws/install/sub:/home/alberto/ros2_ws/install/pid:/home/alberto/ros2_ws/install/catkin:/home/alberto/uuv/install/uuv /usr/bin/cmake /home/alberto/Documents/kia_gd_ws/src/Universal_Robots_ROS2_Driver/ur_dashboard_msgs -DCMAKE_INSTALL_PREFIX=/home/alberto/Documents/kia_gd_ws/install/ur_dashboard_msgs
[0.026s] -- Found ament_cmake: 1.3.12 (/opt/ros/humble/share/ament_cmake/cmake)
[0.142s] -- Found rosidl_default_generators: 1.2.0 (/opt/ros/humble/share/rosidl_default_generators/cmake)
[0.146s] -- Using all available rosidl_typesupport_c: rosidl_typesupport_fastrtps_c;rosidl_typesupport_introspection_c
[0.149s] -- Found rosidl_adapter: 3.1.7 (/opt/ros/humble/share/rosidl_adapter/cmake)
[0.175s] -- Using all available rosidl_typesupport_cpp: rosidl_typesupport_fastrtps_cpp;rosidl_typesupport_introspection_cpp
[0.196s] -- Found action_msgs: 1.2.2 (/opt/ros/humble/share/action_msgs/cmake)
[0.580s] -- Found ament_cmake_ros: 0.10.0 (/opt/ros/humble/share/ament_cmake_ros/cmake)
[0.742s] -- Using all available rosidl_typesupport_c: rosidl_typesupport_fastrtps_c;rosidl_typesupport_introspection_c
[0.944s] -- Using all available rosidl_typesupport_cpp: rosidl_typesupport_fastrtps_cpp;rosidl_typesupport_introspection_cpp
[0.963s] -- Found python_cmake_module: 0.10.0 (/opt/ros/humble/share/python_cmake_module/cmake)
[0.981s] -- Using PYTHON_EXECUTABLE: /usr/bin/python3
[0.981s] -- Using PYTHON_INCLUDE_DIRS: /usr/include/python3.10
[0.981s] -- Using PYTHON_LIBRARIES: /usr/lib/x86_64-linux-gnu/libpython3.10.so
[1.005s] -- Configuring done
[1.046s] -- Generating done
[1.057s] -- Build files have been written to: /home/alberto/Documents/kia_gd_ws/build/ur_dashboard_msgs
[1.063s] Invoked command in '/home/alberto/Documents/kia_gd_ws/build/ur_dashboard_msgs' returned '0': CMAKE_PREFIX_PATH=/home/alberto/Documents/kia_gd_ws/install/ur:/home/alberto/Documents/kia_gd_ws/install/ur_calibration:/home/alberto/Documents/kia_gd_ws/install/ur_robot_driver:/home/alberto/Documents/kia_gd_ws/install/ur_moveit_config:/home/alberto/Documents/kia_gd_ws/install/ur_bringup:/home/alberto/Documents/kia_gd_ws/install/ur_controllers:/home/alberto/Documents/kia_gd_ws/install/ur_dashboard_msgs:/home/alberto/Documents/kia_gd_ws/install/kia_gd:/home/alberto/install/vectornav:/home/alberto/install/vectornav_msgs:/home/alberto/install/uuv_teleop:/home/alberto/install/uuv_description:/home/alberto/install/sub:/home/alberto/install/pid:/home/alberto/ros2_ws/install/docker_test:/opt/ros/humble:/home/alberto/install/catkin:/home/alberto/ros2_ws/install/sub:/home/alberto/ros2_ws/install/pid:/home/alberto/ros2_ws/install/catkin:/home/alberto/uuv/install/uuv /usr/bin/cmake /home/alberto/Documents/kia_gd_ws/src/Universal_Robots_ROS2_Driver/ur_dashboard_msgs -DCMAKE_INSTALL_PREFIX=/home/alberto/Documents/kia_gd_ws/install/ur_dashboard_msgs
[1.064s] Invoking command in '/home/alberto/Documents/kia_gd_ws/build/ur_dashboard_msgs': CMAKE_PREFIX_PATH=/home/alberto/Documents/kia_gd_ws/install/ur:/home/alberto/Documents/kia_gd_ws/install/ur_calibration:/home/alberto/Documents/kia_gd_ws/install/ur_robot_driver:/home/alberto/Documents/kia_gd_ws/install/ur_moveit_config:/home/alberto/Documents/kia_gd_ws/install/ur_bringup:/home/alberto/Documents/kia_gd_ws/install/ur_controllers:/home/alberto/Documents/kia_gd_ws/install/ur_dashboard_msgs:/home/alberto/Documents/kia_gd_ws/install/kia_gd:/home/alberto/install/vectornav:/home/alberto/install/vectornav_msgs:/home/alberto/install/uuv_teleop:/home/alberto/install/uuv_description:/home/alberto/install/sub:/home/alberto/install/pid:/home/alberto/ros2_ws/install/docker_test:/opt/ros/humble:/home/alberto/install/catkin:/home/alberto/ros2_ws/install/sub:/home/alberto/ros2_ws/install/pid:/home/alberto/ros2_ws/install/catkin:/home/alberto/uuv/install/uuv /usr/bin/cmake --build /home/alberto/Documents/kia_gd_ws/build/ur_dashboard_msgs -- -j8 -l8
[1.099s] [35m[1mConsolidate compiler generated dependencies of target ur_dashboard_msgs__rosidl_generator_c[0m
[1.107s] [  0%] Built target ur_dashboard_msgs__cpp
[1.115s] [ 12%] Built target ur_dashboard_msgs__rosidl_generator_c
[1.117s] [ 12%] Built target ament_cmake_python_copy_ur_dashboard_msgs
[1.120s] [35m[1mConsolidate compiler generated dependencies of target ur_dashboard_msgs__rosidl_typesupport_cpp[0m
[1.126s] [35m[1mConsolidate compiler generated dependencies of target ur_dashboard_msgs__rosidl_typesupport_introspection_cpp[0m
[1.126s] [35m[1mConsolidate compiler generated dependencies of target ur_dashboard_msgs__rosidl_typesupport_fastrtps_cpp[0m
[1.126s] [35m[1mConsolidate compiler generated dependencies of target ur_dashboard_msgs__rosidl_typesupport_c[0m
[1.127s] [35m[1mConsolidate compiler generated dependencies of target ur_dashboard_msgs__rosidl_typesupport_introspection_c[0m
[1.130s] [35m[1mConsolidate compiler generated dependencies of target ur_dashboard_msgs__rosidl_typesupport_fastrtps_c[0m
[1.142s] [ 24%] Built target ur_dashboard_msgs__rosidl_typesupport_c
[1.153s] [ 36%] Built target ur_dashboard_msgs__rosidl_typesupport_introspection_c
[1.154s] [ 48%] Built target ur_dashboard_msgs__rosidl_typesupport_cpp
[1.156s] [ 65%] Built target ur_dashboard_msgs__rosidl_typesupport_introspection_cpp
[1.156s] [ 72%] Built target ur_dashboard_msgs__rosidl_typesupport_fastrtps_cpp
[1.158s] [ 84%] Built target ur_dashboard_msgs__rosidl_typesupport_fastrtps_c
[1.173s] [ 84%] Built target ur_dashboard_msgs
[1.190s] [ 85%] Built target ur_dashboard_msgs__py
[1.200s] [35m[1mConsolidate compiler generated dependencies of target ur_dashboard_msgs__rosidl_generator_py[0m
[1.216s] [ 96%] Built target ur_dashboard_msgs__rosidl_generator_py
[1.224s] [35m[1mConsolidate compiler generated dependencies of target ur_dashboard_msgs__rosidl_typesupport_c__pyext[0m
[1.224s] [35m[1mConsolidate compiler generated dependencies of target ur_dashboard_msgs__rosidl_typesupport_introspection_c__pyext[0m
[1.227s] [35m[1mConsolidate compiler generated dependencies of target ur_dashboard_msgs__rosidl_typesupport_fastrtps_c__pyext[0m
[1.235s] [ 98%] Built target ur_dashboard_msgs__rosidl_typesupport_c__pyext
[1.235s] [ 99%] Built target ur_dashboard_msgs__rosidl_typesupport_introspection_c__pyext
[1.240s] [100%] Built target ur_dashboard_msgs__rosidl_typesupport_fastrtps_c__pyext
[1.310s] running egg_info
[1.323s] writing ur_dashboard_msgs.egg-info/PKG-INFO
[1.323s] writing dependency_links to ur_dashboard_msgs.egg-info/dependency_links.txt
[1.324s] writing top-level names to ur_dashboard_msgs.egg-info/top_level.txt
[1.363s] reading manifest file 'ur_dashboard_msgs.egg-info/SOURCES.txt'
[1.363s] writing manifest file 'ur_dashboard_msgs.egg-info/SOURCES.txt'
[1.386s] [100%] Built target ament_cmake_python_build_ur_dashboard_msgs_egg
[1.395s] Invoked command in '/home/alberto/Documents/kia_gd_ws/build/ur_dashboard_msgs' returned '0': CMAKE_PREFIX_PATH=/home/alberto/Documents/kia_gd_ws/install/ur:/home/alberto/Documents/kia_gd_ws/install/ur_calibration:/home/alberto/Documents/kia_gd_ws/install/ur_robot_driver:/home/alberto/Documents/kia_gd_ws/install/ur_moveit_config:/home/alberto/Documents/kia_gd_ws/install/ur_bringup:/home/alberto/Documents/kia_gd_ws/install/ur_controllers:/home/alberto/Documents/kia_gd_ws/install/ur_dashboard_msgs:/home/alberto/Documents/kia_gd_ws/install/kia_gd:/home/alberto/install/vectornav:/home/alberto/install/vectornav_msgs:/home/alberto/install/uuv_teleop:/home/alberto/install/uuv_description:/home/alberto/install/sub:/home/alberto/install/pid:/home/alberto/ros2_ws/install/docker_test:/opt/ros/humble:/home/alberto/install/catkin:/home/alberto/ros2_ws/install/sub:/home/alberto/ros2_ws/install/pid:/home/alberto/ros2_ws/install/catkin:/home/alberto/uuv/install/uuv /usr/bin/cmake --build /home/alberto/Documents/kia_gd_ws/build/ur_dashboard_msgs -- -j8 -l8
[1.396s] Invoking command in '/home/alberto/Documents/kia_gd_ws/build/ur_dashboard_msgs': CMAKE_PREFIX_PATH=/home/alberto/Documents/kia_gd_ws/install/ur:/home/alberto/Documents/kia_gd_ws/install/ur_calibration:/home/alberto/Documents/kia_gd_ws/install/ur_robot_driver:/home/alberto/Documents/kia_gd_ws/install/ur_moveit_config:/home/alberto/Documents/kia_gd_ws/install/ur_bringup:/home/alberto/Documents/kia_gd_ws/install/ur_controllers:/home/alberto/Documents/kia_gd_ws/install/ur_dashboard_msgs:/home/alberto/Documents/kia_gd_ws/install/kia_gd:/home/alberto/install/vectornav:/home/alberto/install/vectornav_msgs:/home/alberto/install/uuv_teleop:/home/alberto/install/uuv_description:/home/alberto/install/sub:/home/alberto/install/pid:/home/alberto/ros2_ws/install/docker_test:/opt/ros/humble:/home/alberto/install/catkin:/home/alberto/ros2_ws/install/sub:/home/alberto/ros2_ws/install/pid:/home/alberto/ros2_ws/install/catkin:/home/alberto/uuv/install/uuv /usr/bin/cmake --install /home/alberto/Documents/kia_gd_ws/build/ur_dashboard_msgs
[1.402s] -- Install configuration: "Release"
[1.402s] -- Up-to-date: /home/alberto/Documents/kia_gd_ws/install/ur_dashboard_msgs/share/ament_index/resource_index/rosidl_interfaces/ur_dashboard_msgs
[1.402s] -- Up-to-date: /home/alberto/Documents/kia_gd_ws/install/ur_dashboard_msgs/include/ur_dashboard_msgs/ur_dashboard_msgs
[1.403s] -- Up-to-date: /home/alberto/Documents/kia_gd_ws/install/ur_dashboard_msgs/include/ur_dashboard_msgs/ur_dashboard_msgs/action
[1.403s] -- Up-to-date: /home/alberto/Documents/kia_gd_ws/install/ur_dashboard_msgs/include/ur_dashboard_msgs/ur_dashboard_msgs/action/detail
[1.403s] -- Up-to-date: /home/alberto/Documents/kia_gd_ws/install/ur_dashboard_msgs/include/ur_dashboard_msgs/ur_dashboard_msgs/action/detail/set_mode__functions.h
[1.403s] -- Up-to-date: /home/alberto/Documents/kia_gd_ws/install/ur_dashboard_msgs/include/ur_dashboard_msgs/ur_dashboard_msgs/action/detail/set_mode__struct.h
[1.403s] -- Up-to-date: /home/alberto/Documents/kia_gd_ws/install/ur_dashboard_msgs/include/ur_dashboard_msgs/ur_dashboard_msgs/action/detail/set_mode__functions.c
[1.403s] -- Up-to-date: /home/alberto/Documents/kia_gd_ws/install/ur_dashboard_msgs/include/ur_dashboard_msgs/ur_dashboard_msgs/action/detail/set_mode__type_support.h
[1.403s] -- Up-to-date: /home/alberto/Documents/kia_gd_ws/install/ur_dashboard_msgs/include/ur_dashboard_msgs/ur_dashboard_msgs/action/set_mode.h
[1.403s] -- Up-to-date: /home/alberto/Documents/kia_gd_ws/install/ur_dashboard_msgs/include/ur_dashboard_msgs/ur_dashboard_msgs/srv
[1.403s] -- Up-to-date: /home/alberto/Documents/kia_gd_ws/install/ur_dashboard_msgs/include/ur_dashboard_msgs/ur_dashboard_msgs/srv/popup.h
[1.403s] -- Up-to-date: /home/alberto/Documents/kia_gd_ws/install/ur_dashboard_msgs/include/ur_dashboard_msgs/ur_dashboard_msgs/srv/get_program_state.h
[1.403s] -- Up-to-date: /home/alberto/Documents/kia_gd_ws/install/ur_dashboard_msgs/include/ur_dashboard_msgs/ur_dashboard_msgs/srv/is_program_saved.h
[1.404s] -- Up-to-date: /home/alberto/Documents/kia_gd_ws/install/ur_dashboard_msgs/include/ur_dashboard_msgs/ur_dashboard_msgs/srv/get_safety_mode.h
[1.404s] -- Up-to-date: /home/alberto/Documents/kia_gd_ws/install/ur_dashboard_msgs/include/ur_dashboard_msgs/ur_dashboard_msgs/srv/add_to_log.h
[1.404s] -- Up-to-date: /home/alberto/Documents/kia_gd_ws/install/ur_dashboard_msgs/include/ur_dashboard_msgs/ur_dashboard_msgs/srv/get_loaded_program.h
[1.404s] -- Up-to-date: /home/alberto/Documents/kia_gd_ws/install/ur_dashboard_msgs/include/ur_dashboard_msgs/ur_dashboard_msgs/srv/raw_request.h
[1.404s] -- Up-to-date: /home/alberto/Documents/kia_gd_ws/install/ur_dashboard_msgs/include/ur_dashboard_msgs/ur_dashboard_msgs/srv/detail
[1.404s] -- Up-to-date: /home/alberto/Documents/kia_gd_ws/install/ur_dashboard_msgs/include/ur_dashboard_msgs/ur_dashboard_msgs/srv/detail/popup__functions.c
[1.404s] -- Up-to-date: /home/alberto/Documents/kia_gd_ws/install/ur_dashboard_msgs/include/ur_dashboard_msgs/ur_dashboard_msgs/srv/detail/raw_request__functions.h
[1.404s] -- Up-to-date: /home/alberto/Documents/kia_gd_ws/install/ur_dashboard_msgs/include/ur_dashboard_msgs/ur_dashboard_msgs/srv/detail/get_safety_mode__type_support.h
[1.404s] -- Up-to-date: /home/alberto/Documents/kia_gd_ws/install/ur_dashboard_msgs/include/ur_dashboard_msgs/ur_dashboard_msgs/srv/detail/raw_request__functions.c
[1.404s] -- Up-to-date: /home/alberto/Documents/kia_gd_ws/install/ur_dashboard_msgs/include/ur_dashboard_msgs/ur_dashboard_msgs/srv/detail/is_program_saved__functions.c
[1.404s] -- Up-to-date: /home/alberto/Documents/kia_gd_ws/install/ur_dashboard_msgs/include/ur_dashboard_msgs/ur_dashboard_msgs/srv/detail/load__type_support.h
[1.404s] -- Up-to-date: /home/alberto/Documents/kia_gd_ws/install/ur_dashboard_msgs/include/ur_dashboard_msgs/ur_dashboard_msgs/srv/detail/add_to_log__type_support.h
[1.404s] -- Up-to-date: /home/alberto/Documents/kia_gd_ws/install/ur_dashboard_msgs/include/ur_dashboard_msgs/ur_dashboard_msgs/srv/detail/get_loaded_program__type_support.h
[1.404s] -- Up-to-date: /home/alberto/Documents/kia_gd_ws/install/ur_dashboard_msgs/include/ur_dashboard_msgs/ur_dashboard_msgs/srv/detail/raw_request__type_support.h
[1.405s] -- Up-to-date: /home/alberto/Documents/kia_gd_ws/install/ur_dashboard_msgs/include/ur_dashboard_msgs/ur_dashboard_msgs/srv/detail/get_loaded_program__struct.h
[1.405s] -- Up-to-date: /home/alberto/Documents/kia_gd_ws/install/ur_dashboard_msgs/include/ur_dashboard_msgs/ur_dashboard_msgs/srv/detail/is_program_running__struct.h
[1.405s] -- Up-to-date: /home/alberto/Documents/kia_gd_ws/install/ur_dashboard_msgs/include/ur_dashboard_msgs/ur_dashboard_msgs/srv/detail/get_safety_mode__functions.c
[1.405s] -- Up-to-date: /home/alberto/Documents/kia_gd_ws/install/ur_dashboard_msgs/include/ur_dashboard_msgs/ur_dashboard_msgs/srv/detail/get_robot_mode__functions.c
[1.405s] -- Up-to-date: /home/alberto/Documents/kia_gd_ws/install/ur_dashboard_msgs/include/ur_dashboard_msgs/ur_dashboard_msgs/srv/detail/is_in_remote_control__functions.c
[1.405s] -- Up-to-date: /home/alberto/Documents/kia_gd_ws/install/ur_dashboard_msgs/include/ur_dashboard_msgs/ur_dashboard_msgs/srv/detail/add_to_log__struct.h
[1.405s] -- Up-to-date: /home/alberto/Documents/kia_gd_ws/install/ur_dashboard_msgs/include/ur_dashboard_msgs/ur_dashboard_msgs/srv/detail/get_program_state__type_support.h
[1.405s] -- Up-to-date: /home/alberto/Documents/kia_gd_ws/install/ur_dashboard_msgs/include/ur_dashboard_msgs/ur_dashboard_msgs/srv/detail/get_robot_mode__type_support.h
[1.405s] -- Up-to-date: /home/alberto/Documents/kia_gd_ws/install/ur_dashboard_msgs/include/ur_dashboard_msgs/ur_dashboard_msgs/srv/detail/get_safety_mode__functions.h
[1.405s] -- Up-to-date: /home/alberto/Documents/kia_gd_ws/install/ur_dashboard_msgs/include/ur_dashboard_msgs/ur_dashboard_msgs/srv/detail/add_to_log__functions.c
[1.405s] -- Up-to-date: /home/alberto/Documents/kia_gd_ws/install/ur_dashboard_msgs/include/ur_dashboard_msgs/ur_dashboard_msgs/srv/detail/popup__struct.h
[1.405s] -- Up-to-date: /home/alberto/Documents/kia_gd_ws/install/ur_dashboard_msgs/include/ur_dashboard_msgs/ur_dashboard_msgs/srv/detail/is_program_running__type_support.h
[1.406s] -- Up-to-date: /home/alberto/Documents/kia_gd_ws/install/ur_dashboard_msgs/include/ur_dashboard_msgs/ur_dashboard_msgs/srv/detail/is_in_remote_control__type_support.h
[1.406s] -- Up-to-date: /home/alberto/Documents/kia_gd_ws/install/ur_dashboard_msgs/include/ur_dashboard_msgs/ur_dashboard_msgs/srv/detail/get_loaded_program__functions.h
[1.406s] -- Up-to-date: /home/alberto/Documents/kia_gd_ws/install/ur_dashboard_msgs/include/ur_dashboard_msgs/ur_dashboard_msgs/srv/detail/load__functions.c
[1.406s] -- Up-to-date: /home/alberto/Documents/kia_gd_ws/install/ur_dashboard_msgs/include/ur_dashboard_msgs/ur_dashboard_msgs/srv/detail/is_in_remote_control__struct.h
[1.406s] -- Up-to-date: /home/alberto/Documents/kia_gd_ws/install/ur_dashboard_msgs/include/ur_dashboard_msgs/ur_dashboard_msgs/srv/detail/is_program_saved__struct.h
[1.406s] -- Up-to-date: /home/alberto/Documents/kia_gd_ws/install/ur_dashboard_msgs/include/ur_dashboard_msgs/ur_dashboard_msgs/srv/detail/popup__functions.h
[1.406s] -- Up-to-date: /home/alberto/Documents/kia_gd_ws/install/ur_dashboard_msgs/include/ur_dashboard_msgs/ur_dashboard_msgs/srv/detail/load__functions.h
[1.406s] -- Up-to-date: /home/alberto/Documents/kia_gd_ws/install/ur_dashboard_msgs/include/ur_dashboard_msgs/ur_dashboard_msgs/srv/detail/get_robot_mode__struct.h
[1.406s] -- Up-to-date: /home/alberto/Documents/kia_gd_ws/install/ur_dashboard_msgs/include/ur_dashboard_msgs/ur_dashboard_msgs/srv/detail/get_program_state__functions.c
[1.406s] -- Up-to-date: /home/alberto/Documents/kia_gd_ws/install/ur_dashboard_msgs/include/ur_dashboard_msgs/ur_dashboard_msgs/srv/detail/get_safety_mode__struct.h
[1.406s] -- Up-to-date: /home/alberto/Documents/kia_gd_ws/install/ur_dashboard_msgs/include/ur_dashboard_msgs/ur_dashboard_msgs/srv/detail/load__struct.h
[1.406s] -- Up-to-date: /home/alberto/Documents/kia_gd_ws/install/ur_dashboard_msgs/include/ur_dashboard_msgs/ur_dashboard_msgs/srv/detail/is_in_remote_control__functions.h
[1.406s] -- Up-to-date: /home/alberto/Documents/kia_gd_ws/install/ur_dashboard_msgs/include/ur_dashboard_msgs/ur_dashboard_msgs/srv/detail/popup__type_support.h
[1.406s] -- Up-to-date: /home/alberto/Documents/kia_gd_ws/install/ur_dashboard_msgs/include/ur_dashboard_msgs/ur_dashboard_msgs/srv/detail/get_program_state__functions.h
[1.407s] -- Up-to-date: /home/alberto/Documents/kia_gd_ws/install/ur_dashboard_msgs/include/ur_dashboard_msgs/ur_dashboard_msgs/srv/detail/raw_request__struct.h
[1.407s] -- Up-to-date: /home/alberto/Documents/kia_gd_ws/install/ur_dashboard_msgs/include/ur_dashboard_msgs/ur_dashboard_msgs/srv/detail/get_program_state__struct.h
[1.407s] -- Up-to-date: /home/alberto/Documents/kia_gd_ws/install/ur_dashboard_msgs/include/ur_dashboard_msgs/ur_dashboard_msgs/srv/detail/is_program_saved__type_support.h
[1.407s] -- Up-to-date: /home/alberto/Documents/kia_gd_ws/install/ur_dashboard_msgs/include/ur_dashboard_msgs/ur_dashboard_msgs/srv/detail/is_program_running__functions.c
[1.407s] -- Up-to-date: /home/alberto/Documents/kia_gd_ws/install/ur_dashboard_msgs/include/ur_dashboard_msgs/ur_dashboard_msgs/srv/detail/add_to_log__functions.h
[1.407s] -- Up-to-date: /home/alberto/Documents/kia_gd_ws/install/ur_dashboard_msgs/include/ur_dashboard_msgs/ur_dashboard_msgs/srv/detail/get_loaded_program__functions.c
[1.407s] -- Up-to-date: /home/alberto/Documents/kia_gd_ws/install/ur_dashboard_msgs/include/ur_dashboard_msgs/ur_dashboard_msgs/srv/detail/is_program_saved__functions.h
[1.407s] -- Up-to-date: /home/alberto/Documents/kia_gd_ws/install/ur_dashboard_msgs/include/ur_dashboard_msgs/ur_dashboard_msgs/srv/detail/get_robot_mode__functions.h
[1.407s] -- Up-to-date: /home/alberto/Documents/kia_gd_ws/install/ur_dashboard_msgs/include/ur_dashboard_msgs/ur_dashboard_msgs/srv/detail/is_program_running__functions.h
[1.407s] -- Up-to-date: /home/alberto/Documents/kia_gd_ws/install/ur_dashboard_msgs/include/ur_dashboard_msgs/ur_dashboard_msgs/srv/load.h
[1.407s] -- Up-to-date: /home/alberto/Documents/kia_gd_ws/install/ur_dashboard_msgs/include/ur_dashboard_msgs/ur_dashboard_msgs/srv/is_in_remote_control.h
[1.407s] -- Up-to-date: /home/alberto/Documents/kia_gd_ws/install/ur_dashboard_msgs/include/ur_dashboard_msgs/ur_dashboard_msgs/srv/is_program_running.h
[1.408s] -- Up-to-date: /home/alberto/Documents/kia_gd_ws/install/ur_dashboard_msgs/include/ur_dashboard_msgs/ur_dashboard_msgs/srv/get_robot_mode.h
[1.408s] -- Up-to-date: /home/alberto/Documents/kia_gd_ws/install/ur_dashboard_msgs/include/ur_dashboard_msgs/ur_dashboard_msgs/msg
[1.408s] -- Up-to-date: /home/alberto/Documents/kia_gd_ws/install/ur_dashboard_msgs/include/ur_dashboard_msgs/ur_dashboard_msgs/msg/rosidl_generator_c__visibility_control.h
[1.408s] -- Up-to-date: /home/alberto/Documents/kia_gd_ws/install/ur_dashboard_msgs/include/ur_dashboard_msgs/ur_dashboard_msgs/msg/program_state.h
[1.408s] -- Up-to-date: /home/alberto/Documents/kia_gd_ws/install/ur_dashboard_msgs/include/ur_dashboard_msgs/ur_dashboard_msgs/msg/detail
[1.408s] -- Up-to-date: /home/alberto/Documents/kia_gd_ws/install/ur_dashboard_msgs/include/ur_dashboard_msgs/ur_dashboard_msgs/msg/detail/program_state__functions.h
[1.408s] -- Up-to-date: /home/alberto/Documents/kia_gd_ws/install/ur_dashboard_msgs/include/ur_dashboard_msgs/ur_dashboard_msgs/msg/detail/safety_mode__functions.h
[1.408s] -- Up-to-date: /home/alberto/Documents/kia_gd_ws/install/ur_dashboard_msgs/include/ur_dashboard_msgs/ur_dashboard_msgs/msg/detail/robot_mode__type_support.h
[1.408s] -- Up-to-date: /home/alberto/Documents/kia_gd_ws/install/ur_dashboard_msgs/include/ur_dashboard_msgs/ur_dashboard_msgs/msg/detail/program_state__type_support.h
[1.408s] -- Up-to-date: /home/alberto/Documents/kia_gd_ws/install/ur_dashboard_msgs/include/ur_dashboard_msgs/ur_dashboard_msgs/msg/detail/robot_mode__struct.h
[1.408s] -- Up-to-date: /home/alberto/Documents/kia_gd_ws/install/ur_dashboard_msgs/include/ur_dashboard_msgs/ur_dashboard_msgs/msg/detail/safety_mode__functions.c
[1.409s] -- Up-to-date: /home/alberto/Documents/kia_gd_ws/install/ur_dashboard_msgs/include/ur_dashboard_msgs/ur_dashboard_msgs/msg/detail/safety_mode__type_support.h
[1.409s] -- Up-to-date: /home/alberto/Documents/kia_gd_ws/install/ur_dashboard_msgs/include/ur_dashboard_msgs/ur_dashboard_msgs/msg/detail/robot_mode__functions.h
[1.409s] -- Up-to-date: /home/alberto/Documents/kia_gd_ws/install/ur_dashboard_msgs/include/ur_dashboard_msgs/ur_dashboard_msgs/msg/detail/program_state__struct.h
[1.409s] -- Up-to-date: /home/alberto/Documents/kia_gd_ws/install/ur_dashboard_msgs/include/ur_dashboard_msgs/ur_dashboard_msgs/msg/detail/program_state__functions.c
[1.409s] -- Up-to-date: /home/alberto/Documents/kia_gd_ws/install/ur_dashboard_msgs/include/ur_dashboard_msgs/ur_dashboard_msgs/msg/detail/safety_mode__struct.h
[1.409s] -- Up-to-date: /home/alberto/Documents/kia_gd_ws/install/ur_dashboard_msgs/include/ur_dashboard_msgs/ur_dashboard_msgs/msg/detail/robot_mode__functions.c
[1.409s] -- Up-to-date: /home/alberto/Documents/kia_gd_ws/install/ur_dashboard_msgs/include/ur_dashboard_msgs/ur_dashboard_msgs/msg/robot_mode.h
[1.409s] -- Up-to-date: /home/alberto/Documents/kia_gd_ws/install/ur_dashboard_msgs/include/ur_dashboard_msgs/ur_dashboard_msgs/msg/safety_mode.h
[1.409s] -- Up-to-date: /home/alberto/Documents/kia_gd_ws/install/ur_dashboard_msgs/share/ur_dashboard_msgs/environment/library_path.sh
[1.409s] -- Installing: /home/alberto/Documents/kia_gd_ws/install/ur_dashboard_msgs/share/ur_dashboard_msgs/environment/library_path.dsv
[1.409s] -- Up-to-date: /home/alberto/Documents/kia_gd_ws/install/ur_dashboard_msgs/lib/libur_dashboard_msgs__rosidl_generator_c.so
[1.409s] -- Up-to-date: /home/alberto/Documents/kia_gd_ws/install/ur_dashboard_msgs/include/ur_dashboard_msgs/ur_dashboard_msgs
[1.410s] -- Up-to-date: /home/alberto/Documents/kia_gd_ws/install/ur_dashboard_msgs/include/ur_dashboard_msgs/ur_dashboard_msgs/action
[1.410s] -- Up-to-date: /home/alberto/Documents/kia_gd_ws/install/ur_dashboard_msgs/include/ur_dashboard_msgs/ur_dashboard_msgs/action/detail
[1.410s] -- Up-to-date: /home/alberto/Documents/kia_gd_ws/install/ur_dashboard_msgs/include/ur_dashboard_msgs/ur_dashboard_msgs/action/detail/set_mode__rosidl_typesupport_fastrtps_c.h
[1.410s] -- Up-to-date: /home/alberto/Documents/kia_gd_ws/install/ur_dashboard_msgs/include/ur_dashboard_msgs/ur_dashboard_msgs/srv
[1.410s] -- Up-to-date: /home/alberto/Documents/kia_gd_ws/install/ur_dashboard_msgs/include/ur_dashboard_msgs/ur_dashboard_msgs/srv/detail
[1.410s] -- Up-to-date: /home/alberto/Documents/kia_gd_ws/install/ur_dashboard_msgs/include/ur_dashboard_msgs/ur_dashboard_msgs/srv/detail/get_safety_mode__rosidl_typesupport_fastrtps_c.h
[1.410s] -- Up-to-date: /home/alberto/Documents/kia_gd_ws/install/ur_dashboard_msgs/include/ur_dashboard_msgs/ur_dashboard_msgs/srv/detail/is_in_remote_control__rosidl_typesupport_fastrtps_c.h
[1.410s] -- Up-to-date: /home/alberto/Documents/kia_gd_ws/install/ur_dashboard_msgs/include/ur_dashboard_msgs/ur_dashboard_msgs/srv/detail/add_to_log__rosidl_typesupport_fastrtps_c.h
[1.410s] -- Up-to-date: /home/alberto/Documents/kia_gd_ws/install/ur_dashboard_msgs/include/ur_dashboard_msgs/ur_dashboard_msgs/srv/detail/popup__rosidl_typesupport_fastrtps_c.h
[1.410s] -- Up-to-date: /home/alberto/Documents/kia_gd_ws/install/ur_dashboard_msgs/include/ur_dashboard_msgs/ur_dashboard_msgs/srv/detail/get_loaded_program__rosidl_typesupport_fastrtps_c.h
[1.410s] -- Up-to-date: /home/alberto/Documents/kia_gd_ws/install/ur_dashboard_msgs/include/ur_dashboard_msgs/ur_dashboard_msgs/srv/detail/is_program_saved__rosidl_typesupport_fastrtps_c.h
[1.410s] -- Up-to-date: /home/alberto/Documents/kia_gd_ws/install/ur_dashboard_msgs/include/ur_dashboard_msgs/ur_dashboard_msgs/srv/detail/is_program_running__rosidl_typesupport_fastrtps_c.h
[1.411s] -- Up-to-date: /home/alberto/Documents/kia_gd_ws/install/ur_dashboard_msgs/include/ur_dashboard_msgs/ur_dashboard_msgs/srv/detail/load__rosidl_typesupport_fastrtps_c.h
[1.411s] -- Up-to-date: /home/alberto/Documents/kia_gd_ws/install/ur_dashboard_msgs/include/ur_dashboard_msgs/ur_dashboard_msgs/srv/detail/get_robot_mode__rosidl_typesupport_fastrtps_c.h
[1.411s] -- Up-to-date: /home/alberto/Documents/kia_gd_ws/install/ur_dashboard_msgs/include/ur_dashboard_msgs/ur_dashboard_msgs/srv/detail/get_program_state__rosidl_typesupport_fastrtps_c.h
[1.411s] -- Up-to-date: /home/alberto/Documents/kia_gd_ws/install/ur_dashboard_msgs/include/ur_dashboard_msgs/ur_dashboard_msgs/srv/detail/raw_request__rosidl_typesupport_fastrtps_c.h
[1.411s] -- Up-to-date: /home/alberto/Documents/kia_gd_ws/install/ur_dashboard_msgs/include/ur_dashboard_msgs/ur_dashboard_msgs/msg
[1.411s] -- Up-to-date: /home/alberto/Documents/kia_gd_ws/install/ur_dashboard_msgs/include/ur_dashboard_msgs/ur_dashboard_msgs/msg/rosidl_typesupport_fastrtps_c__visibility_control.h
[1.411s] -- Up-to-date: /home/alberto/Documents/kia_gd_ws/install/ur_dashboard_msgs/include/ur_dashboard_msgs/ur_dashboard_msgs/msg/detail
[1.411s] -- Up-to-date: /home/alberto/Documents/kia_gd_ws/install/ur_dashboard_msgs/include/ur_dashboard_msgs/ur_dashboard_msgs/msg/detail/program_state__rosidl_typesupport_fastrtps_c.h
[1.411s] -- Up-to-date: /home/alberto/Documents/kia_gd_ws/install/ur_dashboard_msgs/include/ur_dashboard_msgs/ur_dashboard_msgs/msg/detail/robot_mode__rosidl_typesupport_fastrtps_c.h
[1.411s] -- Up-to-date: /home/alberto/Documents/kia_gd_ws/install/ur_dashboard_msgs/include/ur_dashboard_msgs/ur_dashboard_msgs/msg/detail/safety_mode__rosidl_typesupport_fastrtps_c.h
[1.411s] -- Up-to-date: /home/alberto/Documents/kia_gd_ws/install/ur_dashboard_msgs/lib/libur_dashboard_msgs__rosidl_typesupport_fastrtps_c.so
[1.411s] -- Up-to-date: /home/alberto/Documents/kia_gd_ws/install/ur_dashboard_msgs/include/ur_dashboard_msgs/ur_dashboard_msgs
[1.411s] -- Up-to-date: /home/alberto/Documents/kia_gd_ws/install/ur_dashboard_msgs/include/ur_dashboard_msgs/ur_dashboard_msgs/action
[1.412s] -- Up-to-date: /home/alberto/Documents/kia_gd_ws/install/ur_dashboard_msgs/include/ur_dashboard_msgs/ur_dashboard_msgs/action/detail
[1.412s] -- Up-to-date: /home/alberto/Documents/kia_gd_ws/install/ur_dashboard_msgs/include/ur_dashboard_msgs/ur_dashboard_msgs/action/detail/set_mode__type_support.c
[1.412s] -- Up-to-date: /home/alberto/Documents/kia_gd_ws/install/ur_dashboard_msgs/include/ur_dashboard_msgs/ur_dashboard_msgs/action/detail/set_mode__rosidl_typesupport_introspection_c.h
[1.412s] -- Up-to-date: /home/alberto/Documents/kia_gd_ws/install/ur_dashboard_msgs/include/ur_dashboard_msgs/ur_dashboard_msgs/srv
[1.412s] -- Up-to-date: /home/alberto/Documents/kia_gd_ws/install/ur_dashboard_msgs/include/ur_dashboard_msgs/ur_dashboard_msgs/srv/detail
[1.412s] -- Up-to-date: /home/alberto/Documents/kia_gd_ws/install/ur_dashboard_msgs/include/ur_dashboard_msgs/ur_dashboard_msgs/srv/detail/add_to_log__rosidl_typesupport_introspection_c.h
[1.412s] -- Up-to-date: /home/alberto/Documents/kia_gd_ws/install/ur_dashboard_msgs/include/ur_dashboard_msgs/ur_dashboard_msgs/srv/detail/is_in_remote_control__type_support.c
[1.412s] -- Up-to-date: /home/alberto/Documents/kia_gd_ws/install/ur_dashboard_msgs/include/ur_dashboard_msgs/ur_dashboard_msgs/srv/detail/get_robot_mode__rosidl_typesupport_introspection_c.h
[1.412s] -- Up-to-date: /home/alberto/Documents/kia_gd_ws/install/ur_dashboard_msgs/include/ur_dashboard_msgs/ur_dashboard_msgs/srv/detail/add_to_log__type_support.c
[1.412s] -- Up-to-date: /home/alberto/Documents/kia_gd_ws/install/ur_dashboard_msgs/include/ur_dashboard_msgs/ur_dashboard_msgs/srv/detail/load__type_support.c
[1.413s] -- Up-to-date: /home/alberto/Documents/kia_gd_ws/install/ur_dashboard_msgs/include/ur_dashboard_msgs/ur_dashboard_msgs/srv/detail/load__rosidl_typesupport_introspection_c.h
[1.413s] -- Up-to-date: /home/alberto/Documents/kia_gd_ws/install/ur_dashboard_msgs/include/ur_dashboard_msgs/ur_dashboard_msgs/srv/detail/is_program_running__rosidl_typesupport_introspection_c.h
[1.413s] -- Up-to-date: /home/alberto/Documents/kia_gd_ws/install/ur_dashboard_msgs/include/ur_dashboard_msgs/ur_dashboard_msgs/srv/detail/is_program_saved__type_support.c
[1.413s] -- Up-to-date: /home/alberto/Documents/kia_gd_ws/install/ur_dashboard_msgs/include/ur_dashboard_msgs/ur_dashboard_msgs/srv/detail/get_program_state__type_support.c
[1.413s] -- Up-to-date: /home/alberto/Documents/kia_gd_ws/install/ur_dashboard_msgs/include/ur_dashboard_msgs/ur_dashboard_msgs/srv/detail/popup__rosidl_typesupport_introspection_c.h
[1.413s] -- Up-to-date: /home/alberto/Documents/kia_gd_ws/install/ur_dashboard_msgs/include/ur_dashboard_msgs/ur_dashboard_msgs/srv/detail/popup__type_support.c
[1.413s] -- Up-to-date: /home/alberto/Documents/kia_gd_ws/install/ur_dashboard_msgs/include/ur_dashboard_msgs/ur_dashboard_msgs/srv/detail/get_safety_mode__type_support.c
[1.413s] -- Up-to-date: /home/alberto/Documents/kia_gd_ws/install/ur_dashboard_msgs/include/ur_dashboard_msgs/ur_dashboard_msgs/srv/detail/raw_request__rosidl_typesupport_introspection_c.h
[1.413s] -- Up-to-date: /home/alberto/Documents/kia_gd_ws/install/ur_dashboard_msgs/include/ur_dashboard_msgs/ur_dashboard_msgs/srv/detail/get_loaded_program__type_support.c
[1.413s] -- Up-to-date: /home/alberto/Documents/kia_gd_ws/install/ur_dashboard_msgs/include/ur_dashboard_msgs/ur_dashboard_msgs/srv/detail/get_robot_mode__type_support.c
[1.413s] -- Up-to-date: /home/alberto/Documents/kia_gd_ws/install/ur_dashboard_msgs/include/ur_dashboard_msgs/ur_dashboard_msgs/srv/detail/get_program_state__rosidl_typesupport_introspection_c.h
[1.413s] -- Up-to-date: /home/alberto/Documents/kia_gd_ws/install/ur_dashboard_msgs/include/ur_dashboard_msgs/ur_dashboard_msgs/srv/detail/is_in_remote_control__rosidl_typesupport_introspection_c.h
[1.413s] -- Up-to-date: /home/alberto/Documents/kia_gd_ws/install/ur_dashboard_msgs/include/ur_dashboard_msgs/ur_dashboard_msgs/srv/detail/is_program_running__type_support.c
[1.413s] -- Up-to-date: /home/alberto/Documents/kia_gd_ws/install/ur_dashboard_msgs/include/ur_dashboard_msgs/ur_dashboard_msgs/srv/detail/is_program_saved__rosidl_typesupport_introspection_c.h
[1.413s] -- Up-to-date: /home/alberto/Documents/kia_gd_ws/install/ur_dashboard_msgs/include/ur_dashboard_msgs/ur_dashboard_msgs/srv/detail/raw_request__type_support.c
[1.413s] -- Up-to-date: /home/alberto/Documents/kia_gd_ws/install/ur_dashboard_msgs/include/ur_dashboard_msgs/ur_dashboard_msgs/srv/detail/get_loaded_program__rosidl_typesupport_introspection_c.h
[1.414s] -- Up-to-date: /home/alberto/Documents/kia_gd_ws/install/ur_dashboard_msgs/include/ur_dashboard_msgs/ur_dashboard_msgs/srv/detail/get_safety_mode__rosidl_typesupport_introspection_c.h
[1.414s] -- Up-to-date: /home/alberto/Documents/kia_gd_ws/install/ur_dashboard_msgs/include/ur_dashboard_msgs/ur_dashboard_msgs/msg
[1.414s] -- Up-to-date: /home/alberto/Documents/kia_gd_ws/install/ur_dashboard_msgs/include/ur_dashboard_msgs/ur_dashboard_msgs/msg/rosidl_typesupport_introspection_c__visibility_control.h
[1.414s] -- Up-to-date: /home/alberto/Documents/kia_gd_ws/install/ur_dashboard_msgs/include/ur_dashboard_msgs/ur_dashboard_msgs/msg/detail
[1.414s] -- Up-to-date: /home/alberto/Documents/kia_gd_ws/install/ur_dashboard_msgs/include/ur_dashboard_msgs/ur_dashboard_msgs/msg/detail/program_state__rosidl_typesupport_introspection_c.h
[1.414s] -- Up-to-date: /home/alberto/Documents/kia_gd_ws/install/ur_dashboard_msgs/include/ur_dashboard_msgs/ur_dashboard_msgs/msg/detail/robot_mode__type_support.c
[1.414s] -- Up-to-date: /home/alberto/Documents/kia_gd_ws/install/ur_dashboard_msgs/include/ur_dashboard_msgs/ur_dashboard_msgs/msg/detail/robot_mode__rosidl_typesupport_introspection_c.h
[1.414s] -- Up-to-date: /home/alberto/Documents/kia_gd_ws/install/ur_dashboard_msgs/include/ur_dashboard_msgs/ur_dashboard_msgs/msg/detail/safety_mode__type_support.c
[1.414s] -- Up-to-date: /home/alberto/Documents/kia_gd_ws/install/ur_dashboard_msgs/include/ur_dashboard_msgs/ur_dashboard_msgs/msg/detail/program_state__type_support.c
[1.414s] -- Up-to-date: /home/alberto/Documents/kia_gd_ws/install/ur_dashboard_msgs/include/ur_dashboard_msgs/ur_dashboard_msgs/msg/detail/safety_mode__rosidl_typesupport_introspection_c.h
[1.414s] -- Up-to-date: /home/alberto/Documents/kia_gd_ws/install/ur_dashboard_msgs/lib/libur_dashboard_msgs__rosidl_typesupport_introspection_c.so
[1.414s] -- Up-to-date: /home/alberto/Documents/kia_gd_ws/install/ur_dashboard_msgs/lib/libur_dashboard_msgs__rosidl_typesupport_c.so
[1.414s] -- Up-to-date: /home/alberto/Documents/kia_gd_ws/install/ur_dashboard_msgs/include/ur_dashboard_msgs/ur_dashboard_msgs
[1.414s] -- Up-to-date: /home/alberto/Documents/kia_gd_ws/install/ur_dashboard_msgs/include/ur_dashboard_msgs/ur_dashboard_msgs/action
[1.414s] -- Up-to-date: /home/alberto/Documents/kia_gd_ws/install/ur_dashboard_msgs/include/ur_dashboard_msgs/ur_dashboard_msgs/action/set_mode.hpp
[1.414s] -- Up-to-date: /home/alberto/Documents/kia_gd_ws/install/ur_dashboard_msgs/include/ur_dashboard_msgs/ur_dashboard_msgs/action/detail
[1.414s] -- Up-to-date: /home/alberto/Documents/kia_gd_ws/install/ur_dashboard_msgs/include/ur_dashboard_msgs/ur_dashboard_msgs/action/detail/set_mode__type_support.hpp
[1.414s] -- Up-to-date: /home/alberto/Documents/kia_gd_ws/install/ur_dashboard_msgs/include/ur_dashboard_msgs/ur_dashboard_msgs/action/detail/set_mode__struct.hpp
[1.414s] -- Up-to-date: /home/alberto/Documents/kia_gd_ws/install/ur_dashboard_msgs/include/ur_dashboard_msgs/ur_dashboard_msgs/action/detail/set_mode__traits.hpp
[1.414s] -- Up-to-date: /home/alberto/Documents/kia_gd_ws/install/ur_dashboard_msgs/include/ur_dashboard_msgs/ur_dashboard_msgs/action/detail/set_mode__builder.hpp
[1.414s] -- Up-to-date: /home/alberto/Documents/kia_gd_ws/install/ur_dashboard_msgs/include/ur_dashboard_msgs/ur_dashboard_msgs/srv
[1.414s] -- Up-to-date: /home/alberto/Documents/kia_gd_ws/install/ur_dashboard_msgs/include/ur_dashboard_msgs/ur_dashboard_msgs/srv/popup.hpp
[1.414s] -- Up-to-date: /home/alberto/Documents/kia_gd_ws/install/ur_dashboard_msgs/include/ur_dashboard_msgs/ur_dashboard_msgs/srv/is_program_running.hpp
[1.414s] -- Up-to-date: /home/alberto/Documents/kia_gd_ws/install/ur_dashboard_msgs/include/ur_dashboard_msgs/ur_dashboard_msgs/srv/raw_request.hpp
[1.414s] -- Up-to-date: /home/alberto/Documents/kia_gd_ws/install/ur_dashboard_msgs/include/ur_dashboard_msgs/ur_dashboard_msgs/srv/get_robot_mode.hpp
[1.414s] -- Up-to-date: /home/alberto/Documents/kia_gd_ws/install/ur_dashboard_msgs/include/ur_dashboard_msgs/ur_dashboard_msgs/srv/get_program_state.hpp
[1.415s] -- Up-to-date: /home/alberto/Documents/kia_gd_ws/install/ur_dashboard_msgs/include/ur_dashboard_msgs/ur_dashboard_msgs/srv/load.hpp
[1.415s] -- Up-to-date: /home/alberto/Documents/kia_gd_ws/install/ur_dashboard_msgs/include/ur_dashboard_msgs/ur_dashboard_msgs/srv/is_program_saved.hpp
[1.415s] -- Up-to-date: /home/alberto/Documents/kia_gd_ws/install/ur_dashboard_msgs/include/ur_dashboard_msgs/ur_dashboard_msgs/srv/is_in_remote_control.hpp
[1.415s] -- Up-to-date: /home/alberto/Documents/kia_gd_ws/install/ur_dashboard_msgs/include/ur_dashboard_msgs/ur_dashboard_msgs/srv/detail
[1.415s] -- Up-to-date: /home/alberto/Documents/kia_gd_ws/install/ur_dashboard_msgs/include/ur_dashboard_msgs/ur_dashboard_msgs/srv/detail/load__builder.hpp
[1.415s] -- Up-to-date: /home/alberto/Documents/kia_gd_ws/install/ur_dashboard_msgs/include/ur_dashboard_msgs/ur_dashboard_msgs/srv/detail/add_to_log__type_support.hpp
[1.415s] -- Up-to-date: /home/alberto/Documents/kia_gd_ws/install/ur_dashboard_msgs/include/ur_dashboard_msgs/ur_dashboard_msgs/srv/detail/load__struct.hpp
[1.415s] -- Up-to-date: /home/alberto/Documents/kia_gd_ws/install/ur_dashboard_msgs/include/ur_dashboard_msgs/ur_dashboard_msgs/srv/detail/popup__traits.hpp
[1.415s] -- Up-to-date: /home/alberto/Documents/kia_gd_ws/install/ur_dashboard_msgs/include/ur_dashboard_msgs/ur_dashboard_msgs/srv/detail/is_program_running__struct.hpp
[1.415s] -- Up-to-date: /home/alberto/Documents/kia_gd_ws/install/ur_dashboard_msgs/include/ur_dashboard_msgs/ur_dashboard_msgs/srv/detail/add_to_log__builder.hpp
[1.415s] -- Up-to-date: /home/alberto/Documents/kia_gd_ws/install/ur_dashboard_msgs/include/ur_dashboard_msgs/ur_dashboard_msgs/srv/detail/get_robot_mode__type_support.hpp
[1.415s] -- Up-to-date: /home/alberto/Documents/kia_gd_ws/install/ur_dashboard_msgs/include/ur_dashboard_msgs/ur_dashboard_msgs/srv/detail/is_program_saved__type_support.hpp
[1.415s] -- Up-to-date: /home/alberto/Documents/kia_gd_ws/install/ur_dashboard_msgs/include/ur_dashboard_msgs/ur_dashboard_msgs/srv/detail/load__type_support.hpp
[1.415s] -- Up-to-date: /home/alberto/Documents/kia_gd_ws/install/ur_dashboard_msgs/include/ur_dashboard_msgs/ur_dashboard_msgs/srv/detail/get_robot_mode__traits.hpp
[1.415s] -- Up-to-date: /home/alberto/Documents/kia_gd_ws/install/ur_dashboard_msgs/include/ur_dashboard_msgs/ur_dashboard_msgs/srv/detail/load__traits.hpp
[1.415s] -- Up-to-date: /home/alberto/Documents/kia_gd_ws/install/ur_dashboard_msgs/include/ur_dashboard_msgs/ur_dashboard_msgs/srv/detail/raw_request__type_support.hpp
[1.415s] -- Up-to-date: /home/alberto/Documents/kia_gd_ws/install/ur_dashboard_msgs/include/ur_dashboard_msgs/ur_dashboard_msgs/srv/detail/get_robot_mode__struct.hpp
[1.415s] -- Up-to-date: /home/alberto/Documents/kia_gd_ws/install/ur_dashboard_msgs/include/ur_dashboard_msgs/ur_dashboard_msgs/srv/detail/get_program_state__builder.hpp
[1.415s] -- Up-to-date: /home/alberto/Documents/kia_gd_ws/install/ur_dashboard_msgs/include/ur_dashboard_msgs/ur_dashboard_msgs/srv/detail/is_program_saved__traits.hpp
[1.415s] -- Up-to-date: /home/alberto/Documents/kia_gd_ws/install/ur_dashboard_msgs/include/ur_dashboard_msgs/ur_dashboard_msgs/srv/detail/get_loaded_program__builder.hpp
[1.415s] -- Up-to-date: /home/alberto/Documents/kia_gd_ws/install/ur_dashboard_msgs/include/ur_dashboard_msgs/ur_dashboard_msgs/srv/detail/is_program_running__builder.hpp
[1.415s] -- Up-to-date: /home/alberto/Documents/kia_gd_ws/install/ur_dashboard_msgs/include/ur_dashboard_msgs/ur_dashboard_msgs/srv/detail/is_program_running__traits.hpp
[1.415s] -- Up-to-date: /home/alberto/Documents/kia_gd_ws/install/ur_dashboard_msgs/include/ur_dashboard_msgs/ur_dashboard_msgs/srv/detail/is_program_running__type_support.hpp
[1.415s] -- Up-to-date: /home/alberto/Documents/kia_gd_ws/install/ur_dashboard_msgs/include/ur_dashboard_msgs/ur_dashboard_msgs/srv/detail/is_program_saved__struct.hpp
[1.415s] -- Up-to-date: /home/alberto/Documents/kia_gd_ws/install/ur_dashboard_msgs/include/ur_dashboard_msgs/ur_dashboard_msgs/srv/detail/popup__builder.hpp
[1.415s] -- Up-to-date: /home/alberto/Documents/kia_gd_ws/install/ur_dashboard_msgs/include/ur_dashboard_msgs/ur_dashboard_msgs/srv/detail/add_to_log__struct.hpp
[1.416s] -- Up-to-date: /home/alberto/Documents/kia_gd_ws/install/ur_dashboard_msgs/include/ur_dashboard_msgs/ur_dashboard_msgs/srv/detail/get_safety_mode__builder.hpp
[1.416s] -- Up-to-date: /home/alberto/Documents/kia_gd_ws/install/ur_dashboard_msgs/include/ur_dashboard_msgs/ur_dashboard_msgs/srv/detail/is_in_remote_control__traits.hpp
[1.416s] -- Up-to-date: /home/alberto/Documents/kia_gd_ws/install/ur_dashboard_msgs/include/ur_dashboard_msgs/ur_dashboard_msgs/srv/detail/get_program_state__type_support.hpp
[1.416s] -- Up-to-date: /home/alberto/Documents/kia_gd_ws/install/ur_dashboard_msgs/include/ur_dashboard_msgs/ur_dashboard_msgs/srv/detail/is_in_remote_control__struct.hpp
[1.416s] -- Up-to-date: /home/alberto/Documents/kia_gd_ws/install/ur_dashboard_msgs/include/ur_dashboard_msgs/ur_dashboard_msgs/srv/detail/is_in_remote_control__builder.hpp
[1.416s] -- Up-to-date: /home/alberto/Documents/kia_gd_ws/install/ur_dashboard_msgs/include/ur_dashboard_msgs/ur_dashboard_msgs/srv/detail/add_to_log__traits.hpp
[1.416s] -- Up-to-date: /home/alberto/Documents/kia_gd_ws/install/ur_dashboard_msgs/include/ur_dashboard_msgs/ur_dashboard_msgs/srv/detail/get_program_state__struct.hpp
[1.416s] -- Up-to-date: /home/alberto/Documents/kia_gd_ws/install/ur_dashboard_msgs/include/ur_dashboard_msgs/ur_dashboard_msgs/srv/detail/raw_request__builder.hpp
[1.416s] -- Up-to-date: /home/alberto/Documents/kia_gd_ws/install/ur_dashboard_msgs/include/ur_dashboard_msgs/ur_dashboard_msgs/srv/detail/raw_request__traits.hpp
[1.416s] -- Up-to-date: /home/alberto/Documents/kia_gd_ws/install/ur_dashboard_msgs/include/ur_dashboard_msgs/ur_dashboard_msgs/srv/detail/get_loaded_program__traits.hpp
[1.416s] -- Up-to-date: /home/alberto/Documents/kia_gd_ws/install/ur_dashboard_msgs/include/ur_dashboard_msgs/ur_dashboard_msgs/srv/detail/get_loaded_program__type_support.hpp
[1.416s] -- Up-to-date: /home/alberto/Documents/kia_gd_ws/install/ur_dashboard_msgs/include/ur_dashboard_msgs/ur_dashboard_msgs/srv/detail/get_program_state__traits.hpp
[1.416s] -- Up-to-date: /home/alberto/Documents/kia_gd_ws/install/ur_dashboard_msgs/include/ur_dashboard_msgs/ur_dashboard_msgs/srv/detail/is_in_remote_control__type_support.hpp
[1.416s] -- Up-to-date: /home/alberto/Documents/kia_gd_ws/install/ur_dashboard_msgs/include/ur_dashboard_msgs/ur_dashboard_msgs/srv/detail/get_safety_mode__traits.hpp
[1.416s] -- Up-to-date: /home/alberto/Documents/kia_gd_ws/install/ur_dashboard_msgs/include/ur_dashboard_msgs/ur_dashboard_msgs/srv/detail/get_safety_mode__struct.hpp
[1.416s] -- Up-to-date: /home/alberto/Documents/kia_gd_ws/install/ur_dashboard_msgs/include/ur_dashboard_msgs/ur_dashboard_msgs/srv/detail/popup__type_support.hpp
[1.416s] -- Up-to-date: /home/alberto/Documents/kia_gd_ws/install/ur_dashboard_msgs/include/ur_dashboard_msgs/ur_dashboard_msgs/srv/detail/get_robot_mode__builder.hpp
[1.416s] -- Up-to-date: /home/alberto/Documents/kia_gd_ws/install/ur_dashboard_msgs/include/ur_dashboard_msgs/ur_dashboard_msgs/srv/detail/raw_request__struct.hpp
[1.416s] -- Up-to-date: /home/alberto/Documents/kia_gd_ws/install/ur_dashboard_msgs/include/ur_dashboard_msgs/ur_dashboard_msgs/srv/detail/popup__struct.hpp
[1.416s] -- Up-to-date: /home/alberto/Documents/kia_gd_ws/install/ur_dashboard_msgs/include/ur_dashboard_msgs/ur_dashboard_msgs/srv/detail/is_program_saved__builder.hpp
[1.416s] -- Up-to-date: /home/alberto/Documents/kia_gd_ws/install/ur_dashboard_msgs/include/ur_dashboard_msgs/ur_dashboard_msgs/srv/detail/get_loaded_program__struct.hpp
[1.416s] -- Up-to-date: /home/alberto/Documents/kia_gd_ws/install/ur_dashboard_msgs/include/ur_dashboard_msgs/ur_dashboard_msgs/srv/detail/get_safety_mode__type_support.hpp
[1.416s] -- Up-to-date: /home/alberto/Documents/kia_gd_ws/install/ur_dashboard_msgs/include/ur_dashboard_msgs/ur_dashboard_msgs/srv/get_safety_mode.hpp
[1.416s] -- Up-to-date: /home/alberto/Documents/kia_gd_ws/install/ur_dashboard_msgs/include/ur_dashboard_msgs/ur_dashboard_msgs/srv/add_to_log.hpp
[1.416s] -- Up-to-date: /home/alberto/Documents/kia_gd_ws/install/ur_dashboard_msgs/include/ur_dashboard_msgs/ur_dashboard_msgs/srv/get_loaded_program.hpp
[1.416s] -- Up-to-date: /home/alberto/Documents/kia_gd_ws/install/ur_dashboard_msgs/include/ur_dashboard_msgs/ur_dashboard_msgs/msg
[1.417s] -- Up-to-date: /home/alberto/Documents/kia_gd_ws/install/ur_dashboard_msgs/include/ur_dashboard_msgs/ur_dashboard_msgs/msg/rosidl_generator_cpp__visibility_control.hpp
[1.417s] -- Up-to-date: /home/alberto/Documents/kia_gd_ws/install/ur_dashboard_msgs/include/ur_dashboard_msgs/ur_dashboard_msgs/msg/detail
[1.417s] -- Up-to-date: /home/alberto/Documents/kia_gd_ws/install/ur_dashboard_msgs/include/ur_dashboard_msgs/ur_dashboard_msgs/msg/detail/safety_mode__type_support.hpp
[1.417s] -- Up-to-date: /home/alberto/Documents/kia_gd_ws/install/ur_dashboard_msgs/include/ur_dashboard_msgs/ur_dashboard_msgs/msg/detail/robot_mode__type_support.hpp
[1.417s] -- Up-to-date: /home/alberto/Documents/kia_gd_ws/install/ur_dashboard_msgs/include/ur_dashboard_msgs/ur_dashboard_msgs/msg/detail/program_state__type_support.hpp
[1.417s] -- Up-to-date: /home/alberto/Documents/kia_gd_ws/install/ur_dashboard_msgs/include/ur_dashboard_msgs/ur_dashboard_msgs/msg/detail/robot_mode__builder.hpp
[1.417s] -- Up-to-date: /home/alberto/Documents/kia_gd_ws/install/ur_dashboard_msgs/include/ur_dashboard_msgs/ur_dashboard_msgs/msg/detail/program_state__traits.hpp
[1.417s] -- Up-to-date: /home/alberto/Documents/kia_gd_ws/install/ur_dashboard_msgs/include/ur_dashboard_msgs/ur_dashboard_msgs/msg/detail/program_state__struct.hpp
[1.417s] -- Up-to-date: /home/alberto/Documents/kia_gd_ws/install/ur_dashboard_msgs/include/ur_dashboard_msgs/ur_dashboard_msgs/msg/detail/safety_mode__traits.hpp
[1.417s] -- Up-to-date: /home/alberto/Documents/kia_gd_ws/install/ur_dashboard_msgs/include/ur_dashboard_msgs/ur_dashboard_msgs/msg/detail/safety_mode__struct.hpp
[1.417s] -- Up-to-date: /home/alberto/Documents/kia_gd_ws/install/ur_dashboard_msgs/include/ur_dashboard_msgs/ur_dashboard_msgs/msg/detail/robot_mode__struct.hpp
[1.417s] -- Up-to-date: /home/alberto/Documents/kia_gd_ws/install/ur_dashboard_msgs/include/ur_dashboard_msgs/ur_dashboard_msgs/msg/detail/safety_mode__builder.hpp
[1.417s] -- Up-to-date: /home/alberto/Documents/kia_gd_ws/install/ur_dashboard_msgs/include/ur_dashboard_msgs/ur_dashboard_msgs/msg/detail/robot_mode__traits.hpp
[1.417s] -- Up-to-date: /home/alberto/Documents/kia_gd_ws/install/ur_dashboard_msgs/include/ur_dashboard_msgs/ur_dashboard_msgs/msg/detail/program_state__builder.hpp
[1.417s] -- Up-to-date: /home/alberto/Documents/kia_gd_ws/install/ur_dashboard_msgs/include/ur_dashboard_msgs/ur_dashboard_msgs/msg/program_state.hpp
[1.417s] -- Up-to-date: /home/alberto/Documents/kia_gd_ws/install/ur_dashboard_msgs/include/ur_dashboard_msgs/ur_dashboard_msgs/msg/safety_mode.hpp
[1.417s] -- Up-to-date: /home/alberto/Documents/kia_gd_ws/install/ur_dashboard_msgs/include/ur_dashboard_msgs/ur_dashboard_msgs/msg/robot_mode.hpp
[1.417s] -- Up-to-date: /home/alberto/Documents/kia_gd_ws/install/ur_dashboard_msgs/include/ur_dashboard_msgs/ur_dashboard_msgs
[1.417s] -- Up-to-date: /home/alberto/Documents/kia_gd_ws/install/ur_dashboard_msgs/include/ur_dashboard_msgs/ur_dashboard_msgs/action
[1.417s] -- Up-to-date: /home/alberto/Documents/kia_gd_ws/install/ur_dashboard_msgs/include/ur_dashboard_msgs/ur_dashboard_msgs/action/detail
[1.417s] -- Up-to-date: /home/alberto/Documents/kia_gd_ws/install/ur_dashboard_msgs/include/ur_dashboard_msgs/ur_dashboard_msgs/action/detail/dds_fastrtps
[1.417s] -- Up-to-date: /home/alberto/Documents/kia_gd_ws/install/ur_dashboard_msgs/include/ur_dashboard_msgs/ur_dashboard_msgs/action/detail/set_mode__rosidl_typesupport_fastrtps_cpp.hpp
[1.417s] -- Up-to-date: /home/alberto/Documents/kia_gd_ws/install/ur_dashboard_msgs/include/ur_dashboard_msgs/ur_dashboard_msgs/srv
[1.417s] -- Up-to-date: /home/alberto/Documents/kia_gd_ws/install/ur_dashboard_msgs/include/ur_dashboard_msgs/ur_dashboard_msgs/srv/detail
[1.417s] -- Up-to-date: /home/alberto/Documents/kia_gd_ws/install/ur_dashboard_msgs/include/ur_dashboard_msgs/ur_dashboard_msgs/srv/detail/add_to_log__rosidl_typesupport_fastrtps_cpp.hpp
[1.417s] -- Up-to-date: /home/alberto/Documents/kia_gd_ws/install/ur_dashboard_msgs/include/ur_dashboard_msgs/ur_dashboard_msgs/srv/detail/dds_fastrtps
[1.417s] -- Up-to-date: /home/alberto/Documents/kia_gd_ws/install/ur_dashboard_msgs/include/ur_dashboard_msgs/ur_dashboard_msgs/srv/detail/raw_request__rosidl_typesupport_fastrtps_cpp.hpp
[1.417s] -- Up-to-date: /home/alberto/Documents/kia_gd_ws/install/ur_dashboard_msgs/include/ur_dashboard_msgs/ur_dashboard_msgs/srv/detail/get_robot_mode__rosidl_typesupport_fastrtps_cpp.hpp
[1.418s] -- Up-to-date: /home/alberto/Documents/kia_gd_ws/install/ur_dashboard_msgs/include/ur_dashboard_msgs/ur_dashboard_msgs/srv/detail/get_safety_mode__rosidl_typesupport_fastrtps_cpp.hpp
[1.418s] -- Up-to-date: /home/alberto/Documents/kia_gd_ws/install/ur_dashboard_msgs/include/ur_dashboard_msgs/ur_dashboard_msgs/srv/detail/is_program_saved__rosidl_typesupport_fastrtps_cpp.hpp
[1.418s] -- Up-to-date: /home/alberto/Documents/kia_gd_ws/install/ur_dashboard_msgs/include/ur_dashboard_msgs/ur_dashboard_msgs/srv/detail/popup__rosidl_typesupport_fastrtps_cpp.hpp
[1.418s] -- Up-to-date: /home/alberto/Documents/kia_gd_ws/install/ur_dashboard_msgs/include/ur_dashboard_msgs/ur_dashboard_msgs/srv/detail/is_program_running__rosidl_typesupport_fastrtps_cpp.hpp
[1.418s] -- Up-to-date: /home/alberto/Documents/kia_gd_ws/install/ur_dashboard_msgs/include/ur_dashboard_msgs/ur_dashboard_msgs/srv/detail/get_program_state__rosidl_typesupport_fastrtps_cpp.hpp
[1.418s] -- Up-to-date: /home/alberto/Documents/kia_gd_ws/install/ur_dashboard_msgs/include/ur_dashboard_msgs/ur_dashboard_msgs/srv/detail/get_loaded_program__rosidl_typesupport_fastrtps_cpp.hpp
[1.418s] -- Up-to-date: /home/alberto/Documents/kia_gd_ws/install/ur_dashboard_msgs/include/ur_dashboard_msgs/ur_dashboard_msgs/srv/detail/is_in_remote_control__rosidl_typesupport_fastrtps_cpp.hpp
[1.418s] -- Up-to-date: /home/alberto/Documents/kia_gd_ws/install/ur_dashboard_msgs/include/ur_dashboard_msgs/ur_dashboard_msgs/srv/detail/load__rosidl_typesupport_fastrtps_cpp.hpp
[1.418s] -- Up-to-date: /home/alberto/Documents/kia_gd_ws/install/ur_dashboard_msgs/include/ur_dashboard_msgs/ur_dashboard_msgs/msg
[1.418s] -- Up-to-date: /home/alberto/Documents/kia_gd_ws/install/ur_dashboard_msgs/include/ur_dashboard_msgs/ur_dashboard_msgs/msg/rosidl_typesupport_fastrtps_cpp__visibility_control.h
[1.418s] -- Up-to-date: /home/alberto/Documents/kia_gd_ws/install/ur_dashboard_msgs/include/ur_dashboard_msgs/ur_dashboard_msgs/msg/detail
[1.418s] -- Up-to-date: /home/alberto/Documents/kia_gd_ws/install/ur_dashboard_msgs/include/ur_dashboard_msgs/ur_dashboard_msgs/msg/detail/dds_fastrtps
[1.418s] -- Up-to-date: /home/alberto/Documents/kia_gd_ws/install/ur_dashboard_msgs/include/ur_dashboard_msgs/ur_dashboard_msgs/msg/detail/robot_mode__rosidl_typesupport_fastrtps_cpp.hpp
[1.418s] -- Up-to-date: /home/alberto/Documents/kia_gd_ws/install/ur_dashboard_msgs/include/ur_dashboard_msgs/ur_dashboard_msgs/msg/detail/program_state__rosidl_typesupport_fastrtps_cpp.hpp
[1.418s] -- Up-to-date: /home/alberto/Documents/kia_gd_ws/install/ur_dashboard_msgs/include/ur_dashboard_msgs/ur_dashboard_msgs/msg/detail/safety_mode__rosidl_typesupport_fastrtps_cpp.hpp
[1.418s] -- Up-to-date: /home/alberto/Documents/kia_gd_ws/install/ur_dashboard_msgs/lib/libur_dashboard_msgs__rosidl_typesupport_fastrtps_cpp.so
[1.418s] -- Up-to-date: /home/alberto/Documents/kia_gd_ws/install/ur_dashboard_msgs/include/ur_dashboard_msgs/ur_dashboard_msgs
[1.418s] -- Up-to-date: /home/alberto/Documents/kia_gd_ws/install/ur_dashboard_msgs/include/ur_dashboard_msgs/ur_dashboard_msgs/action
[1.418s] -- Up-to-date: /home/alberto/Documents/kia_gd_ws/install/ur_dashboard_msgs/include/ur_dashboard_msgs/ur_dashboard_msgs/action/detail
[1.418s] -- Up-to-date: /home/alberto/Documents/kia_gd_ws/install/ur_dashboard_msgs/include/ur_dashboard_msgs/ur_dashboard_msgs/action/detail/set_mode__rosidl_typesupport_introspection_cpp.hpp
[1.418s] -- Up-to-date: /home/alberto/Documents/kia_gd_ws/install/ur_dashboard_msgs/include/ur_dashboard_msgs/ur_dashboard_msgs/action/detail/set_mode__type_support.cpp
[1.418s] -- Up-to-date: /home/alberto/Documents/kia_gd_ws/install/ur_dashboard_msgs/include/ur_dashboard_msgs/ur_dashboard_msgs/srv
[1.418s] -- Up-to-date: /home/alberto/Documents/kia_gd_ws/install/ur_dashboard_msgs/include/ur_dashboard_msgs/ur_dashboard_msgs/srv/detail
[1.418s] -- Up-to-date: /home/alberto/Documents/kia_gd_ws/install/ur_dashboard_msgs/include/ur_dashboard_msgs/ur_dashboard_msgs/srv/detail/get_safety_mode__rosidl_typesupport_introspection_cpp.hpp
[1.418s] -- Up-to-date: /home/alberto/Documents/kia_gd_ws/install/ur_dashboard_msgs/include/ur_dashboard_msgs/ur_dashboard_msgs/srv/detail/add_to_log__type_support.cpp
[1.418s] -- Up-to-date: /home/alberto/Documents/kia_gd_ws/install/ur_dashboard_msgs/include/ur_dashboard_msgs/ur_dashboard_msgs/srv/detail/is_program_running__type_support.cpp
[1.419s] -- Up-to-date: /home/alberto/Documents/kia_gd_ws/install/ur_dashboard_msgs/include/ur_dashboard_msgs/ur_dashboard_msgs/srv/detail/popup__type_support.cpp
[1.419s] -- Up-to-date: /home/alberto/Documents/kia_gd_ws/install/ur_dashboard_msgs/include/ur_dashboard_msgs/ur_dashboard_msgs/srv/detail/get_program_state__type_support.cpp
[1.419s] -- Up-to-date: /home/alberto/Documents/kia_gd_ws/install/ur_dashboard_msgs/include/ur_dashboard_msgs/ur_dashboard_msgs/srv/detail/get_robot_mode__type_support.cpp
[1.419s] -- Up-to-date: /home/alberto/Documents/kia_gd_ws/install/ur_dashboard_msgs/include/ur_dashboard_msgs/ur_dashboard_msgs/srv/detail/popup__rosidl_typesupport_introspection_cpp.hpp
[1.419s] -- Up-to-date: /home/alberto/Documents/kia_gd_ws/install/ur_dashboard_msgs/include/ur_dashboard_msgs/ur_dashboard_msgs/srv/detail/is_program_running__rosidl_typesupport_introspection_cpp.hpp
[1.419s] -- Up-to-date: /home/alberto/Documents/kia_gd_ws/install/ur_dashboard_msgs/include/ur_dashboard_msgs/ur_dashboard_msgs/srv/detail/get_robot_mode__rosidl_typesupport_introspection_cpp.hpp
[1.419s] -- Up-to-date: /home/alberto/Documents/kia_gd_ws/install/ur_dashboard_msgs/include/ur_dashboard_msgs/ur_dashboard_msgs/srv/detail/is_program_saved__type_support.cpp
[1.419s] -- Up-to-date: /home/alberto/Documents/kia_gd_ws/install/ur_dashboard_msgs/include/ur_dashboard_msgs/ur_dashboard_msgs/srv/detail/get_loaded_program__rosidl_typesupport_introspection_cpp.hpp
[1.419s] -- Up-to-date: /home/alberto/Documents/kia_gd_ws/install/ur_dashboard_msgs/include/ur_dashboard_msgs/ur_dashboard_msgs/srv/detail/raw_request__rosidl_typesupport_introspection_cpp.hpp
[1.419s] -- Up-to-date: /home/alberto/Documents/kia_gd_ws/install/ur_dashboard_msgs/include/ur_dashboard_msgs/ur_dashboard_msgs/srv/detail/get_loaded_program__type_support.cpp
[1.419s] -- Up-to-date: /home/alberto/Documents/kia_gd_ws/install/ur_dashboard_msgs/include/ur_dashboard_msgs/ur_dashboard_msgs/srv/detail/is_in_remote_control__type_support.cpp
[1.419s] -- Up-to-date: /home/alberto/Documents/kia_gd_ws/install/ur_dashboard_msgs/include/ur_dashboard_msgs/ur_dashboard_msgs/srv/detail/load__rosidl_typesupport_introspection_cpp.hpp
[1.419s] -- Up-to-date: /home/alberto/Documents/kia_gd_ws/install/ur_dashboard_msgs/include/ur_dashboard_msgs/ur_dashboard_msgs/srv/detail/raw_request__type_support.cpp
[1.419s] -- Up-to-date: /home/alberto/Documents/kia_gd_ws/install/ur_dashboard_msgs/include/ur_dashboard_msgs/ur_dashboard_msgs/srv/detail/is_in_remote_control__rosidl_typesupport_introspection_cpp.hpp
[1.419s] -- Up-to-date: /home/alberto/Documents/kia_gd_ws/install/ur_dashboard_msgs/include/ur_dashboard_msgs/ur_dashboard_msgs/srv/detail/load__type_support.cpp
[1.419s] -- Up-to-date: /home/alberto/Documents/kia_gd_ws/install/ur_dashboard_msgs/include/ur_dashboard_msgs/ur_dashboard_msgs/srv/detail/add_to_log__rosidl_typesupport_introspection_cpp.hpp
[1.419s] -- Up-to-date: /home/alberto/Documents/kia_gd_ws/install/ur_dashboard_msgs/include/ur_dashboard_msgs/ur_dashboard_msgs/srv/detail/is_program_saved__rosidl_typesupport_introspection_cpp.hpp
[1.419s] -- Up-to-date: /home/alberto/Documents/kia_gd_ws/install/ur_dashboard_msgs/include/ur_dashboard_msgs/ur_dashboard_msgs/srv/detail/get_program_state__rosidl_typesupport_introspection_cpp.hpp
[1.419s] -- Up-to-date: /home/alberto/Documents/kia_gd_ws/install/ur_dashboard_msgs/include/ur_dashboard_msgs/ur_dashboard_msgs/srv/detail/get_safety_mode__type_support.cpp
[1.419s] -- Up-to-date: /home/alberto/Documents/kia_gd_ws/install/ur_dashboard_msgs/include/ur_dashboard_msgs/ur_dashboard_msgs/msg
[1.419s] -- Up-to-date: /home/alberto/Documents/kia_gd_ws/install/ur_dashboard_msgs/include/ur_dashboard_msgs/ur_dashboard_msgs/msg/detail
[1.419s] -- Up-to-date: /home/alberto/Documents/kia_gd_ws/install/ur_dashboard_msgs/include/ur_dashboard_msgs/ur_dashboard_msgs/msg/detail/safety_mode__type_support.cpp
[1.419s] -- Up-to-date: /home/alberto/Documents/kia_gd_ws/install/ur_dashboard_msgs/include/ur_dashboard_msgs/ur_dashboard_msgs/msg/detail/safety_mode__rosidl_typesupport_introspection_cpp.hpp
[1.419s] -- Up-to-date: /home/alberto/Documents/kia_gd_ws/install/ur_dashboard_msgs/include/ur_dashboard_msgs/ur_dashboard_msgs/msg/detail/robot_mode__rosidl_typesupport_introspection_cpp.hpp
[1.419s] -- Up-to-date: /home/alberto/Documents/kia_gd_ws/install/ur_dashboard_msgs/include/ur_dashboard_msgs/ur_dashboard_msgs/msg/detail/program_state__type_support.cpp
[1.419s] -- Up-to-date: /home/alberto/Documents/kia_gd_ws/install/ur_dashboard_msgs/include/ur_dashboard_msgs/ur_dashboard_msgs/msg/detail/program_state__rosidl_typesupport_introspection_cpp.hpp
[1.419s] -- Up-to-date: /home/alberto/Documents/kia_gd_ws/install/ur_dashboard_msgs/include/ur_dashboard_msgs/ur_dashboard_msgs/msg/detail/robot_mode__type_support.cpp
[1.420s] -- Up-to-date: /home/alberto/Documents/kia_gd_ws/install/ur_dashboard_msgs/lib/libur_dashboard_msgs__rosidl_typesupport_introspection_cpp.so
[1.420s] -- Up-to-date: /home/alberto/Documents/kia_gd_ws/install/ur_dashboard_msgs/lib/libur_dashboard_msgs__rosidl_typesupport_cpp.so
[1.420s] -- Up-to-date: /home/alberto/Documents/kia_gd_ws/install/ur_dashboard_msgs/share/ur_dashboard_msgs/environment/pythonpath.sh
[1.420s] -- Installing: /home/alberto/Documents/kia_gd_ws/install/ur_dashboard_msgs/share/ur_dashboard_msgs/environment/pythonpath.dsv
[1.420s] -- Up-to-date: /home/alberto/Documents/kia_gd_ws/install/ur_dashboard_msgs/local/lib/python3.10/dist-packages/ur_dashboard_msgs-2.10.0-py3.10.egg-info
[1.420s] -- Installing: /home/alberto/Documents/kia_gd_ws/install/ur_dashboard_msgs/local/lib/python3.10/dist-packages/ur_dashboard_msgs-2.10.0-py3.10.egg-info/top_level.txt
[1.420s] -- Installing: /home/alberto/Documents/kia_gd_ws/install/ur_dashboard_msgs/local/lib/python3.10/dist-packages/ur_dashboard_msgs-2.10.0-py3.10.egg-info/SOURCES.txt
[1.420s] -- Installing: /home/alberto/Documents/kia_gd_ws/install/ur_dashboard_msgs/local/lib/python3.10/dist-packages/ur_dashboard_msgs-2.10.0-py3.10.egg-info/PKG-INFO
[1.420s] -- Installing: /home/alberto/Documents/kia_gd_ws/install/ur_dashboard_msgs/local/lib/python3.10/dist-packages/ur_dashboard_msgs-2.10.0-py3.10.egg-info/dependency_links.txt
[1.420s] -- Up-to-date: /home/alberto/Documents/kia_gd_ws/install/ur_dashboard_msgs/local/lib/python3.10/dist-packages/ur_dashboard_msgs
[1.420s] -- Up-to-date: /home/alberto/Documents/kia_gd_ws/install/ur_dashboard_msgs/local/lib/python3.10/dist-packages/ur_dashboard_msgs/action
[1.420s] -- Up-to-date: /home/alberto/Documents/kia_gd_ws/install/ur_dashboard_msgs/local/lib/python3.10/dist-packages/ur_dashboard_msgs/action/_set_mode.py
[1.420s] -- Up-to-date: /home/alberto/Documents/kia_gd_ws/install/ur_dashboard_msgs/local/lib/python3.10/dist-packages/ur_dashboard_msgs/action/__init__.py
[1.420s] -- Up-to-date: /home/alberto/Documents/kia_gd_ws/install/ur_dashboard_msgs/local/lib/python3.10/dist-packages/ur_dashboard_msgs/action/_set_mode_s.c
[1.420s] -- Up-to-date: /home/alberto/Documents/kia_gd_ws/install/ur_dashboard_msgs/local/lib/python3.10/dist-packages/ur_dashboard_msgs/_ur_dashboard_msgs_s.ep.rosidl_typesupport_c.c
[1.420s] -- Up-to-date: /home/alberto/Documents/kia_gd_ws/install/ur_dashboard_msgs/local/lib/python3.10/dist-packages/ur_dashboard_msgs/libur_dashboard_msgs__rosidl_generator_py.so
[1.420s] -- Up-to-date: /home/alberto/Documents/kia_gd_ws/install/ur_dashboard_msgs/local/lib/python3.10/dist-packages/ur_dashboard_msgs/srv
[1.420s] -- Up-to-date: /home/alberto/Documents/kia_gd_ws/install/ur_dashboard_msgs/local/lib/python3.10/dist-packages/ur_dashboard_msgs/srv/_get_loaded_program.py
[1.420s] -- Up-to-date: /home/alberto/Documents/kia_gd_ws/install/ur_dashboard_msgs/local/lib/python3.10/dist-packages/ur_dashboard_msgs/srv/_raw_request_s.c
[1.420s] -- Up-to-date: /home/alberto/Documents/kia_gd_ws/install/ur_dashboard_msgs/local/lib/python3.10/dist-packages/ur_dashboard_msgs/srv/_get_program_state_s.c
[1.420s] -- Up-to-date: /home/alberto/Documents/kia_gd_ws/install/ur_dashboard_msgs/local/lib/python3.10/dist-packages/ur_dashboard_msgs/srv/_is_program_running_s.c
[1.420s] -- Up-to-date: /home/alberto/Documents/kia_gd_ws/install/ur_dashboard_msgs/local/lib/python3.10/dist-packages/ur_dashboard_msgs/srv/_get_robot_mode.py
[1.420s] -- Up-to-date: /home/alberto/Documents/kia_gd_ws/install/ur_dashboard_msgs/local/lib/python3.10/dist-packages/ur_dashboard_msgs/srv/_get_loaded_program_s.c
[1.420s] -- Up-to-date: /home/alberto/Documents/kia_gd_ws/install/ur_dashboard_msgs/local/lib/python3.10/dist-packages/ur_dashboard_msgs/srv/_get_robot_mode_s.c
[1.420s] -- Up-to-date: /home/alberto/Documents/kia_gd_ws/install/ur_dashboard_msgs/local/lib/python3.10/dist-packages/ur_dashboard_msgs/srv/_get_program_state.py
[1.420s] -- Up-to-date: /home/alberto/Documents/kia_gd_ws/install/ur_dashboard_msgs/local/lib/python3.10/dist-packages/ur_dashboard_msgs/srv/_raw_request.py
[1.420s] -- Up-to-date: /home/alberto/Documents/kia_gd_ws/install/ur_dashboard_msgs/local/lib/python3.10/dist-packages/ur_dashboard_msgs/srv/_load.py
[1.421s] -- Up-to-date: /home/alberto/Documents/kia_gd_ws/install/ur_dashboard_msgs/local/lib/python3.10/dist-packages/ur_dashboard_msgs/srv/_add_to_log_s.c
[1.421s] -- Up-to-date: /home/alberto/Documents/kia_gd_ws/install/ur_dashboard_msgs/local/lib/python3.10/dist-packages/ur_dashboard_msgs/srv/_is_program_saved.py
[1.421s] -- Up-to-date: /home/alberto/Documents/kia_gd_ws/install/ur_dashboard_msgs/local/lib/python3.10/dist-packages/ur_dashboard_msgs/srv/_is_program_running.py
[1.421s] -- Up-to-date: /home/alberto/Documents/kia_gd_ws/install/ur_dashboard_msgs/local/lib/python3.10/dist-packages/ur_dashboard_msgs/srv/_is_program_saved_s.c
[1.421s] -- Up-to-date: /home/alberto/Documents/kia_gd_ws/install/ur_dashboard_msgs/local/lib/python3.10/dist-packages/ur_dashboard_msgs/srv/_is_in_remote_control.py
[1.421s] -- Up-to-date: /home/alberto/Documents/kia_gd_ws/install/ur_dashboard_msgs/local/lib/python3.10/dist-packages/ur_dashboard_msgs/srv/_is_in_remote_control_s.c
[1.421s] -- Up-to-date: /home/alberto/Documents/kia_gd_ws/install/ur_dashboard_msgs/local/lib/python3.10/dist-packages/ur_dashboard_msgs/srv/__init__.py
[1.421s] -- Up-to-date: /home/alberto/Documents/kia_gd_ws/install/ur_dashboard_msgs/local/lib/python3.10/dist-packages/ur_dashboard_msgs/srv/_popup_s.c
[1.421s] -- Up-to-date: /home/alberto/Documents/kia_gd_ws/install/ur_dashboard_msgs/local/lib/python3.10/dist-packages/ur_dashboard_msgs/srv/_load_s.c
[1.421s] -- Up-to-date: /home/alberto/Documents/kia_gd_ws/install/ur_dashboard_msgs/local/lib/python3.10/dist-packages/ur_dashboard_msgs/srv/_get_safety_mode_s.c
[1.421s] -- Up-to-date: /home/alberto/Documents/kia_gd_ws/install/ur_dashboard_msgs/local/lib/python3.10/dist-packages/ur_dashboard_msgs/srv/_get_safety_mode.py
[1.421s] -- Up-to-date: /home/alberto/Documents/kia_gd_ws/install/ur_dashboard_msgs/local/lib/python3.10/dist-packages/ur_dashboard_msgs/srv/_popup.py
[1.421s] -- Up-to-date: /home/alberto/Documents/kia_gd_ws/install/ur_dashboard_msgs/local/lib/python3.10/dist-packages/ur_dashboard_msgs/srv/_add_to_log.py
[1.421s] -- Up-to-date: /home/alberto/Documents/kia_gd_ws/install/ur_dashboard_msgs/local/lib/python3.10/dist-packages/ur_dashboard_msgs/ur_dashboard_msgs_s__rosidl_typesupport_introspection_c.cpython-310-x86_64-linux-gnu.so
[1.421s] -- Up-to-date: /home/alberto/Documents/kia_gd_ws/install/ur_dashboard_msgs/local/lib/python3.10/dist-packages/ur_dashboard_msgs/ur_dashboard_msgs_s__rosidl_typesupport_c.cpython-310-x86_64-linux-gnu.so
[1.421s] -- Up-to-date: /home/alberto/Documents/kia_gd_ws/install/ur_dashboard_msgs/local/lib/python3.10/dist-packages/ur_dashboard_msgs/_ur_dashboard_msgs_s.ep.rosidl_typesupport_fastrtps_c.c
[1.421s] -- Up-to-date: /home/alberto/Documents/kia_gd_ws/install/ur_dashboard_msgs/local/lib/python3.10/dist-packages/ur_dashboard_msgs/msg
[1.421s] -- Up-to-date: /home/alberto/Documents/kia_gd_ws/install/ur_dashboard_msgs/local/lib/python3.10/dist-packages/ur_dashboard_msgs/msg/_robot_mode.py
[1.421s] -- Up-to-date: /home/alberto/Documents/kia_gd_ws/install/ur_dashboard_msgs/local/lib/python3.10/dist-packages/ur_dashboard_msgs/msg/_program_state.py
[1.421s] -- Up-to-date: /home/alberto/Documents/kia_gd_ws/install/ur_dashboard_msgs/local/lib/python3.10/dist-packages/ur_dashboard_msgs/msg/_safety_mode.py
[1.421s] -- Up-to-date: /home/alberto/Documents/kia_gd_ws/install/ur_dashboard_msgs/local/lib/python3.10/dist-packages/ur_dashboard_msgs/msg/_program_state_s.c
[1.421s] -- Up-to-date: /home/alberto/Documents/kia_gd_ws/install/ur_dashboard_msgs/local/lib/python3.10/dist-packages/ur_dashboard_msgs/msg/_safety_mode_s.c
[1.421s] -- Up-to-date: /home/alberto/Documents/kia_gd_ws/install/ur_dashboard_msgs/local/lib/python3.10/dist-packages/ur_dashboard_msgs/msg/__init__.py
[1.421s] -- Up-to-date: /home/alberto/Documents/kia_gd_ws/install/ur_dashboard_msgs/local/lib/python3.10/dist-packages/ur_dashboard_msgs/msg/_robot_mode_s.c
[1.421s] -- Up-to-date: /home/alberto/Documents/kia_gd_ws/install/ur_dashboard_msgs/local/lib/python3.10/dist-packages/ur_dashboard_msgs/ur_dashboard_msgs_s__rosidl_typesupport_fastrtps_c.cpython-310-x86_64-linux-gnu.so
[1.421s] -- Installing: /home/alberto/Documents/kia_gd_ws/install/ur_dashboard_msgs/local/lib/python3.10/dist-packages/ur_dashboard_msgs/__init__.py
[1.421s] -- Up-to-date: /home/alberto/Documents/kia_gd_ws/install/ur_dashboard_msgs/local/lib/python3.10/dist-packages/ur_dashboard_msgs/_ur_dashboard_msgs_s.ep.rosidl_typesupport_introspection_c.c
[1.442s] Listing '/home/alberto/Documents/kia_gd_ws/install/ur_dashboard_msgs/local/lib/python3.10/dist-packages/ur_dashboard_msgs'...
[1.442s] Compiling '/home/alberto/Documents/kia_gd_ws/install/ur_dashboard_msgs/local/lib/python3.10/dist-packages/ur_dashboard_msgs/__init__.py'...
[1.442s] Listing '/home/alberto/Documents/kia_gd_ws/install/ur_dashboard_msgs/local/lib/python3.10/dist-packages/ur_dashboard_msgs/action'...
[1.442s] Listing '/home/alberto/Documents/kia_gd_ws/install/ur_dashboard_msgs/local/lib/python3.10/dist-packages/ur_dashboard_msgs/msg'...
[1.442s] Listing '/home/alberto/Documents/kia_gd_ws/install/ur_dashboard_msgs/local/lib/python3.10/dist-packages/ur_dashboard_msgs/srv'...
[1.446s] -- Up-to-date: /home/alberto/Documents/kia_gd_ws/install/ur_dashboard_msgs/local/lib/python3.10/dist-packages/ur_dashboard_msgs/ur_dashboard_msgs_s__rosidl_typesupport_fastrtps_c.cpython-310-x86_64-linux-gnu.so
[1.446s] -- Up-to-date: /home/alberto/Documents/kia_gd_ws/install/ur_dashboard_msgs/local/lib/python3.10/dist-packages/ur_dashboard_msgs/ur_dashboard_msgs_s__rosidl_typesupport_introspection_c.cpython-310-x86_64-linux-gnu.so
[1.447s] -- Up-to-date: /home/alberto/Documents/kia_gd_ws/install/ur_dashboard_msgs/local/lib/python3.10/dist-packages/ur_dashboard_msgs/ur_dashboard_msgs_s__rosidl_typesupport_c.cpython-310-x86_64-linux-gnu.so
[1.447s] -- Up-to-date: /home/alberto/Documents/kia_gd_ws/install/ur_dashboard_msgs/lib/libur_dashboard_msgs__rosidl_generator_py.so
[1.447s] -- Up-to-date: /home/alberto/Documents/kia_gd_ws/install/ur_dashboard_msgs/share/ur_dashboard_msgs/msg/ProgramState.idl
[1.447s] -- Up-to-date: /home/alberto/Documents/kia_gd_ws/install/ur_dashboard_msgs/share/ur_dashboard_msgs/msg/RobotMode.idl
[1.447s] -- Up-to-date: /home/alberto/Documents/kia_gd_ws/install/ur_dashboard_msgs/share/ur_dashboard_msgs/msg/SafetyMode.idl
[1.447s] -- Up-to-date: /home/alberto/Documents/kia_gd_ws/install/ur_dashboard_msgs/share/ur_dashboard_msgs/srv/AddToLog.idl
[1.447s] -- Up-to-date: /home/alberto/Documents/kia_gd_ws/install/ur_dashboard_msgs/share/ur_dashboard_msgs/srv/GetLoadedProgram.idl
[1.447s] -- Up-to-date: /home/alberto/Documents/kia_gd_ws/install/ur_dashboard_msgs/share/ur_dashboard_msgs/srv/GetProgramState.idl
[1.448s] -- Up-to-date: /home/alberto/Documents/kia_gd_ws/install/ur_dashboard_msgs/share/ur_dashboard_msgs/srv/GetRobotMode.idl
[1.448s] -- Up-to-date: /home/alberto/Documents/kia_gd_ws/install/ur_dashboard_msgs/share/ur_dashboard_msgs/srv/GetSafetyMode.idl
[1.448s] -- Up-to-date: /home/alberto/Documents/kia_gd_ws/install/ur_dashboard_msgs/share/ur_dashboard_msgs/srv/IsProgramRunning.idl
[1.448s] -- Up-to-date: /home/alberto/Documents/kia_gd_ws/install/ur_dashboard_msgs/share/ur_dashboard_msgs/srv/IsProgramSaved.idl
[1.448s] -- Up-to-date: /home/alberto/Documents/kia_gd_ws/install/ur_dashboard_msgs/share/ur_dashboard_msgs/srv/Load.idl
[1.448s] -- Up-to-date: /home/alberto/Documents/kia_gd_ws/install/ur_dashboard_msgs/share/ur_dashboard_msgs/srv/Popup.idl
[1.448s] -- Up-to-date: /home/alberto/Documents/kia_gd_ws/install/ur_dashboard_msgs/share/ur_dashboard_msgs/srv/RawRequest.idl
[1.448s] -- Up-to-date: /home/alberto/Documents/kia_gd_ws/install/ur_dashboard_msgs/share/ur_dashboard_msgs/srv/IsInRemoteControl.idl
[1.448s] -- Up-to-date: /home/alberto/Documents/kia_gd_ws/install/ur_dashboard_msgs/share/ur_dashboard_msgs/action/SetMode.idl
[1.448s] -- Up-to-date: /home/alberto/Documents/kia_gd_ws/install/ur_dashboard_msgs/share/ur_dashboard_msgs/msg/ProgramState.msg
[1.448s] -- Up-to-date: /home/alberto/Documents/kia_gd_ws/install/ur_dashboard_msgs/share/ur_dashboard_msgs/msg/RobotMode.msg
[1.448s] -- Up-to-date: /home/alberto/Documents/kia_gd_ws/install/ur_dashboard_msgs/share/ur_dashboard_msgs/msg/SafetyMode.msg
[1.449s] -- Up-to-date: /home/alberto/Documents/kia_gd_ws/install/ur_dashboard_msgs/share/ur_dashboard_msgs/srv/AddToLog.srv
[1.449s] -- Up-to-date: /home/alberto/Documents/kia_gd_ws/install/ur_dashboard_msgs/share/ur_dashboard_msgs/srv/AddToLog_Request.msg
[1.449s] -- Up-to-date: /home/alberto/Documents/kia_gd_ws/install/ur_dashboard_msgs/share/ur_dashboard_msgs/srv/AddToLog_Response.msg
[1.449s] -- Up-to-date: /home/alberto/Documents/kia_gd_ws/install/ur_dashboard_msgs/share/ur_dashboard_msgs/srv/GetLoadedProgram.srv
[1.449s] -- Up-to-date: /home/alberto/Documents/kia_gd_ws/install/ur_dashboard_msgs/share/ur_dashboard_msgs/srv/GetLoadedProgram_Request.msg
[1.449s] -- Up-to-date: /home/alberto/Documents/kia_gd_ws/install/ur_dashboard_msgs/share/ur_dashboard_msgs/srv/GetLoadedProgram_Response.msg
[1.449s] -- Up-to-date: /home/alberto/Documents/kia_gd_ws/install/ur_dashboard_msgs/share/ur_dashboard_msgs/srv/GetProgramState.srv
[1.449s] -- Up-to-date: /home/alberto/Documents/kia_gd_ws/install/ur_dashboard_msgs/share/ur_dashboard_msgs/srv/GetProgramState_Request.msg
[1.449s] -- Up-to-date: /home/alberto/Documents/kia_gd_ws/install/ur_dashboard_msgs/share/ur_dashboard_msgs/srv/GetProgramState_Response.msg
[1.449s] -- Up-to-date: /home/alberto/Documents/kia_gd_ws/install/ur_dashboard_msgs/share/ur_dashboard_msgs/srv/GetRobotMode.srv
[1.449s] -- Up-to-date: /home/alberto/Documents/kia_gd_ws/install/ur_dashboard_msgs/share/ur_dashboard_msgs/srv/GetRobotMode_Request.msg
[1.449s] -- Up-to-date: /home/alberto/Documents/kia_gd_ws/install/ur_dashboard_msgs/share/ur_dashboard_msgs/srv/GetRobotMode_Response.msg
[1.450s] -- Up-to-date: /home/alberto/Documents/kia_gd_ws/install/ur_dashboard_msgs/share/ur_dashboard_msgs/srv/GetSafetyMode.srv
[1.450s] -- Up-to-date: /home/alberto/Documents/kia_gd_ws/install/ur_dashboard_msgs/share/ur_dashboard_msgs/srv/GetSafetyMode_Request.msg
[1.450s] -- Up-to-date: /home/alberto/Documents/kia_gd_ws/install/ur_dashboard_msgs/share/ur_dashboard_msgs/srv/GetSafetyMode_Response.msg
[1.450s] -- Up-to-date: /home/alberto/Documents/kia_gd_ws/install/ur_dashboard_msgs/share/ur_dashboard_msgs/srv/IsProgramRunning.srv
[1.450s] -- Up-to-date: /home/alberto/Documents/kia_gd_ws/install/ur_dashboard_msgs/share/ur_dashboard_msgs/srv/IsProgramRunning_Request.msg
[1.450s] -- Up-to-date: /home/alberto/Documents/kia_gd_ws/install/ur_dashboard_msgs/share/ur_dashboard_msgs/srv/IsProgramRunning_Response.msg
[1.450s] -- Up-to-date: /home/alberto/Documents/kia_gd_ws/install/ur_dashboard_msgs/share/ur_dashboard_msgs/srv/IsProgramSaved.srv
[1.450s] -- Up-to-date: /home/alberto/Documents/kia_gd_ws/install/ur_dashboard_msgs/share/ur_dashboard_msgs/srv/IsProgramSaved_Request.msg
[1.450s] -- Up-to-date: /home/alberto/Documents/kia_gd_ws/install/ur_dashboard_msgs/share/ur_dashboard_msgs/srv/IsProgramSaved_Response.msg
[1.450s] -- Up-to-date: /home/alberto/Documents/kia_gd_ws/install/ur_dashboard_msgs/share/ur_dashboard_msgs/srv/Load.srv
[1.450s] -- Up-to-date: /home/alberto/Documents/kia_gd_ws/install/ur_dashboard_msgs/share/ur_dashboard_msgs/srv/Load_Request.msg
[1.450s] -- Up-to-date: /home/alberto/Documents/kia_gd_ws/install/ur_dashboard_msgs/share/ur_dashboard_msgs/srv/Load_Response.msg
[1.450s] -- Up-to-date: /home/alberto/Documents/kia_gd_ws/install/ur_dashboard_msgs/share/ur_dashboard_msgs/srv/Popup.srv
[1.451s] -- Up-to-date: /home/alberto/Documents/kia_gd_ws/install/ur_dashboard_msgs/share/ur_dashboard_msgs/srv/Popup_Request.msg
[1.451s] -- Up-to-date: /home/alberto/Documents/kia_gd_ws/install/ur_dashboard_msgs/share/ur_dashboard_msgs/srv/Popup_Response.msg
[1.451s] -- Up-to-date: /home/alberto/Documents/kia_gd_ws/install/ur_dashboard_msgs/share/ur_dashboard_msgs/srv/RawRequest.srv
[1.451s] -- Up-to-date: /home/alberto/Documents/kia_gd_ws/install/ur_dashboard_msgs/share/ur_dashboard_msgs/srv/RawRequest_Request.msg
[1.451s] -- Up-to-date: /home/alberto/Documents/kia_gd_ws/install/ur_dashboard_msgs/share/ur_dashboard_msgs/srv/RawRequest_Response.msg
[1.451s] -- Up-to-date: /home/alberto/Documents/kia_gd_ws/install/ur_dashboard_msgs/share/ur_dashboard_msgs/srv/IsInRemoteControl.srv
[1.451s] -- Up-to-date: /home/alberto/Documents/kia_gd_ws/install/ur_dashboard_msgs/share/ur_dashboard_msgs/srv/IsInRemoteControl_Request.msg
[1.451s] -- Up-to-date: /home/alberto/Documents/kia_gd_ws/install/ur_dashboard_msgs/share/ur_dashboard_msgs/srv/IsInRemoteControl_Response.msg
[1.451s] -- Up-to-date: /home/alberto/Documents/kia_gd_ws/install/ur_dashboard_msgs/share/ur_dashboard_msgs/action/SetMode.action
[1.451s] -- Up-to-date: /home/alberto/Documents/kia_gd_ws/install/ur_dashboard_msgs/share/ament_index/resource_index/package_run_dependencies/ur_dashboard_msgs
[1.451s] -- Installing: /home/alberto/Documents/kia_gd_ws/install/ur_dashboard_msgs/share/ament_index/resource_index/parent_prefix_path/ur_dashboard_msgs
[1.451s] -- Up-to-date: /home/alberto/Documents/kia_gd_ws/install/ur_dashboard_msgs/share/ur_dashboard_msgs/environment/ament_prefix_path.sh
[1.451s] -- Installing: /home/alberto/Documents/kia_gd_ws/install/ur_dashboard_msgs/share/ur_dashboard_msgs/environment/ament_prefix_path.dsv
[1.452s] -- Up-to-date: /home/alberto/Documents/kia_gd_ws/install/ur_dashboard_msgs/share/ur_dashboard_msgs/environment/path.sh
[1.452s] -- Installing: /home/alberto/Documents/kia_gd_ws/install/ur_dashboard_msgs/share/ur_dashboard_msgs/environment/path.dsv
[1.452s] -- Up-to-date: /home/alberto/Documents/kia_gd_ws/install/ur_dashboard_msgs/share/ur_dashboard_msgs/local_setup.bash
[1.452s] -- Up-to-date: /home/alberto/Documents/kia_gd_ws/install/ur_dashboard_msgs/share/ur_dashboard_msgs/local_setup.sh
[1.452s] -- Up-to-date: /home/alberto/Documents/kia_gd_ws/install/ur_dashboard_msgs/share/ur_dashboard_msgs/local_setup.zsh
[1.452s] -- Installing: /home/alberto/Documents/kia_gd_ws/install/ur_dashboard_msgs/share/ur_dashboard_msgs/local_setup.dsv
[1.452s] -- Installing: /home/alberto/Documents/kia_gd_ws/install/ur_dashboard_msgs/share/ur_dashboard_msgs/package.dsv
[1.452s] -- Up-to-date: /home/alberto/Documents/kia_gd_ws/install/ur_dashboard_msgs/share/ament_index/resource_index/packages/ur_dashboard_msgs
[1.452s] -- Up-to-date: /home/alberto/Documents/kia_gd_ws/install/ur_dashboard_msgs/share/ur_dashboard_msgs/cmake/export_ur_dashboard_msgs__rosidl_generator_cExport.cmake
[1.452s] -- Up-to-date: /home/alberto/Documents/kia_gd_ws/install/ur_dashboard_msgs/share/ur_dashboard_msgs/cmake/export_ur_dashboard_msgs__rosidl_generator_cExport-release.cmake
[1.452s] -- Up-to-date: /home/alberto/Documents/kia_gd_ws/install/ur_dashboard_msgs/share/ur_dashboard_msgs/cmake/export_ur_dashboard_msgs__rosidl_typesupport_fastrtps_cExport.cmake
[1.452s] -- Up-to-date: /home/alberto/Documents/kia_gd_ws/install/ur_dashboard_msgs/share/ur_dashboard_msgs/cmake/export_ur_dashboard_msgs__rosidl_typesupport_fastrtps_cExport-release.cmake
[1.452s] -- Up-to-date: /home/alberto/Documents/kia_gd_ws/install/ur_dashboard_msgs/share/ur_dashboard_msgs/cmake/ur_dashboard_msgs__rosidl_typesupport_introspection_cExport.cmake
[1.453s] -- Up-to-date: /home/alberto/Documents/kia_gd_ws/install/ur_dashboard_msgs/share/ur_dashboard_msgs/cmake/ur_dashboard_msgs__rosidl_typesupport_introspection_cExport-release.cmake
[1.453s] -- Up-to-date: /home/alberto/Documents/kia_gd_ws/install/ur_dashboard_msgs/share/ur_dashboard_msgs/cmake/ur_dashboard_msgs__rosidl_typesupport_cExport.cmake
[1.453s] -- Up-to-date: /home/alberto/Documents/kia_gd_ws/install/ur_dashboard_msgs/share/ur_dashboard_msgs/cmake/ur_dashboard_msgs__rosidl_typesupport_cExport-release.cmake
[1.453s] -- Up-to-date: /home/alberto/Documents/kia_gd_ws/install/ur_dashboard_msgs/share/ur_dashboard_msgs/cmake/export_ur_dashboard_msgs__rosidl_generator_cppExport.cmake
[1.453s] -- Up-to-date: /home/alberto/Documents/kia_gd_ws/install/ur_dashboard_msgs/share/ur_dashboard_msgs/cmake/export_ur_dashboard_msgs__rosidl_typesupport_fastrtps_cppExport.cmake
[1.453s] -- Up-to-date: /home/alberto/Documents/kia_gd_ws/install/ur_dashboard_msgs/share/ur_dashboard_msgs/cmake/export_ur_dashboard_msgs__rosidl_typesupport_fastrtps_cppExport-release.cmake
[1.453s] -- Up-to-date: /home/alberto/Documents/kia_gd_ws/install/ur_dashboard_msgs/share/ur_dashboard_msgs/cmake/ur_dashboard_msgs__rosidl_typesupport_introspection_cppExport.cmake
[1.453s] -- Up-to-date: /home/alberto/Documents/kia_gd_ws/install/ur_dashboard_msgs/share/ur_dashboard_msgs/cmake/ur_dashboard_msgs__rosidl_typesupport_introspection_cppExport-release.cmake
[1.453s] -- Up-to-date: /home/alberto/Documents/kia_gd_ws/install/ur_dashboard_msgs/share/ur_dashboard_msgs/cmake/ur_dashboard_msgs__rosidl_typesupport_cppExport.cmake
[1.453s] -- Up-to-date: /home/alberto/Documents/kia_gd_ws/install/ur_dashboard_msgs/share/ur_dashboard_msgs/cmake/ur_dashboard_msgs__rosidl_typesupport_cppExport-release.cmake
[1.453s] -- Up-to-date: /home/alberto/Documents/kia_gd_ws/install/ur_dashboard_msgs/share/ur_dashboard_msgs/cmake/export_ur_dashboard_msgs__rosidl_generator_pyExport.cmake
[1.453s] -- Up-to-date: /home/alberto/Documents/kia_gd_ws/install/ur_dashboard_msgs/share/ur_dashboard_msgs/cmake/export_ur_dashboard_msgs__rosidl_generator_pyExport-release.cmake
[1.454s] -- Up-to-date: /home/alberto/Documents/kia_gd_ws/install/ur_dashboard_msgs/share/ur_dashboard_msgs/cmake/rosidl_cmake-extras.cmake
[1.454s] -- Up-to-date: /home/alberto/Documents/kia_gd_ws/install/ur_dashboard_msgs/share/ur_dashboard_msgs/cmake/ament_cmake_export_dependencies-extras.cmake
[1.454s] -- Up-to-date: /home/alberto/Documents/kia_gd_ws/install/ur_dashboard_msgs/share/ur_dashboard_msgs/cmake/ament_cmake_export_include_directories-extras.cmake
[1.454s] -- Up-to-date: /home/alberto/Documents/kia_gd_ws/install/ur_dashboard_msgs/share/ur_dashboard_msgs/cmake/ament_cmake_export_libraries-extras.cmake
[1.454s] -- Up-to-date: /home/alberto/Documents/kia_gd_ws/install/ur_dashboard_msgs/share/ur_dashboard_msgs/cmake/ament_cmake_export_targets-extras.cmake
[1.454s] -- Up-to-date: /home/alberto/Documents/kia_gd_ws/install/ur_dashboard_msgs/share/ur_dashboard_msgs/cmake/rosidl_cmake_export_typesupport_targets-extras.cmake
[1.454s] -- Up-to-date: /home/alberto/Documents/kia_gd_ws/install/ur_dashboard_msgs/share/ur_dashboard_msgs/cmake/rosidl_cmake_export_typesupport_libraries-extras.cmake
[1.454s] -- Up-to-date: /home/alberto/Documents/kia_gd_ws/install/ur_dashboard_msgs/share/ur_dashboard_msgs/cmake/ur_dashboard_msgsConfig.cmake
[1.454s] -- Up-to-date: /home/alberto/Documents/kia_gd_ws/install/ur_dashboard_msgs/share/ur_dashboard_msgs/cmake/ur_dashboard_msgsConfig-version.cmake
[1.454s] -- Up-to-date: /home/alberto/Documents/kia_gd_ws/install/ur_dashboard_msgs/share/ur_dashboard_msgs/package.xml
[1.456s] Invoked command in '/home/alberto/Documents/kia_gd_ws/build/ur_dashboard_msgs' returned '0': CMAKE_PREFIX_PATH=/home/alberto/Documents/kia_gd_ws/install/ur:/home/alberto/Documents/kia_gd_ws/install/ur_calibration:/home/alberto/Documents/kia_gd_ws/install/ur_robot_driver:/home/alberto/Documents/kia_gd_ws/install/ur_moveit_config:/home/alberto/Documents/kia_gd_ws/install/ur_bringup:/home/alberto/Documents/kia_gd_ws/install/ur_controllers:/home/alberto/Documents/kia_gd_ws/install/ur_dashboard_msgs:/home/alberto/Documents/kia_gd_ws/install/kia_gd:/home/alberto/install/vectornav:/home/alberto/install/vectornav_msgs:/home/alberto/install/uuv_teleop:/home/alberto/install/uuv_description:/home/alberto/install/sub:/home/alberto/install/pid:/home/alberto/ros2_ws/install/docker_test:/opt/ros/humble:/home/alberto/install/catkin:/home/alberto/ros2_ws/install/sub:/home/alberto/ros2_ws/install/pid:/home/alberto/ros2_ws/install/catkin:/home/alberto/uuv/install/uuv /usr/bin/cmake --install /home/alberto/Documents/kia_gd_ws/build/ur_dashboard_msgs
