[0.008s] Invoking command in '/home/alberto/Documents/kia_gd/build/kia_gd': CMAKE_PREFIX_PATH=/home/alberto/install/vectornav:/home/alberto/install/vectornav_msgs:/home/alberto/install/uuv_teleop:/home/alberto/install/uuv_description:/home/alberto/install/sub:/home/alberto/install/pid:/home/alberto/ros2_ws/install/docker_test:/opt/ros/humble:/home/alberto/install/catkin:/home/alberto/ros2_ws/install/sub:/home/alberto/ros2_ws/install/pid:/home/alberto/ros2_ws/install/catkin:/home/alberto/uuv/install/uuv /usr/bin/cmake /home/alberto/Documents/kia_gd -DCMAKE_INSTALL_PREFIX=/home/alberto/Documents/kia_gd/install/kia_gd
[0.081s] -- The C compiler identification is GNU 11.4.0
[0.148s] -- The CXX compiler identification is GNU 11.4.0
[0.155s] -- Detecting C compiler ABI info
[0.218s] -- Detecting C compiler ABI info - done
[0.226s] -- Check for working C compiler: /usr/bin/cc - skipped
[0.226s] -- Detecting C compile features
[0.227s] -- Detecting C compile features - done
[0.229s] -- Detecting CXX compiler ABI info
[0.289s] -- Detecting CXX compiler ABI info - done
[0.294s] -- Check for working CXX compiler: /usr/bin/c++ - skipped
[0.294s] -- Detecting CXX compile features
[0.294s] -- Detecting CXX compile features - done
[0.297s] -- Found ament_cmake: 1.3.12 (/opt/ros/humble/share/ament_cmake/cmake)
[0.572s] -- Found Python3: /usr/bin/python3 (found version "3.10.12") found components: Interpreter 
[0.652s] -- Found rclcpp: 16.0.15 (/opt/ros/humble/share/rclcpp/cmake)
[0.692s] -- Found rosidl_generator_c: 3.1.7 (/opt/ros/humble/share/rosidl_generator_c/cmake)
[0.696s] -- Found rosidl_adapter: 3.1.7 (/opt/ros/humble/share/rosidl_adapter/cmake)
[0.704s] -- Found rosidl_generator_cpp: 3.1.7 (/opt/ros/humble/share/rosidl_generator_cpp/cmake)
[0.715s] -- Using all available rosidl_typesupport_c: rosidl_typesupport_fastrtps_c;rosidl_typesupport_introspection_c
[0.729s] -- Using all available rosidl_typesupport_cpp: rosidl_typesupport_fastrtps_cpp;rosidl_typesupport_introspection_cpp
[0.767s] -- Found rmw_implementation_cmake: 6.1.2 (/opt/ros/humble/share/rmw_implementation_cmake/cmake)
[0.769s] -- Found rmw_fastrtps_cpp: 6.2.9 (/opt/ros/humble/share/rmw_fastrtps_cpp/cmake)
[0.837s] -- Found OpenSSL: /usr/lib/x86_64-linux-gnu/libcrypto.so (found version "3.0.2")  
[0.857s] -- Found FastRTPS: /opt/ros/humble/include  
[0.885s] -- Using RMW implementation 'rmw_fastrtps_cpp' as default
[0.892s] -- Looking for pthread.h
[0.941s] -- Looking for pthread.h - found
[0.941s] -- Performing Test CMAKE_HAVE_LIBC_PTHREAD
[0.995s] -- Performing Test CMAKE_HAVE_LIBC_PTHREAD - Success
[0.996s] -- Found Threads: TRUE  
[1.042s] -- Found geometry_msgs: 4.9.0 (/opt/ros/humble/share/geometry_msgs/cmake)
[1.054s] -- Found sensor_msgs: 4.9.0 (/opt/ros/humble/share/sensor_msgs/cmake)
[1.070s] -- Found visualization_msgs: 4.9.0 (/opt/ros/humble/share/visualization_msgs/cmake)
[1.087s] -- Found ament_lint_auto: 0.12.14 (/opt/ros/humble/share/ament_lint_auto/cmake)
[1.164s] -- Added test 'cppcheck' to perform static code analysis on C / C++ code
[1.164s] -- Configured cppcheck include dirs: 
[1.164s] -- Configured cppcheck exclude dirs and/or files: 
[1.165s] -- Added test 'lint_cmake' to check CMake code style
[1.168s] -- Added test 'uncrustify' to check C / C++ code style
[1.168s] -- Configured uncrustify additional arguments: 
[1.169s] -- Added test 'xmllint' to check XML markup files
[1.170s] -- Configuring done
[1.172s] -- Generating done
[1.174s] -- Build files have been written to: /home/alberto/Documents/kia_gd/build/kia_gd
[1.180s] Invoked command in '/home/alberto/Documents/kia_gd/build/kia_gd' returned '0': CMAKE_PREFIX_PATH=/home/alberto/install/vectornav:/home/alberto/install/vectornav_msgs:/home/alberto/install/uuv_teleop:/home/alberto/install/uuv_description:/home/alberto/install/sub:/home/alberto/install/pid:/home/alberto/ros2_ws/install/docker_test:/opt/ros/humble:/home/alberto/install/catkin:/home/alberto/ros2_ws/install/sub:/home/alberto/ros2_ws/install/pid:/home/alberto/ros2_ws/install/catkin:/home/alberto/uuv/install/uuv /usr/bin/cmake /home/alberto/Documents/kia_gd -DCMAKE_INSTALL_PREFIX=/home/alberto/Documents/kia_gd/install/kia_gd
[1.181s] Invoking command in '/home/alberto/Documents/kia_gd/build/kia_gd': CMAKE_PREFIX_PATH=/home/alberto/install/vectornav:/home/alberto/install/vectornav_msgs:/home/alberto/install/uuv_teleop:/home/alberto/install/uuv_description:/home/alberto/install/sub:/home/alberto/install/pid:/home/alberto/ros2_ws/install/docker_test:/opt/ros/humble:/home/alberto/install/catkin:/home/alberto/ros2_ws/install/sub:/home/alberto/ros2_ws/install/pid:/home/alberto/ros2_ws/install/catkin:/home/alberto/uuv/install/uuv /usr/bin/cmake --build /home/alberto/Documents/kia_gd/build/kia_gd -- -j8 -l8
[1.210s] Invoked command in '/home/alberto/Documents/kia_gd/build/kia_gd' returned '0': CMAKE_PREFIX_PATH=/home/alberto/install/vectornav:/home/alberto/install/vectornav_msgs:/home/alberto/install/uuv_teleop:/home/alberto/install/uuv_description:/home/alberto/install/sub:/home/alberto/install/pid:/home/alberto/ros2_ws/install/docker_test:/opt/ros/humble:/home/alberto/install/catkin:/home/alberto/ros2_ws/install/sub:/home/alberto/ros2_ws/install/pid:/home/alberto/ros2_ws/install/catkin:/home/alberto/uuv/install/uuv /usr/bin/cmake --build /home/alberto/Documents/kia_gd/build/kia_gd -- -j8 -l8
[1.219s] Invoking command in '/home/alberto/Documents/kia_gd/build/kia_gd': CMAKE_PREFIX_PATH=/home/alberto/install/vectornav:/home/alberto/install/vectornav_msgs:/home/alberto/install/uuv_teleop:/home/alberto/install/uuv_description:/home/alberto/install/sub:/home/alberto/install/pid:/home/alberto/ros2_ws/install/docker_test:/opt/ros/humble:/home/alberto/install/catkin:/home/alberto/ros2_ws/install/sub:/home/alberto/ros2_ws/install/pid:/home/alberto/ros2_ws/install/catkin:/home/alberto/uuv/install/uuv /usr/bin/cmake --install /home/alberto/Documents/kia_gd/build/kia_gd
[1.229s] -- Install configuration: ""
[1.229s] -- Installing: /home/alberto/Documents/kia_gd/install/kia_gd/share/ament_index/resource_index/package_run_dependencies/kia_gd
[1.229s] -- Installing: /home/alberto/Documents/kia_gd/install/kia_gd/share/ament_index/resource_index/parent_prefix_path/kia_gd
[1.229s] -- Installing: /home/alberto/Documents/kia_gd/install/kia_gd/share/kia_gd/environment/ament_prefix_path.sh
[1.229s] -- Installing: /home/alberto/Documents/kia_gd/install/kia_gd/share/kia_gd/environment/ament_prefix_path.dsv
[1.229s] -- Installing: /home/alberto/Documents/kia_gd/install/kia_gd/share/kia_gd/environment/path.sh
[1.229s] -- Installing: /home/alberto/Documents/kia_gd/install/kia_gd/share/kia_gd/environment/path.dsv
[1.230s] -- Installing: /home/alberto/Documents/kia_gd/install/kia_gd/share/kia_gd/local_setup.bash
[1.230s] -- Installing: /home/alberto/Documents/kia_gd/install/kia_gd/share/kia_gd/local_setup.sh
[1.230s] -- Installing: /home/alberto/Documents/kia_gd/install/kia_gd/share/kia_gd/local_setup.zsh
[1.230s] -- Installing: /home/alberto/Documents/kia_gd/install/kia_gd/share/kia_gd/local_setup.dsv
[1.230s] -- Installing: /home/alberto/Documents/kia_gd/install/kia_gd/share/kia_gd/package.dsv
[1.230s] -- Installing: /home/alberto/Documents/kia_gd/install/kia_gd/share/ament_index/resource_index/packages/kia_gd
[1.230s] -- Installing: /home/alberto/Documents/kia_gd/install/kia_gd/share/kia_gd/cmake/kia_gdConfig.cmake
[1.230s] -- Installing: /home/alberto/Documents/kia_gd/install/kia_gd/share/kia_gd/cmake/kia_gdConfig-version.cmake
[1.230s] -- Installing: /home/alberto/Documents/kia_gd/install/kia_gd/share/kia_gd/package.xml
[1.232s] Invoked command in '/home/alberto/Documents/kia_gd/build/kia_gd' returned '0': CMAKE_PREFIX_PATH=/home/alberto/install/vectornav:/home/alberto/install/vectornav_msgs:/home/alberto/install/uuv_teleop:/home/alberto/install/uuv_description:/home/alberto/install/sub:/home/alberto/install/pid:/home/alberto/ros2_ws/install/docker_test:/opt/ros/humble:/home/alberto/install/catkin:/home/alberto/ros2_ws/install/sub:/home/alberto/ros2_ws/install/pid:/home/alberto/ros2_ws/install/catkin:/home/alberto/uuv/install/uuv /usr/bin/cmake --install /home/alberto/Documents/kia_gd/build/kia_gd
