[0.031s] Invoking command in '/home/alberto/Documents/kia_gd_ws/build/kia_gd': CMAKE_PREFIX_PATH=/home/alberto/Documents/kia_gd_ws/install/ur:/home/alberto/Documents/kia_gd_ws/install/ur_calibration:/home/alberto/Documents/kia_gd_ws/install/ur_robot_driver:/home/alberto/Documents/kia_gd_ws/install/ur_moveit_config:/home/alberto/Documents/kia_gd_ws/install/ur_bringup:/home/alberto/Documents/kia_gd_ws/install/ur_controllers:/home/alberto/Documents/kia_gd_ws/install/ur_dashboard_msgs:/home/alberto/Documents/kia_gd_ws/install/kia_gd:/home/alberto/install/vectornav:/home/alberto/install/vectornav_msgs:/home/alberto/install/uuv_teleop:/home/alberto/install/uuv_description:/home/alberto/install/sub:/home/alberto/install/pid:/home/alberto/ros2_ws/install/docker_test:/opt/ros/humble:/home/alberto/install/catkin:/home/alberto/ros2_ws/install/sub:/home/alberto/ros2_ws/install/pid:/home/alberto/ros2_ws/install/catkin:/home/alberto/uuv/install/uuv /usr/bin/cmake --build /home/alberto/Documents/kia_gd_ws/build/kia_gd -- -j8 -l8
[0.097s] Invoked command in '/home/alberto/Documents/kia_gd_ws/build/kia_gd' returned '0': CMAKE_PREFIX_PATH=/home/alberto/Documents/kia_gd_ws/install/ur:/home/alberto/Documents/kia_gd_ws/install/ur_calibration:/home/alberto/Documents/kia_gd_ws/install/ur_robot_driver:/home/alberto/Documents/kia_gd_ws/install/ur_moveit_config:/home/alberto/Documents/kia_gd_ws/install/ur_bringup:/home/alberto/Documents/kia_gd_ws/install/ur_controllers:/home/alberto/Documents/kia_gd_ws/install/ur_dashboard_msgs:/home/alberto/Documents/kia_gd_ws/install/kia_gd:/home/alberto/install/vectornav:/home/alberto/install/vectornav_msgs:/home/alberto/install/uuv_teleop:/home/alberto/install/uuv_description:/home/alberto/install/sub:/home/alberto/install/pid:/home/alberto/ros2_ws/install/docker_test:/opt/ros/humble:/home/alberto/install/catkin:/home/alberto/ros2_ws/install/sub:/home/alberto/ros2_ws/install/pid:/home/alberto/ros2_ws/install/catkin:/home/alberto/uuv/install/uuv /usr/bin/cmake --build /home/alberto/Documents/kia_gd_ws/build/kia_gd -- -j8 -l8
[0.108s] Invoking command in '/home/alberto/Documents/kia_gd_ws/build/kia_gd': CMAKE_PREFIX_PATH=/home/alberto/Documents/kia_gd_ws/install/ur:/home/alberto/Documents/kia_gd_ws/install/ur_calibration:/home/alberto/Documents/kia_gd_ws/install/ur_robot_driver:/home/alberto/Documents/kia_gd_ws/install/ur_moveit_config:/home/alberto/Documents/kia_gd_ws/install/ur_bringup:/home/alberto/Documents/kia_gd_ws/install/ur_controllers:/home/alberto/Documents/kia_gd_ws/install/ur_dashboard_msgs:/home/alberto/Documents/kia_gd_ws/install/kia_gd:/home/alberto/install/vectornav:/home/alberto/install/vectornav_msgs:/home/alberto/install/uuv_teleop:/home/alberto/install/uuv_description:/home/alberto/install/sub:/home/alberto/install/pid:/home/alberto/ros2_ws/install/docker_test:/opt/ros/humble:/home/alberto/install/catkin:/home/alberto/ros2_ws/install/sub:/home/alberto/ros2_ws/install/pid:/home/alberto/ros2_ws/install/catkin:/home/alberto/uuv/install/uuv /usr/bin/cmake --install /home/alberto/Documents/kia_gd_ws/build/kia_gd
[0.126s] -- Install configuration: "Release"
[0.127s] -- Execute custom install script
[0.128s] -- Up-to-date symlink: /home/alberto/Documents/kia_gd_ws/install/kia_gd/share/kia_gd/launch/launch.py
[0.128s] -- Up-to-date symlink: /home/alberto/Documents/kia_gd_ws/install/kia_gd/share/kia_gd/launch/master_launch.py
[0.134s] -- Up-to-date symlink: /home/alberto/Documents/kia_gd_ws/install/kia_gd/share/kia_gd/urdf/build/.built_by
[0.134s] -- Up-to-date symlink: /home/alberto/Documents/kia_gd_ws/install/kia_gd/share/kia_gd/urdf/build/COLCON_IGNORE
[0.135s] -- Up-to-date symlink: /home/alberto/Documents/kia_gd_ws/install/kia_gd/share/kia_gd/urdf/install/.colcon_install_layout
[0.136s] -- Up-to-date symlink: /home/alberto/Documents/kia_gd_ws/install/kia_gd/share/kia_gd/urdf/install/COLCON_IGNORE
[0.136s] -- Up-to-date symlink: /home/alberto/Documents/kia_gd_ws/install/kia_gd/share/kia_gd/urdf/install/_local_setup_util_ps1.py
[0.136s] -- Up-to-date symlink: /home/alberto/Documents/kia_gd_ws/install/kia_gd/share/kia_gd/urdf/install/_local_setup_util_sh.py
[0.136s] -- Up-to-date symlink: /home/alberto/Documents/kia_gd_ws/install/kia_gd/share/kia_gd/urdf/install/local_setup.bash
[0.136s] -- Up-to-date symlink: /home/alberto/Documents/kia_gd_ws/install/kia_gd/share/kia_gd/urdf/install/local_setup.ps1
[0.136s] -- Up-to-date symlink: /home/alberto/Documents/kia_gd_ws/install/kia_gd/share/kia_gd/urdf/install/local_setup.sh
[0.137s] [33mCMake Warning (dev) at ament_cmake_symlink_install/ament_cmake_symlink_install.cmake:62 (file):
[0.137s]   Policy CMP0009 is not set: FILE GLOB_RECURSE calls should not follow
[0.137s]   symlinks by default.  Run "cmake --help-policy CMP0009" for policy details.
[0.137s]   Use the cmake_policy command to set the policy and suppress this warning.
[0.137s] Call Stack (most recent call first):
[0.137s]   ament_cmake_symlink_install/ament_cmake_symlink_install.cmake:317 (ament_cmake_symlink_install_directory)
[0.137s]   cmake_install.cmake:46 (include)
[0.137s] This warning is for project developers.  Use -Wno-dev to suppress it.
[0.137s] [0m
[0.137s] -- Up-to-date symlink: /home/alberto/Documents/kia_gd_ws/install/kia_gd/share/kia_gd/urdf/install/local_setup.zsh
[0.138s] -- Up-to-date symlink: /home/alberto/Documents/kia_gd_ws/install/kia_gd/share/kia_gd/urdf/install/setup.bash
[0.138s] -- Up-to-date symlink: /home/alberto/Documents/kia_gd_ws/install/kia_gd/share/kia_gd/urdf/install/setup.ps1
[0.138s] -- Up-to-date symlink: /home/alberto/Documents/kia_gd_ws/install/kia_gd/share/kia_gd/urdf/install/setup.sh
[0.138s] -- Up-to-date symlink: /home/alberto/Documents/kia_gd_ws/install/kia_gd/share/kia_gd/urdf/install/setup.zsh
[0.138s] -- Up-to-date symlink: /home/alberto/Documents/kia_gd_ws/install/kia_gd/share/kia_gd/urdf/kia.urdf
[0.142s] -- Up-to-date symlink: /home/alberto/Documents/kia_gd_ws/install/kia_gd/share/kia_gd/urdf/log/COLCON_IGNORE
[0.142s] -- Up-to-date symlink: /home/alberto/Documents/kia_gd_ws/install/kia_gd/share/kia_gd/urdf/log/build_2025-10-31_13-45-53/events.log
[0.142s] -- Up-to-date symlink: /home/alberto/Documents/kia_gd_ws/install/kia_gd/share/kia_gd/urdf/log/build_2025-10-31_13-45-53/logger_all.log
[0.142s] -- Up-to-date symlink: /home/alberto/Documents/kia_gd_ws/install/kia_gd/share/kia_gd/urdf/log/latest/events.log
[0.142s] -- Up-to-date symlink: /home/alberto/Documents/kia_gd_ws/install/kia_gd/share/kia_gd/urdf/log/latest/logger_all.log
[0.142s] -- Up-to-date symlink: /home/alberto/Documents/kia_gd_ws/install/kia_gd/share/kia_gd/urdf/log/latest_build/events.log
[0.142s] -- Up-to-date symlink: /home/alberto/Documents/kia_gd_ws/install/kia_gd/share/kia_gd/urdf/log/latest_build/logger_all.log
[0.143s] -- Up-to-date symlink: /home/alberto/Documents/kia_gd_ws/install/kia_gd/share/kia_gd/urdf/ur5.urdf
[0.143s] [33mCMake Warning (dev) at ament_cmake_symlink_install/ament_cmake_symlink_install.cmake:62 (file):
[0.143s]   Policy CMP0009 is not set: FILE GLOB_RECURSE calls should not follow
[0.143s]   symlinks by default.  Run "cmake --help-policy CMP0009" for policy details.
[0.143s]   Use the cmake_policy command to set the policy and suppress this warning.
[0.144s] Call Stack (most recent call first):
[0.144s]   ament_cmake_symlink_install/ament_cmake_symlink_install.cmake:320 (ament_cmake_symlink_install_directory)
[0.144s]   cmake_install.cmake:46 (include)
[0.144s] This warning is for project developers.  Use -Wno-dev to suppress it.
[0.144s] [0m
[0.145s] -- Up-to-date symlink: /home/alberto/Documents/kia_gd_ws/install/kia_gd/share/kia_gd/meshes/Base.stl
[0.145s] -- Up-to-date symlink: /home/alberto/Documents/kia_gd_ws/install/kia_gd/share/kia_gd/meshes/Deslizador.stl
[0.146s] -- Up-to-date symlink: /home/alberto/Documents/kia_gd_ws/install/kia_gd/share/kia_gd/meshes/J1.stl
[0.146s] -- Up-to-date symlink: /home/alberto/Documents/kia_gd_ws/install/kia_gd/share/kia_gd/meshes/J2.stl
[0.147s] -- Up-to-date symlink: /home/alberto/Documents/kia_gd_ws/install/kia_gd/share/kia_gd/meshes/J3.stl
[0.147s] -- Up-to-date symlink: /home/alberto/Documents/kia_gd_ws/install/kia_gd/share/kia_gd/meshes/J4.stl
[0.148s] -- Up-to-date symlink: /home/alberto/Documents/kia_gd_ws/install/kia_gd/share/kia_gd/meshes/J5.stl
[0.148s] -- Up-to-date symlink: /home/alberto/Documents/kia_gd_ws/install/kia_gd/share/kia_gd/meshes/J6.stl
[0.148s] -- Up-to-date symlink: /home/alberto/Documents/kia_gd_ws/install/kia_gd/share/kia_gd/meshes/KIA_CAD.stl
[0.149s] -- Up-to-date symlink: /home/alberto/Documents/kia_gd_ws/install/kia_gd/share/kia_gd/meshes/build/.built_by
[0.149s] -- Up-to-date symlink: /home/alberto/Documents/kia_gd_ws/install/kia_gd/share/kia_gd/meshes/build/COLCON_IGNORE
[0.149s] -- Up-to-date symlink: /home/alberto/Documents/kia_gd_ws/install/kia_gd/share/kia_gd/meshes/install/.colcon_install_layout
[0.150s] -- Up-to-date symlink: /home/alberto/Documents/kia_gd_ws/install/kia_gd/share/kia_gd/meshes/install/COLCON_IGNORE
[0.150s] -- Up-to-date symlink: /home/alberto/Documents/kia_gd_ws/install/kia_gd/share/kia_gd/meshes/install/_local_setup_util_ps1.py
[0.151s] -- Up-to-date symlink: /home/alberto/Documents/kia_gd_ws/install/kia_gd/share/kia_gd/meshes/install/_local_setup_util_sh.py
[0.151s] -- Up-to-date symlink: /home/alberto/Documents/kia_gd_ws/install/kia_gd/share/kia_gd/meshes/install/local_setup.bash
[0.151s] -- Up-to-date symlink: /home/alberto/Documents/kia_gd_ws/install/kia_gd/share/kia_gd/meshes/install/local_setup.ps1
[0.152s] -- Up-to-date symlink: /home/alberto/Documents/kia_gd_ws/install/kia_gd/share/kia_gd/meshes/install/local_setup.sh
[0.152s] -- Up-to-date symlink: /home/alberto/Documents/kia_gd_ws/install/kia_gd/share/kia_gd/meshes/install/local_setup.zsh
[0.152s] -- Up-to-date symlink: /home/alberto/Documents/kia_gd_ws/install/kia_gd/share/kia_gd/meshes/install/setup.bash
[0.153s] -- Up-to-date symlink: /home/alberto/Documents/kia_gd_ws/install/kia_gd/share/kia_gd/meshes/install/setup.ps1
[0.153s] -- Up-to-date symlink: /home/alberto/Documents/kia_gd_ws/install/kia_gd/share/kia_gd/meshes/install/setup.sh
[0.154s] -- Up-to-date symlink: /home/alberto/Documents/kia_gd_ws/install/kia_gd/share/kia_gd/meshes/install/setup.zsh
[0.154s] -- Up-to-date symlink: /home/alberto/Documents/kia_gd_ws/install/kia_gd/share/kia_gd/meshes/log/COLCON_IGNORE
[0.154s] -- Up-to-date symlink: /home/alberto/Documents/kia_gd_ws/install/kia_gd/share/kia_gd/meshes/log/build_2025-10-31_13-53-10/events.log
[0.155s] -- Up-to-date symlink: /home/alberto/Documents/kia_gd_ws/install/kia_gd/share/kia_gd/meshes/log/build_2025-10-31_13-53-10/logger_all.log
[0.155s] -- Up-to-date symlink: /home/alberto/Documents/kia_gd_ws/install/kia_gd/share/kia_gd/meshes/log/build_2025-10-31_14-01-21/events.log
[0.155s] -- Up-to-date symlink: /home/alberto/Documents/kia_gd_ws/install/kia_gd/share/kia_gd/meshes/log/build_2025-10-31_14-01-21/logger_all.log
[0.155s] -- Up-to-date symlink: /home/alberto/Documents/kia_gd_ws/install/kia_gd/share/kia_gd/meshes/log/build_2025-10-31_14-01-52/events.log
[0.155s] -- Up-to-date symlink: /home/alberto/Documents/kia_gd_ws/install/kia_gd/share/kia_gd/meshes/log/build_2025-10-31_14-01-52/logger_all.log
[0.155s] -- Up-to-date symlink: /home/alberto/Documents/kia_gd_ws/install/kia_gd/share/kia_gd/meshes/log/build_2025-10-31_14-02-46/events.log
[0.156s] -- Up-to-date symlink: /home/alberto/Documents/kia_gd_ws/install/kia_gd/share/kia_gd/meshes/log/build_2025-10-31_14-02-46/logger_all.log
[0.158s] -- Up-to-date symlink: /home/alberto/Documents/kia_gd_ws/install/kia_gd/share/kia_gd/meshes/log/build_2025-10-31_14-03-48/events.log
[0.158s] -- Up-to-date symlink: /home/alberto/Documents/kia_gd_ws/install/kia_gd/share/kia_gd/meshes/log/build_2025-10-31_14-03-48/logger_all.log
[0.158s] -- Up-to-date symlink: /home/alberto/Documents/kia_gd_ws/install/kia_gd/share/kia_gd/meshes/log/build_2025-10-31_14-12-39/events.log
[0.158s] -- Up-to-date symlink: /home/alberto/Documents/kia_gd_ws/install/kia_gd/share/kia_gd/meshes/log/build_2025-10-31_14-12-39/logger_all.log
[0.158s] -- Up-to-date symlink: /home/alberto/Documents/kia_gd_ws/install/kia_gd/share/kia_gd/meshes/log/build_2025-10-31_14-12-58/events.log
[0.158s] -- Up-to-date symlink: /home/alberto/Documents/kia_gd_ws/install/kia_gd/share/kia_gd/meshes/log/build_2025-10-31_14-12-58/logger_all.log
[0.158s] -- Up-to-date symlink: /home/alberto/Documents/kia_gd_ws/install/kia_gd/share/kia_gd/meshes/log/build_2025-10-31_14-13-17/events.log
[0.159s] -- Up-to-date symlink: /home/alberto/Documents/kia_gd_ws/install/kia_gd/share/kia_gd/meshes/log/build_2025-10-31_14-13-17/logger_all.log
[0.159s] -- Up-to-date symlink: /home/alberto/Documents/kia_gd_ws/install/kia_gd/share/kia_gd/meshes/log/build_2025-10-31_14-13-40/events.log
[0.159s] -- Up-to-date symlink: /home/alberto/Documents/kia_gd_ws/install/kia_gd/share/kia_gd/meshes/log/build_2025-10-31_14-13-40/logger_all.log
[0.159s] -- Up-to-date symlink: /home/alberto/Documents/kia_gd_ws/install/kia_gd/share/kia_gd/meshes/log/latest/events.log
[0.159s] -- Up-to-date symlink: /home/alberto/Documents/kia_gd_ws/install/kia_gd/share/kia_gd/meshes/log/latest/logger_all.log
[0.159s] -- Up-to-date symlink: /home/alberto/Documents/kia_gd_ws/install/kia_gd/share/kia_gd/meshes/log/latest_build/events.log
[0.159s] -- Up-to-date symlink: /home/alberto/Documents/kia_gd_ws/install/kia_gd/share/kia_gd/meshes/log/latest_build/logger_all.log
[0.159s] -- Up-to-date symlink: /home/alberto/Documents/kia_gd_ws/install/kia_gd/share/kia_gd/rviz/rviz.rviz
[0.160s] -- Up-to-date symlink: /home/alberto/Documents/kia_gd_ws/install/kia_gd/share/kia_gd/rviz/visualizacion.rviz
[0.160s] -- Up-to-date symlink: /home/alberto/Documents/kia_gd_ws/install/kia_gd/share/kia_gd/rviz/visualizacion2.rviz
[0.160s] -- Up-to-date symlink: /home/alberto/Documents/kia_gd_ws/install/kia_gd/share/ament_index/resource_index/package_run_dependencies/kia_gd
[0.160s] -- Up-to-date symlink: /home/alberto/Documents/kia_gd_ws/install/kia_gd/share/ament_index/resource_index/parent_prefix_path/kia_gd
[0.160s] -- Up-to-date symlink: /home/alberto/Documents/kia_gd_ws/install/kia_gd/share/kia_gd/environment/ament_prefix_path.sh
[0.161s] -- Up-to-date symlink: /home/alberto/Documents/kia_gd_ws/install/kia_gd/share/kia_gd/environment/ament_prefix_path.dsv
[0.161s] -- Up-to-date symlink: /home/alberto/Documents/kia_gd_ws/install/kia_gd/share/kia_gd/environment/path.sh
[0.161s] -- Up-to-date symlink: /home/alberto/Documents/kia_gd_ws/install/kia_gd/share/kia_gd/environment/path.dsv
[0.161s] -- Up-to-date symlink: /home/alberto/Documents/kia_gd_ws/install/kia_gd/share/kia_gd/local_setup.bash
[0.162s] -- Up-to-date symlink: /home/alberto/Documents/kia_gd_ws/install/kia_gd/share/kia_gd/local_setup.sh
[0.162s] -- Up-to-date symlink: /home/alberto/Documents/kia_gd_ws/install/kia_gd/share/kia_gd/local_setup.zsh
[0.163s] -- Up-to-date symlink: /home/alberto/Documents/kia_gd_ws/install/kia_gd/share/kia_gd/local_setup.dsv
[0.164s] -- Symlinking: /home/alberto/Documents/kia_gd_ws/install/kia_gd/share/kia_gd/package.dsv
[0.180s] -- Up-to-date symlink: /home/alberto/Documents/kia_gd_ws/install/kia_gd/share/ament_index/resource_index/packages/kia_gd
[0.180s] -- Up-to-date symlink: /home/alberto/Documents/kia_gd_ws/install/kia_gd/share/kia_gd/cmake/kia_gdConfig.cmake
[0.180s] -- Up-to-date symlink: /home/alberto/Documents/kia_gd_ws/install/kia_gd/share/kia_gd/cmake/kia_gdConfig-version.cmake
[0.181s] -- Up-to-date symlink: /home/alberto/Documents/kia_gd_ws/install/kia_gd/share/kia_gd/package.xml
[0.182s] -- Up-to-date: /home/alberto/Documents/kia_gd_ws/install/kia_gd/lib/kia_gd/controlador_ur5
[0.182s] -- Up-to-date: /home/alberto/Documents/kia_gd_ws/install/kia_gd/lib/kia_gd/controlador_kia
[0.182s] -- Up-to-date: /home/alberto/Documents/kia_gd_ws/install/kia_gd/lib/kia_gd/mtconnect_bridge
[0.182s] -- Up-to-date: /home/alberto/Documents/kia_gd_ws/install/kia_gd/lib/kia_gd/dashboard
[0.182s] -- Up-to-date: /home/alberto/Documents/kia_gd_ws/install/kia_gd/lib/kia_gd/urconnect
[0.183s] -- Up-to-date: /home/alberto/Documents/kia_gd_ws/install/kia_gd/lib/kia_gd/joint_state_mapper
[0.189s] Invoked command in '/home/alberto/Documents/kia_gd_ws/build/kia_gd' returned '0': CMAKE_PREFIX_PATH=/home/alberto/Documents/kia_gd_ws/install/ur:/home/alberto/Documents/kia_gd_ws/install/ur_calibration:/home/alberto/Documents/kia_gd_ws/install/ur_robot_driver:/home/alberto/Documents/kia_gd_ws/install/ur_moveit_config:/home/alberto/Documents/kia_gd_ws/install/ur_bringup:/home/alberto/Documents/kia_gd_ws/install/ur_controllers:/home/alberto/Documents/kia_gd_ws/install/ur_dashboard_msgs:/home/alberto/Documents/kia_gd_ws/install/kia_gd:/home/alberto/install/vectornav:/home/alberto/install/vectornav_msgs:/home/alberto/install/uuv_teleop:/home/alberto/install/uuv_description:/home/alberto/install/sub:/home/alberto/install/pid:/home/alberto/ros2_ws/install/docker_test:/opt/ros/humble:/home/alberto/install/catkin:/home/alberto/ros2_ws/install/sub:/home/alberto/ros2_ws/install/pid:/home/alberto/ros2_ws/install/catkin:/home/alberto/uuv/install/uuv /usr/bin/cmake --install /home/alberto/Documents/kia_gd_ws/build/kia_gd
