[0.029s] Invoking command in '/home/alberto/Documents/kia_gd_ws/build/ur_controllers': CMAKE_PREFIX_PATH=/home/alberto/Documents/kia_gd_ws/install/ur_dashboard_msgs:/home/alberto/Documents/kia_gd_ws/install/ur_ros_rtde_tutorials:/home/alberto/Documents/kia_gd_ws/install/ur_ros_rtde:/home/alberto/Documents/kia_gd_ws/install/ur_ros_rtde_simple_clients:/home/alberto/Documents/kia_gd_ws/install/ur_ros_rtde_gripper_commands:/home/alberto/Documents/kia_gd_ws/install/ur_ros_rtde_msgs:/home/alberto/Documents/kia_gd_ws/install/simple_ur10e_moveit_config:/home/alberto/Documents/kia_gd_ws/install/simple_ur10e_description:/home/alberto/Documents/kia_gd_ws/install/ur:/home/alberto/Documents/kia_gd_ws/install/ur_calibration:/home/alberto/Documents/kia_gd_ws/install/ur_robot_driver:/home/alberto/Documents/kia_gd_ws/install/ur_moveit_config:/home/alberto/Documents/kia_gd_ws/install/ur_bringup:/home/alberto/Documents/kia_gd_ws/install/ur_controllers:/home/alberto/Documents/kia_gd_ws/install/kia_gd:/home/alberto/install/vectornav:/home/alberto/install/vectornav_msgs:/home/alberto/install/uuv_teleop:/home/alberto/install/uuv_description:/home/alberto/install/sub:/home/alberto/install/pid:/home/alberto/ros2_ws/install/docker_test:/opt/ros/humble:/home/alberto/install/catkin:/home/alberto/ros2_ws/install/sub:/home/alberto/ros2_ws/install/pid:/home/alberto/ros2_ws/install/catkin:/home/alberto/uuv/install/uuv LD_LIBRARY_PATH=/home/alberto/Documents/kia_gd_ws/install/ur_dashboard_msgs/lib:/home/alberto/Documents/kia_gd_ws/install/ur_ros_rtde_tutorials/lib:/home/alberto/Documents/kia_gd_ws/install/ur_ros_rtde/lib:/home/alberto/Documents/kia_gd_ws/install/ur_ros_rtde_gripper_commands/lib:/home/alberto/Documents/kia_gd_ws/install/ur_ros_rtde_msgs/lib:/home/alberto/Documents/kia_gd_ws/install/ur_robot_driver/lib:/home/alberto/Documents/kia_gd_ws/install/ur_controllers/lib:/home/alberto/install/vectornav/lib:/home/alberto/install/vectornav_msgs/lib:/opt/ros/humble/opt/rviz_ogre_vendor/lib:/opt/ros/humble/lib/x86_64-linux-gnu:/opt/ros/humble/lib /usr/bin/cmake --build /home/alberto/Documents/kia_gd_ws/build/ur_controllers -- -j8 -l8
[0.100s] [  5%] Built target speed_scaling_state_broadcaster_parameters
[0.101s] [ 11%] Built target force_mode_controller_parameters
[0.105s] [ 17%] Built target gpio_controller_parameters
[0.110s] [ 23%] Built target ur_configuration_controller_parameters
[0.111s] [ 29%] Built target tool_contact_controller_parameters
[0.111s] [ 35%] Built target scaled_joint_trajectory_controller_parameters
[0.111s] [ 41%] Built target freedrive_mode_controller_parameters
[0.118s] [ 47%] Built target passthrough_trajectory_controller_parameters
[0.136s] [ 52%] Built target gmock_main
[0.138s] [ 61%] Built target gmock
[0.164s] [ 88%] Built target ur_controllers
[0.215s] [ 94%] Built target test_load_force_mode_controller
[0.219s] [100%] Built target test_load_freedrive_mode_controller
[0.237s] Invoked command in '/home/alberto/Documents/kia_gd_ws/build/ur_controllers' returned '0': CMAKE_PREFIX_PATH=/home/alberto/Documents/kia_gd_ws/install/ur_dashboard_msgs:/home/alberto/Documents/kia_gd_ws/install/ur_ros_rtde_tutorials:/home/alberto/Documents/kia_gd_ws/install/ur_ros_rtde:/home/alberto/Documents/kia_gd_ws/install/ur_ros_rtde_simple_clients:/home/alberto/Documents/kia_gd_ws/install/ur_ros_rtde_gripper_commands:/home/alberto/Documents/kia_gd_ws/install/ur_ros_rtde_msgs:/home/alberto/Documents/kia_gd_ws/install/simple_ur10e_moveit_config:/home/alberto/Documents/kia_gd_ws/install/simple_ur10e_description:/home/alberto/Documents/kia_gd_ws/install/ur:/home/alberto/Documents/kia_gd_ws/install/ur_calibration:/home/alberto/Documents/kia_gd_ws/install/ur_robot_driver:/home/alberto/Documents/kia_gd_ws/install/ur_moveit_config:/home/alberto/Documents/kia_gd_ws/install/ur_bringup:/home/alberto/Documents/kia_gd_ws/install/ur_controllers:/home/alberto/Documents/kia_gd_ws/install/kia_gd:/home/alberto/install/vectornav:/home/alberto/install/vectornav_msgs:/home/alberto/install/uuv_teleop:/home/alberto/install/uuv_description:/home/alberto/install/sub:/home/alberto/install/pid:/home/alberto/ros2_ws/install/docker_test:/opt/ros/humble:/home/alberto/install/catkin:/home/alberto/ros2_ws/install/sub:/home/alberto/ros2_ws/install/pid:/home/alberto/ros2_ws/install/catkin:/home/alberto/uuv/install/uuv LD_LIBRARY_PATH=/home/alberto/Documents/kia_gd_ws/install/ur_dashboard_msgs/lib:/home/alberto/Documents/kia_gd_ws/install/ur_ros_rtde_tutorials/lib:/home/alberto/Documents/kia_gd_ws/install/ur_ros_rtde/lib:/home/alberto/Documents/kia_gd_ws/install/ur_ros_rtde_gripper_commands/lib:/home/alberto/Documents/kia_gd_ws/install/ur_ros_rtde_msgs/lib:/home/alberto/Documents/kia_gd_ws/install/ur_robot_driver/lib:/home/alberto/Documents/kia_gd_ws/install/ur_controllers/lib:/home/alberto/install/vectornav/lib:/home/alberto/install/vectornav_msgs/lib:/opt/ros/humble/opt/rviz_ogre_vendor/lib:/opt/ros/humble/lib/x86_64-linux-gnu:/opt/ros/humble/lib /usr/bin/cmake --build /home/alberto/Documents/kia_gd_ws/build/ur_controllers -- -j8 -l8
[0.240s] Invoking command in '/home/alberto/Documents/kia_gd_ws/build/ur_controllers': CMAKE_PREFIX_PATH=/home/alberto/Documents/kia_gd_ws/install/ur_dashboard_msgs:/home/alberto/Documents/kia_gd_ws/install/ur_ros_rtde_tutorials:/home/alberto/Documents/kia_gd_ws/install/ur_ros_rtde:/home/alberto/Documents/kia_gd_ws/install/ur_ros_rtde_simple_clients:/home/alberto/Documents/kia_gd_ws/install/ur_ros_rtde_gripper_commands:/home/alberto/Documents/kia_gd_ws/install/ur_ros_rtde_msgs:/home/alberto/Documents/kia_gd_ws/install/simple_ur10e_moveit_config:/home/alberto/Documents/kia_gd_ws/install/simple_ur10e_description:/home/alberto/Documents/kia_gd_ws/install/ur:/home/alberto/Documents/kia_gd_ws/install/ur_calibration:/home/alberto/Documents/kia_gd_ws/install/ur_robot_driver:/home/alberto/Documents/kia_gd_ws/install/ur_moveit_config:/home/alberto/Documents/kia_gd_ws/install/ur_bringup:/home/alberto/Documents/kia_gd_ws/install/ur_controllers:/home/alberto/Documents/kia_gd_ws/install/kia_gd:/home/alberto/install/vectornav:/home/alberto/install/vectornav_msgs:/home/alberto/install/uuv_teleop:/home/alberto/install/uuv_description:/home/alberto/install/sub:/home/alberto/install/pid:/home/alberto/ros2_ws/install/docker_test:/opt/ros/humble:/home/alberto/install/catkin:/home/alberto/ros2_ws/install/sub:/home/alberto/ros2_ws/install/pid:/home/alberto/ros2_ws/install/catkin:/home/alberto/uuv/install/uuv LD_LIBRARY_PATH=/home/alberto/Documents/kia_gd_ws/install/ur_dashboard_msgs/lib:/home/alberto/Documents/kia_gd_ws/install/ur_ros_rtde_tutorials/lib:/home/alberto/Documents/kia_gd_ws/install/ur_ros_rtde/lib:/home/alberto/Documents/kia_gd_ws/install/ur_ros_rtde_gripper_commands/lib:/home/alberto/Documents/kia_gd_ws/install/ur_ros_rtde_msgs/lib:/home/alberto/Documents/kia_gd_ws/install/ur_robot_driver/lib:/home/alberto/Documents/kia_gd_ws/install/ur_controllers/lib:/home/alberto/install/vectornav/lib:/home/alberto/install/vectornav_msgs/lib:/opt/ros/humble/opt/rviz_ogre_vendor/lib:/opt/ros/humble/lib/x86_64-linux-gnu:/opt/ros/humble/lib /usr/bin/cmake --install /home/alberto/Documents/kia_gd_ws/build/ur_controllers
[0.253s] -- Install configuration: "Release"
[0.253s] -- Up-to-date: /home/alberto/Documents/kia_gd_ws/install/ur_controllers/include/ur_controllers
[0.254s] -- Up-to-date: /home/alberto/Documents/kia_gd_ws/install/ur_controllers/include/ur_controllers/ur_configuration_controller_parameters.hpp
[0.254s] -- Up-to-date: /home/alberto/Documents/kia_gd_ws/install/ur_controllers/include/ur_controllers/scaled_joint_trajectory_controller_parameters.hpp
[0.254s] -- Up-to-date: /home/alberto/Documents/kia_gd_ws/install/ur_controllers/include/ur_controllers/speed_scaling_state_broadcaster_parameters.hpp
[0.254s] -- Up-to-date: /home/alberto/Documents/kia_gd_ws/install/ur_controllers/include/ur_controllers/gpio_controller_parameters.hpp
[0.254s] -- Up-to-date: /home/alberto/Documents/kia_gd_ws/install/ur_controllers/include/ur_controllers/force_mode_controller_parameters.hpp
[0.254s] -- Up-to-date: /home/alberto/Documents/kia_gd_ws/install/ur_controllers/include/ur_controllers/passthrough_trajectory_controller_parameters.hpp
[0.254s] -- Up-to-date: /home/alberto/Documents/kia_gd_ws/install/ur_controllers/include/ur_controllers/freedrive_mode_controller_parameters.hpp
[0.254s] -- Up-to-date: /home/alberto/Documents/kia_gd_ws/install/ur_controllers/include/ur_controllers/tool_contact_controller_parameters.hpp
[0.255s] -- Up-to-date: /home/alberto/Documents/kia_gd_ws/install/ur_controllers/include/ur_controllers
[0.255s] -- Up-to-date: /home/alberto/Documents/kia_gd_ws/install/ur_controllers/include/ur_controllers/ur_configuration_controller_parameters.hpp
[0.255s] -- Up-to-date: /home/alberto/Documents/kia_gd_ws/install/ur_controllers/include/ur_controllers/scaled_joint_trajectory_controller_parameters.hpp
[0.255s] -- Up-to-date: /home/alberto/Documents/kia_gd_ws/install/ur_controllers/include/ur_controllers/speed_scaling_state_broadcaster_parameters.hpp
[0.255s] -- Up-to-date: /home/alberto/Documents/kia_gd_ws/install/ur_controllers/include/ur_controllers/gpio_controller_parameters.hpp
[0.255s] -- Up-to-date: /home/alberto/Documents/kia_gd_ws/install/ur_controllers/include/ur_controllers/force_mode_controller_parameters.hpp
[0.255s] -- Up-to-date: /home/alberto/Documents/kia_gd_ws/install/ur_controllers/include/ur_controllers/passthrough_trajectory_controller_parameters.hpp
[0.255s] -- Up-to-date: /home/alberto/Documents/kia_gd_ws/install/ur_controllers/include/ur_controllers/freedrive_mode_controller_parameters.hpp
[0.255s] -- Up-to-date: /home/alberto/Documents/kia_gd_ws/install/ur_controllers/include/ur_controllers/tool_contact_controller_parameters.hpp
[0.255s] -- Up-to-date: /home/alberto/Documents/kia_gd_ws/install/ur_controllers/include/ur_controllers
[0.255s] -- Up-to-date: /home/alberto/Documents/kia_gd_ws/install/ur_controllers/include/ur_controllers/ur_configuration_controller_parameters.hpp
[0.256s] -- Up-to-date: /home/alberto/Documents/kia_gd_ws/install/ur_controllers/include/ur_controllers/scaled_joint_trajectory_controller_parameters.hpp
[0.256s] -- Up-to-date: /home/alberto/Documents/kia_gd_ws/install/ur_controllers/include/ur_controllers/speed_scaling_state_broadcaster_parameters.hpp
[0.256s] -- Up-to-date: /home/alberto/Documents/kia_gd_ws/install/ur_controllers/include/ur_controllers/gpio_controller_parameters.hpp
[0.256s] -- Up-to-date: /home/alberto/Documents/kia_gd_ws/install/ur_controllers/include/ur_controllers/force_mode_controller_parameters.hpp
[0.256s] -- Up-to-date: /home/alberto/Documents/kia_gd_ws/install/ur_controllers/include/ur_controllers/passthrough_trajectory_controller_parameters.hpp
[0.257s] -- Up-to-date: /home/alberto/Documents/kia_gd_ws/install/ur_controllers/include/ur_controllers/freedrive_mode_controller_parameters.hpp
[0.257s] -- Up-to-date: /home/alberto/Documents/kia_gd_ws/install/ur_controllers/include/ur_controllers/tool_contact_controller_parameters.hpp
[0.258s] -- Up-to-date: /home/alberto/Documents/kia_gd_ws/install/ur_controllers/include/ur_controllers
[0.258s] -- Up-to-date: /home/alberto/Documents/kia_gd_ws/install/ur_controllers/include/ur_controllers/ur_configuration_controller_parameters.hpp
[0.258s] -- Up-to-date: /home/alberto/Documents/kia_gd_ws/install/ur_controllers/include/ur_controllers/scaled_joint_trajectory_controller_parameters.hpp
[0.258s] -- Up-to-date: /home/alberto/Documents/kia_gd_ws/install/ur_controllers/include/ur_controllers/speed_scaling_state_broadcaster_parameters.hpp
[0.258s] -- Up-to-date: /home/alberto/Documents/kia_gd_ws/install/ur_controllers/include/ur_controllers/gpio_controller_parameters.hpp
[0.258s] -- Up-to-date: /home/alberto/Documents/kia_gd_ws/install/ur_controllers/include/ur_controllers/force_mode_controller_parameters.hpp
[0.258s] -- Up-to-date: /home/alberto/Documents/kia_gd_ws/install/ur_controllers/include/ur_controllers/passthrough_trajectory_controller_parameters.hpp
[0.258s] -- Up-to-date: /home/alberto/Documents/kia_gd_ws/install/ur_controllers/include/ur_controllers/freedrive_mode_controller_parameters.hpp
[0.259s] -- Up-to-date: /home/alberto/Documents/kia_gd_ws/install/ur_controllers/include/ur_controllers/tool_contact_controller_parameters.hpp
[0.259s] -- Up-to-date: /home/alberto/Documents/kia_gd_ws/install/ur_controllers/include/ur_controllers
[0.259s] -- Up-to-date: /home/alberto/Documents/kia_gd_ws/install/ur_controllers/include/ur_controllers/ur_configuration_controller_parameters.hpp
[0.259s] -- Up-to-date: /home/alberto/Documents/kia_gd_ws/install/ur_controllers/include/ur_controllers/scaled_joint_trajectory_controller_parameters.hpp
[0.259s] -- Up-to-date: /home/alberto/Documents/kia_gd_ws/install/ur_controllers/include/ur_controllers/speed_scaling_state_broadcaster_parameters.hpp
[0.259s] -- Up-to-date: /home/alberto/Documents/kia_gd_ws/install/ur_controllers/include/ur_controllers/gpio_controller_parameters.hpp
[0.259s] -- Up-to-date: /home/alberto/Documents/kia_gd_ws/install/ur_controllers/include/ur_controllers/force_mode_controller_parameters.hpp
[0.259s] -- Up-to-date: /home/alberto/Documents/kia_gd_ws/install/ur_controllers/include/ur_controllers/passthrough_trajectory_controller_parameters.hpp
[0.259s] -- Up-to-date: /home/alberto/Documents/kia_gd_ws/install/ur_controllers/include/ur_controllers/freedrive_mode_controller_parameters.hpp
[0.259s] -- Up-to-date: /home/alberto/Documents/kia_gd_ws/install/ur_controllers/include/ur_controllers/tool_contact_controller_parameters.hpp
[0.260s] -- Up-to-date: /home/alberto/Documents/kia_gd_ws/install/ur_controllers/include/ur_controllers
[0.260s] -- Up-to-date: /home/alberto/Documents/kia_gd_ws/install/ur_controllers/include/ur_controllers/ur_configuration_controller_parameters.hpp
[0.260s] -- Up-to-date: /home/alberto/Documents/kia_gd_ws/install/ur_controllers/include/ur_controllers/scaled_joint_trajectory_controller_parameters.hpp
[0.260s] -- Up-to-date: /home/alberto/Documents/kia_gd_ws/install/ur_controllers/include/ur_controllers/speed_scaling_state_broadcaster_parameters.hpp
[0.260s] -- Up-to-date: /home/alberto/Documents/kia_gd_ws/install/ur_controllers/include/ur_controllers/gpio_controller_parameters.hpp
[0.260s] -- Up-to-date: /home/alberto/Documents/kia_gd_ws/install/ur_controllers/include/ur_controllers/force_mode_controller_parameters.hpp
[0.260s] -- Up-to-date: /home/alberto/Documents/kia_gd_ws/install/ur_controllers/include/ur_controllers/passthrough_trajectory_controller_parameters.hpp
[0.260s] -- Up-to-date: /home/alberto/Documents/kia_gd_ws/install/ur_controllers/include/ur_controllers/freedrive_mode_controller_parameters.hpp
[0.260s] -- Up-to-date: /home/alberto/Documents/kia_gd_ws/install/ur_controllers/include/ur_controllers/tool_contact_controller_parameters.hpp
[0.260s] -- Up-to-date: /home/alberto/Documents/kia_gd_ws/install/ur_controllers/include/ur_controllers
[0.260s] -- Up-to-date: /home/alberto/Documents/kia_gd_ws/install/ur_controllers/include/ur_controllers/ur_configuration_controller_parameters.hpp
[0.261s] -- Up-to-date: /home/alberto/Documents/kia_gd_ws/install/ur_controllers/include/ur_controllers/scaled_joint_trajectory_controller_parameters.hpp
[0.261s] -- Up-to-date: /home/alberto/Documents/kia_gd_ws/install/ur_controllers/include/ur_controllers/speed_scaling_state_broadcaster_parameters.hpp
[0.261s] -- Up-to-date: /home/alberto/Documents/kia_gd_ws/install/ur_controllers/include/ur_controllers/gpio_controller_parameters.hpp
[0.261s] -- Up-to-date: /home/alberto/Documents/kia_gd_ws/install/ur_controllers/include/ur_controllers/force_mode_controller_parameters.hpp
[0.261s] -- Up-to-date: /home/alberto/Documents/kia_gd_ws/install/ur_controllers/include/ur_controllers/passthrough_trajectory_controller_parameters.hpp
[0.261s] -- Up-to-date: /home/alberto/Documents/kia_gd_ws/install/ur_controllers/include/ur_controllers/freedrive_mode_controller_parameters.hpp
[0.261s] -- Up-to-date: /home/alberto/Documents/kia_gd_ws/install/ur_controllers/include/ur_controllers/tool_contact_controller_parameters.hpp
[0.261s] -- Up-to-date: /home/alberto/Documents/kia_gd_ws/install/ur_controllers/include/ur_controllers
[0.261s] -- Up-to-date: /home/alberto/Documents/kia_gd_ws/install/ur_controllers/include/ur_controllers/ur_configuration_controller_parameters.hpp
[0.262s] -- Up-to-date: /home/alberto/Documents/kia_gd_ws/install/ur_controllers/include/ur_controllers/scaled_joint_trajectory_controller_parameters.hpp
[0.262s] -- Up-to-date: /home/alberto/Documents/kia_gd_ws/install/ur_controllers/include/ur_controllers/speed_scaling_state_broadcaster_parameters.hpp
[0.263s] -- Up-to-date: /home/alberto/Documents/kia_gd_ws/install/ur_controllers/include/ur_controllers/gpio_controller_parameters.hpp
[0.263s] -- Up-to-date: /home/alberto/Documents/kia_gd_ws/install/ur_controllers/include/ur_controllers/force_mode_controller_parameters.hpp
[0.263s] -- Up-to-date: /home/alberto/Documents/kia_gd_ws/install/ur_controllers/include/ur_controllers/passthrough_trajectory_controller_parameters.hpp
[0.263s] -- Up-to-date: /home/alberto/Documents/kia_gd_ws/install/ur_controllers/include/ur_controllers/freedrive_mode_controller_parameters.hpp
[0.263s] -- Up-to-date: /home/alberto/Documents/kia_gd_ws/install/ur_controllers/include/ur_controllers/tool_contact_controller_parameters.hpp
[0.263s] -- Up-to-date: /home/alberto/Documents/kia_gd_ws/install/ur_controllers/share/ur_controllers/controller_plugins.xml
[0.263s] -- Up-to-date: /home/alberto/Documents/kia_gd_ws/install/ur_controllers/lib/libur_controllers.so
[0.263s] -- Up-to-date: /home/alberto/Documents/kia_gd_ws/install/ur_controllers/include
[0.263s] -- Up-to-date: /home/alberto/Documents/kia_gd_ws/install/ur_controllers/include/ur_controllers
[0.264s] -- Up-to-date: /home/alberto/Documents/kia_gd_ws/install/ur_controllers/include/ur_controllers/gpio_controller.hpp
[0.264s] -- Up-to-date: /home/alberto/Documents/kia_gd_ws/install/ur_controllers/include/ur_controllers/freedrive_mode_controller.hpp
[0.264s] -- Up-to-date: /home/alberto/Documents/kia_gd_ws/install/ur_controllers/include/ur_controllers/scaled_joint_trajectory_controller.hpp
[0.264s] -- Up-to-date: /home/alberto/Documents/kia_gd_ws/install/ur_controllers/include/ur_controllers/force_mode_controller.hpp
[0.264s] -- Up-to-date: /home/alberto/Documents/kia_gd_ws/install/ur_controllers/include/ur_controllers/tool_contact_controller.hpp
[0.264s] -- Up-to-date: /home/alberto/Documents/kia_gd_ws/install/ur_controllers/include/ur_controllers/ur_configuration_controller.hpp
[0.264s] -- Up-to-date: /home/alberto/Documents/kia_gd_ws/install/ur_controllers/include/ur_controllers/speed_scaling_state_broadcaster.hpp
[0.264s] -- Up-to-date: /home/alberto/Documents/kia_gd_ws/install/ur_controllers/include/ur_controllers/passthrough_trajectory_controller.hpp
[0.264s] -- Up-to-date: /home/alberto/Documents/kia_gd_ws/install/ur_controllers/share/ur_controllers/controller_plugins.xml
[0.264s] -- Up-to-date: /home/alberto/Documents/kia_gd_ws/install/ur_controllers/share/ur_controllers/environment/library_path.sh
[0.265s] -- Up-to-date: /home/alberto/Documents/kia_gd_ws/install/ur_controllers/share/ur_controllers/environment/library_path.dsv
[0.265s] -- Up-to-date: /home/alberto/Documents/kia_gd_ws/install/ur_controllers/share/ament_index/resource_index/package_run_dependencies/ur_controllers
[0.265s] -- Up-to-date: /home/alberto/Documents/kia_gd_ws/install/ur_controllers/share/ament_index/resource_index/parent_prefix_path/ur_controllers
[0.265s] -- Up-to-date: /home/alberto/Documents/kia_gd_ws/install/ur_controllers/share/ur_controllers/environment/ament_prefix_path.sh
[0.265s] -- Up-to-date: /home/alberto/Documents/kia_gd_ws/install/ur_controllers/share/ur_controllers/environment/ament_prefix_path.dsv
[0.265s] -- Up-to-date: /home/alberto/Documents/kia_gd_ws/install/ur_controllers/share/ur_controllers/environment/path.sh
[0.265s] -- Up-to-date: /home/alberto/Documents/kia_gd_ws/install/ur_controllers/share/ur_controllers/environment/path.dsv
[0.265s] -- Up-to-date: /home/alberto/Documents/kia_gd_ws/install/ur_controllers/share/ur_controllers/local_setup.bash
[0.265s] -- Up-to-date: /home/alberto/Documents/kia_gd_ws/install/ur_controllers/share/ur_controllers/local_setup.sh
[0.266s] -- Up-to-date: /home/alberto/Documents/kia_gd_ws/install/ur_controllers/share/ur_controllers/local_setup.zsh
[0.266s] -- Up-to-date: /home/alberto/Documents/kia_gd_ws/install/ur_controllers/share/ur_controllers/local_setup.dsv
[0.266s] -- Installing: /home/alberto/Documents/kia_gd_ws/install/ur_controllers/share/ur_controllers/package.dsv
[0.266s] -- Up-to-date: /home/alberto/Documents/kia_gd_ws/install/ur_controllers/share/ament_index/resource_index/packages/ur_controllers
[0.266s] -- Up-to-date: /home/alberto/Documents/kia_gd_ws/install/ur_controllers/share/ament_index/resource_index/controller_interface__pluginlib__plugin/ur_controllers
[0.266s] -- Up-to-date: /home/alberto/Documents/kia_gd_ws/install/ur_controllers/share/ur_controllers/cmake/ament_cmake_export_dependencies-extras.cmake
[0.266s] -- Up-to-date: /home/alberto/Documents/kia_gd_ws/install/ur_controllers/share/ur_controllers/cmake/ament_cmake_export_include_directories-extras.cmake
[0.266s] -- Up-to-date: /home/alberto/Documents/kia_gd_ws/install/ur_controllers/share/ur_controllers/cmake/ament_cmake_export_libraries-extras.cmake
[0.266s] -- Up-to-date: /home/alberto/Documents/kia_gd_ws/install/ur_controllers/share/ur_controllers/cmake/ur_controllersConfig.cmake
[0.266s] -- Up-to-date: /home/alberto/Documents/kia_gd_ws/install/ur_controllers/share/ur_controllers/cmake/ur_controllersConfig-version.cmake
[0.267s] -- Up-to-date: /home/alberto/Documents/kia_gd_ws/install/ur_controllers/share/ur_controllers/package.xml
[0.267s] Invoked command in '/home/alberto/Documents/kia_gd_ws/build/ur_controllers' returned '0': CMAKE_PREFIX_PATH=/home/alberto/Documents/kia_gd_ws/install/ur_dashboard_msgs:/home/alberto/Documents/kia_gd_ws/install/ur_ros_rtde_tutorials:/home/alberto/Documents/kia_gd_ws/install/ur_ros_rtde:/home/alberto/Documents/kia_gd_ws/install/ur_ros_rtde_simple_clients:/home/alberto/Documents/kia_gd_ws/install/ur_ros_rtde_gripper_commands:/home/alberto/Documents/kia_gd_ws/install/ur_ros_rtde_msgs:/home/alberto/Documents/kia_gd_ws/install/simple_ur10e_moveit_config:/home/alberto/Documents/kia_gd_ws/install/simple_ur10e_description:/home/alberto/Documents/kia_gd_ws/install/ur:/home/alberto/Documents/kia_gd_ws/install/ur_calibration:/home/alberto/Documents/kia_gd_ws/install/ur_robot_driver:/home/alberto/Documents/kia_gd_ws/install/ur_moveit_config:/home/alberto/Documents/kia_gd_ws/install/ur_bringup:/home/alberto/Documents/kia_gd_ws/install/ur_controllers:/home/alberto/Documents/kia_gd_ws/install/kia_gd:/home/alberto/install/vectornav:/home/alberto/install/vectornav_msgs:/home/alberto/install/uuv_teleop:/home/alberto/install/uuv_description:/home/alberto/install/sub:/home/alberto/install/pid:/home/alberto/ros2_ws/install/docker_test:/opt/ros/humble:/home/alberto/install/catkin:/home/alberto/ros2_ws/install/sub:/home/alberto/ros2_ws/install/pid:/home/alberto/ros2_ws/install/catkin:/home/alberto/uuv/install/uuv LD_LIBRARY_PATH=/home/alberto/Documents/kia_gd_ws/install/ur_dashboard_msgs/lib:/home/alberto/Documents/kia_gd_ws/install/ur_ros_rtde_tutorials/lib:/home/alberto/Documents/kia_gd_ws/install/ur_ros_rtde/lib:/home/alberto/Documents/kia_gd_ws/install/ur_ros_rtde_gripper_commands/lib:/home/alberto/Documents/kia_gd_ws/install/ur_ros_rtde_msgs/lib:/home/alberto/Documents/kia_gd_ws/install/ur_robot_driver/lib:/home/alberto/Documents/kia_gd_ws/install/ur_controllers/lib:/home/alberto/install/vectornav/lib:/home/alberto/install/vectornav_msgs/lib:/opt/ros/humble/opt/rviz_ogre_vendor/lib:/opt/ros/humble/lib/x86_64-linux-gnu:/opt/ros/humble/lib /usr/bin/cmake --install /home/alberto/Documents/kia_gd_ws/build/ur_controllers
