[0.010s] Invoking command in '/home/alberto/Documents/kia_gd_ws/build/ur_robot_driver': CMAKE_PREFIX_PATH=/home/alberto/Documents/kia_gd_ws/install/ur_controllers:/home/alberto/Documents/kia_gd_ws/install/ur_dashboard_msgs:/home/alberto/Documents/kia_gd_ws/install/ur:/home/alberto/Documents/kia_gd_ws/install/ur_calibration:/home/alberto/Documents/kia_gd_ws/install/ur_robot_driver:/home/alberto/Documents/kia_gd_ws/install/ur_moveit_config:/home/alberto/Documents/kia_gd_ws/install/ur_bringup:/home/alberto/Documents/kia_gd_ws/install/kia_gd:/home/alberto/install/vectornav:/home/alberto/install/vectornav_msgs:/home/alberto/install/uuv_teleop:/home/alberto/install/uuv_description:/home/alberto/install/sub:/home/alberto/install/pid:/home/alberto/ros2_ws/install/docker_test:/opt/ros/humble:/home/alberto/install/catkin:/home/alberto/ros2_ws/install/sub:/home/alberto/ros2_ws/install/pid:/home/alberto/ros2_ws/install/catkin:/home/alberto/uuv/install/uuv LD_LIBRARY_PATH=/home/alberto/Documents/kia_gd_ws/install/ur_controllers/lib:/home/alberto/Documents/kia_gd_ws/install/ur_dashboard_msgs/lib:/home/alberto/Documents/kia_gd_ws/install/ur_robot_driver/lib:/home/alberto/install/vectornav/lib:/home/alberto/install/vectornav_msgs/lib:/opt/ros/humble/opt/rviz_ogre_vendor/lib:/opt/ros/humble/lib/x86_64-linux-gnu:/opt/ros/humble/lib /usr/bin/cmake /home/alberto/Documents/kia_gd_ws/src/Universal_Robots_ROS2_Driver/ur_robot_driver -DCMAKE_INSTALL_PREFIX=/home/alberto/Documents/kia_gd_ws/install/ur_robot_driver
[0.019s] -- Found ament_cmake: 1.3.12 (/opt/ros/humble/share/ament_cmake/cmake)
[0.126s] -- Found controller_manager: 2.52.0 (/opt/ros/humble/share/controller_manager/cmake)
[0.147s] -- Found rosidl_generator_c: 3.1.7 (/opt/ros/humble/share/rosidl_generator_c/cmake)
[0.149s] -- Found rosidl_adapter: 3.1.7 (/opt/ros/humble/share/rosidl_adapter/cmake)
[0.153s] -- Found rosidl_generator_cpp: 3.1.7 (/opt/ros/humble/share/rosidl_generator_cpp/cmake)
[0.161s] -- Using all available rosidl_typesupport_c: rosidl_typesupport_fastrtps_c;rosidl_typesupport_introspection_c
[0.170s] -- Using all available rosidl_typesupport_cpp: rosidl_typesupport_fastrtps_cpp;rosidl_typesupport_introspection_cpp
[0.300s] -- Found rmw_implementation_cmake: 6.1.2 (/opt/ros/humble/share/rmw_implementation_cmake/cmake)
[0.301s] -- Found rmw_fastrtps_cpp: 6.2.9 (/opt/ros/humble/share/rmw_fastrtps_cpp/cmake)
[0.314s] -- Found TinyXML2 via Config file: TinyXML2_DIR-NOTFOUND
[0.321s] -- Found TinyXML2 via Config file: TinyXML2_DIR-NOTFOUND
[0.334s] -- Found TinyXML2 via Config file: TinyXML2_DIR-NOTFOUND
[0.340s] -- Found TinyXML2 via Config file: TinyXML2_DIR-NOTFOUND
[0.348s] -- Using RMW implementation 'rmw_fastrtps_cpp' as default
[0.402s] -- Found rclpy: 3.3.17 (/opt/ros/humble/share/rclpy/cmake)
[0.402s] -- Found std_srvs: 4.9.0 (/opt/ros/humble/share/std_srvs/cmake)
[0.408s] -- Found tf2_geometry_msgs: 0.25.16 (/opt/ros/humble/share/tf2_geometry_msgs/cmake)
[0.410s] -- Found eigen3_cmake_module: 0.1.1 (/opt/ros/humble/share/eigen3_cmake_module/cmake)
[0.411s] -- Ensuring Eigen3 include directory is part of orocos-kdl CMake target
[0.448s] -- Found ur_dashboard_msgs: 2.10.0 (/home/alberto/Documents/kia_gd_ws/install/ur_dashboard_msgs/share/ur_dashboard_msgs/cmake)
[0.461s] -- Found ur_msgs: 2.3.0 (/opt/ros/humble/share/ur_msgs/cmake)
[0.653s] -- Found ur_controllers: 2.10.0 (/home/alberto/Documents/kia_gd_ws/install/ur_controllers/share/ur_controllers/cmake)
[0.711s] -- Found ur_description: 2.8.0 (/opt/ros/humble/share/ur_description/cmake)
[0.711s] -- Found launch_testing_ament_cmake: 1.0.11 (/opt/ros/humble/share/launch_testing_ament_cmake/cmake)
[0.711s] -- Found python_cmake_module: 0.10.0 (/opt/ros/humble/share/python_cmake_module/cmake)
[0.730s] -- Using PYTHON_EXECUTABLE: /usr/bin/python3
[0.730s] -- Using PYTHON_INCLUDE_DIRS: /usr/include/python3.10
[0.731s] -- Using PYTHON_LIBRARIES: /usr/lib/x86_64-linux-gnu/libpython3.10.so
[0.732s] -- Configuring done
[0.769s] -- Generating done
[0.786s] -- Build files have been written to: /home/alberto/Documents/kia_gd_ws/build/ur_robot_driver
[0.793s] Invoked command in '/home/alberto/Documents/kia_gd_ws/build/ur_robot_driver' returned '0': CMAKE_PREFIX_PATH=/home/alberto/Documents/kia_gd_ws/install/ur_controllers:/home/alberto/Documents/kia_gd_ws/install/ur_dashboard_msgs:/home/alberto/Documents/kia_gd_ws/install/ur:/home/alberto/Documents/kia_gd_ws/install/ur_calibration:/home/alberto/Documents/kia_gd_ws/install/ur_robot_driver:/home/alberto/Documents/kia_gd_ws/install/ur_moveit_config:/home/alberto/Documents/kia_gd_ws/install/ur_bringup:/home/alberto/Documents/kia_gd_ws/install/kia_gd:/home/alberto/install/vectornav:/home/alberto/install/vectornav_msgs:/home/alberto/install/uuv_teleop:/home/alberto/install/uuv_description:/home/alberto/install/sub:/home/alberto/install/pid:/home/alberto/ros2_ws/install/docker_test:/opt/ros/humble:/home/alberto/install/catkin:/home/alberto/ros2_ws/install/sub:/home/alberto/ros2_ws/install/pid:/home/alberto/ros2_ws/install/catkin:/home/alberto/uuv/install/uuv LD_LIBRARY_PATH=/home/alberto/Documents/kia_gd_ws/install/ur_controllers/lib:/home/alberto/Documents/kia_gd_ws/install/ur_dashboard_msgs/lib:/home/alberto/Documents/kia_gd_ws/install/ur_robot_driver/lib:/home/alberto/install/vectornav/lib:/home/alberto/install/vectornav_msgs/lib:/opt/ros/humble/opt/rviz_ogre_vendor/lib:/opt/ros/humble/lib/x86_64-linux-gnu:/opt/ros/humble/lib /usr/bin/cmake /home/alberto/Documents/kia_gd_ws/src/Universal_Robots_ROS2_Driver/ur_robot_driver -DCMAKE_INSTALL_PREFIX=/home/alberto/Documents/kia_gd_ws/install/ur_robot_driver
[0.794s] Invoking command in '/home/alberto/Documents/kia_gd_ws/build/ur_robot_driver': CMAKE_PREFIX_PATH=/home/alberto/Documents/kia_gd_ws/install/ur_controllers:/home/alberto/Documents/kia_gd_ws/install/ur_dashboard_msgs:/home/alberto/Documents/kia_gd_ws/install/ur:/home/alberto/Documents/kia_gd_ws/install/ur_calibration:/home/alberto/Documents/kia_gd_ws/install/ur_robot_driver:/home/alberto/Documents/kia_gd_ws/install/ur_moveit_config:/home/alberto/Documents/kia_gd_ws/install/ur_bringup:/home/alberto/Documents/kia_gd_ws/install/kia_gd:/home/alberto/install/vectornav:/home/alberto/install/vectornav_msgs:/home/alberto/install/uuv_teleop:/home/alberto/install/uuv_description:/home/alberto/install/sub:/home/alberto/install/pid:/home/alberto/ros2_ws/install/docker_test:/opt/ros/humble:/home/alberto/install/catkin:/home/alberto/ros2_ws/install/sub:/home/alberto/ros2_ws/install/pid:/home/alberto/ros2_ws/install/catkin:/home/alberto/uuv/install/uuv LD_LIBRARY_PATH=/home/alberto/Documents/kia_gd_ws/install/ur_controllers/lib:/home/alberto/Documents/kia_gd_ws/install/ur_dashboard_msgs/lib:/home/alberto/Documents/kia_gd_ws/install/ur_robot_driver/lib:/home/alberto/install/vectornav/lib:/home/alberto/install/vectornav_msgs/lib:/opt/ros/humble/opt/rviz_ogre_vendor/lib:/opt/ros/humble/lib/x86_64-linux-gnu:/opt/ros/humble/lib /usr/bin/cmake --build /home/alberto/Documents/kia_gd_ws/build/ur_robot_driver -- -j8 -l8
[0.829s] [35m[1mConsolidate compiler generated dependencies of target robot_state_helper[0m
[0.829s] [35m[1mConsolidate compiler generated dependencies of target trajectory_until_node[0m
[0.829s] [35m[1mConsolidate compiler generated dependencies of target urscript_interface[0m
[0.831s] [35m[1mConsolidate compiler generated dependencies of target dashboard_client[0m
[0.831s] [35m[1mConsolidate compiler generated dependencies of target controller_stopper_node[0m
[0.831s] [35m[1mConsolidate compiler generated dependencies of target ur_robot_driver_plugin[0m
[0.833s] [35m[1mConsolidate compiler generated dependencies of target ur_ros2_control_node[0m
[0.851s] [  9%] Built target trajectory_until_node
[0.854s] [  9%] Built target ament_cmake_python_copy_ur_robot_driver
[0.856s] [ 31%] Built target controller_stopper_node
[0.857s] [ 40%] Built target robot_state_helper
[0.857s] [ 59%] Built target dashboard_client
[0.858s] [ 68%] Built target ur_ros2_control_node
[0.859s] [ 77%] Built target urscript_interface
[0.863s] [100%] Built target ur_robot_driver_plugin
[1.029s] running egg_info
[1.043s] writing ur_robot_driver.egg-info/PKG-INFO
[1.043s] writing dependency_links to ur_robot_driver.egg-info/dependency_links.txt
[1.043s] writing top-level names to ur_robot_driver.egg-info/top_level.txt
[1.084s] reading manifest file 'ur_robot_driver.egg-info/SOURCES.txt'
[1.084s] writing manifest file 'ur_robot_driver.egg-info/SOURCES.txt'
[1.106s] [100%] Built target ament_cmake_python_build_ur_robot_driver_egg
[1.115s] Invoked command in '/home/alberto/Documents/kia_gd_ws/build/ur_robot_driver' returned '0': CMAKE_PREFIX_PATH=/home/alberto/Documents/kia_gd_ws/install/ur_controllers:/home/alberto/Documents/kia_gd_ws/install/ur_dashboard_msgs:/home/alberto/Documents/kia_gd_ws/install/ur:/home/alberto/Documents/kia_gd_ws/install/ur_calibration:/home/alberto/Documents/kia_gd_ws/install/ur_robot_driver:/home/alberto/Documents/kia_gd_ws/install/ur_moveit_config:/home/alberto/Documents/kia_gd_ws/install/ur_bringup:/home/alberto/Documents/kia_gd_ws/install/kia_gd:/home/alberto/install/vectornav:/home/alberto/install/vectornav_msgs:/home/alberto/install/uuv_teleop:/home/alberto/install/uuv_description:/home/alberto/install/sub:/home/alberto/install/pid:/home/alberto/ros2_ws/install/docker_test:/opt/ros/humble:/home/alberto/install/catkin:/home/alberto/ros2_ws/install/sub:/home/alberto/ros2_ws/install/pid:/home/alberto/ros2_ws/install/catkin:/home/alberto/uuv/install/uuv LD_LIBRARY_PATH=/home/alberto/Documents/kia_gd_ws/install/ur_controllers/lib:/home/alberto/Documents/kia_gd_ws/install/ur_dashboard_msgs/lib:/home/alberto/Documents/kia_gd_ws/install/ur_robot_driver/lib:/home/alberto/install/vectornav/lib:/home/alberto/install/vectornav_msgs/lib:/opt/ros/humble/opt/rviz_ogre_vendor/lib:/opt/ros/humble/lib/x86_64-linux-gnu:/opt/ros/humble/lib /usr/bin/cmake --build /home/alberto/Documents/kia_gd_ws/build/ur_robot_driver -- -j8 -l8
[1.116s] Invoking command in '/home/alberto/Documents/kia_gd_ws/build/ur_robot_driver': CMAKE_PREFIX_PATH=/home/alberto/Documents/kia_gd_ws/install/ur_controllers:/home/alberto/Documents/kia_gd_ws/install/ur_dashboard_msgs:/home/alberto/Documents/kia_gd_ws/install/ur:/home/alberto/Documents/kia_gd_ws/install/ur_calibration:/home/alberto/Documents/kia_gd_ws/install/ur_robot_driver:/home/alberto/Documents/kia_gd_ws/install/ur_moveit_config:/home/alberto/Documents/kia_gd_ws/install/ur_bringup:/home/alberto/Documents/kia_gd_ws/install/kia_gd:/home/alberto/install/vectornav:/home/alberto/install/vectornav_msgs:/home/alberto/install/uuv_teleop:/home/alberto/install/uuv_description:/home/alberto/install/sub:/home/alberto/install/pid:/home/alberto/ros2_ws/install/docker_test:/opt/ros/humble:/home/alberto/install/catkin:/home/alberto/ros2_ws/install/sub:/home/alberto/ros2_ws/install/pid:/home/alberto/ros2_ws/install/catkin:/home/alberto/uuv/install/uuv LD_LIBRARY_PATH=/home/alberto/Documents/kia_gd_ws/install/ur_controllers/lib:/home/alberto/Documents/kia_gd_ws/install/ur_dashboard_msgs/lib:/home/alberto/Documents/kia_gd_ws/install/ur_robot_driver/lib:/home/alberto/install/vectornav/lib:/home/alberto/install/vectornav_msgs/lib:/opt/ros/humble/opt/rviz_ogre_vendor/lib:/opt/ros/humble/lib/x86_64-linux-gnu:/opt/ros/humble/lib /usr/bin/cmake --install /home/alberto/Documents/kia_gd_ws/build/ur_robot_driver
[1.122s] -- Install configuration: "Release"
[1.122s] -- Up-to-date: /home/alberto/Documents/kia_gd_ws/install/ur_robot_driver/share/ur_robot_driver/hardware_interface_plugin.xml
[1.122s] -- Up-to-date: /home/alberto/Documents/kia_gd_ws/install/ur_robot_driver/lib/ur_robot_driver/controller_stopper_node
[1.122s] -- Up-to-date: /home/alberto/Documents/kia_gd_ws/install/ur_robot_driver/lib/ur_robot_driver/dashboard_client
[1.122s] -- Up-to-date: /home/alberto/Documents/kia_gd_ws/install/ur_robot_driver/lib/ur_robot_driver/robot_state_helper
[1.123s] -- Up-to-date: /home/alberto/Documents/kia_gd_ws/install/ur_robot_driver/lib/ur_robot_driver/trajectory_until_node
[1.123s] -- Up-to-date: /home/alberto/Documents/kia_gd_ws/install/ur_robot_driver/lib/ur_robot_driver/ur_ros2_control_node
[1.123s] -- Up-to-date: /home/alberto/Documents/kia_gd_ws/install/ur_robot_driver/lib/ur_robot_driver/urscript_interface
[1.123s] -- Up-to-date: /home/alberto/Documents/kia_gd_ws/install/ur_robot_driver/lib/libur_robot_driver_plugin.so
[1.123s] -- Up-to-date: /home/alberto/Documents/kia_gd_ws/install/ur_robot_driver/include
[1.123s] -- Up-to-date: /home/alberto/Documents/kia_gd_ws/install/ur_robot_driver/include/ur_robot_driver
[1.123s] -- Up-to-date: /home/alberto/Documents/kia_gd_ws/install/ur_robot_driver/include/ur_robot_driver/controller_stopper.hpp
[1.124s] -- Up-to-date: /home/alberto/Documents/kia_gd_ws/install/ur_robot_driver/include/ur_robot_driver/dashboard_client_ros.hpp
[1.124s] -- Up-to-date: /home/alberto/Documents/kia_gd_ws/install/ur_robot_driver/include/ur_robot_driver/hardware_interface.hpp
[1.124s] -- Up-to-date: /home/alberto/Documents/kia_gd_ws/install/ur_robot_driver/include/ur_robot_driver/robot_state_helper.hpp
[1.124s] -- Up-to-date: /home/alberto/Documents/kia_gd_ws/install/ur_robot_driver/include/ur_robot_driver/urcl_log_handler.hpp
[1.124s] -- Up-to-date: /home/alberto/Documents/kia_gd_ws/install/ur_robot_driver/include/ur_robot_driver/trajectory_until_node.hpp
[1.124s] -- Up-to-date: /home/alberto/Documents/kia_gd_ws/install/ur_robot_driver/share/ur_robot_driver/environment/library_path.sh
[1.124s] -- Installing: /home/alberto/Documents/kia_gd_ws/install/ur_robot_driver/share/ur_robot_driver/environment/library_path.dsv
[1.124s] -- Up-to-date: /home/alberto/Documents/kia_gd_ws/install/ur_robot_driver/share/ur_robot_driver/resources
[1.124s] -- Up-to-date: /home/alberto/Documents/kia_gd_ws/install/ur_robot_driver/share/ur_robot_driver/resources/externalcontrol-1.0.5.urcap
[1.124s] -- Up-to-date: /home/alberto/Documents/kia_gd_ws/install/ur_robot_driver/share/ur_robot_driver/resources/rtde_input_recipe.txt
[1.124s] -- Up-to-date: /home/alberto/Documents/kia_gd_ws/install/ur_robot_driver/share/ur_robot_driver/resources/rtde_output_recipe.txt
[1.124s] -- Up-to-date: /home/alberto/Documents/kia_gd_ws/install/ur_robot_driver/share/ur_robot_driver/resources/ros_control.urscript
[1.124s] -- Up-to-date: /home/alberto/Documents/kia_gd_ws/install/ur_robot_driver/share/ur_robot_driver/resources/rs485-1.0.urcap
[1.125s] -- Up-to-date: /home/alberto/Documents/kia_gd_ws/install/ur_robot_driver/include
[1.125s] -- Up-to-date: /home/alberto/Documents/kia_gd_ws/install/ur_robot_driver/include/ur_robot_driver
[1.125s] -- Up-to-date: /home/alberto/Documents/kia_gd_ws/install/ur_robot_driver/include/ur_robot_driver/controller_stopper.hpp
[1.125s] -- Up-to-date: /home/alberto/Documents/kia_gd_ws/install/ur_robot_driver/include/ur_robot_driver/dashboard_client_ros.hpp
[1.125s] -- Up-to-date: /home/alberto/Documents/kia_gd_ws/install/ur_robot_driver/include/ur_robot_driver/hardware_interface.hpp
[1.125s] -- Up-to-date: /home/alberto/Documents/kia_gd_ws/install/ur_robot_driver/include/ur_robot_driver/robot_state_helper.hpp
[1.125s] -- Up-to-date: /home/alberto/Documents/kia_gd_ws/install/ur_robot_driver/include/ur_robot_driver/urcl_log_handler.hpp
[1.125s] -- Up-to-date: /home/alberto/Documents/kia_gd_ws/install/ur_robot_driver/include/ur_robot_driver/trajectory_until_node.hpp
[1.125s] -- Up-to-date: /home/alberto/Documents/kia_gd_ws/install/ur_robot_driver/share/ur_robot_driver/environment/pythonpath.sh
[1.125s] -- Installing: /home/alberto/Documents/kia_gd_ws/install/ur_robot_driver/share/ur_robot_driver/environment/pythonpath.dsv
[1.125s] -- Up-to-date: /home/alberto/Documents/kia_gd_ws/install/ur_robot_driver/local/lib/python3.10/dist-packages/ur_robot_driver-2.10.0-py3.10.egg-info
[1.125s] -- Installing: /home/alberto/Documents/kia_gd_ws/install/ur_robot_driver/local/lib/python3.10/dist-packages/ur_robot_driver-2.10.0-py3.10.egg-info/top_level.txt
[1.125s] -- Installing: /home/alberto/Documents/kia_gd_ws/install/ur_robot_driver/local/lib/python3.10/dist-packages/ur_robot_driver-2.10.0-py3.10.egg-info/SOURCES.txt
[1.125s] -- Installing: /home/alberto/Documents/kia_gd_ws/install/ur_robot_driver/local/lib/python3.10/dist-packages/ur_robot_driver-2.10.0-py3.10.egg-info/PKG-INFO
[1.125s] -- Installing: /home/alberto/Documents/kia_gd_ws/install/ur_robot_driver/local/lib/python3.10/dist-packages/ur_robot_driver-2.10.0-py3.10.egg-info/dependency_links.txt
[1.125s] -- Up-to-date: /home/alberto/Documents/kia_gd_ws/install/ur_robot_driver/local/lib/python3.10/dist-packages/ur_robot_driver
[1.125s] -- Up-to-date: /home/alberto/Documents/kia_gd_ws/install/ur_robot_driver/local/lib/python3.10/dist-packages/ur_robot_driver/__init__.py
[1.152s] Listing '/home/alberto/Documents/kia_gd_ws/install/ur_robot_driver/local/lib/python3.10/dist-packages/ur_robot_driver'...
[1.156s] -- Up-to-date: /home/alberto/Documents/kia_gd_ws/install/ur_robot_driver/lib/ur_robot_driver/tool_communication.py
[1.156s] -- Up-to-date: /home/alberto/Documents/kia_gd_ws/install/ur_robot_driver/lib/ur_robot_driver/example_move.py
[1.156s] -- Up-to-date: /home/alberto/Documents/kia_gd_ws/install/ur_robot_driver/lib/ur_robot_driver/start_ursim.sh
[1.156s] -- Up-to-date: /home/alberto/Documents/kia_gd_ws/install/ur_robot_driver/lib/ur_robot_driver/examples.py
[1.156s] -- Up-to-date: /home/alberto/Documents/kia_gd_ws/install/ur_robot_driver/lib/ur_robot_driver/force_mode.py
[1.156s] -- Up-to-date: /home/alberto/Documents/kia_gd_ws/install/ur_robot_driver/lib/ur_robot_driver/move_until_example.py
[1.156s] -- Up-to-date: /home/alberto/Documents/kia_gd_ws/install/ur_robot_driver/bin/wait_dashboard_server.sh
[1.156s] -- Up-to-date: /home/alberto/Documents/kia_gd_ws/install/ur_robot_driver/lib/ur_robot_driver/start_ursim.sh
[1.156s] -- Up-to-date: /home/alberto/Documents/kia_gd_ws/install/ur_robot_driver/share/ur_robot_driver/config
[1.156s] -- Up-to-date: /home/alberto/Documents/kia_gd_ws/install/ur_robot_driver/share/ur_robot_driver/config/ur3_update_rate.yaml
[1.157s] -- Up-to-date: /home/alberto/Documents/kia_gd_ws/install/ur_robot_driver/share/ur_robot_driver/config/ur7e_update_rate.yaml
[1.157s] -- Up-to-date: /home/alberto/Documents/kia_gd_ws/install/ur_robot_driver/share/ur_robot_driver/config/ur20_update_rate.yaml
[1.157s] -- Up-to-date: /home/alberto/Documents/kia_gd_ws/install/ur_robot_driver/share/ur_robot_driver/config/ur5_update_rate.yaml
[1.157s] -- Up-to-date: /home/alberto/Documents/kia_gd_ws/install/ur_robot_driver/share/ur_robot_driver/config/ur16e_update_rate.yaml
[1.157s] -- Up-to-date: /home/alberto/Documents/kia_gd_ws/install/ur_robot_driver/share/ur_robot_driver/config/ur8long_update_rate.yaml
[1.157s] -- Up-to-date: /home/alberto/Documents/kia_gd_ws/install/ur_robot_driver/share/ur_robot_driver/config/ur10e_update_rate.yaml
[1.157s] -- Up-to-date: /home/alberto/Documents/kia_gd_ws/install/ur_robot_driver/share/ur_robot_driver/config/ur18_update_rate.yaml
[1.157s] -- Up-to-date: /home/alberto/Documents/kia_gd_ws/install/ur_robot_driver/share/ur_robot_driver/config/ur10_update_rate.yaml
[1.157s] -- Up-to-date: /home/alberto/Documents/kia_gd_ws/install/ur_robot_driver/share/ur_robot_driver/config/ur12e_update_rate.yaml
[1.157s] -- Up-to-date: /home/alberto/Documents/kia_gd_ws/install/ur_robot_driver/share/ur_robot_driver/config/test_velocity_goal_publishers_config.yaml
[1.157s] -- Up-to-date: /home/alberto/Documents/kia_gd_ws/install/ur_robot_driver/share/ur_robot_driver/config/ur3e_update_rate.yaml
[1.157s] -- Up-to-date: /home/alberto/Documents/kia_gd_ws/install/ur_robot_driver/share/ur_robot_driver/config/ur_controllers.yaml
[1.157s] -- Up-to-date: /home/alberto/Documents/kia_gd_ws/install/ur_robot_driver/share/ur_robot_driver/config/ur5e_update_rate.yaml
[1.158s] -- Up-to-date: /home/alberto/Documents/kia_gd_ws/install/ur_robot_driver/share/ur_robot_driver/config/test_goal_publishers_config.yaml
[1.158s] -- Up-to-date: /home/alberto/Documents/kia_gd_ws/install/ur_robot_driver/share/ur_robot_driver/config/ur15_update_rate.yaml
[1.158s] -- Up-to-date: /home/alberto/Documents/kia_gd_ws/install/ur_robot_driver/share/ur_robot_driver/config/ur30_update_rate.yaml
[1.158s] -- Up-to-date: /home/alberto/Documents/kia_gd_ws/install/ur_robot_driver/share/ur_robot_driver/launch
[1.158s] -- Up-to-date: /home/alberto/Documents/kia_gd_ws/install/ur_robot_driver/share/ur_robot_driver/launch/ur10.launch.py
[1.158s] -- Up-to-date: /home/alberto/Documents/kia_gd_ws/install/ur_robot_driver/share/ur_robot_driver/launch/test_forward_velocity_controller.launch.py
[1.158s] -- Up-to-date: /home/alberto/Documents/kia_gd_ws/install/ur_robot_driver/share/ur_robot_driver/launch/ur3.launch.py
[1.158s] -- Up-to-date: /home/alberto/Documents/kia_gd_ws/install/ur_robot_driver/share/ur_robot_driver/launch/ur3e.launch.py
[1.158s] -- Up-to-date: /home/alberto/Documents/kia_gd_ws/install/ur_robot_driver/share/ur_robot_driver/launch/ur18.launch.py
[1.158s] -- Up-to-date: /home/alberto/Documents/kia_gd_ws/install/ur_robot_driver/share/ur_robot_driver/launch/ur_control.launch.py
[1.158s] -- Up-to-date: /home/alberto/Documents/kia_gd_ws/install/ur_robot_driver/share/ur_robot_driver/launch/test_joint_trajectory_controller.launch.py
[1.158s] -- Up-to-date: /home/alberto/Documents/kia_gd_ws/install/ur_robot_driver/share/ur_robot_driver/launch/ur10e.launch.py
[1.158s] -- Up-to-date: /home/alberto/Documents/kia_gd_ws/install/ur_robot_driver/share/ur_robot_driver/launch/ur5e.launch.py
[1.158s] -- Up-to-date: /home/alberto/Documents/kia_gd_ws/install/ur_robot_driver/share/ur_robot_driver/launch/ur12e.launch.py
[1.159s] -- Up-to-date: /home/alberto/Documents/kia_gd_ws/install/ur_robot_driver/share/ur_robot_driver/launch/ur_dashboard_client.launch.py
[1.159s] -- Up-to-date: /home/alberto/Documents/kia_gd_ws/install/ur_robot_driver/share/ur_robot_driver/launch/ur5.launch.py
[1.159s] -- Up-to-date: /home/alberto/Documents/kia_gd_ws/install/ur_robot_driver/share/ur_robot_driver/launch/ur16e.launch.py
[1.159s] -- Up-to-date: /home/alberto/Documents/kia_gd_ws/install/ur_robot_driver/share/ur_robot_driver/launch/test_scaled_joint_trajectory_controller.launch.py
[1.159s] -- Up-to-date: /home/alberto/Documents/kia_gd_ws/install/ur_robot_driver/share/ur_robot_driver/launch/ur20.launch.py
[1.159s] -- Up-to-date: /home/alberto/Documents/kia_gd_ws/install/ur_robot_driver/share/ur_robot_driver/launch/ur30.launch.py
[1.159s] -- Up-to-date: /home/alberto/Documents/kia_gd_ws/install/ur_robot_driver/share/ur_robot_driver/launch/ur8long.launch.py
[1.159s] -- Up-to-date: /home/alberto/Documents/kia_gd_ws/install/ur_robot_driver/share/ur_robot_driver/launch/ur15.launch.py
[1.159s] -- Up-to-date: /home/alberto/Documents/kia_gd_ws/install/ur_robot_driver/share/ur_robot_driver/launch/ur7e.launch.py
[1.159s] -- Up-to-date: /home/alberto/Documents/kia_gd_ws/install/ur_robot_driver/share/ament_index/resource_index/package_run_dependencies/ur_robot_driver
[1.159s] -- Installing: /home/alberto/Documents/kia_gd_ws/install/ur_robot_driver/share/ament_index/resource_index/parent_prefix_path/ur_robot_driver
[1.159s] -- Up-to-date: /home/alberto/Documents/kia_gd_ws/install/ur_robot_driver/share/ur_robot_driver/environment/ament_prefix_path.sh
[1.159s] -- Installing: /home/alberto/Documents/kia_gd_ws/install/ur_robot_driver/share/ur_robot_driver/environment/ament_prefix_path.dsv
[1.159s] -- Up-to-date: /home/alberto/Documents/kia_gd_ws/install/ur_robot_driver/share/ur_robot_driver/environment/path.sh
[1.159s] -- Installing: /home/alberto/Documents/kia_gd_ws/install/ur_robot_driver/share/ur_robot_driver/environment/path.dsv
[1.159s] -- Up-to-date: /home/alberto/Documents/kia_gd_ws/install/ur_robot_driver/share/ur_robot_driver/local_setup.bash
[1.159s] -- Up-to-date: /home/alberto/Documents/kia_gd_ws/install/ur_robot_driver/share/ur_robot_driver/local_setup.sh
[1.159s] -- Up-to-date: /home/alberto/Documents/kia_gd_ws/install/ur_robot_driver/share/ur_robot_driver/local_setup.zsh
[1.159s] -- Installing: /home/alberto/Documents/kia_gd_ws/install/ur_robot_driver/share/ur_robot_driver/local_setup.dsv
[1.160s] -- Installing: /home/alberto/Documents/kia_gd_ws/install/ur_robot_driver/share/ur_robot_driver/package.dsv
[1.160s] -- Up-to-date: /home/alberto/Documents/kia_gd_ws/install/ur_robot_driver/share/ament_index/resource_index/packages/ur_robot_driver
[1.160s] -- Up-to-date: /home/alberto/Documents/kia_gd_ws/install/ur_robot_driver/share/ament_index/resource_index/hardware_interface__pluginlib__plugin/ur_robot_driver
[1.160s] -- Up-to-date: /home/alberto/Documents/kia_gd_ws/install/ur_robot_driver/share/ur_robot_driver/cmake/ament_cmake_export_include_directories-extras.cmake
[1.160s] -- Up-to-date: /home/alberto/Documents/kia_gd_ws/install/ur_robot_driver/share/ur_robot_driver/cmake/ament_cmake_export_libraries-extras.cmake
[1.160s] -- Up-to-date: /home/alberto/Documents/kia_gd_ws/install/ur_robot_driver/share/ur_robot_driver/cmake/ament_cmake_export_dependencies-extras.cmake
[1.160s] -- Up-to-date: /home/alberto/Documents/kia_gd_ws/install/ur_robot_driver/share/ur_robot_driver/cmake/ur_robot_driverConfig.cmake
[1.160s] -- Up-to-date: /home/alberto/Documents/kia_gd_ws/install/ur_robot_driver/share/ur_robot_driver/cmake/ur_robot_driverConfig-version.cmake
[1.160s] -- Up-to-date: /home/alberto/Documents/kia_gd_ws/install/ur_robot_driver/share/ur_robot_driver/package.xml
[1.161s] Invoked command in '/home/alberto/Documents/kia_gd_ws/build/ur_robot_driver' returned '0': CMAKE_PREFIX_PATH=/home/alberto/Documents/kia_gd_ws/install/ur_controllers:/home/alberto/Documents/kia_gd_ws/install/ur_dashboard_msgs:/home/alberto/Documents/kia_gd_ws/install/ur:/home/alberto/Documents/kia_gd_ws/install/ur_calibration:/home/alberto/Documents/kia_gd_ws/install/ur_robot_driver:/home/alberto/Documents/kia_gd_ws/install/ur_moveit_config:/home/alberto/Documents/kia_gd_ws/install/ur_bringup:/home/alberto/Documents/kia_gd_ws/install/kia_gd:/home/alberto/install/vectornav:/home/alberto/install/vectornav_msgs:/home/alberto/install/uuv_teleop:/home/alberto/install/uuv_description:/home/alberto/install/sub:/home/alberto/install/pid:/home/alberto/ros2_ws/install/docker_test:/opt/ros/humble:/home/alberto/install/catkin:/home/alberto/ros2_ws/install/sub:/home/alberto/ros2_ws/install/pid:/home/alberto/ros2_ws/install/catkin:/home/alberto/uuv/install/uuv LD_LIBRARY_PATH=/home/alberto/Documents/kia_gd_ws/install/ur_controllers/lib:/home/alberto/Documents/kia_gd_ws/install/ur_dashboard_msgs/lib:/home/alberto/Documents/kia_gd_ws/install/ur_robot_driver/lib:/home/alberto/install/vectornav/lib:/home/alberto/install/vectornav_msgs/lib:/opt/ros/humble/opt/rviz_ogre_vendor/lib:/opt/ros/humble/lib/x86_64-linux-gnu:/opt/ros/humble/lib /usr/bin/cmake --install /home/alberto/Documents/kia_gd_ws/build/ur_robot_driver
