[0.014s] Invoking command in '/home/alberto/Documents/kia_gd_ws/build/ur': CMAKE_PREFIX_PATH=/home/alberto/Documents/kia_gd_ws/install/ur_calibration:/home/alberto/Documents/kia_gd_ws/install/ur_robot_driver:/home/alberto/Documents/kia_gd_ws/install/ur_controllers:/home/alberto/Documents/kia_gd_ws/install/ur_moveit_config:/home/alberto/Documents/kia_gd_ws/install/ur_dashboard_msgs:/home/alberto/Documents/kia_gd_ws/install/ur:/home/alberto/Documents/kia_gd_ws/install/ur_bringup:/home/alberto/Documents/kia_gd_ws/install/kia_gd:/home/alberto/install/vectornav:/home/alberto/install/vectornav_msgs:/home/alberto/install/uuv_teleop:/home/alberto/install/uuv_description:/home/alberto/install/sub:/home/alberto/install/pid:/home/alberto/ros2_ws/install/docker_test:/opt/ros/humble:/home/alberto/install/catkin:/home/alberto/ros2_ws/install/sub:/home/alberto/ros2_ws/install/pid:/home/alberto/ros2_ws/install/catkin:/home/alberto/uuv/install/uuv /usr/bin/cmake --build /home/alberto/Documents/kia_gd_ws/build/ur -- -j8 -l8
[0.043s] Invoked command in '/home/alberto/Documents/kia_gd_ws/build/ur' returned '0': CMAKE_PREFIX_PATH=/home/alberto/Documents/kia_gd_ws/install/ur_calibration:/home/alberto/Documents/kia_gd_ws/install/ur_robot_driver:/home/alberto/Documents/kia_gd_ws/install/ur_controllers:/home/alberto/Documents/kia_gd_ws/install/ur_moveit_config:/home/alberto/Documents/kia_gd_ws/install/ur_dashboard_msgs:/home/alberto/Documents/kia_gd_ws/install/ur:/home/alberto/Documents/kia_gd_ws/install/ur_bringup:/home/alberto/Documents/kia_gd_ws/install/kia_gd:/home/alberto/install/vectornav:/home/alberto/install/vectornav_msgs:/home/alberto/install/uuv_teleop:/home/alberto/install/uuv_description:/home/alberto/install/sub:/home/alberto/install/pid:/home/alberto/ros2_ws/install/docker_test:/opt/ros/humble:/home/alberto/install/catkin:/home/alberto/ros2_ws/install/sub:/home/alberto/ros2_ws/install/pid:/home/alberto/ros2_ws/install/catkin:/home/alberto/uuv/install/uuv /usr/bin/cmake --build /home/alberto/Documents/kia_gd_ws/build/ur -- -j8 -l8
[0.044s] Invoking command in '/home/alberto/Documents/kia_gd_ws/build/ur': CMAKE_PREFIX_PATH=/home/alberto/Documents/kia_gd_ws/install/ur_calibration:/home/alberto/Documents/kia_gd_ws/install/ur_robot_driver:/home/alberto/Documents/kia_gd_ws/install/ur_controllers:/home/alberto/Documents/kia_gd_ws/install/ur_moveit_config:/home/alberto/Documents/kia_gd_ws/install/ur_dashboard_msgs:/home/alberto/Documents/kia_gd_ws/install/ur:/home/alberto/Documents/kia_gd_ws/install/ur_bringup:/home/alberto/Documents/kia_gd_ws/install/kia_gd:/home/alberto/install/vectornav:/home/alberto/install/vectornav_msgs:/home/alberto/install/uuv_teleop:/home/alberto/install/uuv_description:/home/alberto/install/sub:/home/alberto/install/pid:/home/alberto/ros2_ws/install/docker_test:/opt/ros/humble:/home/alberto/install/catkin:/home/alberto/ros2_ws/install/sub:/home/alberto/ros2_ws/install/pid:/home/alberto/ros2_ws/install/catkin:/home/alberto/uuv/install/uuv /usr/bin/cmake --install /home/alberto/Documents/kia_gd_ws/build/ur
[0.050s] -- Install configuration: "Release"
[0.050s] -- Up-to-date: /home/alberto/Documents/kia_gd_ws/install/ur/share/ament_index/resource_index/package_run_dependencies/ur
[0.050s] -- Up-to-date: /home/alberto/Documents/kia_gd_ws/install/ur/share/ament_index/resource_index/parent_prefix_path/ur
[0.050s] -- Up-to-date: /home/alberto/Documents/kia_gd_ws/install/ur/share/ur/environment/ament_prefix_path.sh
[0.050s] -- Up-to-date: /home/alberto/Documents/kia_gd_ws/install/ur/share/ur/environment/ament_prefix_path.dsv
[0.050s] -- Up-to-date: /home/alberto/Documents/kia_gd_ws/install/ur/share/ur/environment/path.sh
[0.050s] -- Up-to-date: /home/alberto/Documents/kia_gd_ws/install/ur/share/ur/environment/path.dsv
[0.050s] -- Up-to-date: /home/alberto/Documents/kia_gd_ws/install/ur/share/ur/local_setup.bash
[0.050s] -- Up-to-date: /home/alberto/Documents/kia_gd_ws/install/ur/share/ur/local_setup.sh
[0.050s] -- Up-to-date: /home/alberto/Documents/kia_gd_ws/install/ur/share/ur/local_setup.zsh
[0.050s] -- Up-to-date: /home/alberto/Documents/kia_gd_ws/install/ur/share/ur/local_setup.dsv
[0.050s] -- Installing: /home/alberto/Documents/kia_gd_ws/install/ur/share/ur/package.dsv
[0.050s] -- Up-to-date: /home/alberto/Documents/kia_gd_ws/install/ur/share/ament_index/resource_index/packages/ur
[0.050s] -- Up-to-date: /home/alberto/Documents/kia_gd_ws/install/ur/share/ur/cmake/urConfig.cmake
[0.050s] -- Up-to-date: /home/alberto/Documents/kia_gd_ws/install/ur/share/ur/cmake/urConfig-version.cmake
[0.050s] -- Up-to-date: /home/alberto/Documents/kia_gd_ws/install/ur/share/ur/package.xml
[0.052s] Invoked command in '/home/alberto/Documents/kia_gd_ws/build/ur' returned '0': CMAKE_PREFIX_PATH=/home/alberto/Documents/kia_gd_ws/install/ur_calibration:/home/alberto/Documents/kia_gd_ws/install/ur_robot_driver:/home/alberto/Documents/kia_gd_ws/install/ur_controllers:/home/alberto/Documents/kia_gd_ws/install/ur_moveit_config:/home/alberto/Documents/kia_gd_ws/install/ur_dashboard_msgs:/home/alberto/Documents/kia_gd_ws/install/ur:/home/alberto/Documents/kia_gd_ws/install/ur_bringup:/home/alberto/Documents/kia_gd_ws/install/kia_gd:/home/alberto/install/vectornav:/home/alberto/install/vectornav_msgs:/home/alberto/install/uuv_teleop:/home/alberto/install/uuv_description:/home/alberto/install/sub:/home/alberto/install/pid:/home/alberto/ros2_ws/install/docker_test:/opt/ros/humble:/home/alberto/install/catkin:/home/alberto/ros2_ws/install/sub:/home/alberto/ros2_ws/install/pid:/home/alberto/ros2_ws/install/catkin:/home/alberto/uuv/install/uuv /usr/bin/cmake --install /home/alberto/Documents/kia_gd_ws/build/ur
