-- Found ur_ros_rtde_msgs: 0.0.0 (/home/alberto/Documents/kia_gd_ws/install/ur_ros_rtde_msgs/share/ur_ros_rtde_msgs/cmake)
-- Override CMake install command with custom implementation using symlinks instead of copying resources
-- Found rosidl_generator_c: 3.1.7 (/opt/ros/humble/share/rosidl_generator_c/cmake)
-- Found rosidl_adapter: 3.1.7 (/opt/ros/humble/share/rosidl_adapter/cmake)
-- Found rosidl_generator_cpp: 3.1.7 (/opt/ros/humble/share/rosidl_generator_cpp/cmake)
-- Using all available rosidl_typesupport_c: rosidl_typesupport_fastrtps_c;rosidl_typesupport_introspection_c
-- Using all available rosidl_typesupport_cpp: rosidl_typesupport_fastrtps_cpp;rosidl_typesupport_introspection_cpp
-- Found std_srvs: 4.9.0 (/opt/ros/humble/share/std_srvs/cmake)
-- Found visualization_msgs: 4.9.0 (/opt/ros/humble/share/visualization_msgs/cmake)
-- Found tf2_ros: 0.25.16 (/opt/ros/humble/share/tf2_ros/cmake)
-- Found rmw_implementation_cmake: 6.1.2 (/opt/ros/humble/share/rmw_implementation_cmake/cmake)
-- Found rmw_fastrtps_cpp: 6.2.9 (/opt/ros/humble/share/rmw_fastrtps_cpp/cmake)
-- Using RMW implementation 'rmw_fastrtps_cpp' as default
-- Found ur_ros_rtde_simple_clients: 0.0.0 (/home/alberto/Documents/kia_gd_ws/install/ur_ros_rtde_simple_clients/share/ur_ros_rtde_simple_clients/cmake)
-- Found pluginlib: 5.1.2 (/opt/ros/humble/share/pluginlib/cmake)
-- Found ament_lint_auto: 0.12.14 (/opt/ros/humble/share/ament_lint_auto/cmake)
-- Added test 'cppcheck' to perform static code analysis on C / C++ code
-- Configured cppcheck include dirs: /home/alberto/Documents/kia_gd_ws/src/ur_ros_rtde/ur_ros_rtde/include;$<BUILD_INTERFACE:/home/alberto/Documents/kia_gd_ws/src/ur_ros_rtde/ur_ros_rtde/include>
-- Configured cppcheck exclude dirs and/or files: 
-- Added test 'flake8' to check Python code syntax and style conventions
-- Added test 'lint_cmake' to check CMake code style
-- Added test 'pep257' to check Python code against some of the docstring style conventions in PEP 257
-- Added test 'uncrustify' to check C / C++ code style
-- Configured uncrustify additional arguments: 
-- Added test 'xmllint' to check XML markup files
-- Configuring done
-- Generating done
-- Build files have been written to: /home/alberto/Documents/kia_gd_ws/build/ur_ros_rtde
[35m[1mConsolidate compiler generated dependencies of target robot_state_receiver[0m
[35m[1mConsolidate compiler generated dependencies of target dashboard_server[0m
[  2%] Built target generate_control_script
[  6%] Built target robot_state_receiver
[35m[1mConsolidate compiler generated dependencies of target command_server[0m
[35m[1mConsolidate compiler generated dependencies of target base_commands_lib[0m
[ 10%] Built target dashboard_server
[35m[1mConsolidate compiler generated dependencies of target base_dashboard_commands_lib[0m
[ 14%] Built target command_server
[ 48%] Built target base_commands_lib
[100%] Built target base_dashboard_commands_lib
-- Install configuration: "Release"
-- Execute custom install script
-- Up-to-date symlink: /home/alberto/Documents/kia_gd_ws/install/ur_ros_rtde/lib/ur_ros_rtde/robot_state_receiver
-- Up-to-date symlink: /home/alberto/Documents/kia_gd_ws/install/ur_ros_rtde/lib/ur_ros_rtde/command_server
-- Up-to-date symlink: /home/alberto/Documents/kia_gd_ws/install/ur_ros_rtde/share/ur_ros_rtde//plugins.xml
-- Up-to-date symlink: /home/alberto/Documents/kia_gd_ws/install/ur_ros_rtde/lib/ur_ros_rtde/dashboard_server
-- Up-to-date symlink: /home/alberto/Documents/kia_gd_ws/install/ur_ros_rtde/share/ur_ros_rtde//plugins.xml
-- Up-to-date symlink: /home/alberto/Documents/kia_gd_ws/install/ur_ros_rtde/share/ur_ros_rtde//plugins.xml
-- Up-to-date symlink: /home/alberto/Documents/kia_gd_ws/install/ur_ros_rtde/share/ur_ros_rtde/environment/library_path.sh
-- Up-to-date symlink: /home/alberto/Documents/kia_gd_ws/install/ur_ros_rtde/share/ur_ros_rtde/environment/library_path.dsv
-- Up-to-date symlink: /home/alberto/Documents/kia_gd_ws/install/ur_ros_rtde/share/ur_ros_rtde//launch/command_server.launch.py
-- Up-to-date symlink: /home/alberto/Documents/kia_gd_ws/install/ur_ros_rtde/share/ur_ros_rtde//launch/dashboard_server.launch.py
-- Up-to-date symlink: /home/alberto/Documents/kia_gd_ws/install/ur_ros_rtde/share/ur_ros_rtde//launch/robot_state_receiver.launch.py
-- Up-to-date symlink: /home/alberto/Documents/kia_gd_ws/install/ur_ros_rtde/share/ur_ros_rtde//config/rtde_control.script
-- Up-to-date symlink: /home/alberto/Documents/kia_gd_ws/install/ur_ros_rtde/share/ur_ros_rtde//config/ur_rtde_5221785.patch
-- Up-to-date symlink: /home/alberto/Documents/kia_gd_ws/install/ur_ros_rtde/include/ur_ros_rtde/command_base_class.hpp
-- Up-to-date symlink: /home/alberto/Documents/kia_gd_ws/install/ur_ros_rtde/include/ur_ros_rtde/command_server_template.hpp
-- Up-to-date symlink: /home/alberto/Documents/kia_gd_ws/install/ur_ros_rtde/include/ur_ros_rtde/control_script_utils.hpp
-- Up-to-date symlink: /home/alberto/Documents/kia_gd_ws/install/ur_ros_rtde/include/ur_ros_rtde/dashboard_command_base_class.hpp
-- Up-to-date symlink: /home/alberto/Documents/kia_gd_ws/install/ur_ros_rtde/include/ur_ros_rtde/extension_base_class.hpp
-- Up-to-date symlink: /home/alberto/Documents/kia_gd_ws/install/ur_ros_rtde/include/ur_ros_rtde/robot_state_receiver.hpp
-- Up-to-date symlink: /home/alberto/Documents/kia_gd_ws/install/ur_ros_rtde/include/ur_ros_rtde/utils.hpp
-- Up-to-date symlink: /home/alberto/Documents/kia_gd_ws/install/ur_ros_rtde/share/ament_index/resource_index/package_run_dependencies/ur_ros_rtde
-- Up-to-date symlink: /home/alberto/Documents/kia_gd_ws/install/ur_ros_rtde/share/ament_index/resource_index/parent_prefix_path/ur_ros_rtde
-- Up-to-date symlink: /home/alberto/Documents/kia_gd_ws/install/ur_ros_rtde/share/ur_ros_rtde/environment/ament_prefix_path.sh
-- Up-to-date symlink: /home/alberto/Documents/kia_gd_ws/install/ur_ros_rtde/share/ur_ros_rtde/environment/ament_prefix_path.dsv
-- Up-to-date symlink: /home/alberto/Documents/kia_gd_ws/install/ur_ros_rtde/share/ur_ros_rtde/environment/path.sh
-- Up-to-date symlink: /home/alberto/Documents/kia_gd_ws/install/ur_ros_rtde/share/ur_ros_rtde/environment/path.dsv
-- Up-to-date symlink: /home/alberto/Documents/kia_gd_ws/install/ur_ros_rtde/share/ur_ros_rtde/local_setup.bash
-- Up-to-date symlink: /home/alberto/Documents/kia_gd_ws/install/ur_ros_rtde/share/ur_ros_rtde/local_setup.sh
-- Up-to-date symlink: /home/alberto/Documents/kia_gd_ws/install/ur_ros_rtde/share/ur_ros_rtde/local_setup.zsh
-- Up-to-date symlink: /home/alberto/Documents/kia_gd_ws/install/ur_ros_rtde/share/ur_ros_rtde/local_setup.dsv
-- Symlinking: /home/alberto/Documents/kia_gd_ws/install/ur_ros_rtde/share/ur_ros_rtde/package.dsv
-- Up-to-date symlink: /home/alberto/Documents/kia_gd_ws/install/ur_ros_rtde/share/ament_index/resource_index/packages/ur_ros_rtde
-- Up-to-date symlink: /home/alberto/Documents/kia_gd_ws/install/ur_ros_rtde/share/ament_index/resource_index/ur_ros_rtde__pluginlib__plugin/ur_ros_rtde
-- Up-to-date symlink: /home/alberto/Documents/kia_gd_ws/install/ur_ros_rtde/share/ur_ros_rtde/cmake/ament_cmake_export_libraries-extras.cmake
-- Up-to-date symlink: /home/alberto/Documents/kia_gd_ws/install/ur_ros_rtde/share/ur_ros_rtde/cmake/ament_cmake_export_targets-extras.cmake
-- Up-to-date symlink: /home/alberto/Documents/kia_gd_ws/install/ur_ros_rtde/share/ur_ros_rtde/cmake/ament_cmake_export_include_directories-extras.cmake
-- Up-to-date symlink: /home/alberto/Documents/kia_gd_ws/install/ur_ros_rtde/share/ur_ros_rtde/cmake/ur_ros_rtdeConfig.cmake
-- Up-to-date symlink: /home/alberto/Documents/kia_gd_ws/install/ur_ros_rtde/share/ur_ros_rtde/cmake/ur_ros_rtdeConfig-version.cmake
-- Up-to-date symlink: /home/alberto/Documents/kia_gd_ws/install/ur_ros_rtde/share/ur_ros_rtde/package.xml
-- Up-to-date: /home/alberto/Documents/kia_gd_ws/install/ur_ros_rtde/lib/libbase_commands_lib.so
-- Up-to-date: /home/alberto/Documents/kia_gd_ws/install/ur_ros_rtde/lib/libbase_dashboard_commands_lib.so
-- Up-to-date: /home/alberto/Documents/kia_gd_ws/install/ur_ros_rtde/share/ur_ros_rtde/cmake/export_ur_ros_rtdeExport.cmake
-- Up-to-date: /home/alberto/Documents/kia_gd_ws/install/ur_ros_rtde/share/ur_ros_rtde/cmake/export_ur_ros_rtdeExport-release.cmake
