[0.015s] Invoking command in '/home/alberto/Documents/kia_gd_ws/build/ur_ros_rtde': AMENT_PREFIX_PATH=/home/alberto/Documents/kia_gd_ws/install/ur_ros_rtde_simple_clients:/home/alberto/Documents/kia_gd_ws/install/ur_ros_rtde_msgs:${AMENT_PREFIX_PATH} CMAKE_PREFIX_PATH=/home/alberto/Documents/kia_gd_ws/install/ur_ros_rtde_simple_clients:/home/alberto/Documents/kia_gd_ws/install/ur_ros_rtde_msgs:/home/alberto/Documents/kia_gd_ws/install/ur:/home/alberto/Documents/kia_gd_ws/install/ur_calibration:/home/alberto/Documents/kia_gd_ws/install/ur_robot_driver:/home/alberto/Documents/kia_gd_ws/install/ur_moveit_config:/home/alberto/Documents/kia_gd_ws/install/ur_bringup:/home/alberto/Documents/kia_gd_ws/install/ur_controllers:/home/alberto/Documents/kia_gd_ws/install/ur_dashboard_msgs:/home/alberto/Documents/kia_gd_ws/install/kia_gd:/home/alberto/install/vectornav:/home/alberto/install/vectornav_msgs:/home/alberto/install/uuv_teleop:/home/alberto/install/uuv_description:/home/alberto/install/sub:/home/alberto/install/pid:/home/alberto/ros2_ws/install/docker_test:/opt/ros/humble:/home/alberto/install/catkin:/home/alberto/ros2_ws/install/sub:/home/alberto/ros2_ws/install/pid:/home/alberto/ros2_ws/install/catkin:/home/alberto/uuv/install/uuv LD_LIBRARY_PATH=/home/alberto/Documents/kia_gd_ws/install/ur_ros_rtde_msgs/lib:${LD_LIBRARY_PATH} PYTHONPATH=/home/alberto/Documents/kia_gd_ws/install/ur_ros_rtde_msgs/local/lib/python3.10/dist-packages:${PYTHONPATH} /usr/bin/cmake /home/alberto/Documents/kia_gd_ws/src/ur_ros_rtde/ur_ros_rtde -DCMAKE_INSTALL_PREFIX=/home/alberto/Documents/kia_gd_ws/install/ur_ros_rtde
[0.040s] -- Found ur_ros_rtde_msgs: 0.0.0 (/home/alberto/Documents/kia_gd_ws/install/ur_ros_rtde_msgs/share/ur_ros_rtde_msgs/cmake)
[0.190s] -- Override CMake install command with custom implementation using symlinks instead of copying resources
[0.242s] -- Found rosidl_generator_c: 3.1.7 (/opt/ros/humble/share/rosidl_generator_c/cmake)
[0.244s] -- Found rosidl_adapter: 3.1.7 (/opt/ros/humble/share/rosidl_adapter/cmake)
[0.250s] -- Found rosidl_generator_cpp: 3.1.7 (/opt/ros/humble/share/rosidl_generator_cpp/cmake)
[0.260s] -- Using all available rosidl_typesupport_c: rosidl_typesupport_fastrtps_c;rosidl_typesupport_introspection_c
[0.275s] -- Using all available rosidl_typesupport_cpp: rosidl_typesupport_fastrtps_cpp;rosidl_typesupport_introspection_cpp
[0.421s] -- Found std_srvs: 4.9.0 (/opt/ros/humble/share/std_srvs/cmake)
[0.436s] -- Found visualization_msgs: 4.9.0 (/opt/ros/humble/share/visualization_msgs/cmake)
[0.472s] -- Found tf2_ros: 0.25.16 (/opt/ros/humble/share/tf2_ros/cmake)
[0.536s] -- Found rmw_implementation_cmake: 6.1.2 (/opt/ros/humble/share/rmw_implementation_cmake/cmake)
[0.539s] -- Found rmw_fastrtps_cpp: 6.2.9 (/opt/ros/humble/share/rmw_fastrtps_cpp/cmake)
[0.701s] -- Using RMW implementation 'rmw_fastrtps_cpp' as default
[0.848s] -- Found ur_ros_rtde_simple_clients: 0.0.0 (/home/alberto/Documents/kia_gd_ws/install/ur_ros_rtde_simple_clients/share/ur_ros_rtde_simple_clients/cmake)
[0.850s] -- Found pluginlib: 5.1.2 (/opt/ros/humble/share/pluginlib/cmake)
[0.873s] -- Found ament_lint_auto: 0.12.14 (/opt/ros/humble/share/ament_lint_auto/cmake)
[1.037s] -- Added test 'cppcheck' to perform static code analysis on C / C++ code
[1.037s] -- Configured cppcheck include dirs: /home/alberto/Documents/kia_gd_ws/src/ur_ros_rtde/ur_ros_rtde/include;$<BUILD_INTERFACE:/home/alberto/Documents/kia_gd_ws/src/ur_ros_rtde/ur_ros_rtde/include>
[1.037s] -- Configured cppcheck exclude dirs and/or files: 
[1.038s] -- Added test 'flake8' to check Python code syntax and style conventions
[1.038s] -- Added test 'lint_cmake' to check CMake code style
[1.039s] -- Added test 'pep257' to check Python code against some of the docstring style conventions in PEP 257
[1.041s] -- Added test 'uncrustify' to check C / C++ code style
[1.041s] -- Configured uncrustify additional arguments: 
[1.042s] -- Added test 'xmllint' to check XML markup files
[1.044s] -- Configuring done
[1.100s] -- Generating done
[1.121s] -- Build files have been written to: /home/alberto/Documents/kia_gd_ws/build/ur_ros_rtde
[1.131s] Invoked command in '/home/alberto/Documents/kia_gd_ws/build/ur_ros_rtde' returned '0': AMENT_PREFIX_PATH=/home/alberto/Documents/kia_gd_ws/install/ur_ros_rtde_simple_clients:/home/alberto/Documents/kia_gd_ws/install/ur_ros_rtde_msgs:${AMENT_PREFIX_PATH} CMAKE_PREFIX_PATH=/home/alberto/Documents/kia_gd_ws/install/ur_ros_rtde_simple_clients:/home/alberto/Documents/kia_gd_ws/install/ur_ros_rtde_msgs:/home/alberto/Documents/kia_gd_ws/install/ur:/home/alberto/Documents/kia_gd_ws/install/ur_calibration:/home/alberto/Documents/kia_gd_ws/install/ur_robot_driver:/home/alberto/Documents/kia_gd_ws/install/ur_moveit_config:/home/alberto/Documents/kia_gd_ws/install/ur_bringup:/home/alberto/Documents/kia_gd_ws/install/ur_controllers:/home/alberto/Documents/kia_gd_ws/install/ur_dashboard_msgs:/home/alberto/Documents/kia_gd_ws/install/kia_gd:/home/alberto/install/vectornav:/home/alberto/install/vectornav_msgs:/home/alberto/install/uuv_teleop:/home/alberto/install/uuv_description:/home/alberto/install/sub:/home/alberto/install/pid:/home/alberto/ros2_ws/install/docker_test:/opt/ros/humble:/home/alberto/install/catkin:/home/alberto/ros2_ws/install/sub:/home/alberto/ros2_ws/install/pid:/home/alberto/ros2_ws/install/catkin:/home/alberto/uuv/install/uuv LD_LIBRARY_PATH=/home/alberto/Documents/kia_gd_ws/install/ur_ros_rtde_msgs/lib:${LD_LIBRARY_PATH} PYTHONPATH=/home/alberto/Documents/kia_gd_ws/install/ur_ros_rtde_msgs/local/lib/python3.10/dist-packages:${PYTHONPATH} /usr/bin/cmake /home/alberto/Documents/kia_gd_ws/src/ur_ros_rtde/ur_ros_rtde -DCMAKE_INSTALL_PREFIX=/home/alberto/Documents/kia_gd_ws/install/ur_ros_rtde
[1.133s] Invoking command in '/home/alberto/Documents/kia_gd_ws/build/ur_ros_rtde': AMENT_PREFIX_PATH=/home/alberto/Documents/kia_gd_ws/install/ur_ros_rtde_simple_clients:/home/alberto/Documents/kia_gd_ws/install/ur_ros_rtde_msgs:${AMENT_PREFIX_PATH} CMAKE_PREFIX_PATH=/home/alberto/Documents/kia_gd_ws/install/ur_ros_rtde_simple_clients:/home/alberto/Documents/kia_gd_ws/install/ur_ros_rtde_msgs:/home/alberto/Documents/kia_gd_ws/install/ur:/home/alberto/Documents/kia_gd_ws/install/ur_calibration:/home/alberto/Documents/kia_gd_ws/install/ur_robot_driver:/home/alberto/Documents/kia_gd_ws/install/ur_moveit_config:/home/alberto/Documents/kia_gd_ws/install/ur_bringup:/home/alberto/Documents/kia_gd_ws/install/ur_controllers:/home/alberto/Documents/kia_gd_ws/install/ur_dashboard_msgs:/home/alberto/Documents/kia_gd_ws/install/kia_gd:/home/alberto/install/vectornav:/home/alberto/install/vectornav_msgs:/home/alberto/install/uuv_teleop:/home/alberto/install/uuv_description:/home/alberto/install/sub:/home/alberto/install/pid:/home/alberto/ros2_ws/install/docker_test:/opt/ros/humble:/home/alberto/install/catkin:/home/alberto/ros2_ws/install/sub:/home/alberto/ros2_ws/install/pid:/home/alberto/ros2_ws/install/catkin:/home/alberto/uuv/install/uuv LD_LIBRARY_PATH=/home/alberto/Documents/kia_gd_ws/install/ur_ros_rtde_msgs/lib:${LD_LIBRARY_PATH} PYTHONPATH=/home/alberto/Documents/kia_gd_ws/install/ur_ros_rtde_msgs/local/lib/python3.10/dist-packages:${PYTHONPATH} /usr/bin/cmake --build /home/alberto/Documents/kia_gd_ws/build/ur_ros_rtde -- -j8 -l8
[1.188s] [35m[1mConsolidate compiler generated dependencies of target robot_state_receiver[0m
[1.195s] [35m[1mConsolidate compiler generated dependencies of target dashboard_server[0m
[1.214s] [  2%] Built target generate_control_script
[1.217s] [  6%] Built target robot_state_receiver
[1.233s] [35m[1mConsolidate compiler generated dependencies of target command_server[0m
[1.234s] [35m[1mConsolidate compiler generated dependencies of target base_commands_lib[0m
[1.253s] [ 10%] Built target dashboard_server
[1.262s] [35m[1mConsolidate compiler generated dependencies of target base_dashboard_commands_lib[0m
[1.275s] [ 14%] Built target command_server
[1.379s] [ 48%] Built target base_commands_lib
[1.473s] [100%] Built target base_dashboard_commands_lib
[1.485s] Invoked command in '/home/alberto/Documents/kia_gd_ws/build/ur_ros_rtde' returned '0': AMENT_PREFIX_PATH=/home/alberto/Documents/kia_gd_ws/install/ur_ros_rtde_simple_clients:/home/alberto/Documents/kia_gd_ws/install/ur_ros_rtde_msgs:${AMENT_PREFIX_PATH} CMAKE_PREFIX_PATH=/home/alberto/Documents/kia_gd_ws/install/ur_ros_rtde_simple_clients:/home/alberto/Documents/kia_gd_ws/install/ur_ros_rtde_msgs:/home/alberto/Documents/kia_gd_ws/install/ur:/home/alberto/Documents/kia_gd_ws/install/ur_calibration:/home/alberto/Documents/kia_gd_ws/install/ur_robot_driver:/home/alberto/Documents/kia_gd_ws/install/ur_moveit_config:/home/alberto/Documents/kia_gd_ws/install/ur_bringup:/home/alberto/Documents/kia_gd_ws/install/ur_controllers:/home/alberto/Documents/kia_gd_ws/install/ur_dashboard_msgs:/home/alberto/Documents/kia_gd_ws/install/kia_gd:/home/alberto/install/vectornav:/home/alberto/install/vectornav_msgs:/home/alberto/install/uuv_teleop:/home/alberto/install/uuv_description:/home/alberto/install/sub:/home/alberto/install/pid:/home/alberto/ros2_ws/install/docker_test:/opt/ros/humble:/home/alberto/install/catkin:/home/alberto/ros2_ws/install/sub:/home/alberto/ros2_ws/install/pid:/home/alberto/ros2_ws/install/catkin:/home/alberto/uuv/install/uuv LD_LIBRARY_PATH=/home/alberto/Documents/kia_gd_ws/install/ur_ros_rtde_msgs/lib:${LD_LIBRARY_PATH} PYTHONPATH=/home/alberto/Documents/kia_gd_ws/install/ur_ros_rtde_msgs/local/lib/python3.10/dist-packages:${PYTHONPATH} /usr/bin/cmake --build /home/alberto/Documents/kia_gd_ws/build/ur_ros_rtde -- -j8 -l8
[1.486s] Invoking command in '/home/alberto/Documents/kia_gd_ws/build/ur_ros_rtde': AMENT_PREFIX_PATH=/home/alberto/Documents/kia_gd_ws/install/ur_ros_rtde_simple_clients:/home/alberto/Documents/kia_gd_ws/install/ur_ros_rtde_msgs:${AMENT_PREFIX_PATH} CMAKE_PREFIX_PATH=/home/alberto/Documents/kia_gd_ws/install/ur_ros_rtde_simple_clients:/home/alberto/Documents/kia_gd_ws/install/ur_ros_rtde_msgs:/home/alberto/Documents/kia_gd_ws/install/ur:/home/alberto/Documents/kia_gd_ws/install/ur_calibration:/home/alberto/Documents/kia_gd_ws/install/ur_robot_driver:/home/alberto/Documents/kia_gd_ws/install/ur_moveit_config:/home/alberto/Documents/kia_gd_ws/install/ur_bringup:/home/alberto/Documents/kia_gd_ws/install/ur_controllers:/home/alberto/Documents/kia_gd_ws/install/ur_dashboard_msgs:/home/alberto/Documents/kia_gd_ws/install/kia_gd:/home/alberto/install/vectornav:/home/alberto/install/vectornav_msgs:/home/alberto/install/uuv_teleop:/home/alberto/install/uuv_description:/home/alberto/install/sub:/home/alberto/install/pid:/home/alberto/ros2_ws/install/docker_test:/opt/ros/humble:/home/alberto/install/catkin:/home/alberto/ros2_ws/install/sub:/home/alberto/ros2_ws/install/pid:/home/alberto/ros2_ws/install/catkin:/home/alberto/uuv/install/uuv LD_LIBRARY_PATH=/home/alberto/Documents/kia_gd_ws/install/ur_ros_rtde_msgs/lib:${LD_LIBRARY_PATH} PYTHONPATH=/home/alberto/Documents/kia_gd_ws/install/ur_ros_rtde_msgs/local/lib/python3.10/dist-packages:${PYTHONPATH} /usr/bin/cmake --install /home/alberto/Documents/kia_gd_ws/build/ur_ros_rtde
[1.493s] -- Install configuration: "Release"
[1.494s] -- Execute custom install script
[1.494s] -- Up-to-date symlink: /home/alberto/Documents/kia_gd_ws/install/ur_ros_rtde/lib/ur_ros_rtde/robot_state_receiver
[1.494s] -- Up-to-date symlink: /home/alberto/Documents/kia_gd_ws/install/ur_ros_rtde/lib/ur_ros_rtde/command_server
[1.494s] -- Up-to-date symlink: /home/alberto/Documents/kia_gd_ws/install/ur_ros_rtde/share/ur_ros_rtde//plugins.xml
[1.494s] -- Up-to-date symlink: /home/alberto/Documents/kia_gd_ws/install/ur_ros_rtde/lib/ur_ros_rtde/dashboard_server
[1.495s] -- Up-to-date symlink: /home/alberto/Documents/kia_gd_ws/install/ur_ros_rtde/share/ur_ros_rtde//plugins.xml
[1.495s] -- Up-to-date symlink: /home/alberto/Documents/kia_gd_ws/install/ur_ros_rtde/share/ur_ros_rtde//plugins.xml
[1.495s] -- Up-to-date symlink: /home/alberto/Documents/kia_gd_ws/install/ur_ros_rtde/share/ur_ros_rtde/environment/library_path.sh
[1.495s] -- Up-to-date symlink: /home/alberto/Documents/kia_gd_ws/install/ur_ros_rtde/share/ur_ros_rtde/environment/library_path.dsv
[1.495s] -- Up-to-date symlink: /home/alberto/Documents/kia_gd_ws/install/ur_ros_rtde/share/ur_ros_rtde//launch/command_server.launch.py
[1.495s] -- Up-to-date symlink: /home/alberto/Documents/kia_gd_ws/install/ur_ros_rtde/share/ur_ros_rtde//launch/dashboard_server.launch.py
[1.496s] -- Up-to-date symlink: /home/alberto/Documents/kia_gd_ws/install/ur_ros_rtde/share/ur_ros_rtde//launch/robot_state_receiver.launch.py
[1.496s] -- Up-to-date symlink: /home/alberto/Documents/kia_gd_ws/install/ur_ros_rtde/share/ur_ros_rtde//config/rtde_control.script
[1.496s] -- Up-to-date symlink: /home/alberto/Documents/kia_gd_ws/install/ur_ros_rtde/share/ur_ros_rtde//config/ur_rtde_5221785.patch
[1.496s] -- Up-to-date symlink: /home/alberto/Documents/kia_gd_ws/install/ur_ros_rtde/include/ur_ros_rtde/command_base_class.hpp
[1.496s] -- Up-to-date symlink: /home/alberto/Documents/kia_gd_ws/install/ur_ros_rtde/include/ur_ros_rtde/command_server_template.hpp
[1.496s] -- Up-to-date symlink: /home/alberto/Documents/kia_gd_ws/install/ur_ros_rtde/include/ur_ros_rtde/control_script_utils.hpp
[1.496s] -- Up-to-date symlink: /home/alberto/Documents/kia_gd_ws/install/ur_ros_rtde/include/ur_ros_rtde/dashboard_command_base_class.hpp
[1.497s] -- Up-to-date symlink: /home/alberto/Documents/kia_gd_ws/install/ur_ros_rtde/include/ur_ros_rtde/extension_base_class.hpp
[1.497s] -- Up-to-date symlink: /home/alberto/Documents/kia_gd_ws/install/ur_ros_rtde/include/ur_ros_rtde/robot_state_receiver.hpp
[1.497s] -- Up-to-date symlink: /home/alberto/Documents/kia_gd_ws/install/ur_ros_rtde/include/ur_ros_rtde/utils.hpp
[1.497s] -- Up-to-date symlink: /home/alberto/Documents/kia_gd_ws/install/ur_ros_rtde/share/ament_index/resource_index/package_run_dependencies/ur_ros_rtde
[1.497s] -- Up-to-date symlink: /home/alberto/Documents/kia_gd_ws/install/ur_ros_rtde/share/ament_index/resource_index/parent_prefix_path/ur_ros_rtde
[1.497s] -- Up-to-date symlink: /home/alberto/Documents/kia_gd_ws/install/ur_ros_rtde/share/ur_ros_rtde/environment/ament_prefix_path.sh
[1.497s] -- Up-to-date symlink: /home/alberto/Documents/kia_gd_ws/install/ur_ros_rtde/share/ur_ros_rtde/environment/ament_prefix_path.dsv
[1.498s] -- Up-to-date symlink: /home/alberto/Documents/kia_gd_ws/install/ur_ros_rtde/share/ur_ros_rtde/environment/path.sh
[1.498s] -- Up-to-date symlink: /home/alberto/Documents/kia_gd_ws/install/ur_ros_rtde/share/ur_ros_rtde/environment/path.dsv
[1.498s] -- Up-to-date symlink: /home/alberto/Documents/kia_gd_ws/install/ur_ros_rtde/share/ur_ros_rtde/local_setup.bash
[1.498s] -- Up-to-date symlink: /home/alberto/Documents/kia_gd_ws/install/ur_ros_rtde/share/ur_ros_rtde/local_setup.sh
[1.498s] -- Up-to-date symlink: /home/alberto/Documents/kia_gd_ws/install/ur_ros_rtde/share/ur_ros_rtde/local_setup.zsh
[1.498s] -- Up-to-date symlink: /home/alberto/Documents/kia_gd_ws/install/ur_ros_rtde/share/ur_ros_rtde/local_setup.dsv
[1.498s] -- Symlinking: /home/alberto/Documents/kia_gd_ws/install/ur_ros_rtde/share/ur_ros_rtde/package.dsv
[1.507s] -- Up-to-date symlink: /home/alberto/Documents/kia_gd_ws/install/ur_ros_rtde/share/ament_index/resource_index/packages/ur_ros_rtde
[1.507s] -- Up-to-date symlink: /home/alberto/Documents/kia_gd_ws/install/ur_ros_rtde/share/ament_index/resource_index/ur_ros_rtde__pluginlib__plugin/ur_ros_rtde
[1.507s] -- Up-to-date symlink: /home/alberto/Documents/kia_gd_ws/install/ur_ros_rtde/share/ur_ros_rtde/cmake/ament_cmake_export_libraries-extras.cmake
[1.507s] -- Up-to-date symlink: /home/alberto/Documents/kia_gd_ws/install/ur_ros_rtde/share/ur_ros_rtde/cmake/ament_cmake_export_targets-extras.cmake
[1.508s] -- Up-to-date symlink: /home/alberto/Documents/kia_gd_ws/install/ur_ros_rtde/share/ur_ros_rtde/cmake/ament_cmake_export_include_directories-extras.cmake
[1.508s] -- Up-to-date symlink: /home/alberto/Documents/kia_gd_ws/install/ur_ros_rtde/share/ur_ros_rtde/cmake/ur_ros_rtdeConfig.cmake
[1.508s] -- Up-to-date symlink: /home/alberto/Documents/kia_gd_ws/install/ur_ros_rtde/share/ur_ros_rtde/cmake/ur_ros_rtdeConfig-version.cmake
[1.508s] -- Up-to-date symlink: /home/alberto/Documents/kia_gd_ws/install/ur_ros_rtde/share/ur_ros_rtde/package.xml
[1.508s] -- Up-to-date: /home/alberto/Documents/kia_gd_ws/install/ur_ros_rtde/lib/libbase_commands_lib.so
[1.508s] -- Up-to-date: /home/alberto/Documents/kia_gd_ws/install/ur_ros_rtde/lib/libbase_dashboard_commands_lib.so
[1.509s] -- Up-to-date: /home/alberto/Documents/kia_gd_ws/install/ur_ros_rtde/share/ur_ros_rtde/cmake/export_ur_ros_rtdeExport.cmake
[1.509s] -- Up-to-date: /home/alberto/Documents/kia_gd_ws/install/ur_ros_rtde/share/ur_ros_rtde/cmake/export_ur_ros_rtdeExport-release.cmake
[1.511s] Invoked command in '/home/alberto/Documents/kia_gd_ws/build/ur_ros_rtde' returned '0': AMENT_PREFIX_PATH=/home/alberto/Documents/kia_gd_ws/install/ur_ros_rtde_simple_clients:/home/alberto/Documents/kia_gd_ws/install/ur_ros_rtde_msgs:${AMENT_PREFIX_PATH} CMAKE_PREFIX_PATH=/home/alberto/Documents/kia_gd_ws/install/ur_ros_rtde_simple_clients:/home/alberto/Documents/kia_gd_ws/install/ur_ros_rtde_msgs:/home/alberto/Documents/kia_gd_ws/install/ur:/home/alberto/Documents/kia_gd_ws/install/ur_calibration:/home/alberto/Documents/kia_gd_ws/install/ur_robot_driver:/home/alberto/Documents/kia_gd_ws/install/ur_moveit_config:/home/alberto/Documents/kia_gd_ws/install/ur_bringup:/home/alberto/Documents/kia_gd_ws/install/ur_controllers:/home/alberto/Documents/kia_gd_ws/install/ur_dashboard_msgs:/home/alberto/Documents/kia_gd_ws/install/kia_gd:/home/alberto/install/vectornav:/home/alberto/install/vectornav_msgs:/home/alberto/install/uuv_teleop:/home/alberto/install/uuv_description:/home/alberto/install/sub:/home/alberto/install/pid:/home/alberto/ros2_ws/install/docker_test:/opt/ros/humble:/home/alberto/install/catkin:/home/alberto/ros2_ws/install/sub:/home/alberto/ros2_ws/install/pid:/home/alberto/ros2_ws/install/catkin:/home/alberto/uuv/install/uuv LD_LIBRARY_PATH=/home/alberto/Documents/kia_gd_ws/install/ur_ros_rtde_msgs/lib:${LD_LIBRARY_PATH} PYTHONPATH=/home/alberto/Documents/kia_gd_ws/install/ur_ros_rtde_msgs/local/lib/python3.10/dist-packages:${PYTHONPATH} /usr/bin/cmake --install /home/alberto/Documents/kia_gd_ws/build/ur_ros_rtde
