[0.024s] Invoking command in '/home/alberto/Documents/kia_gd_ws/build/ur_ros_rtde_gripper_commands': CMAKE_PREFIX_PATH=/home/alberto/Documents/kia_gd_ws/install/ur_ros_rtde:/home/alberto/Documents/kia_gd_ws/install/ur_ros_rtde_simple_clients:/home/alberto/Documents/kia_gd_ws/install/ur_ros_rtde_msgs:/home/alberto/Documents/kia_gd_ws/install/ur_ros_rtde_tutorials:/home/alberto/Documents/kia_gd_ws/install/ur_ros_rtde_gripper_commands:/home/alberto/Documents/kia_gd_ws/install/ur:/home/alberto/Documents/kia_gd_ws/install/ur_calibration:/home/alberto/Documents/kia_gd_ws/install/ur_robot_driver:/home/alberto/Documents/kia_gd_ws/install/ur_moveit_config:/home/alberto/Documents/kia_gd_ws/install/ur_bringup:/home/alberto/Documents/kia_gd_ws/install/ur_controllers:/home/alberto/Documents/kia_gd_ws/install/ur_dashboard_msgs:/home/alberto/Documents/kia_gd_ws/install/simple_ur10e_moveit_config:/home/alberto/Documents/kia_gd_ws/install/simple_ur10e_description:/home/alberto/Documents/kia_gd_ws/install/kia_gd:/home/alberto/Documents/sub_alberto/install/uuv_visualization:/home/alberto/Documents/sub_alberto/install/uuv_vision:/home/alberto/Documents/sub_alberto/install/uuv_navigation:/home/alberto/Documents/sub_alberto/install/uuv_mission:/home/alberto/Documents/sub_alberto/install/uuv_master:/home/alberto/Documents/sub_alberto/install/uuv_control:/home/alberto/install/vectornav:/home/alberto/install/vectornav_msgs:/home/alberto/install/uuv_teleop:/home/alberto/install/uuv_description:/home/alberto/install/sub:/home/alberto/install/pid:/home/alberto/Documents/kia_gd_ws/install/ros_tcp_endpoint:/home/alberto/ros2_ws/install/docker_test:/opt/ros/humble:/home/alberto/install/catkin:/home/alberto/ros2_ws/install/sub:/home/alberto/ros2_ws/install/pid:/home/alberto/ros2_ws/install/catkin:/home/alberto/uuv/install/uuv LD_LIBRARY_PATH=/home/alberto/Documents/kia_gd_ws/install/ur_ros_rtde/lib:/home/alberto/Documents/kia_gd_ws/install/ur_ros_rtde_msgs/lib:/home/alberto/Documents/kia_gd_ws/install/ur_ros_rtde_tutorials/lib:/home/alberto/Documents/kia_gd_ws/install/ur_ros_rtde_gripper_commands/lib:/home/alberto/Documents/kia_gd_ws/install/ur_robot_driver/lib:/home/alberto/Documents/kia_gd_ws/install/ur_controllers/lib:/home/alberto/Documents/kia_gd_ws/install/ur_dashboard_msgs/lib:/home/alberto/install/vectornav/lib:/home/alberto/install/vectornav_msgs/lib:/opt/ros/humble/opt/rviz_ogre_vendor/lib:/opt/ros/humble/lib/x86_64-linux-gnu:/opt/ros/humble/lib /usr/bin/cmake --build /home/alberto/Documents/kia_gd_ws/build/ur_ros_rtde_gripper_commands -- -j8 -l8
[0.121s] [  1%] Built target generate_preamble
[0.132s] [ 11%] Built target ur_ros_rtde_gripper_commands__rosidl_generator_c
[0.133s] [ 13%] Built target ur_ros_rtde_gripper_commands__cpp
[0.156s] [ 13%] Built target ament_cmake_python_copy_ur_ros_rtde_gripper_commands
[0.204s] [ 23%] Built target ur_ros_rtde_gripper_commands__rosidl_typesupport_introspection_c
[0.211s] [ 32%] Built target ur_ros_rtde_gripper_commands__rosidl_typesupport_fastrtps_c
[0.220s] [ 42%] Built target ur_ros_rtde_gripper_commands__rosidl_typesupport_c
[0.239s] [ 51%] Built target ur_ros_rtde_gripper_commands__rosidl_typesupport_fastrtps_cpp
[0.254s] [ 61%] Built target ur_ros_rtde_gripper_commands__rosidl_typesupport_cpp
[0.257s] [ 71%] Built target ur_ros_rtde_gripper_commands__rosidl_typesupport_introspection_cpp
[0.325s] [ 71%] Built target ur_ros_rtde_gripper_commands
[0.376s] [ 78%] Built target gripper_control_script_extension_lib
[0.418s] [ 80%] Built target ur_ros_rtde_gripper_commands__py
[0.476s] [ 88%] Built target ur_ros_rtde_gripper_commands__rosidl_generator_py
[0.531s] [ 92%] Built target ur_ros_rtde_gripper_commands__rosidl_typesupport_fastrtps_c__pyext
[0.541s] [ 96%] Built target ur_ros_rtde_gripper_commands__rosidl_typesupport_c__pyext
[0.546s] [100%] Built target ur_ros_rtde_gripper_commands__rosidl_typesupport_introspection_c__pyext
[0.643s] running egg_info
[0.675s] writing ur_ros_rtde_gripper_commands.egg-info/PKG-INFO
[0.676s] writing dependency_links to ur_ros_rtde_gripper_commands.egg-info/dependency_links.txt
[0.676s] writing top-level names to ur_ros_rtde_gripper_commands.egg-info/top_level.txt
[0.752s] reading manifest file 'ur_ros_rtde_gripper_commands.egg-info/SOURCES.txt'
[0.754s] writing manifest file 'ur_ros_rtde_gripper_commands.egg-info/SOURCES.txt'
[0.799s] [100%] Built target ament_cmake_python_build_ur_ros_rtde_gripper_commands_egg
[0.819s] Invoked command in '/home/alberto/Documents/kia_gd_ws/build/ur_ros_rtde_gripper_commands' returned '0': CMAKE_PREFIX_PATH=/home/alberto/Documents/kia_gd_ws/install/ur_ros_rtde:/home/alberto/Documents/kia_gd_ws/install/ur_ros_rtde_simple_clients:/home/alberto/Documents/kia_gd_ws/install/ur_ros_rtde_msgs:/home/alberto/Documents/kia_gd_ws/install/ur_ros_rtde_tutorials:/home/alberto/Documents/kia_gd_ws/install/ur_ros_rtde_gripper_commands:/home/alberto/Documents/kia_gd_ws/install/ur:/home/alberto/Documents/kia_gd_ws/install/ur_calibration:/home/alberto/Documents/kia_gd_ws/install/ur_robot_driver:/home/alberto/Documents/kia_gd_ws/install/ur_moveit_config:/home/alberto/Documents/kia_gd_ws/install/ur_bringup:/home/alberto/Documents/kia_gd_ws/install/ur_controllers:/home/alberto/Documents/kia_gd_ws/install/ur_dashboard_msgs:/home/alberto/Documents/kia_gd_ws/install/simple_ur10e_moveit_config:/home/alberto/Documents/kia_gd_ws/install/simple_ur10e_description:/home/alberto/Documents/kia_gd_ws/install/kia_gd:/home/alberto/Documents/sub_alberto/install/uuv_visualization:/home/alberto/Documents/sub_alberto/install/uuv_vision:/home/alberto/Documents/sub_alberto/install/uuv_navigation:/home/alberto/Documents/sub_alberto/install/uuv_mission:/home/alberto/Documents/sub_alberto/install/uuv_master:/home/alberto/Documents/sub_alberto/install/uuv_control:/home/alberto/install/vectornav:/home/alberto/install/vectornav_msgs:/home/alberto/install/uuv_teleop:/home/alberto/install/uuv_description:/home/alberto/install/sub:/home/alberto/install/pid:/home/alberto/Documents/kia_gd_ws/install/ros_tcp_endpoint:/home/alberto/ros2_ws/install/docker_test:/opt/ros/humble:/home/alberto/install/catkin:/home/alberto/ros2_ws/install/sub:/home/alberto/ros2_ws/install/pid:/home/alberto/ros2_ws/install/catkin:/home/alberto/uuv/install/uuv LD_LIBRARY_PATH=/home/alberto/Documents/kia_gd_ws/install/ur_ros_rtde/lib:/home/alberto/Documents/kia_gd_ws/install/ur_ros_rtde_msgs/lib:/home/alberto/Documents/kia_gd_ws/install/ur_ros_rtde_tutorials/lib:/home/alberto/Documents/kia_gd_ws/install/ur_ros_rtde_gripper_commands/lib:/home/alberto/Documents/kia_gd_ws/install/ur_robot_driver/lib:/home/alberto/Documents/kia_gd_ws/install/ur_controllers/lib:/home/alberto/Documents/kia_gd_ws/install/ur_dashboard_msgs/lib:/home/alberto/install/vectornav/lib:/home/alberto/install/vectornav_msgs/lib:/opt/ros/humble/opt/rviz_ogre_vendor/lib:/opt/ros/humble/lib/x86_64-linux-gnu:/opt/ros/humble/lib /usr/bin/cmake --build /home/alberto/Documents/kia_gd_ws/build/ur_ros_rtde_gripper_commands -- -j8 -l8
[0.823s] Invoking command in '/home/alberto/Documents/kia_gd_ws/build/ur_ros_rtde_gripper_commands': CMAKE_PREFIX_PATH=/home/alberto/Documents/kia_gd_ws/install/ur_ros_rtde:/home/alberto/Documents/kia_gd_ws/install/ur_ros_rtde_simple_clients:/home/alberto/Documents/kia_gd_ws/install/ur_ros_rtde_msgs:/home/alberto/Documents/kia_gd_ws/install/ur_ros_rtde_tutorials:/home/alberto/Documents/kia_gd_ws/install/ur_ros_rtde_gripper_commands:/home/alberto/Documents/kia_gd_ws/install/ur:/home/alberto/Documents/kia_gd_ws/install/ur_calibration:/home/alberto/Documents/kia_gd_ws/install/ur_robot_driver:/home/alberto/Documents/kia_gd_ws/install/ur_moveit_config:/home/alberto/Documents/kia_gd_ws/install/ur_bringup:/home/alberto/Documents/kia_gd_ws/install/ur_controllers:/home/alberto/Documents/kia_gd_ws/install/ur_dashboard_msgs:/home/alberto/Documents/kia_gd_ws/install/simple_ur10e_moveit_config:/home/alberto/Documents/kia_gd_ws/install/simple_ur10e_description:/home/alberto/Documents/kia_gd_ws/install/kia_gd:/home/alberto/Documents/sub_alberto/install/uuv_visualization:/home/alberto/Documents/sub_alberto/install/uuv_vision:/home/alberto/Documents/sub_alberto/install/uuv_navigation:/home/alberto/Documents/sub_alberto/install/uuv_mission:/home/alberto/Documents/sub_alberto/install/uuv_master:/home/alberto/Documents/sub_alberto/install/uuv_control:/home/alberto/install/vectornav:/home/alberto/install/vectornav_msgs:/home/alberto/install/uuv_teleop:/home/alberto/install/uuv_description:/home/alberto/install/sub:/home/alberto/install/pid:/home/alberto/Documents/kia_gd_ws/install/ros_tcp_endpoint:/home/alberto/ros2_ws/install/docker_test:/opt/ros/humble:/home/alberto/install/catkin:/home/alberto/ros2_ws/install/sub:/home/alberto/ros2_ws/install/pid:/home/alberto/ros2_ws/install/catkin:/home/alberto/uuv/install/uuv LD_LIBRARY_PATH=/home/alberto/Documents/kia_gd_ws/install/ur_ros_rtde/lib:/home/alberto/Documents/kia_gd_ws/install/ur_ros_rtde_msgs/lib:/home/alberto/Documents/kia_gd_ws/install/ur_ros_rtde_tutorials/lib:/home/alberto/Documents/kia_gd_ws/install/ur_ros_rtde_gripper_commands/lib:/home/alberto/Documents/kia_gd_ws/install/ur_robot_driver/lib:/home/alberto/Documents/kia_gd_ws/install/ur_controllers/lib:/home/alberto/Documents/kia_gd_ws/install/ur_dashboard_msgs/lib:/home/alberto/install/vectornav/lib:/home/alberto/install/vectornav_msgs/lib:/opt/ros/humble/opt/rviz_ogre_vendor/lib:/opt/ros/humble/lib/x86_64-linux-gnu:/opt/ros/humble/lib /usr/bin/cmake --install /home/alberto/Documents/kia_gd_ws/build/ur_ros_rtde_gripper_commands
[0.838s] -- Install configuration: ""
[0.839s] -- Up-to-date: /home/alberto/Documents/kia_gd_ws/install/ur_ros_rtde_gripper_commands/share/ament_index/resource_index/rosidl_interfaces/ur_ros_rtde_gripper_commands
[0.839s] -- Up-to-date: /home/alberto/Documents/kia_gd_ws/install/ur_ros_rtde_gripper_commands/include/ur_ros_rtde_gripper_commands/ur_ros_rtde_gripper_commands
[0.839s] -- Up-to-date: /home/alberto/Documents/kia_gd_ws/install/ur_ros_rtde_gripper_commands/include/ur_ros_rtde_gripper_commands/ur_ros_rtde_gripper_commands/action
[0.840s] -- Up-to-date: /home/alberto/Documents/kia_gd_ws/install/ur_ros_rtde_gripper_commands/include/ur_ros_rtde_gripper_commands/ur_ros_rtde_gripper_commands/action/sg_get_width.h
[0.841s] -- Up-to-date: /home/alberto/Documents/kia_gd_ws/install/ur_ros_rtde_gripper_commands/include/ur_ros_rtde_gripper_commands/ur_ros_rtde_gripper_commands/action/sg_grip.h
[0.841s] -- Up-to-date: /home/alberto/Documents/kia_gd_ws/install/ur_ros_rtde_gripper_commands/include/ur_ros_rtde_gripper_commands/ur_ros_rtde_gripper_commands/action/detail
[0.841s] -- Up-to-date: /home/alberto/Documents/kia_gd_ws/install/ur_ros_rtde_gripper_commands/include/ur_ros_rtde_gripper_commands/ur_ros_rtde_gripper_commands/action/detail/sg_grip__functions.c
[0.842s] -- Up-to-date: /home/alberto/Documents/kia_gd_ws/install/ur_ros_rtde_gripper_commands/include/ur_ros_rtde_gripper_commands/ur_ros_rtde_gripper_commands/action/detail/sg_grip__type_support.h
[0.842s] -- Up-to-date: /home/alberto/Documents/kia_gd_ws/install/ur_ros_rtde_gripper_commands/include/ur_ros_rtde_gripper_commands/ur_ros_rtde_gripper_commands/action/detail/sg_grip__struct.h
[0.842s] -- Up-to-date: /home/alberto/Documents/kia_gd_ws/install/ur_ros_rtde_gripper_commands/include/ur_ros_rtde_gripper_commands/ur_ros_rtde_gripper_commands/action/detail/sg_get_width__struct.h
[0.842s] -- Up-to-date: /home/alberto/Documents/kia_gd_ws/install/ur_ros_rtde_gripper_commands/include/ur_ros_rtde_gripper_commands/ur_ros_rtde_gripper_commands/action/detail/sg_get_width__functions.c
[0.842s] -- Up-to-date: /home/alberto/Documents/kia_gd_ws/install/ur_ros_rtde_gripper_commands/include/ur_ros_rtde_gripper_commands/ur_ros_rtde_gripper_commands/action/detail/sg_release__functions.c
[0.842s] -- Up-to-date: /home/alberto/Documents/kia_gd_ws/install/ur_ros_rtde_gripper_commands/include/ur_ros_rtde_gripper_commands/ur_ros_rtde_gripper_commands/action/detail/sg_release__type_support.h
[0.842s] -- Up-to-date: /home/alberto/Documents/kia_gd_ws/install/ur_ros_rtde_gripper_commands/include/ur_ros_rtde_gripper_commands/ur_ros_rtde_gripper_commands/action/detail/sg_get_width__functions.h
[0.842s] -- Up-to-date: /home/alberto/Documents/kia_gd_ws/install/ur_ros_rtde_gripper_commands/include/ur_ros_rtde_gripper_commands/ur_ros_rtde_gripper_commands/action/detail/sg_release__functions.h
[0.843s] -- Up-to-date: /home/alberto/Documents/kia_gd_ws/install/ur_ros_rtde_gripper_commands/include/ur_ros_rtde_gripper_commands/ur_ros_rtde_gripper_commands/action/detail/sg_get_width__type_support.h
[0.843s] -- Up-to-date: /home/alberto/Documents/kia_gd_ws/install/ur_ros_rtde_gripper_commands/include/ur_ros_rtde_gripper_commands/ur_ros_rtde_gripper_commands/action/detail/sg_release__struct.h
[0.843s] -- Up-to-date: /home/alberto/Documents/kia_gd_ws/install/ur_ros_rtde_gripper_commands/include/ur_ros_rtde_gripper_commands/ur_ros_rtde_gripper_commands/action/detail/sg_grip__functions.h
[0.843s] -- Up-to-date: /home/alberto/Documents/kia_gd_ws/install/ur_ros_rtde_gripper_commands/include/ur_ros_rtde_gripper_commands/ur_ros_rtde_gripper_commands/action/sg_release.h
[0.843s] -- Up-to-date: /home/alberto/Documents/kia_gd_ws/install/ur_ros_rtde_gripper_commands/include/ur_ros_rtde_gripper_commands/ur_ros_rtde_gripper_commands/msg
[0.844s] -- Up-to-date: /home/alberto/Documents/kia_gd_ws/install/ur_ros_rtde_gripper_commands/include/ur_ros_rtde_gripper_commands/ur_ros_rtde_gripper_commands/msg/rosidl_generator_c__visibility_control.h
[0.844s] -- Up-to-date: /home/alberto/Documents/kia_gd_ws/install/ur_ros_rtde_gripper_commands/share/ur_ros_rtde_gripper_commands/environment/library_path.sh
[0.844s] -- Up-to-date: /home/alberto/Documents/kia_gd_ws/install/ur_ros_rtde_gripper_commands/share/ur_ros_rtde_gripper_commands/environment/library_path.dsv
[0.844s] -- Up-to-date: /home/alberto/Documents/kia_gd_ws/install/ur_ros_rtde_gripper_commands/lib/libur_ros_rtde_gripper_commands__rosidl_generator_c.so
[0.844s] -- Up-to-date: /home/alberto/Documents/kia_gd_ws/install/ur_ros_rtde_gripper_commands/include/ur_ros_rtde_gripper_commands/ur_ros_rtde_gripper_commands
[0.844s] -- Up-to-date: /home/alberto/Documents/kia_gd_ws/install/ur_ros_rtde_gripper_commands/include/ur_ros_rtde_gripper_commands/ur_ros_rtde_gripper_commands/action
[0.844s] -- Up-to-date: /home/alberto/Documents/kia_gd_ws/install/ur_ros_rtde_gripper_commands/include/ur_ros_rtde_gripper_commands/ur_ros_rtde_gripper_commands/action/detail
[0.845s] -- Up-to-date: /home/alberto/Documents/kia_gd_ws/install/ur_ros_rtde_gripper_commands/include/ur_ros_rtde_gripper_commands/ur_ros_rtde_gripper_commands/action/detail/sg_grip__rosidl_typesupport_fastrtps_c.h
[0.845s] -- Up-to-date: /home/alberto/Documents/kia_gd_ws/install/ur_ros_rtde_gripper_commands/include/ur_ros_rtde_gripper_commands/ur_ros_rtde_gripper_commands/action/detail/sg_release__rosidl_typesupport_fastrtps_c.h
[0.845s] -- Up-to-date: /home/alberto/Documents/kia_gd_ws/install/ur_ros_rtde_gripper_commands/include/ur_ros_rtde_gripper_commands/ur_ros_rtde_gripper_commands/action/detail/sg_get_width__rosidl_typesupport_fastrtps_c.h
[0.845s] -- Up-to-date: /home/alberto/Documents/kia_gd_ws/install/ur_ros_rtde_gripper_commands/include/ur_ros_rtde_gripper_commands/ur_ros_rtde_gripper_commands/msg
[0.845s] -- Up-to-date: /home/alberto/Documents/kia_gd_ws/install/ur_ros_rtde_gripper_commands/include/ur_ros_rtde_gripper_commands/ur_ros_rtde_gripper_commands/msg/rosidl_typesupport_fastrtps_c__visibility_control.h
[0.845s] -- Up-to-date: /home/alberto/Documents/kia_gd_ws/install/ur_ros_rtde_gripper_commands/lib/libur_ros_rtde_gripper_commands__rosidl_typesupport_fastrtps_c.so
[0.845s] -- Up-to-date: /home/alberto/Documents/kia_gd_ws/install/ur_ros_rtde_gripper_commands/include/ur_ros_rtde_gripper_commands/ur_ros_rtde_gripper_commands
[0.846s] -- Up-to-date: /home/alberto/Documents/kia_gd_ws/install/ur_ros_rtde_gripper_commands/include/ur_ros_rtde_gripper_commands/ur_ros_rtde_gripper_commands/action
[0.846s] -- Up-to-date: /home/alberto/Documents/kia_gd_ws/install/ur_ros_rtde_gripper_commands/include/ur_ros_rtde_gripper_commands/ur_ros_rtde_gripper_commands/action/sg_release.hpp
[0.846s] -- Up-to-date: /home/alberto/Documents/kia_gd_ws/install/ur_ros_rtde_gripper_commands/include/ur_ros_rtde_gripper_commands/ur_ros_rtde_gripper_commands/action/sg_grip.hpp
[0.846s] -- Up-to-date: /home/alberto/Documents/kia_gd_ws/install/ur_ros_rtde_gripper_commands/include/ur_ros_rtde_gripper_commands/ur_ros_rtde_gripper_commands/action/sg_get_width.hpp
[0.846s] -- Up-to-date: /home/alberto/Documents/kia_gd_ws/install/ur_ros_rtde_gripper_commands/include/ur_ros_rtde_gripper_commands/ur_ros_rtde_gripper_commands/action/detail
[0.846s] -- Up-to-date: /home/alberto/Documents/kia_gd_ws/install/ur_ros_rtde_gripper_commands/include/ur_ros_rtde_gripper_commands/ur_ros_rtde_gripper_commands/action/detail/sg_grip__type_support.hpp
[0.847s] -- Up-to-date: /home/alberto/Documents/kia_gd_ws/install/ur_ros_rtde_gripper_commands/include/ur_ros_rtde_gripper_commands/ur_ros_rtde_gripper_commands/action/detail/sg_grip__struct.hpp
[0.847s] -- Up-to-date: /home/alberto/Documents/kia_gd_ws/install/ur_ros_rtde_gripper_commands/include/ur_ros_rtde_gripper_commands/ur_ros_rtde_gripper_commands/action/detail/sg_release__builder.hpp
[0.847s] -- Up-to-date: /home/alberto/Documents/kia_gd_ws/install/ur_ros_rtde_gripper_commands/include/ur_ros_rtde_gripper_commands/ur_ros_rtde_gripper_commands/action/detail/sg_get_width__type_support.hpp
[0.847s] -- Up-to-date: /home/alberto/Documents/kia_gd_ws/install/ur_ros_rtde_gripper_commands/include/ur_ros_rtde_gripper_commands/ur_ros_rtde_gripper_commands/action/detail/sg_release__traits.hpp
[0.847s] -- Up-to-date: /home/alberto/Documents/kia_gd_ws/install/ur_ros_rtde_gripper_commands/include/ur_ros_rtde_gripper_commands/ur_ros_rtde_gripper_commands/action/detail/sg_release__type_support.hpp
[0.847s] -- Up-to-date: /home/alberto/Documents/kia_gd_ws/install/ur_ros_rtde_gripper_commands/include/ur_ros_rtde_gripper_commands/ur_ros_rtde_gripper_commands/action/detail/sg_get_width__traits.hpp
[0.847s] -- Up-to-date: /home/alberto/Documents/kia_gd_ws/install/ur_ros_rtde_gripper_commands/include/ur_ros_rtde_gripper_commands/ur_ros_rtde_gripper_commands/action/detail/sg_get_width__builder.hpp
[0.847s] -- Up-to-date: /home/alberto/Documents/kia_gd_ws/install/ur_ros_rtde_gripper_commands/include/ur_ros_rtde_gripper_commands/ur_ros_rtde_gripper_commands/action/detail/sg_release__struct.hpp
[0.847s] -- Up-to-date: /home/alberto/Documents/kia_gd_ws/install/ur_ros_rtde_gripper_commands/include/ur_ros_rtde_gripper_commands/ur_ros_rtde_gripper_commands/action/detail/sg_grip__traits.hpp
[0.847s] -- Up-to-date: /home/alberto/Documents/kia_gd_ws/install/ur_ros_rtde_gripper_commands/include/ur_ros_rtde_gripper_commands/ur_ros_rtde_gripper_commands/action/detail/sg_get_width__struct.hpp
[0.848s] -- Up-to-date: /home/alberto/Documents/kia_gd_ws/install/ur_ros_rtde_gripper_commands/include/ur_ros_rtde_gripper_commands/ur_ros_rtde_gripper_commands/action/detail/sg_grip__builder.hpp
[0.848s] -- Up-to-date: /home/alberto/Documents/kia_gd_ws/install/ur_ros_rtde_gripper_commands/include/ur_ros_rtde_gripper_commands/ur_ros_rtde_gripper_commands/msg
[0.849s] -- Up-to-date: /home/alberto/Documents/kia_gd_ws/install/ur_ros_rtde_gripper_commands/include/ur_ros_rtde_gripper_commands/ur_ros_rtde_gripper_commands/msg/rosidl_generator_cpp__visibility_control.hpp
[0.850s] -- Up-to-date: /home/alberto/Documents/kia_gd_ws/install/ur_ros_rtde_gripper_commands/include/ur_ros_rtde_gripper_commands/ur_ros_rtde_gripper_commands
[0.850s] -- Up-to-date: /home/alberto/Documents/kia_gd_ws/install/ur_ros_rtde_gripper_commands/include/ur_ros_rtde_gripper_commands/ur_ros_rtde_gripper_commands/action
[0.850s] -- Up-to-date: /home/alberto/Documents/kia_gd_ws/install/ur_ros_rtde_gripper_commands/include/ur_ros_rtde_gripper_commands/ur_ros_rtde_gripper_commands/action/detail
[0.850s] -- Up-to-date: /home/alberto/Documents/kia_gd_ws/install/ur_ros_rtde_gripper_commands/include/ur_ros_rtde_gripper_commands/ur_ros_rtde_gripper_commands/action/detail/sg_grip__rosidl_typesupport_fastrtps_cpp.hpp
[0.850s] -- Up-to-date: /home/alberto/Documents/kia_gd_ws/install/ur_ros_rtde_gripper_commands/include/ur_ros_rtde_gripper_commands/ur_ros_rtde_gripper_commands/action/detail/dds_fastrtps
[0.850s] -- Up-to-date: /home/alberto/Documents/kia_gd_ws/install/ur_ros_rtde_gripper_commands/include/ur_ros_rtde_gripper_commands/ur_ros_rtde_gripper_commands/action/detail/sg_get_width__rosidl_typesupport_fastrtps_cpp.hpp
[0.851s] -- Up-to-date: /home/alberto/Documents/kia_gd_ws/install/ur_ros_rtde_gripper_commands/include/ur_ros_rtde_gripper_commands/ur_ros_rtde_gripper_commands/action/detail/sg_release__rosidl_typesupport_fastrtps_cpp.hpp
[0.853s] -- Up-to-date: /home/alberto/Documents/kia_gd_ws/install/ur_ros_rtde_gripper_commands/include/ur_ros_rtde_gripper_commands/ur_ros_rtde_gripper_commands/msg
[0.853s] -- Up-to-date: /home/alberto/Documents/kia_gd_ws/install/ur_ros_rtde_gripper_commands/include/ur_ros_rtde_gripper_commands/ur_ros_rtde_gripper_commands/msg/rosidl_typesupport_fastrtps_cpp__visibility_control.h
[0.853s] -- Up-to-date: /home/alberto/Documents/kia_gd_ws/install/ur_ros_rtde_gripper_commands/lib/libur_ros_rtde_gripper_commands__rosidl_typesupport_fastrtps_cpp.so
[0.853s] -- Up-to-date: /home/alberto/Documents/kia_gd_ws/install/ur_ros_rtde_gripper_commands/include/ur_ros_rtde_gripper_commands/ur_ros_rtde_gripper_commands
[0.853s] -- Up-to-date: /home/alberto/Documents/kia_gd_ws/install/ur_ros_rtde_gripper_commands/include/ur_ros_rtde_gripper_commands/ur_ros_rtde_gripper_commands/action
[0.853s] -- Up-to-date: /home/alberto/Documents/kia_gd_ws/install/ur_ros_rtde_gripper_commands/include/ur_ros_rtde_gripper_commands/ur_ros_rtde_gripper_commands/action/detail
[0.853s] -- Up-to-date: /home/alberto/Documents/kia_gd_ws/install/ur_ros_rtde_gripper_commands/include/ur_ros_rtde_gripper_commands/ur_ros_rtde_gripper_commands/action/detail/sg_get_width__type_support.c
[0.854s] -- Up-to-date: /home/alberto/Documents/kia_gd_ws/install/ur_ros_rtde_gripper_commands/include/ur_ros_rtde_gripper_commands/ur_ros_rtde_gripper_commands/action/detail/sg_release__rosidl_typesupport_introspection_c.h
[0.854s] -- Up-to-date: /home/alberto/Documents/kia_gd_ws/install/ur_ros_rtde_gripper_commands/include/ur_ros_rtde_gripper_commands/ur_ros_rtde_gripper_commands/action/detail/sg_grip__rosidl_typesupport_introspection_c.h
[0.854s] -- Up-to-date: /home/alberto/Documents/kia_gd_ws/install/ur_ros_rtde_gripper_commands/include/ur_ros_rtde_gripper_commands/ur_ros_rtde_gripper_commands/action/detail/sg_grip__type_support.c
[0.854s] -- Up-to-date: /home/alberto/Documents/kia_gd_ws/install/ur_ros_rtde_gripper_commands/include/ur_ros_rtde_gripper_commands/ur_ros_rtde_gripper_commands/action/detail/sg_get_width__rosidl_typesupport_introspection_c.h
[0.854s] -- Up-to-date: /home/alberto/Documents/kia_gd_ws/install/ur_ros_rtde_gripper_commands/include/ur_ros_rtde_gripper_commands/ur_ros_rtde_gripper_commands/action/detail/sg_release__type_support.c
[0.854s] -- Up-to-date: /home/alberto/Documents/kia_gd_ws/install/ur_ros_rtde_gripper_commands/include/ur_ros_rtde_gripper_commands/ur_ros_rtde_gripper_commands/msg
[0.854s] -- Up-to-date: /home/alberto/Documents/kia_gd_ws/install/ur_ros_rtde_gripper_commands/include/ur_ros_rtde_gripper_commands/ur_ros_rtde_gripper_commands/msg/rosidl_typesupport_introspection_c__visibility_control.h
[0.854s] -- Up-to-date: /home/alberto/Documents/kia_gd_ws/install/ur_ros_rtde_gripper_commands/lib/libur_ros_rtde_gripper_commands__rosidl_typesupport_introspection_c.so
[0.854s] -- Up-to-date: /home/alberto/Documents/kia_gd_ws/install/ur_ros_rtde_gripper_commands/lib/libur_ros_rtde_gripper_commands__rosidl_typesupport_c.so
[0.854s] -- Up-to-date: /home/alberto/Documents/kia_gd_ws/install/ur_ros_rtde_gripper_commands/include/ur_ros_rtde_gripper_commands/ur_ros_rtde_gripper_commands
[0.854s] -- Up-to-date: /home/alberto/Documents/kia_gd_ws/install/ur_ros_rtde_gripper_commands/include/ur_ros_rtde_gripper_commands/ur_ros_rtde_gripper_commands/action
[0.855s] -- Up-to-date: /home/alberto/Documents/kia_gd_ws/install/ur_ros_rtde_gripper_commands/include/ur_ros_rtde_gripper_commands/ur_ros_rtde_gripper_commands/action/detail
[0.855s] -- Up-to-date: /home/alberto/Documents/kia_gd_ws/install/ur_ros_rtde_gripper_commands/include/ur_ros_rtde_gripper_commands/ur_ros_rtde_gripper_commands/action/detail/sg_release__type_support.cpp
[0.855s] -- Up-to-date: /home/alberto/Documents/kia_gd_ws/install/ur_ros_rtde_gripper_commands/include/ur_ros_rtde_gripper_commands/ur_ros_rtde_gripper_commands/action/detail/sg_grip__type_support.cpp
[0.857s] -- Up-to-date: /home/alberto/Documents/kia_gd_ws/install/ur_ros_rtde_gripper_commands/include/ur_ros_rtde_gripper_commands/ur_ros_rtde_gripper_commands/action/detail/sg_get_width__type_support.cpp
[0.857s] -- Up-to-date: /home/alberto/Documents/kia_gd_ws/install/ur_ros_rtde_gripper_commands/include/ur_ros_rtde_gripper_commands/ur_ros_rtde_gripper_commands/action/detail/sg_release__rosidl_typesupport_introspection_cpp.hpp
[0.858s] -- Up-to-date: /home/alberto/Documents/kia_gd_ws/install/ur_ros_rtde_gripper_commands/include/ur_ros_rtde_gripper_commands/ur_ros_rtde_gripper_commands/action/detail/sg_get_width__rosidl_typesupport_introspection_cpp.hpp
[0.858s] -- Up-to-date: /home/alberto/Documents/kia_gd_ws/install/ur_ros_rtde_gripper_commands/include/ur_ros_rtde_gripper_commands/ur_ros_rtde_gripper_commands/action/detail/sg_grip__rosidl_typesupport_introspection_cpp.hpp
[0.859s] -- Up-to-date: /home/alberto/Documents/kia_gd_ws/install/ur_ros_rtde_gripper_commands/lib/libur_ros_rtde_gripper_commands__rosidl_typesupport_introspection_cpp.so
[0.859s] -- Up-to-date: /home/alberto/Documents/kia_gd_ws/install/ur_ros_rtde_gripper_commands/lib/libur_ros_rtde_gripper_commands__rosidl_typesupport_cpp.so
[0.860s] -- Up-to-date: /home/alberto/Documents/kia_gd_ws/install/ur_ros_rtde_gripper_commands/share/ur_ros_rtde_gripper_commands/environment/pythonpath.sh
[0.861s] -- Up-to-date: /home/alberto/Documents/kia_gd_ws/install/ur_ros_rtde_gripper_commands/share/ur_ros_rtde_gripper_commands/environment/pythonpath.dsv
[0.862s] -- Up-to-date: /home/alberto/Documents/kia_gd_ws/install/ur_ros_rtde_gripper_commands/local/lib/python3.10/dist-packages/ur_ros_rtde_gripper_commands-0.0.0-py3.10.egg-info
[0.862s] -- Installing: /home/alberto/Documents/kia_gd_ws/install/ur_ros_rtde_gripper_commands/local/lib/python3.10/dist-packages/ur_ros_rtde_gripper_commands-0.0.0-py3.10.egg-info/top_level.txt
[0.862s] -- Installing: /home/alberto/Documents/kia_gd_ws/install/ur_ros_rtde_gripper_commands/local/lib/python3.10/dist-packages/ur_ros_rtde_gripper_commands-0.0.0-py3.10.egg-info/SOURCES.txt
[0.863s] -- Installing: /home/alberto/Documents/kia_gd_ws/install/ur_ros_rtde_gripper_commands/local/lib/python3.10/dist-packages/ur_ros_rtde_gripper_commands-0.0.0-py3.10.egg-info/PKG-INFO
[0.863s] -- Installing: /home/alberto/Documents/kia_gd_ws/install/ur_ros_rtde_gripper_commands/local/lib/python3.10/dist-packages/ur_ros_rtde_gripper_commands-0.0.0-py3.10.egg-info/dependency_links.txt
[0.863s] -- Up-to-date: /home/alberto/Documents/kia_gd_ws/install/ur_ros_rtde_gripper_commands/local/lib/python3.10/dist-packages/ur_ros_rtde_gripper_commands
[0.863s] -- Up-to-date: /home/alberto/Documents/kia_gd_ws/install/ur_ros_rtde_gripper_commands/local/lib/python3.10/dist-packages/ur_ros_rtde_gripper_commands/ur_ros_rtde_gripper_commands_s__rosidl_typesupport_fastrtps_c.cpython-310-x86_64-linux-gnu.so
[0.863s] -- Up-to-date: /home/alberto/Documents/kia_gd_ws/install/ur_ros_rtde_gripper_commands/local/lib/python3.10/dist-packages/ur_ros_rtde_gripper_commands/action
[0.864s] -- Up-to-date: /home/alberto/Documents/kia_gd_ws/install/ur_ros_rtde_gripper_commands/local/lib/python3.10/dist-packages/ur_ros_rtde_gripper_commands/action/_sg_release_s.c
[0.864s] -- Up-to-date: /home/alberto/Documents/kia_gd_ws/install/ur_ros_rtde_gripper_commands/local/lib/python3.10/dist-packages/ur_ros_rtde_gripper_commands/action/_sg_grip.py
[0.864s] -- Up-to-date: /home/alberto/Documents/kia_gd_ws/install/ur_ros_rtde_gripper_commands/local/lib/python3.10/dist-packages/ur_ros_rtde_gripper_commands/action/_sg_get_width_s.c
[0.865s] -- Up-to-date: /home/alberto/Documents/kia_gd_ws/install/ur_ros_rtde_gripper_commands/local/lib/python3.10/dist-packages/ur_ros_rtde_gripper_commands/action/_sg_grip_s.c
[0.865s] -- Up-to-date: /home/alberto/Documents/kia_gd_ws/install/ur_ros_rtde_gripper_commands/local/lib/python3.10/dist-packages/ur_ros_rtde_gripper_commands/action/__init__.py
[0.865s] -- Up-to-date: /home/alberto/Documents/kia_gd_ws/install/ur_ros_rtde_gripper_commands/local/lib/python3.10/dist-packages/ur_ros_rtde_gripper_commands/action/_sg_release.py
[0.866s] -- Up-to-date: /home/alberto/Documents/kia_gd_ws/install/ur_ros_rtde_gripper_commands/local/lib/python3.10/dist-packages/ur_ros_rtde_gripper_commands/action/_sg_get_width.py
[0.866s] -- Up-to-date: /home/alberto/Documents/kia_gd_ws/install/ur_ros_rtde_gripper_commands/local/lib/python3.10/dist-packages/ur_ros_rtde_gripper_commands/_ur_ros_rtde_gripper_commands_s.ep.rosidl_typesupport_introspection_c.c
[0.866s] -- Up-to-date: /home/alberto/Documents/kia_gd_ws/install/ur_ros_rtde_gripper_commands/local/lib/python3.10/dist-packages/ur_ros_rtde_gripper_commands/libur_ros_rtde_gripper_commands__rosidl_generator_py.so
[0.866s] -- Up-to-date: /home/alberto/Documents/kia_gd_ws/install/ur_ros_rtde_gripper_commands/local/lib/python3.10/dist-packages/ur_ros_rtde_gripper_commands/ur_ros_rtde_gripper_commands_s__rosidl_typesupport_c.cpython-310-x86_64-linux-gnu.so
[0.866s] -- Up-to-date: /home/alberto/Documents/kia_gd_ws/install/ur_ros_rtde_gripper_commands/local/lib/python3.10/dist-packages/ur_ros_rtde_gripper_commands/ur_ros_rtde_gripper_commands_s__rosidl_typesupport_introspection_c.cpython-310-x86_64-linux-gnu.so
[0.867s] -- Up-to-date: /home/alberto/Documents/kia_gd_ws/install/ur_ros_rtde_gripper_commands/local/lib/python3.10/dist-packages/ur_ros_rtde_gripper_commands/_ur_ros_rtde_gripper_commands_s.ep.rosidl_typesupport_fastrtps_c.c
[0.867s] -- Up-to-date: /home/alberto/Documents/kia_gd_ws/install/ur_ros_rtde_gripper_commands/local/lib/python3.10/dist-packages/ur_ros_rtde_gripper_commands/_ur_ros_rtde_gripper_commands_s.ep.rosidl_typesupport_c.c
[0.867s] -- Up-to-date: /home/alberto/Documents/kia_gd_ws/install/ur_ros_rtde_gripper_commands/local/lib/python3.10/dist-packages/ur_ros_rtde_gripper_commands/__init__.py
[0.909s] Listing '/home/alberto/Documents/kia_gd_ws/install/ur_ros_rtde_gripper_commands/local/lib/python3.10/dist-packages/ur_ros_rtde_gripper_commands'...
[0.909s] Listing '/home/alberto/Documents/kia_gd_ws/install/ur_ros_rtde_gripper_commands/local/lib/python3.10/dist-packages/ur_ros_rtde_gripper_commands/action'...
[0.918s] -- Up-to-date: /home/alberto/Documents/kia_gd_ws/install/ur_ros_rtde_gripper_commands/local/lib/python3.10/dist-packages/ur_ros_rtde_gripper_commands/ur_ros_rtde_gripper_commands_s__rosidl_typesupport_fastrtps_c.cpython-310-x86_64-linux-gnu.so
[0.919s] -- Up-to-date: /home/alberto/Documents/kia_gd_ws/install/ur_ros_rtde_gripper_commands/local/lib/python3.10/dist-packages/ur_ros_rtde_gripper_commands/ur_ros_rtde_gripper_commands_s__rosidl_typesupport_introspection_c.cpython-310-x86_64-linux-gnu.so
[0.920s] -- Up-to-date: /home/alberto/Documents/kia_gd_ws/install/ur_ros_rtde_gripper_commands/local/lib/python3.10/dist-packages/ur_ros_rtde_gripper_commands/ur_ros_rtde_gripper_commands_s__rosidl_typesupport_c.cpython-310-x86_64-linux-gnu.so
[0.920s] -- Up-to-date: /home/alberto/Documents/kia_gd_ws/install/ur_ros_rtde_gripper_commands/lib/libur_ros_rtde_gripper_commands__rosidl_generator_py.so
[0.921s] -- Up-to-date: /home/alberto/Documents/kia_gd_ws/install/ur_ros_rtde_gripper_commands/share/ur_ros_rtde_gripper_commands/action/SgGrip.idl
[0.921s] -- Up-to-date: /home/alberto/Documents/kia_gd_ws/install/ur_ros_rtde_gripper_commands/share/ur_ros_rtde_gripper_commands/action/SgRelease.idl
[0.921s] -- Up-to-date: /home/alberto/Documents/kia_gd_ws/install/ur_ros_rtde_gripper_commands/share/ur_ros_rtde_gripper_commands/action/SgGetWidth.idl
[0.921s] -- Up-to-date: /home/alberto/Documents/kia_gd_ws/install/ur_ros_rtde_gripper_commands/share/ur_ros_rtde_gripper_commands/action/SgGrip.action
[0.921s] -- Up-to-date: /home/alberto/Documents/kia_gd_ws/install/ur_ros_rtde_gripper_commands/share/ur_ros_rtde_gripper_commands/action/SgRelease.action
[0.921s] -- Up-to-date: /home/alberto/Documents/kia_gd_ws/install/ur_ros_rtde_gripper_commands/share/ur_ros_rtde_gripper_commands/action/SgGetWidth.action
[0.922s] -- Up-to-date: /home/alberto/Documents/kia_gd_ws/install/ur_ros_rtde_gripper_commands/share/ur_ros_rtde_gripper_commands/plugins.xml
[0.922s] -- Up-to-date: /home/alberto/Documents/kia_gd_ws/install/ur_ros_rtde_gripper_commands/lib/libgripper_control_script_extension_lib.so
[0.922s] -- Up-to-date: /home/alberto/Documents/kia_gd_ws/install/ur_ros_rtde_gripper_commands/share/ur_ros_rtde_gripper_commands//config
[0.923s] -- Up-to-date: /home/alberto/Documents/kia_gd_ws/install/ur_ros_rtde_gripper_commands/share/ur_ros_rtde_gripper_commands//config/OnRobotSG_preamble.script
[0.923s] -- Up-to-date: /home/alberto/Documents/kia_gd_ws/install/ur_ros_rtde_gripper_commands/share/ur_ros_rtde_gripper_commands//action
[0.923s] -- Up-to-date: /home/alberto/Documents/kia_gd_ws/install/ur_ros_rtde_gripper_commands/share/ur_ros_rtde_gripper_commands//action/SgRelease.action
[0.923s] -- Up-to-date: /home/alberto/Documents/kia_gd_ws/install/ur_ros_rtde_gripper_commands/share/ur_ros_rtde_gripper_commands//action/SgGrip.action
[0.923s] -- Up-to-date: /home/alberto/Documents/kia_gd_ws/install/ur_ros_rtde_gripper_commands/share/ur_ros_rtde_gripper_commands//action/SgGetWidth.action
[0.923s] -- Up-to-date: /home/alberto/Documents/kia_gd_ws/install/ur_ros_rtde_gripper_commands/share/ament_index/resource_index/package_run_dependencies/ur_ros_rtde_gripper_commands
[0.923s] -- Up-to-date: /home/alberto/Documents/kia_gd_ws/install/ur_ros_rtde_gripper_commands/share/ament_index/resource_index/parent_prefix_path/ur_ros_rtde_gripper_commands
[0.923s] -- Up-to-date: /home/alberto/Documents/kia_gd_ws/install/ur_ros_rtde_gripper_commands/share/ur_ros_rtde_gripper_commands/environment/ament_prefix_path.sh
[0.925s] -- Up-to-date: /home/alberto/Documents/kia_gd_ws/install/ur_ros_rtde_gripper_commands/share/ur_ros_rtde_gripper_commands/environment/ament_prefix_path.dsv
[0.925s] -- Up-to-date: /home/alberto/Documents/kia_gd_ws/install/ur_ros_rtde_gripper_commands/share/ur_ros_rtde_gripper_commands/environment/path.sh
[0.926s] -- Up-to-date: /home/alberto/Documents/kia_gd_ws/install/ur_ros_rtde_gripper_commands/share/ur_ros_rtde_gripper_commands/environment/path.dsv
[0.926s] -- Up-to-date: /home/alberto/Documents/kia_gd_ws/install/ur_ros_rtde_gripper_commands/share/ur_ros_rtde_gripper_commands/local_setup.bash
[0.926s] -- Up-to-date: /home/alberto/Documents/kia_gd_ws/install/ur_ros_rtde_gripper_commands/share/ur_ros_rtde_gripper_commands/local_setup.sh
[0.926s] -- Up-to-date: /home/alberto/Documents/kia_gd_ws/install/ur_ros_rtde_gripper_commands/share/ur_ros_rtde_gripper_commands/local_setup.zsh
[0.926s] -- Up-to-date: /home/alberto/Documents/kia_gd_ws/install/ur_ros_rtde_gripper_commands/share/ur_ros_rtde_gripper_commands/local_setup.dsv
[0.927s] -- Installing: /home/alberto/Documents/kia_gd_ws/install/ur_ros_rtde_gripper_commands/share/ur_ros_rtde_gripper_commands/package.dsv
[0.927s] -- Up-to-date: /home/alberto/Documents/kia_gd_ws/install/ur_ros_rtde_gripper_commands/share/ament_index/resource_index/packages/ur_ros_rtde_gripper_commands
[0.927s] -- Up-to-date: /home/alberto/Documents/kia_gd_ws/install/ur_ros_rtde_gripper_commands/share/ament_index/resource_index/ur_ros_rtde_gripper_commands__pluginlib__plugin/ur_ros_rtde_gripper_commands
[0.927s] -- Up-to-date: /home/alberto/Documents/kia_gd_ws/install/ur_ros_rtde_gripper_commands/share/ur_ros_rtde_gripper_commands/cmake/export_ur_ros_rtde_gripper_commands__rosidl_generator_cExport.cmake
[0.928s] -- Up-to-date: /home/alberto/Documents/kia_gd_ws/install/ur_ros_rtde_gripper_commands/share/ur_ros_rtde_gripper_commands/cmake/export_ur_ros_rtde_gripper_commands__rosidl_generator_cExport-noconfig.cmake
[0.928s] -- Up-to-date: /home/alberto/Documents/kia_gd_ws/install/ur_ros_rtde_gripper_commands/share/ur_ros_rtde_gripper_commands/cmake/export_ur_ros_rtde_gripper_commands__rosidl_typesupport_fastrtps_cExport.cmake
[0.928s] -- Up-to-date: /home/alberto/Documents/kia_gd_ws/install/ur_ros_rtde_gripper_commands/share/ur_ros_rtde_gripper_commands/cmake/export_ur_ros_rtde_gripper_commands__rosidl_typesupport_fastrtps_cExport-noconfig.cmake
[0.928s] -- Up-to-date: /home/alberto/Documents/kia_gd_ws/install/ur_ros_rtde_gripper_commands/share/ur_ros_rtde_gripper_commands/cmake/export_ur_ros_rtde_gripper_commands__rosidl_generator_cppExport.cmake
[0.929s] -- Up-to-date: /home/alberto/Documents/kia_gd_ws/install/ur_ros_rtde_gripper_commands/share/ur_ros_rtde_gripper_commands/cmake/export_ur_ros_rtde_gripper_commands__rosidl_typesupport_fastrtps_cppExport.cmake
[0.929s] -- Up-to-date: /home/alberto/Documents/kia_gd_ws/install/ur_ros_rtde_gripper_commands/share/ur_ros_rtde_gripper_commands/cmake/export_ur_ros_rtde_gripper_commands__rosidl_typesupport_fastrtps_cppExport-noconfig.cmake
[0.929s] -- Up-to-date: /home/alberto/Documents/kia_gd_ws/install/ur_ros_rtde_gripper_commands/share/ur_ros_rtde_gripper_commands/cmake/ur_ros_rtde_gripper_commands__rosidl_typesupport_introspection_cExport.cmake
[0.929s] -- Up-to-date: /home/alberto/Documents/kia_gd_ws/install/ur_ros_rtde_gripper_commands/share/ur_ros_rtde_gripper_commands/cmake/ur_ros_rtde_gripper_commands__rosidl_typesupport_introspection_cExport-noconfig.cmake
[0.930s] -- Up-to-date: /home/alberto/Documents/kia_gd_ws/install/ur_ros_rtde_gripper_commands/share/ur_ros_rtde_gripper_commands/cmake/ur_ros_rtde_gripper_commands__rosidl_typesupport_cExport.cmake
[0.930s] -- Up-to-date: /home/alberto/Documents/kia_gd_ws/install/ur_ros_rtde_gripper_commands/share/ur_ros_rtde_gripper_commands/cmake/ur_ros_rtde_gripper_commands__rosidl_typesupport_cExport-noconfig.cmake
[0.930s] -- Up-to-date: /home/alberto/Documents/kia_gd_ws/install/ur_ros_rtde_gripper_commands/share/ur_ros_rtde_gripper_commands/cmake/ur_ros_rtde_gripper_commands__rosidl_typesupport_introspection_cppExport.cmake
[0.930s] -- Up-to-date: /home/alberto/Documents/kia_gd_ws/install/ur_ros_rtde_gripper_commands/share/ur_ros_rtde_gripper_commands/cmake/ur_ros_rtde_gripper_commands__rosidl_typesupport_introspection_cppExport-noconfig.cmake
[0.930s] -- Up-to-date: /home/alberto/Documents/kia_gd_ws/install/ur_ros_rtde_gripper_commands/share/ur_ros_rtde_gripper_commands/cmake/ur_ros_rtde_gripper_commands__rosidl_typesupport_cppExport.cmake
[0.930s] -- Up-to-date: /home/alberto/Documents/kia_gd_ws/install/ur_ros_rtde_gripper_commands/share/ur_ros_rtde_gripper_commands/cmake/ur_ros_rtde_gripper_commands__rosidl_typesupport_cppExport-noconfig.cmake
[0.930s] -- Up-to-date: /home/alberto/Documents/kia_gd_ws/install/ur_ros_rtde_gripper_commands/share/ur_ros_rtde_gripper_commands/cmake/export_ur_ros_rtde_gripper_commands__rosidl_generator_pyExport.cmake
[0.930s] -- Up-to-date: /home/alberto/Documents/kia_gd_ws/install/ur_ros_rtde_gripper_commands/share/ur_ros_rtde_gripper_commands/cmake/export_ur_ros_rtde_gripper_commands__rosidl_generator_pyExport-noconfig.cmake
[0.931s] -- Up-to-date: /home/alberto/Documents/kia_gd_ws/install/ur_ros_rtde_gripper_commands/share/ur_ros_rtde_gripper_commands/cmake/export_ur_ros_rtde_gripper_commandsExport.cmake
[0.931s] -- Up-to-date: /home/alberto/Documents/kia_gd_ws/install/ur_ros_rtde_gripper_commands/share/ur_ros_rtde_gripper_commands/cmake/export_ur_ros_rtde_gripper_commandsExport-noconfig.cmake
[0.931s] -- Up-to-date: /home/alberto/Documents/kia_gd_ws/install/ur_ros_rtde_gripper_commands/share/ur_ros_rtde_gripper_commands/cmake/rosidl_cmake-extras.cmake
[0.932s] -- Up-to-date: /home/alberto/Documents/kia_gd_ws/install/ur_ros_rtde_gripper_commands/share/ur_ros_rtde_gripper_commands/cmake/ament_cmake_export_dependencies-extras.cmake
[0.932s] -- Up-to-date: /home/alberto/Documents/kia_gd_ws/install/ur_ros_rtde_gripper_commands/share/ur_ros_rtde_gripper_commands/cmake/ament_cmake_export_include_directories-extras.cmake
[0.932s] -- Up-to-date: /home/alberto/Documents/kia_gd_ws/install/ur_ros_rtde_gripper_commands/share/ur_ros_rtde_gripper_commands/cmake/ament_cmake_export_libraries-extras.cmake
[0.932s] -- Up-to-date: /home/alberto/Documents/kia_gd_ws/install/ur_ros_rtde_gripper_commands/share/ur_ros_rtde_gripper_commands/cmake/ament_cmake_export_targets-extras.cmake
[0.932s] -- Up-to-date: /home/alberto/Documents/kia_gd_ws/install/ur_ros_rtde_gripper_commands/share/ur_ros_rtde_gripper_commands/cmake/rosidl_cmake_export_typesupport_targets-extras.cmake
[0.932s] -- Up-to-date: /home/alberto/Documents/kia_gd_ws/install/ur_ros_rtde_gripper_commands/share/ur_ros_rtde_gripper_commands/cmake/rosidl_cmake_export_typesupport_libraries-extras.cmake
[0.932s] -- Up-to-date: /home/alberto/Documents/kia_gd_ws/install/ur_ros_rtde_gripper_commands/share/ur_ros_rtde_gripper_commands/cmake/ur_ros_rtde_gripper_commandsConfig.cmake
[0.932s] -- Up-to-date: /home/alberto/Documents/kia_gd_ws/install/ur_ros_rtde_gripper_commands/share/ur_ros_rtde_gripper_commands/cmake/ur_ros_rtde_gripper_commandsConfig-version.cmake
[0.933s] -- Up-to-date: /home/alberto/Documents/kia_gd_ws/install/ur_ros_rtde_gripper_commands/share/ur_ros_rtde_gripper_commands/package.xml
[0.933s] Invoked command in '/home/alberto/Documents/kia_gd_ws/build/ur_ros_rtde_gripper_commands' returned '0': CMAKE_PREFIX_PATH=/home/alberto/Documents/kia_gd_ws/install/ur_ros_rtde:/home/alberto/Documents/kia_gd_ws/install/ur_ros_rtde_simple_clients:/home/alberto/Documents/kia_gd_ws/install/ur_ros_rtde_msgs:/home/alberto/Documents/kia_gd_ws/install/ur_ros_rtde_tutorials:/home/alberto/Documents/kia_gd_ws/install/ur_ros_rtde_gripper_commands:/home/alberto/Documents/kia_gd_ws/install/ur:/home/alberto/Documents/kia_gd_ws/install/ur_calibration:/home/alberto/Documents/kia_gd_ws/install/ur_robot_driver:/home/alberto/Documents/kia_gd_ws/install/ur_moveit_config:/home/alberto/Documents/kia_gd_ws/install/ur_bringup:/home/alberto/Documents/kia_gd_ws/install/ur_controllers:/home/alberto/Documents/kia_gd_ws/install/ur_dashboard_msgs:/home/alberto/Documents/kia_gd_ws/install/simple_ur10e_moveit_config:/home/alberto/Documents/kia_gd_ws/install/simple_ur10e_description:/home/alberto/Documents/kia_gd_ws/install/kia_gd:/home/alberto/Documents/sub_alberto/install/uuv_visualization:/home/alberto/Documents/sub_alberto/install/uuv_vision:/home/alberto/Documents/sub_alberto/install/uuv_navigation:/home/alberto/Documents/sub_alberto/install/uuv_mission:/home/alberto/Documents/sub_alberto/install/uuv_master:/home/alberto/Documents/sub_alberto/install/uuv_control:/home/alberto/install/vectornav:/home/alberto/install/vectornav_msgs:/home/alberto/install/uuv_teleop:/home/alberto/install/uuv_description:/home/alberto/install/sub:/home/alberto/install/pid:/home/alberto/Documents/kia_gd_ws/install/ros_tcp_endpoint:/home/alberto/ros2_ws/install/docker_test:/opt/ros/humble:/home/alberto/install/catkin:/home/alberto/ros2_ws/install/sub:/home/alberto/ros2_ws/install/pid:/home/alberto/ros2_ws/install/catkin:/home/alberto/uuv/install/uuv LD_LIBRARY_PATH=/home/alberto/Documents/kia_gd_ws/install/ur_ros_rtde/lib:/home/alberto/Documents/kia_gd_ws/install/ur_ros_rtde_msgs/lib:/home/alberto/Documents/kia_gd_ws/install/ur_ros_rtde_tutorials/lib:/home/alberto/Documents/kia_gd_ws/install/ur_ros_rtde_gripper_commands/lib:/home/alberto/Documents/kia_gd_ws/install/ur_robot_driver/lib:/home/alberto/Documents/kia_gd_ws/install/ur_controllers/lib:/home/alberto/Documents/kia_gd_ws/install/ur_dashboard_msgs/lib:/home/alberto/install/vectornav/lib:/home/alberto/install/vectornav_msgs/lib:/opt/ros/humble/opt/rviz_ogre_vendor/lib:/opt/ros/humble/lib/x86_64-linux-gnu:/opt/ros/humble/lib /usr/bin/cmake --install /home/alberto/Documents/kia_gd_ws/build/ur_ros_rtde_gripper_commands
