[0.828s] Invoking command in '/home/alberto/Documents/kia_gd_ws/src/ROS-TCP-Endpoint': PYTHONPATH=/home/alberto/Documents/kia_gd_ws/build/ros_tcp_endpoint/prefix_override:/usr/lib/python3/dist-packages/colcon_core/task/python/colcon_distutils_commands:/home/alberto/Documents/kia_gd_ws/install/ros_tcp_endpoint/lib/python3.10/site-packages:${PYTHONPATH} /usr/bin/python3 -W ignore:setup.py install is deprecated -W ignore:easy_install command is deprecated setup.py egg_info --egg-base ../../build/ros_tcp_endpoint build --build-base /home/alberto/Documents/kia_gd_ws/build/ros_tcp_endpoint/build install --record /home/alberto/Documents/kia_gd_ws/build/ros_tcp_endpoint/install.log --install-scripts $base/lib/ros_tcp_endpoint --single-version-externally-managed install_data
[0.984s] /home/alberto/.local/lib/python3.10/site-packages/setuptools/dist.py:599: SetuptoolsDeprecationWarning: Invalid dash-separated key 'script-dir' in 'develop' (setup.cfg), please use the underscore name 'script_dir' instead.
[0.984s] !!
[0.984s] 
[0.985s]         ********************************************************************************
[0.985s]         Usage of dash-separated 'script-dir' will not be supported in future
[0.985s]         versions. Please use the underscore name 'script_dir' instead.
[0.985s] 
[0.985s]         By 2026-Mar-03, you need to update your project and remove deprecated calls
[0.985s]         or your builds will no longer be supported.
[0.985s] 
[0.985s]         See https://setuptools.pypa.io/en/latest/userguide/declarative_config.html for details.
[0.985s]         ********************************************************************************
[0.985s] 
[0.985s] !!
[0.985s]   opt = self._enforce_underscore(opt, section)
[1.005s] /home/alberto/.local/lib/python3.10/site-packages/setuptools/_distutils/dist.py:289: UserWarning: Unknown distribution option: 'tests_require'
[1.005s]   warnings.warn(msg)
[1.048s] /home/alberto/.local/lib/python3.10/site-packages/setuptools/dist.py:599: SetuptoolsDeprecationWarning: Invalid dash-separated key 'script-dir' in 'develop' (setup.cfg), please use the underscore name 'script_dir' instead.
[1.048s] !!
[1.048s] 
[1.048s]         ********************************************************************************
[1.048s]         Usage of dash-separated 'script-dir' will not be supported in future
[1.048s]         versions. Please use the underscore name 'script_dir' instead.
[1.049s]         (Affected: ros_tcp_endpoint).
[1.049s] 
[1.049s]         By 2026-Mar-03, you need to update your project and remove deprecated calls
[1.049s]         or your builds will no longer be supported.
[1.049s] 
[1.049s]         See https://setuptools.pypa.io/en/latest/userguide/declarative_config.html for details.
[1.049s]         ********************************************************************************
[1.049s] 
[1.049s] !!
[1.049s]   opt = self._enforce_underscore(opt, section)
[1.139s] running egg_info
[1.158s] creating ../../build/ros_tcp_endpoint/ros_tcp_endpoint.egg-info
[1.159s] writing ../../build/ros_tcp_endpoint/ros_tcp_endpoint.egg-info/PKG-INFO
[1.159s] writing dependency_links to ../../build/ros_tcp_endpoint/ros_tcp_endpoint.egg-info/dependency_links.txt
[1.159s] writing entry points to ../../build/ros_tcp_endpoint/ros_tcp_endpoint.egg-info/entry_points.txt
[1.159s] writing requirements to ../../build/ros_tcp_endpoint/ros_tcp_endpoint.egg-info/requires.txt
[1.159s] writing top-level names to ../../build/ros_tcp_endpoint/ros_tcp_endpoint.egg-info/top_level.txt
[1.159s] writing manifest file '../../build/ros_tcp_endpoint/ros_tcp_endpoint.egg-info/SOURCES.txt'
[1.203s] reading manifest file '../../build/ros_tcp_endpoint/ros_tcp_endpoint.egg-info/SOURCES.txt'
[1.204s] adding license file 'LICENSE'
[1.204s] writing manifest file '../../build/ros_tcp_endpoint/ros_tcp_endpoint.egg-info/SOURCES.txt'
[1.204s] running build
[1.204s] running build_py
[1.205s] creating /home/alberto/Documents/kia_gd_ws/build/ros_tcp_endpoint/build/lib/ros_tcp_endpoint
[1.205s] copying ros_tcp_endpoint/service.py -> /home/alberto/Documents/kia_gd_ws/build/ros_tcp_endpoint/build/lib/ros_tcp_endpoint
[1.205s] copying ros_tcp_endpoint/client.py -> /home/alberto/Documents/kia_gd_ws/build/ros_tcp_endpoint/build/lib/ros_tcp_endpoint
[1.205s] copying ros_tcp_endpoint/publisher.py -> /home/alberto/Documents/kia_gd_ws/build/ros_tcp_endpoint/build/lib/ros_tcp_endpoint
[1.206s] copying ros_tcp_endpoint/thread_pauser.py -> /home/alberto/Documents/kia_gd_ws/build/ros_tcp_endpoint/build/lib/ros_tcp_endpoint
[1.207s] copying ros_tcp_endpoint/subscriber.py -> /home/alberto/Documents/kia_gd_ws/build/ros_tcp_endpoint/build/lib/ros_tcp_endpoint
[1.207s] copying ros_tcp_endpoint/server.py -> /home/alberto/Documents/kia_gd_ws/build/ros_tcp_endpoint/build/lib/ros_tcp_endpoint
[1.207s] copying ros_tcp_endpoint/default_server_endpoint.py -> /home/alberto/Documents/kia_gd_ws/build/ros_tcp_endpoint/build/lib/ros_tcp_endpoint
[1.207s] copying ros_tcp_endpoint/unity_service.py -> /home/alberto/Documents/kia_gd_ws/build/ros_tcp_endpoint/build/lib/ros_tcp_endpoint
[1.207s] copying ros_tcp_endpoint/communication.py -> /home/alberto/Documents/kia_gd_ws/build/ros_tcp_endpoint/build/lib/ros_tcp_endpoint
[1.207s] copying ros_tcp_endpoint/tcp_sender.py -> /home/alberto/Documents/kia_gd_ws/build/ros_tcp_endpoint/build/lib/ros_tcp_endpoint
[1.207s] copying ros_tcp_endpoint/__init__.py -> /home/alberto/Documents/kia_gd_ws/build/ros_tcp_endpoint/build/lib/ros_tcp_endpoint
[1.207s] copying ros_tcp_endpoint/exceptions.py -> /home/alberto/Documents/kia_gd_ws/build/ros_tcp_endpoint/build/lib/ros_tcp_endpoint
[1.208s] running install
[1.215s] running install_lib
[1.238s] creating /home/alberto/Documents/kia_gd_ws/install/ros_tcp_endpoint/lib/python3.10/site-packages/ros_tcp_endpoint
[1.238s] copying /home/alberto/Documents/kia_gd_ws/build/ros_tcp_endpoint/build/lib/ros_tcp_endpoint/service.py -> /home/alberto/Documents/kia_gd_ws/install/ros_tcp_endpoint/lib/python3.10/site-packages/ros_tcp_endpoint
[1.238s] copying /home/alberto/Documents/kia_gd_ws/build/ros_tcp_endpoint/build/lib/ros_tcp_endpoint/client.py -> /home/alberto/Documents/kia_gd_ws/install/ros_tcp_endpoint/lib/python3.10/site-packages/ros_tcp_endpoint
[1.238s] copying /home/alberto/Documents/kia_gd_ws/build/ros_tcp_endpoint/build/lib/ros_tcp_endpoint/publisher.py -> /home/alberto/Documents/kia_gd_ws/install/ros_tcp_endpoint/lib/python3.10/site-packages/ros_tcp_endpoint
[1.239s] copying /home/alberto/Documents/kia_gd_ws/build/ros_tcp_endpoint/build/lib/ros_tcp_endpoint/thread_pauser.py -> /home/alberto/Documents/kia_gd_ws/install/ros_tcp_endpoint/lib/python3.10/site-packages/ros_tcp_endpoint
[1.239s] copying /home/alberto/Documents/kia_gd_ws/build/ros_tcp_endpoint/build/lib/ros_tcp_endpoint/subscriber.py -> /home/alberto/Documents/kia_gd_ws/install/ros_tcp_endpoint/lib/python3.10/site-packages/ros_tcp_endpoint
[1.239s] copying /home/alberto/Documents/kia_gd_ws/build/ros_tcp_endpoint/build/lib/ros_tcp_endpoint/server.py -> /home/alberto/Documents/kia_gd_ws/install/ros_tcp_endpoint/lib/python3.10/site-packages/ros_tcp_endpoint
[1.239s] copying /home/alberto/Documents/kia_gd_ws/build/ros_tcp_endpoint/build/lib/ros_tcp_endpoint/default_server_endpoint.py -> /home/alberto/Documents/kia_gd_ws/install/ros_tcp_endpoint/lib/python3.10/site-packages/ros_tcp_endpoint
[1.239s] copying /home/alberto/Documents/kia_gd_ws/build/ros_tcp_endpoint/build/lib/ros_tcp_endpoint/unity_service.py -> /home/alberto/Documents/kia_gd_ws/install/ros_tcp_endpoint/lib/python3.10/site-packages/ros_tcp_endpoint
[1.239s] copying /home/alberto/Documents/kia_gd_ws/build/ros_tcp_endpoint/build/lib/ros_tcp_endpoint/communication.py -> /home/alberto/Documents/kia_gd_ws/install/ros_tcp_endpoint/lib/python3.10/site-packages/ros_tcp_endpoint
[1.239s] copying /home/alberto/Documents/kia_gd_ws/build/ros_tcp_endpoint/build/lib/ros_tcp_endpoint/tcp_sender.py -> /home/alberto/Documents/kia_gd_ws/install/ros_tcp_endpoint/lib/python3.10/site-packages/ros_tcp_endpoint
[1.240s] copying /home/alberto/Documents/kia_gd_ws/build/ros_tcp_endpoint/build/lib/ros_tcp_endpoint/__init__.py -> /home/alberto/Documents/kia_gd_ws/install/ros_tcp_endpoint/lib/python3.10/site-packages/ros_tcp_endpoint
[1.240s] copying /home/alberto/Documents/kia_gd_ws/build/ros_tcp_endpoint/build/lib/ros_tcp_endpoint/exceptions.py -> /home/alberto/Documents/kia_gd_ws/install/ros_tcp_endpoint/lib/python3.10/site-packages/ros_tcp_endpoint
[1.240s] byte-compiling /home/alberto/Documents/kia_gd_ws/install/ros_tcp_endpoint/lib/python3.10/site-packages/ros_tcp_endpoint/service.py to service.cpython-310.pyc
[1.241s] byte-compiling /home/alberto/Documents/kia_gd_ws/install/ros_tcp_endpoint/lib/python3.10/site-packages/ros_tcp_endpoint/client.py to client.cpython-310.pyc
[1.243s] byte-compiling /home/alberto/Documents/kia_gd_ws/install/ros_tcp_endpoint/lib/python3.10/site-packages/ros_tcp_endpoint/publisher.py to publisher.cpython-310.pyc
[1.243s] byte-compiling /home/alberto/Documents/kia_gd_ws/install/ros_tcp_endpoint/lib/python3.10/site-packages/ros_tcp_endpoint/thread_pauser.py to thread_pauser.cpython-310.pyc
[1.243s] byte-compiling /home/alberto/Documents/kia_gd_ws/install/ros_tcp_endpoint/lib/python3.10/site-packages/ros_tcp_endpoint/subscriber.py to subscriber.cpython-310.pyc
[1.244s] byte-compiling /home/alberto/Documents/kia_gd_ws/install/ros_tcp_endpoint/lib/python3.10/site-packages/ros_tcp_endpoint/server.py to server.cpython-310.pyc
[1.246s] byte-compiling /home/alberto/Documents/kia_gd_ws/install/ros_tcp_endpoint/lib/python3.10/site-packages/ros_tcp_endpoint/default_server_endpoint.py to default_server_endpoint.cpython-310.pyc
[1.247s] byte-compiling /home/alberto/Documents/kia_gd_ws/install/ros_tcp_endpoint/lib/python3.10/site-packages/ros_tcp_endpoint/unity_service.py to unity_service.cpython-310.pyc
[1.247s] byte-compiling /home/alberto/Documents/kia_gd_ws/install/ros_tcp_endpoint/lib/python3.10/site-packages/ros_tcp_endpoint/communication.py to communication.cpython-310.pyc
[1.247s] byte-compiling /home/alberto/Documents/kia_gd_ws/install/ros_tcp_endpoint/lib/python3.10/site-packages/ros_tcp_endpoint/tcp_sender.py to tcp_sender.cpython-310.pyc
[1.249s] byte-compiling /home/alberto/Documents/kia_gd_ws/install/ros_tcp_endpoint/lib/python3.10/site-packages/ros_tcp_endpoint/__init__.py to __init__.cpython-310.pyc
[1.252s] byte-compiling /home/alberto/Documents/kia_gd_ws/install/ros_tcp_endpoint/lib/python3.10/site-packages/ros_tcp_endpoint/exceptions.py to exceptions.cpython-310.pyc
[1.252s] running install_data
[1.252s] creating /home/alberto/Documents/kia_gd_ws/install/ros_tcp_endpoint/share/ament_index/resource_index/packages
[1.252s] copying resource/ros_tcp_endpoint -> /home/alberto/Documents/kia_gd_ws/install/ros_tcp_endpoint/share/ament_index/resource_index/packages
[1.252s] copying package.xml -> /home/alberto/Documents/kia_gd_ws/install/ros_tcp_endpoint/share/ros_tcp_endpoint
[1.252s] creating /home/alberto/Documents/kia_gd_ws/install/ros_tcp_endpoint/share/ros_tcp_endpoint/launch
[1.252s] copying launch/endpoint.py -> /home/alberto/Documents/kia_gd_ws/install/ros_tcp_endpoint/share/ros_tcp_endpoint/launch
[1.252s] running install_egg_info
[1.279s] Copying ../../build/ros_tcp_endpoint/ros_tcp_endpoint.egg-info to /home/alberto/Documents/kia_gd_ws/install/ros_tcp_endpoint/lib/python3.10/site-packages/ros_tcp_endpoint-0.0.1-py3.10.egg-info
[1.279s] running install_scripts
[1.328s] Installing default_server_endpoint script to /home/alberto/Documents/kia_gd_ws/install/ros_tcp_endpoint/lib/ros_tcp_endpoint
[1.330s] writing list of installed files to '/home/alberto/Documents/kia_gd_ws/build/ros_tcp_endpoint/install.log'
[1.364s] Invoked command in '/home/alberto/Documents/kia_gd_ws/src/ROS-TCP-Endpoint' returned '0': PYTHONPATH=/home/alberto/Documents/kia_gd_ws/build/ros_tcp_endpoint/prefix_override:/usr/lib/python3/dist-packages/colcon_core/task/python/colcon_distutils_commands:/home/alberto/Documents/kia_gd_ws/install/ros_tcp_endpoint/lib/python3.10/site-packages:${PYTHONPATH} /usr/bin/python3 -W ignore:setup.py install is deprecated -W ignore:easy_install command is deprecated setup.py egg_info --egg-base ../../build/ros_tcp_endpoint build --build-base /home/alberto/Documents/kia_gd_ws/build/ros_tcp_endpoint/build install --record /home/alberto/Documents/kia_gd_ws/build/ros_tcp_endpoint/install.log --install-scripts $base/lib/ros_tcp_endpoint --single-version-externally-managed install_data
