[0.019s] Invoking command in '/home/alberto/Documents/kia_gd_ws/build/ur_controllers': CMAKE_PREFIX_PATH=/home/alberto/Documents/kia_gd_ws/install/ur_dashboard_msgs:/home/alberto/Documents/kia_gd_ws/install/ur:/home/alberto/Documents/kia_gd_ws/install/ur_calibration:/home/alberto/Documents/kia_gd_ws/install/ur_robot_driver:/home/alberto/Documents/kia_gd_ws/install/ur_moveit_config:/home/alberto/Documents/kia_gd_ws/install/ur_bringup:/home/alberto/Documents/kia_gd_ws/install/ur_controllers:/home/alberto/Documents/kia_gd_ws/install/kia_gd:/home/alberto/install/vectornav:/home/alberto/install/vectornav_msgs:/home/alberto/install/uuv_teleop:/home/alberto/install/uuv_description:/home/alberto/install/sub:/home/alberto/install/pid:/home/alberto/ros2_ws/install/docker_test:/opt/ros/humble:/home/alberto/install/catkin:/home/alberto/ros2_ws/install/sub:/home/alberto/ros2_ws/install/pid:/home/alberto/ros2_ws/install/catkin:/home/alberto/uuv/install/uuv LD_LIBRARY_PATH=/home/alberto/Documents/kia_gd_ws/install/ur_dashboard_msgs/lib:/home/alberto/Documents/kia_gd_ws/install/ur_robot_driver/lib:/home/alberto/Documents/kia_gd_ws/install/ur_controllers/lib:/home/alberto/install/vectornav/lib:/home/alberto/install/vectornav_msgs/lib:/opt/ros/humble/opt/rviz_ogre_vendor/lib:/opt/ros/humble/lib/x86_64-linux-gnu:/opt/ros/humble/lib /usr/bin/cmake --build /home/alberto/Documents/kia_gd_ws/build/ur_controllers -- -j8 -l8
[0.070s] [ 17%] Built target force_mode_controller_parameters
[0.070s] [ 17%] Built target gpio_controller_parameters
[0.070s] [ 17%] Built target tool_contact_controller_parameters
[0.070s] [ 23%] Built target speed_scaling_state_broadcaster_parameters
[0.071s] [ 29%] Built target scaled_joint_trajectory_controller_parameters
[0.071s] [ 35%] Built target ur_configuration_controller_parameters
[0.072s] [ 41%] Built target freedrive_mode_controller_parameters
[0.076s] [ 47%] Built target passthrough_trajectory_controller_parameters
[0.087s] [ 55%] Built target gmock
[0.088s] [ 61%] Built target gmock_main
[0.105s] [ 88%] Built target ur_controllers
[0.126s] [100%] Built target test_load_freedrive_mode_controller
[0.126s] [100%] Built target test_load_force_mode_controller
[0.134s] Invoked command in '/home/alberto/Documents/kia_gd_ws/build/ur_controllers' returned '0': CMAKE_PREFIX_PATH=/home/alberto/Documents/kia_gd_ws/install/ur_dashboard_msgs:/home/alberto/Documents/kia_gd_ws/install/ur:/home/alberto/Documents/kia_gd_ws/install/ur_calibration:/home/alberto/Documents/kia_gd_ws/install/ur_robot_driver:/home/alberto/Documents/kia_gd_ws/install/ur_moveit_config:/home/alberto/Documents/kia_gd_ws/install/ur_bringup:/home/alberto/Documents/kia_gd_ws/install/ur_controllers:/home/alberto/Documents/kia_gd_ws/install/kia_gd:/home/alberto/install/vectornav:/home/alberto/install/vectornav_msgs:/home/alberto/install/uuv_teleop:/home/alberto/install/uuv_description:/home/alberto/install/sub:/home/alberto/install/pid:/home/alberto/ros2_ws/install/docker_test:/opt/ros/humble:/home/alberto/install/catkin:/home/alberto/ros2_ws/install/sub:/home/alberto/ros2_ws/install/pid:/home/alberto/ros2_ws/install/catkin:/home/alberto/uuv/install/uuv LD_LIBRARY_PATH=/home/alberto/Documents/kia_gd_ws/install/ur_dashboard_msgs/lib:/home/alberto/Documents/kia_gd_ws/install/ur_robot_driver/lib:/home/alberto/Documents/kia_gd_ws/install/ur_controllers/lib:/home/alberto/install/vectornav/lib:/home/alberto/install/vectornav_msgs/lib:/opt/ros/humble/opt/rviz_ogre_vendor/lib:/opt/ros/humble/lib/x86_64-linux-gnu:/opt/ros/humble/lib /usr/bin/cmake --build /home/alberto/Documents/kia_gd_ws/build/ur_controllers -- -j8 -l8
[0.135s] Invoking command in '/home/alberto/Documents/kia_gd_ws/build/ur_controllers': CMAKE_PREFIX_PATH=/home/alberto/Documents/kia_gd_ws/install/ur_dashboard_msgs:/home/alberto/Documents/kia_gd_ws/install/ur:/home/alberto/Documents/kia_gd_ws/install/ur_calibration:/home/alberto/Documents/kia_gd_ws/install/ur_robot_driver:/home/alberto/Documents/kia_gd_ws/install/ur_moveit_config:/home/alberto/Documents/kia_gd_ws/install/ur_bringup:/home/alberto/Documents/kia_gd_ws/install/ur_controllers:/home/alberto/Documents/kia_gd_ws/install/kia_gd:/home/alberto/install/vectornav:/home/alberto/install/vectornav_msgs:/home/alberto/install/uuv_teleop:/home/alberto/install/uuv_description:/home/alberto/install/sub:/home/alberto/install/pid:/home/alberto/ros2_ws/install/docker_test:/opt/ros/humble:/home/alberto/install/catkin:/home/alberto/ros2_ws/install/sub:/home/alberto/ros2_ws/install/pid:/home/alberto/ros2_ws/install/catkin:/home/alberto/uuv/install/uuv LD_LIBRARY_PATH=/home/alberto/Documents/kia_gd_ws/install/ur_dashboard_msgs/lib:/home/alberto/Documents/kia_gd_ws/install/ur_robot_driver/lib:/home/alberto/Documents/kia_gd_ws/install/ur_controllers/lib:/home/alberto/install/vectornav/lib:/home/alberto/install/vectornav_msgs/lib:/opt/ros/humble/opt/rviz_ogre_vendor/lib:/opt/ros/humble/lib/x86_64-linux-gnu:/opt/ros/humble/lib /usr/bin/cmake --install /home/alberto/Documents/kia_gd_ws/build/ur_controllers
[0.141s] -- Install configuration: "Release"
[0.141s] -- Up-to-date: /home/alberto/Documents/kia_gd_ws/install/ur_controllers/include/ur_controllers
[0.141s] -- Up-to-date: /home/alberto/Documents/kia_gd_ws/install/ur_controllers/include/ur_controllers/ur_configuration_controller_parameters.hpp
[0.141s] -- Up-to-date: /home/alberto/Documents/kia_gd_ws/install/ur_controllers/include/ur_controllers/scaled_joint_trajectory_controller_parameters.hpp
[0.141s] -- Up-to-date: /home/alberto/Documents/kia_gd_ws/install/ur_controllers/include/ur_controllers/speed_scaling_state_broadcaster_parameters.hpp
[0.141s] -- Up-to-date: /home/alberto/Documents/kia_gd_ws/install/ur_controllers/include/ur_controllers/gpio_controller_parameters.hpp
[0.141s] -- Up-to-date: /home/alberto/Documents/kia_gd_ws/install/ur_controllers/include/ur_controllers/force_mode_controller_parameters.hpp
[0.141s] -- Up-to-date: /home/alberto/Documents/kia_gd_ws/install/ur_controllers/include/ur_controllers/passthrough_trajectory_controller_parameters.hpp
[0.141s] -- Up-to-date: /home/alberto/Documents/kia_gd_ws/install/ur_controllers/include/ur_controllers/freedrive_mode_controller_parameters.hpp
[0.141s] -- Up-to-date: /home/alberto/Documents/kia_gd_ws/install/ur_controllers/include/ur_controllers/tool_contact_controller_parameters.hpp
[0.141s] -- Up-to-date: /home/alberto/Documents/kia_gd_ws/install/ur_controllers/include/ur_controllers
[0.142s] -- Up-to-date: /home/alberto/Documents/kia_gd_ws/install/ur_controllers/include/ur_controllers/ur_configuration_controller_parameters.hpp
[0.142s] -- Up-to-date: /home/alberto/Documents/kia_gd_ws/install/ur_controllers/include/ur_controllers/scaled_joint_trajectory_controller_parameters.hpp
[0.142s] -- Up-to-date: /home/alberto/Documents/kia_gd_ws/install/ur_controllers/include/ur_controllers/speed_scaling_state_broadcaster_parameters.hpp
[0.142s] -- Up-to-date: /home/alberto/Documents/kia_gd_ws/install/ur_controllers/include/ur_controllers/gpio_controller_parameters.hpp
[0.142s] -- Up-to-date: /home/alberto/Documents/kia_gd_ws/install/ur_controllers/include/ur_controllers/force_mode_controller_parameters.hpp
[0.142s] -- Up-to-date: /home/alberto/Documents/kia_gd_ws/install/ur_controllers/include/ur_controllers/passthrough_trajectory_controller_parameters.hpp
[0.142s] -- Up-to-date: /home/alberto/Documents/kia_gd_ws/install/ur_controllers/include/ur_controllers/freedrive_mode_controller_parameters.hpp
[0.142s] -- Up-to-date: /home/alberto/Documents/kia_gd_ws/install/ur_controllers/include/ur_controllers/tool_contact_controller_parameters.hpp
[0.142s] -- Up-to-date: /home/alberto/Documents/kia_gd_ws/install/ur_controllers/include/ur_controllers
[0.142s] -- Up-to-date: /home/alberto/Documents/kia_gd_ws/install/ur_controllers/include/ur_controllers/ur_configuration_controller_parameters.hpp
[0.142s] -- Up-to-date: /home/alberto/Documents/kia_gd_ws/install/ur_controllers/include/ur_controllers/scaled_joint_trajectory_controller_parameters.hpp
[0.142s] -- Up-to-date: /home/alberto/Documents/kia_gd_ws/install/ur_controllers/include/ur_controllers/speed_scaling_state_broadcaster_parameters.hpp
[0.142s] -- Up-to-date: /home/alberto/Documents/kia_gd_ws/install/ur_controllers/include/ur_controllers/gpio_controller_parameters.hpp
[0.142s] -- Up-to-date: /home/alberto/Documents/kia_gd_ws/install/ur_controllers/include/ur_controllers/force_mode_controller_parameters.hpp
[0.142s] -- Up-to-date: /home/alberto/Documents/kia_gd_ws/install/ur_controllers/include/ur_controllers/passthrough_trajectory_controller_parameters.hpp
[0.142s] -- Up-to-date: /home/alberto/Documents/kia_gd_ws/install/ur_controllers/include/ur_controllers/freedrive_mode_controller_parameters.hpp
[0.142s] -- Up-to-date: /home/alberto/Documents/kia_gd_ws/install/ur_controllers/include/ur_controllers/tool_contact_controller_parameters.hpp
[0.143s] -- Up-to-date: /home/alberto/Documents/kia_gd_ws/install/ur_controllers/include/ur_controllers
[0.143s] -- Up-to-date: /home/alberto/Documents/kia_gd_ws/install/ur_controllers/include/ur_controllers/ur_configuration_controller_parameters.hpp
[0.143s] -- Up-to-date: /home/alberto/Documents/kia_gd_ws/install/ur_controllers/include/ur_controllers/scaled_joint_trajectory_controller_parameters.hpp
[0.143s] -- Up-to-date: /home/alberto/Documents/kia_gd_ws/install/ur_controllers/include/ur_controllers/speed_scaling_state_broadcaster_parameters.hpp
[0.143s] -- Up-to-date: /home/alberto/Documents/kia_gd_ws/install/ur_controllers/include/ur_controllers/gpio_controller_parameters.hpp
[0.143s] -- Up-to-date: /home/alberto/Documents/kia_gd_ws/install/ur_controllers/include/ur_controllers/force_mode_controller_parameters.hpp
[0.143s] -- Up-to-date: /home/alberto/Documents/kia_gd_ws/install/ur_controllers/include/ur_controllers/passthrough_trajectory_controller_parameters.hpp
[0.143s] -- Up-to-date: /home/alberto/Documents/kia_gd_ws/install/ur_controllers/include/ur_controllers/freedrive_mode_controller_parameters.hpp
[0.143s] -- Up-to-date: /home/alberto/Documents/kia_gd_ws/install/ur_controllers/include/ur_controllers/tool_contact_controller_parameters.hpp
[0.143s] -- Up-to-date: /home/alberto/Documents/kia_gd_ws/install/ur_controllers/include/ur_controllers
[0.143s] -- Up-to-date: /home/alberto/Documents/kia_gd_ws/install/ur_controllers/include/ur_controllers/ur_configuration_controller_parameters.hpp
[0.143s] -- Up-to-date: /home/alberto/Documents/kia_gd_ws/install/ur_controllers/include/ur_controllers/scaled_joint_trajectory_controller_parameters.hpp
[0.143s] -- Up-to-date: /home/alberto/Documents/kia_gd_ws/install/ur_controllers/include/ur_controllers/speed_scaling_state_broadcaster_parameters.hpp
[0.143s] -- Up-to-date: /home/alberto/Documents/kia_gd_ws/install/ur_controllers/include/ur_controllers/gpio_controller_parameters.hpp
[0.143s] -- Up-to-date: /home/alberto/Documents/kia_gd_ws/install/ur_controllers/include/ur_controllers/force_mode_controller_parameters.hpp
[0.143s] -- Up-to-date: /home/alberto/Documents/kia_gd_ws/install/ur_controllers/include/ur_controllers/passthrough_trajectory_controller_parameters.hpp
[0.143s] -- Up-to-date: /home/alberto/Documents/kia_gd_ws/install/ur_controllers/include/ur_controllers/freedrive_mode_controller_parameters.hpp
[0.143s] -- Up-to-date: /home/alberto/Documents/kia_gd_ws/install/ur_controllers/include/ur_controllers/tool_contact_controller_parameters.hpp
[0.143s] -- Up-to-date: /home/alberto/Documents/kia_gd_ws/install/ur_controllers/include/ur_controllers
[0.143s] -- Up-to-date: /home/alberto/Documents/kia_gd_ws/install/ur_controllers/include/ur_controllers/ur_configuration_controller_parameters.hpp
[0.143s] -- Up-to-date: /home/alberto/Documents/kia_gd_ws/install/ur_controllers/include/ur_controllers/scaled_joint_trajectory_controller_parameters.hpp
[0.143s] -- Up-to-date: /home/alberto/Documents/kia_gd_ws/install/ur_controllers/include/ur_controllers/speed_scaling_state_broadcaster_parameters.hpp
[0.143s] -- Up-to-date: /home/alberto/Documents/kia_gd_ws/install/ur_controllers/include/ur_controllers/gpio_controller_parameters.hpp
[0.144s] -- Up-to-date: /home/alberto/Documents/kia_gd_ws/install/ur_controllers/include/ur_controllers/force_mode_controller_parameters.hpp
[0.144s] -- Up-to-date: /home/alberto/Documents/kia_gd_ws/install/ur_controllers/include/ur_controllers/passthrough_trajectory_controller_parameters.hpp
[0.144s] -- Up-to-date: /home/alberto/Documents/kia_gd_ws/install/ur_controllers/include/ur_controllers/freedrive_mode_controller_parameters.hpp
[0.144s] -- Up-to-date: /home/alberto/Documents/kia_gd_ws/install/ur_controllers/include/ur_controllers/tool_contact_controller_parameters.hpp
[0.144s] -- Up-to-date: /home/alberto/Documents/kia_gd_ws/install/ur_controllers/include/ur_controllers
[0.144s] -- Up-to-date: /home/alberto/Documents/kia_gd_ws/install/ur_controllers/include/ur_controllers/ur_configuration_controller_parameters.hpp
[0.144s] -- Up-to-date: /home/alberto/Documents/kia_gd_ws/install/ur_controllers/include/ur_controllers/scaled_joint_trajectory_controller_parameters.hpp
[0.144s] -- Up-to-date: /home/alberto/Documents/kia_gd_ws/install/ur_controllers/include/ur_controllers/speed_scaling_state_broadcaster_parameters.hpp
[0.144s] -- Up-to-date: /home/alberto/Documents/kia_gd_ws/install/ur_controllers/include/ur_controllers/gpio_controller_parameters.hpp
[0.144s] -- Up-to-date: /home/alberto/Documents/kia_gd_ws/install/ur_controllers/include/ur_controllers/force_mode_controller_parameters.hpp
[0.144s] -- Up-to-date: /home/alberto/Documents/kia_gd_ws/install/ur_controllers/include/ur_controllers/passthrough_trajectory_controller_parameters.hpp
[0.144s] -- Up-to-date: /home/alberto/Documents/kia_gd_ws/install/ur_controllers/include/ur_controllers/freedrive_mode_controller_parameters.hpp
[0.144s] -- Up-to-date: /home/alberto/Documents/kia_gd_ws/install/ur_controllers/include/ur_controllers/tool_contact_controller_parameters.hpp
[0.144s] -- Up-to-date: /home/alberto/Documents/kia_gd_ws/install/ur_controllers/include/ur_controllers
[0.144s] -- Up-to-date: /home/alberto/Documents/kia_gd_ws/install/ur_controllers/include/ur_controllers/ur_configuration_controller_parameters.hpp
[0.144s] -- Up-to-date: /home/alberto/Documents/kia_gd_ws/install/ur_controllers/include/ur_controllers/scaled_joint_trajectory_controller_parameters.hpp
[0.144s] -- Up-to-date: /home/alberto/Documents/kia_gd_ws/install/ur_controllers/include/ur_controllers/speed_scaling_state_broadcaster_parameters.hpp
[0.144s] -- Up-to-date: /home/alberto/Documents/kia_gd_ws/install/ur_controllers/include/ur_controllers/gpio_controller_parameters.hpp
[0.144s] -- Up-to-date: /home/alberto/Documents/kia_gd_ws/install/ur_controllers/include/ur_controllers/force_mode_controller_parameters.hpp
[0.144s] -- Up-to-date: /home/alberto/Documents/kia_gd_ws/install/ur_controllers/include/ur_controllers/passthrough_trajectory_controller_parameters.hpp
[0.144s] -- Up-to-date: /home/alberto/Documents/kia_gd_ws/install/ur_controllers/include/ur_controllers/freedrive_mode_controller_parameters.hpp
[0.144s] -- Up-to-date: /home/alberto/Documents/kia_gd_ws/install/ur_controllers/include/ur_controllers/tool_contact_controller_parameters.hpp
[0.144s] -- Up-to-date: /home/alberto/Documents/kia_gd_ws/install/ur_controllers/share/ur_controllers/controller_plugins.xml
[0.144s] -- Up-to-date: /home/alberto/Documents/kia_gd_ws/install/ur_controllers/lib/libur_controllers.so
[0.145s] -- Up-to-date: /home/alberto/Documents/kia_gd_ws/install/ur_controllers/include
[0.145s] -- Up-to-date: /home/alberto/Documents/kia_gd_ws/install/ur_controllers/include/ur_controllers
[0.145s] -- Up-to-date: /home/alberto/Documents/kia_gd_ws/install/ur_controllers/include/ur_controllers/gpio_controller.hpp
[0.145s] -- Up-to-date: /home/alberto/Documents/kia_gd_ws/install/ur_controllers/include/ur_controllers/freedrive_mode_controller.hpp
[0.145s] -- Up-to-date: /home/alberto/Documents/kia_gd_ws/install/ur_controllers/include/ur_controllers/scaled_joint_trajectory_controller.hpp
[0.145s] -- Up-to-date: /home/alberto/Documents/kia_gd_ws/install/ur_controllers/include/ur_controllers/force_mode_controller.hpp
[0.145s] -- Up-to-date: /home/alberto/Documents/kia_gd_ws/install/ur_controllers/include/ur_controllers/tool_contact_controller.hpp
[0.145s] -- Up-to-date: /home/alberto/Documents/kia_gd_ws/install/ur_controllers/include/ur_controllers/ur_configuration_controller.hpp
[0.145s] -- Up-to-date: /home/alberto/Documents/kia_gd_ws/install/ur_controllers/include/ur_controllers/speed_scaling_state_broadcaster.hpp
[0.145s] -- Up-to-date: /home/alberto/Documents/kia_gd_ws/install/ur_controllers/include/ur_controllers/passthrough_trajectory_controller.hpp
[0.145s] -- Up-to-date: /home/alberto/Documents/kia_gd_ws/install/ur_controllers/share/ur_controllers/controller_plugins.xml
[0.145s] -- Up-to-date: /home/alberto/Documents/kia_gd_ws/install/ur_controllers/share/ur_controllers/environment/library_path.sh
[0.145s] -- Up-to-date: /home/alberto/Documents/kia_gd_ws/install/ur_controllers/share/ur_controllers/environment/library_path.dsv
[0.145s] -- Up-to-date: /home/alberto/Documents/kia_gd_ws/install/ur_controllers/share/ament_index/resource_index/package_run_dependencies/ur_controllers
[0.145s] -- Up-to-date: /home/alberto/Documents/kia_gd_ws/install/ur_controllers/share/ament_index/resource_index/parent_prefix_path/ur_controllers
[0.145s] -- Up-to-date: /home/alberto/Documents/kia_gd_ws/install/ur_controllers/share/ur_controllers/environment/ament_prefix_path.sh
[0.145s] -- Up-to-date: /home/alberto/Documents/kia_gd_ws/install/ur_controllers/share/ur_controllers/environment/ament_prefix_path.dsv
[0.145s] -- Up-to-date: /home/alberto/Documents/kia_gd_ws/install/ur_controllers/share/ur_controllers/environment/path.sh
[0.145s] -- Up-to-date: /home/alberto/Documents/kia_gd_ws/install/ur_controllers/share/ur_controllers/environment/path.dsv
[0.145s] -- Up-to-date: /home/alberto/Documents/kia_gd_ws/install/ur_controllers/share/ur_controllers/local_setup.bash
[0.146s] -- Up-to-date: /home/alberto/Documents/kia_gd_ws/install/ur_controllers/share/ur_controllers/local_setup.sh
[0.146s] -- Up-to-date: /home/alberto/Documents/kia_gd_ws/install/ur_controllers/share/ur_controllers/local_setup.zsh
[0.146s] -- Up-to-date: /home/alberto/Documents/kia_gd_ws/install/ur_controllers/share/ur_controllers/local_setup.dsv
[0.146s] -- Installing: /home/alberto/Documents/kia_gd_ws/install/ur_controllers/share/ur_controllers/package.dsv
[0.146s] -- Up-to-date: /home/alberto/Documents/kia_gd_ws/install/ur_controllers/share/ament_index/resource_index/packages/ur_controllers
[0.146s] -- Up-to-date: /home/alberto/Documents/kia_gd_ws/install/ur_controllers/share/ament_index/resource_index/controller_interface__pluginlib__plugin/ur_controllers
[0.146s] -- Up-to-date: /home/alberto/Documents/kia_gd_ws/install/ur_controllers/share/ur_controllers/cmake/ament_cmake_export_dependencies-extras.cmake
[0.146s] -- Up-to-date: /home/alberto/Documents/kia_gd_ws/install/ur_controllers/share/ur_controllers/cmake/ament_cmake_export_include_directories-extras.cmake
[0.146s] -- Up-to-date: /home/alberto/Documents/kia_gd_ws/install/ur_controllers/share/ur_controllers/cmake/ament_cmake_export_libraries-extras.cmake
[0.147s] -- Up-to-date: /home/alberto/Documents/kia_gd_ws/install/ur_controllers/share/ur_controllers/cmake/ur_controllersConfig.cmake
[0.147s] -- Up-to-date: /home/alberto/Documents/kia_gd_ws/install/ur_controllers/share/ur_controllers/cmake/ur_controllersConfig-version.cmake
[0.147s] -- Up-to-date: /home/alberto/Documents/kia_gd_ws/install/ur_controllers/share/ur_controllers/package.xml
[0.147s] Invoked command in '/home/alberto/Documents/kia_gd_ws/build/ur_controllers' returned '0': CMAKE_PREFIX_PATH=/home/alberto/Documents/kia_gd_ws/install/ur_dashboard_msgs:/home/alberto/Documents/kia_gd_ws/install/ur:/home/alberto/Documents/kia_gd_ws/install/ur_calibration:/home/alberto/Documents/kia_gd_ws/install/ur_robot_driver:/home/alberto/Documents/kia_gd_ws/install/ur_moveit_config:/home/alberto/Documents/kia_gd_ws/install/ur_bringup:/home/alberto/Documents/kia_gd_ws/install/ur_controllers:/home/alberto/Documents/kia_gd_ws/install/kia_gd:/home/alberto/install/vectornav:/home/alberto/install/vectornav_msgs:/home/alberto/install/uuv_teleop:/home/alberto/install/uuv_description:/home/alberto/install/sub:/home/alberto/install/pid:/home/alberto/ros2_ws/install/docker_test:/opt/ros/humble:/home/alberto/install/catkin:/home/alberto/ros2_ws/install/sub:/home/alberto/ros2_ws/install/pid:/home/alberto/ros2_ws/install/catkin:/home/alberto/uuv/install/uuv LD_LIBRARY_PATH=/home/alberto/Documents/kia_gd_ws/install/ur_dashboard_msgs/lib:/home/alberto/Documents/kia_gd_ws/install/ur_robot_driver/lib:/home/alberto/Documents/kia_gd_ws/install/ur_controllers/lib:/home/alberto/install/vectornav/lib:/home/alberto/install/vectornav_msgs/lib:/opt/ros/humble/opt/rviz_ogre_vendor/lib:/opt/ros/humble/lib/x86_64-linux-gnu:/opt/ros/humble/lib /usr/bin/cmake --install /home/alberto/Documents/kia_gd_ws/build/ur_controllers
