[0.010s] Invoking command in '/home/alberto/Documents/kia_gd_ws/build/ur_ros_rtde': AMENT_PREFIX_PATH=/home/alberto/Documents/kia_gd_ws/install/ur_ros_rtde_simple_clients:/home/alberto/Documents/kia_gd_ws/install/ur_ros_rtde_msgs:${AMENT_PREFIX_PATH} CMAKE_PREFIX_PATH=/home/alberto/Documents/kia_gd_ws/install/ur_ros_rtde_simple_clients:/home/alberto/Documents/kia_gd_ws/install/ur_ros_rtde_msgs:/home/alberto/Documents/kia_gd_ws/install/ur:/home/alberto/Documents/kia_gd_ws/install/ur_calibration:/home/alberto/Documents/kia_gd_ws/install/ur_robot_driver:/home/alberto/Documents/kia_gd_ws/install/ur_moveit_config:/home/alberto/Documents/kia_gd_ws/install/ur_bringup:/home/alberto/Documents/kia_gd_ws/install/ur_controllers:/home/alberto/Documents/kia_gd_ws/install/ur_dashboard_msgs:/home/alberto/Documents/kia_gd_ws/install/kia_gd:/home/alberto/install/vectornav:/home/alberto/install/vectornav_msgs:/home/alberto/install/uuv_teleop:/home/alberto/install/uuv_description:/home/alberto/install/sub:/home/alberto/install/pid:/home/alberto/ros2_ws/install/docker_test:/opt/ros/humble:/home/alberto/install/catkin:/home/alberto/ros2_ws/install/sub:/home/alberto/ros2_ws/install/pid:/home/alberto/ros2_ws/install/catkin:/home/alberto/uuv/install/uuv LD_LIBRARY_PATH=/home/alberto/Documents/kia_gd_ws/install/ur_ros_rtde_msgs/lib:${LD_LIBRARY_PATH} PYTHONPATH=/home/alberto/Documents/kia_gd_ws/install/ur_ros_rtde_msgs/local/lib/python3.10/dist-packages:${PYTHONPATH} /usr/bin/cmake /home/alberto/Documents/kia_gd_ws/src/ur_ros_rtde/ur_ros_rtde -DCMAKE_BUILD_TYPE=Release -DAMENT_CMAKE_SYMLINK_INSTALL=1 -DCMAKE_INSTALL_PREFIX=/home/alberto/Documents/kia_gd_ws/install/ur_ros_rtde
[0.054s] -- The C compiler identification is GNU 11.4.0
[0.099s] -- The CXX compiler identification is GNU 11.4.0
[0.105s] -- Detecting C compiler ABI info
[0.161s] -- Detecting C compiler ABI info - done
[0.166s] -- Check for working C compiler: /usr/bin/cc - skipped
[0.166s] -- Detecting C compile features
[0.167s] -- Detecting C compile features - done
[0.169s] -- Detecting CXX compiler ABI info
[0.235s] -- Detecting CXX compiler ABI info - done
[0.242s] -- Check for working CXX compiler: /usr/bin/c++ - skipped
[0.242s] -- Detecting CXX compile features
[0.243s] -- Detecting CXX compile features - done
[0.403s] -- Found Boost: /usr/lib/x86_64-linux-gnu/cmake/Boost-1.74.0/BoostConfig.cmake (found version "1.74.0") found components: system thread 
[0.406s] -- Found ur_ros_rtde_msgs: 0.0.0 (/home/alberto/Documents/kia_gd_ws/install/ur_ros_rtde_msgs/share/ur_ros_rtde_msgs/cmake)
[0.768s] -- Found Python3: /usr/bin/python3 (found version "3.10.12") found components: Interpreter 
[0.831s] -- Override CMake install command with custom implementation using symlinks instead of copying resources
[0.906s] -- Found rosidl_generator_c: 3.1.7 (/opt/ros/humble/share/rosidl_generator_c/cmake)
[0.914s] -- Found rosidl_adapter: 3.1.7 (/opt/ros/humble/share/rosidl_adapter/cmake)
[0.927s] -- Found rosidl_generator_cpp: 3.1.7 (/opt/ros/humble/share/rosidl_generator_cpp/cmake)
[0.942s] -- Using all available rosidl_typesupport_c: rosidl_typesupport_fastrtps_c;rosidl_typesupport_introspection_c
[0.962s] -- Using all available rosidl_typesupport_cpp: rosidl_typesupport_fastrtps_cpp;rosidl_typesupport_introspection_cpp
[1.085s] -- Found std_srvs: 4.9.0 (/opt/ros/humble/share/std_srvs/cmake)
[1.098s] -- Found visualization_msgs: 4.9.0 (/opt/ros/humble/share/visualization_msgs/cmake)
[1.121s] -- Found tf2_ros: 0.25.16 (/opt/ros/humble/share/tf2_ros/cmake)
[1.224s] -- Found rmw_implementation_cmake: 6.1.2 (/opt/ros/humble/share/rmw_implementation_cmake/cmake)
[1.230s] -- Found rmw_fastrtps_cpp: 6.2.9 (/opt/ros/humble/share/rmw_fastrtps_cpp/cmake)
[1.342s] -- Found OpenSSL: /usr/lib/x86_64-linux-gnu/libcrypto.so (found version "3.0.2")  
[1.374s] -- Found FastRTPS: /opt/ros/humble/include  
[1.419s] -- Using RMW implementation 'rmw_fastrtps_cpp' as default
[1.435s] -- Found Threads: TRUE  
[1.547s] -- Found ur_ros_rtde_simple_clients: 0.0.0 (/home/alberto/Documents/kia_gd_ws/install/ur_ros_rtde_simple_clients/share/ur_ros_rtde_simple_clients/cmake)
[1.551s] -- Found pluginlib: 5.1.2 (/opt/ros/humble/share/pluginlib/cmake)
[1.575s] -- Found ament_lint_auto: 0.12.14 (/opt/ros/humble/share/ament_lint_auto/cmake)
[1.729s] -- Added test 'cppcheck' to perform static code analysis on C / C++ code
[1.729s] -- Configured cppcheck include dirs: /home/alberto/Documents/kia_gd_ws/src/ur_ros_rtde/ur_ros_rtde/include;$<BUILD_INTERFACE:/home/alberto/Documents/kia_gd_ws/src/ur_ros_rtde/ur_ros_rtde/include>
[1.730s] -- Configured cppcheck exclude dirs and/or files: 
[1.731s] -- Added test 'flake8' to check Python code syntax and style conventions
[1.732s] -- Added test 'lint_cmake' to check CMake code style
[1.733s] -- Added test 'pep257' to check Python code against some of the docstring style conventions in PEP 257
[1.735s] -- Added test 'uncrustify' to check C / C++ code style
[1.735s] -- Configured uncrustify additional arguments: 
[1.736s] -- Added test 'xmllint' to check XML markup files
[1.739s] -- Configuring done
[1.782s] -- Generating done
[1.797s] -- Build files have been written to: /home/alberto/Documents/kia_gd_ws/build/ur_ros_rtde
[1.808s] Invoked command in '/home/alberto/Documents/kia_gd_ws/build/ur_ros_rtde' returned '0': AMENT_PREFIX_PATH=/home/alberto/Documents/kia_gd_ws/install/ur_ros_rtde_simple_clients:/home/alberto/Documents/kia_gd_ws/install/ur_ros_rtde_msgs:${AMENT_PREFIX_PATH} CMAKE_PREFIX_PATH=/home/alberto/Documents/kia_gd_ws/install/ur_ros_rtde_simple_clients:/home/alberto/Documents/kia_gd_ws/install/ur_ros_rtde_msgs:/home/alberto/Documents/kia_gd_ws/install/ur:/home/alberto/Documents/kia_gd_ws/install/ur_calibration:/home/alberto/Documents/kia_gd_ws/install/ur_robot_driver:/home/alberto/Documents/kia_gd_ws/install/ur_moveit_config:/home/alberto/Documents/kia_gd_ws/install/ur_bringup:/home/alberto/Documents/kia_gd_ws/install/ur_controllers:/home/alberto/Documents/kia_gd_ws/install/ur_dashboard_msgs:/home/alberto/Documents/kia_gd_ws/install/kia_gd:/home/alberto/install/vectornav:/home/alberto/install/vectornav_msgs:/home/alberto/install/uuv_teleop:/home/alberto/install/uuv_description:/home/alberto/install/sub:/home/alberto/install/pid:/home/alberto/ros2_ws/install/docker_test:/opt/ros/humble:/home/alberto/install/catkin:/home/alberto/ros2_ws/install/sub:/home/alberto/ros2_ws/install/pid:/home/alberto/ros2_ws/install/catkin:/home/alberto/uuv/install/uuv LD_LIBRARY_PATH=/home/alberto/Documents/kia_gd_ws/install/ur_ros_rtde_msgs/lib:${LD_LIBRARY_PATH} PYTHONPATH=/home/alberto/Documents/kia_gd_ws/install/ur_ros_rtde_msgs/local/lib/python3.10/dist-packages:${PYTHONPATH} /usr/bin/cmake /home/alberto/Documents/kia_gd_ws/src/ur_ros_rtde/ur_ros_rtde -DCMAKE_BUILD_TYPE=Release -DAMENT_CMAKE_SYMLINK_INSTALL=1 -DCMAKE_INSTALL_PREFIX=/home/alberto/Documents/kia_gd_ws/install/ur_ros_rtde
[1.809s] Invoking command in '/home/alberto/Documents/kia_gd_ws/build/ur_ros_rtde': AMENT_PREFIX_PATH=/home/alberto/Documents/kia_gd_ws/install/ur_ros_rtde_simple_clients:/home/alberto/Documents/kia_gd_ws/install/ur_ros_rtde_msgs:${AMENT_PREFIX_PATH} CMAKE_PREFIX_PATH=/home/alberto/Documents/kia_gd_ws/install/ur_ros_rtde_simple_clients:/home/alberto/Documents/kia_gd_ws/install/ur_ros_rtde_msgs:/home/alberto/Documents/kia_gd_ws/install/ur:/home/alberto/Documents/kia_gd_ws/install/ur_calibration:/home/alberto/Documents/kia_gd_ws/install/ur_robot_driver:/home/alberto/Documents/kia_gd_ws/install/ur_moveit_config:/home/alberto/Documents/kia_gd_ws/install/ur_bringup:/home/alberto/Documents/kia_gd_ws/install/ur_controllers:/home/alberto/Documents/kia_gd_ws/install/ur_dashboard_msgs:/home/alberto/Documents/kia_gd_ws/install/kia_gd:/home/alberto/install/vectornav:/home/alberto/install/vectornav_msgs:/home/alberto/install/uuv_teleop:/home/alberto/install/uuv_description:/home/alberto/install/sub:/home/alberto/install/pid:/home/alberto/ros2_ws/install/docker_test:/opt/ros/humble:/home/alberto/install/catkin:/home/alberto/ros2_ws/install/sub:/home/alberto/ros2_ws/install/pid:/home/alberto/ros2_ws/install/catkin:/home/alberto/uuv/install/uuv LD_LIBRARY_PATH=/home/alberto/Documents/kia_gd_ws/install/ur_ros_rtde_msgs/lib:${LD_LIBRARY_PATH} PYTHONPATH=/home/alberto/Documents/kia_gd_ws/install/ur_ros_rtde_msgs/local/lib/python3.10/dist-packages:${PYTHONPATH} /usr/bin/cmake --build /home/alberto/Documents/kia_gd_ws/build/ur_ros_rtde -- -j8 -l8
[1.875s] [  2%] [32mBuilding CXX object CMakeFiles/base_commands_lib.dir/src/base_commands/execute_path.cpp.o[0m
[1.878s] [  6%] [32mBuilding CXX object CMakeFiles/base_commands_lib.dir/src/base_commands/execute_trajectory.cpp.o[0m
[1.878s] [  4%] Built target generate_control_script
[1.879s] [  8%] [32mBuilding CXX object CMakeFiles/robot_state_receiver.dir/src/robot_state_receiver.cpp.o[0m
[1.879s] [ 10%] [32mBuilding CXX object CMakeFiles/base_commands_lib.dir/src/base_commands/execute_parametrized_trajectory.cpp.o[0m
[1.879s] [ 12%] [32mBuilding CXX object CMakeFiles/dashboard_server.dir/src/dashboard_server.cpp.o[0m
[1.884s] [ 14%] [32mBuilding CXX object CMakeFiles/base_commands_lib.dir/src/base_commands/move_j.cpp.o[0m
[1.890s] [ 16%] [32mBuilding CXX object CMakeFiles/base_dashboard_commands_lib.dir/src/base_dashboard_commands/add_to_log.cpp.o[0m
[1.902s] [ 18%] [32mBuilding CXX object CMakeFiles/base_dashboard_commands_lib.dir/src/base_dashboard_commands/brake_release.cpp.o[0m
[17.686s] [ 20%] [32mBuilding CXX object CMakeFiles/base_commands_lib.dir/src/base_commands/move_j_relative.cpp.o[0m
[18.378s] [ 22%] [32mBuilding CXX object CMakeFiles/base_dashboard_commands_lib.dir/src/base_dashboard_commands/close_popup.cpp.o[0m
[18.557s] [ 24%] [32mBuilding CXX object CMakeFiles/command_server.dir/src/command_server.cpp.o[0m
[18.615s] [ 26%] [32mBuilding CXX object CMakeFiles/base_dashboard_commands_lib.dir/src/base_dashboard_commands/close_safety_popup.cpp.o[0m
[21.655s] [ 28%] [32mBuilding CXX object CMakeFiles/base_commands_lib.dir/src/base_commands/move_l.cpp.o[0m
[23.492s] [ 30%] [32mBuilding CXX object CMakeFiles/base_dashboard_commands_lib.dir/src/base_dashboard_commands/get_loaded_program.cpp.o[0m
[23.710s] [ 32%] [32m[1mLinking CXX executable dashboard_server[0m
[24.355s] [ 32%] Built target dashboard_server
[24.370s] [ 34%] [32mBuilding CXX object CMakeFiles/base_commands_lib.dir/src/base_commands/move_l_relative.cpp.o[0m
[33.387s] [ 36%] [32mBuilding CXX object CMakeFiles/base_dashboard_commands_lib.dir/src/base_dashboard_commands/get_robot_model.cpp.o[0m
[34.699s] [ 38%] [32mBuilding CXX object CMakeFiles/base_dashboard_commands_lib.dir/src/base_dashboard_commands/get_serial_number.cpp.o[0m
[35.703s] [ 40%] [32mBuilding CXX object CMakeFiles/base_commands_lib.dir/src/base_commands/move_until_contact.cpp.o[0m
[37.958s] [ 42%] [32mBuilding CXX object CMakeFiles/base_dashboard_commands_lib.dir/src/base_dashboard_commands/is_in_remote_control.cpp.o[0m
[39.476s] [ 44%] [32mBuilding CXX object CMakeFiles/base_dashboard_commands_lib.dir/src/base_dashboard_commands/is_program_saved.cpp.o[0m
[40.877s] [ 46%] [32mBuilding CXX object CMakeFiles/base_commands_lib.dir/src/base_commands/move_until_force.cpp.o[0m
[47.790s] [ 48%] [32m[1mLinking CXX executable command_server[0m
[48.100s] [ 48%] Built target command_server
[48.114s] [ 51%] [32mBuilding CXX object CMakeFiles/base_commands_lib.dir/src/base_commands/move_until_torque.cpp.o[0m
[48.525s] [ 53%] [32mBuilding CXX object CMakeFiles/base_commands_lib.dir/src/base_commands/reset_force_torque_sensor.cpp.o[0m
[49.866s] [ 55%] [32mBuilding CXX object CMakeFiles/base_commands_lib.dir/src/base_commands/send_custom_script.cpp.o[0m
[50.614s] [ 57%] [32mBuilding CXX object CMakeFiles/base_dashboard_commands_lib.dir/src/base_dashboard_commands/load_urp.cpp.o[0m
[52.393s] [ 59%] [32m[1mLinking CXX executable robot_state_receiver[0m
[52.445s] [ 61%] [32mBuilding CXX object CMakeFiles/base_dashboard_commands_lib.dir/src/base_dashboard_commands/pause.cpp.o[0m
[52.948s] [ 61%] Built target robot_state_receiver
[53.966s] [ 63%] [32mBuilding CXX object CMakeFiles/base_dashboard_commands_lib.dir/src/base_dashboard_commands/play.cpp.o[0m
[54.269s] [ 65%] [32mBuilding CXX object CMakeFiles/base_commands_lib.dir/src/base_commands/set_digital_pin.cpp.o[0m
[55.886s] [ 67%] [32mBuilding CXX object CMakeFiles/base_dashboard_commands_lib.dir/src/base_dashboard_commands/polyscope_version.cpp.o[0m
[66.417s] [ 69%] [32mBuilding CXX object CMakeFiles/base_dashboard_commands_lib.dir/src/base_dashboard_commands/power_on.cpp.o[0m
[66.418s] [ 71%] [32mBuilding CXX object CMakeFiles/base_commands_lib.dir/src/base_commands/set_payload.cpp.o[0m
[66.421s] [ 73%] [32mBuilding CXX object CMakeFiles/base_commands_lib.dir/src/base_commands/set_speed_slider.cpp.o[0m
[66.521s] [ 75%] [32mBuilding CXX object CMakeFiles/base_dashboard_commands_lib.dir/src/base_dashboard_commands/power_off.cpp.o[0m
[67.536s] [ 77%] [32mBuilding CXX object CMakeFiles/base_dashboard_commands_lib.dir/src/base_dashboard_commands/program_state.cpp.o[0m
[67.732s] [ 79%] [32mBuilding CXX object CMakeFiles/base_dashboard_commands_lib.dir/src/base_dashboard_commands/popup.cpp.o[0m
[68.751s] [ 81%] [32mBuilding CXX object CMakeFiles/base_dashboard_commands_lib.dir/src/base_dashboard_commands/restart_safety.cpp.o[0m
[78.461s] [ 83%] [32mBuilding CXX object CMakeFiles/base_dashboard_commands_lib.dir/src/base_dashboard_commands/robot_mode.cpp.o[0m
[78.965s] [ 85%] [32mBuilding CXX object CMakeFiles/base_dashboard_commands_lib.dir/src/base_dashboard_commands/running.cpp.o[0m
[79.000s] [ 87%] [32mBuilding CXX object CMakeFiles/base_commands_lib.dir/src/base_commands/set_free_drive.cpp.o[0m
[80.054s] [ 89%] [32mBuilding CXX object CMakeFiles/base_dashboard_commands_lib.dir/src/base_dashboard_commands/safety_status.cpp.o[0m
[80.141s] [ 91%] [32mBuilding CXX object CMakeFiles/base_dashboard_commands_lib.dir/src/base_dashboard_commands/safety_mode.cpp.o[0m
[80.581s] [ 93%] [32mBuilding CXX object CMakeFiles/base_dashboard_commands_lib.dir/src/base_dashboard_commands/shutdown.cpp.o[0m
[81.509s] [ 95%] [32mBuilding CXX object CMakeFiles/base_dashboard_commands_lib.dir/src/base_dashboard_commands/unlock_protective_stop.cpp.o[0m
[92.320s] [ 97%] [32m[1mLinking CXX shared library libbase_commands_lib.so[0m
[92.691s] [ 97%] Built target base_commands_lib
[92.926s] [100%] [32m[1mLinking CXX shared library libbase_dashboard_commands_lib.so[0m
[93.350s] [100%] Built target base_dashboard_commands_lib
[93.364s] Invoked command in '/home/alberto/Documents/kia_gd_ws/build/ur_ros_rtde' returned '0': AMENT_PREFIX_PATH=/home/alberto/Documents/kia_gd_ws/install/ur_ros_rtde_simple_clients:/home/alberto/Documents/kia_gd_ws/install/ur_ros_rtde_msgs:${AMENT_PREFIX_PATH} CMAKE_PREFIX_PATH=/home/alberto/Documents/kia_gd_ws/install/ur_ros_rtde_simple_clients:/home/alberto/Documents/kia_gd_ws/install/ur_ros_rtde_msgs:/home/alberto/Documents/kia_gd_ws/install/ur:/home/alberto/Documents/kia_gd_ws/install/ur_calibration:/home/alberto/Documents/kia_gd_ws/install/ur_robot_driver:/home/alberto/Documents/kia_gd_ws/install/ur_moveit_config:/home/alberto/Documents/kia_gd_ws/install/ur_bringup:/home/alberto/Documents/kia_gd_ws/install/ur_controllers:/home/alberto/Documents/kia_gd_ws/install/ur_dashboard_msgs:/home/alberto/Documents/kia_gd_ws/install/kia_gd:/home/alberto/install/vectornav:/home/alberto/install/vectornav_msgs:/home/alberto/install/uuv_teleop:/home/alberto/install/uuv_description:/home/alberto/install/sub:/home/alberto/install/pid:/home/alberto/ros2_ws/install/docker_test:/opt/ros/humble:/home/alberto/install/catkin:/home/alberto/ros2_ws/install/sub:/home/alberto/ros2_ws/install/pid:/home/alberto/ros2_ws/install/catkin:/home/alberto/uuv/install/uuv LD_LIBRARY_PATH=/home/alberto/Documents/kia_gd_ws/install/ur_ros_rtde_msgs/lib:${LD_LIBRARY_PATH} PYTHONPATH=/home/alberto/Documents/kia_gd_ws/install/ur_ros_rtde_msgs/local/lib/python3.10/dist-packages:${PYTHONPATH} /usr/bin/cmake --build /home/alberto/Documents/kia_gd_ws/build/ur_ros_rtde -- -j8 -l8
[93.366s] Invoking command in '/home/alberto/Documents/kia_gd_ws/build/ur_ros_rtde': AMENT_PREFIX_PATH=/home/alberto/Documents/kia_gd_ws/install/ur_ros_rtde_simple_clients:/home/alberto/Documents/kia_gd_ws/install/ur_ros_rtde_msgs:${AMENT_PREFIX_PATH} CMAKE_PREFIX_PATH=/home/alberto/Documents/kia_gd_ws/install/ur_ros_rtde_simple_clients:/home/alberto/Documents/kia_gd_ws/install/ur_ros_rtde_msgs:/home/alberto/Documents/kia_gd_ws/install/ur:/home/alberto/Documents/kia_gd_ws/install/ur_calibration:/home/alberto/Documents/kia_gd_ws/install/ur_robot_driver:/home/alberto/Documents/kia_gd_ws/install/ur_moveit_config:/home/alberto/Documents/kia_gd_ws/install/ur_bringup:/home/alberto/Documents/kia_gd_ws/install/ur_controllers:/home/alberto/Documents/kia_gd_ws/install/ur_dashboard_msgs:/home/alberto/Documents/kia_gd_ws/install/kia_gd:/home/alberto/install/vectornav:/home/alberto/install/vectornav_msgs:/home/alberto/install/uuv_teleop:/home/alberto/install/uuv_description:/home/alberto/install/sub:/home/alberto/install/pid:/home/alberto/ros2_ws/install/docker_test:/opt/ros/humble:/home/alberto/install/catkin:/home/alberto/ros2_ws/install/sub:/home/alberto/ros2_ws/install/pid:/home/alberto/ros2_ws/install/catkin:/home/alberto/uuv/install/uuv LD_LIBRARY_PATH=/home/alberto/Documents/kia_gd_ws/install/ur_ros_rtde_msgs/lib:${LD_LIBRARY_PATH} PYTHONPATH=/home/alberto/Documents/kia_gd_ws/install/ur_ros_rtde_msgs/local/lib/python3.10/dist-packages:${PYTHONPATH} /usr/bin/cmake --install /home/alberto/Documents/kia_gd_ws/build/ur_ros_rtde
[93.376s] -- Install configuration: "Release"
[93.377s] -- Execute custom install script
[93.377s] -- Symlinking: /home/alberto/Documents/kia_gd_ws/install/ur_ros_rtde/lib/ur_ros_rtde/robot_state_receiver
[93.387s] -- Symlinking: /home/alberto/Documents/kia_gd_ws/install/ur_ros_rtde/lib/ur_ros_rtde/command_server
[93.398s] -- Symlinking: /home/alberto/Documents/kia_gd_ws/install/ur_ros_rtde/share/ur_ros_rtde//plugins.xml
[93.408s] -- Symlinking: /home/alberto/Documents/kia_gd_ws/install/ur_ros_rtde/lib/ur_ros_rtde/dashboard_server
[93.418s] -- Up-to-date symlink: /home/alberto/Documents/kia_gd_ws/install/ur_ros_rtde/share/ur_ros_rtde//plugins.xml
[93.419s] -- Up-to-date symlink: /home/alberto/Documents/kia_gd_ws/install/ur_ros_rtde/share/ur_ros_rtde//plugins.xml
[93.419s] -- Symlinking: /home/alberto/Documents/kia_gd_ws/install/ur_ros_rtde/share/ur_ros_rtde/environment/library_path.sh
[93.431s] -- Symlinking: /home/alberto/Documents/kia_gd_ws/install/ur_ros_rtde/share/ur_ros_rtde/environment/library_path.dsv
[93.440s] -- Symlinking: /home/alberto/Documents/kia_gd_ws/install/ur_ros_rtde/share/ur_ros_rtde//launch/command_server.launch.py
[93.451s] -- Symlinking: /home/alberto/Documents/kia_gd_ws/install/ur_ros_rtde/share/ur_ros_rtde//launch/dashboard_server.launch.py
[93.460s] -- Symlinking: /home/alberto/Documents/kia_gd_ws/install/ur_ros_rtde/share/ur_ros_rtde//launch/robot_state_receiver.launch.py
[93.470s] -- Symlinking: /home/alberto/Documents/kia_gd_ws/install/ur_ros_rtde/share/ur_ros_rtde//config/rtde_control.script
[93.479s] -- Symlinking: /home/alberto/Documents/kia_gd_ws/install/ur_ros_rtde/share/ur_ros_rtde//config/ur_rtde_5221785.patch
[93.489s] -- Symlinking: /home/alberto/Documents/kia_gd_ws/install/ur_ros_rtde/include/ur_ros_rtde/command_base_class.hpp
[93.498s] -- Symlinking: /home/alberto/Documents/kia_gd_ws/install/ur_ros_rtde/include/ur_ros_rtde/command_server_template.hpp
[93.508s] -- Symlinking: /home/alberto/Documents/kia_gd_ws/install/ur_ros_rtde/include/ur_ros_rtde/control_script_utils.hpp
[93.517s] -- Symlinking: /home/alberto/Documents/kia_gd_ws/install/ur_ros_rtde/include/ur_ros_rtde/dashboard_command_base_class.hpp
[93.526s] -- Symlinking: /home/alberto/Documents/kia_gd_ws/install/ur_ros_rtde/include/ur_ros_rtde/extension_base_class.hpp
[93.536s] -- Symlinking: /home/alberto/Documents/kia_gd_ws/install/ur_ros_rtde/include/ur_ros_rtde/robot_state_receiver.hpp
[93.545s] -- Symlinking: /home/alberto/Documents/kia_gd_ws/install/ur_ros_rtde/include/ur_ros_rtde/utils.hpp
[93.555s] -- Symlinking: /home/alberto/Documents/kia_gd_ws/install/ur_ros_rtde/share/ament_index/resource_index/package_run_dependencies/ur_ros_rtde
[93.565s] -- Symlinking: /home/alberto/Documents/kia_gd_ws/install/ur_ros_rtde/share/ament_index/resource_index/parent_prefix_path/ur_ros_rtde
[93.575s] -- Symlinking: /home/alberto/Documents/kia_gd_ws/install/ur_ros_rtde/share/ur_ros_rtde/environment/ament_prefix_path.sh
[93.587s] -- Symlinking: /home/alberto/Documents/kia_gd_ws/install/ur_ros_rtde/share/ur_ros_rtde/environment/ament_prefix_path.dsv
[93.596s] -- Symlinking: /home/alberto/Documents/kia_gd_ws/install/ur_ros_rtde/share/ur_ros_rtde/environment/path.sh
[93.606s] -- Symlinking: /home/alberto/Documents/kia_gd_ws/install/ur_ros_rtde/share/ur_ros_rtde/environment/path.dsv
[93.616s] -- Symlinking: /home/alberto/Documents/kia_gd_ws/install/ur_ros_rtde/share/ur_ros_rtde/local_setup.bash
[93.625s] -- Symlinking: /home/alberto/Documents/kia_gd_ws/install/ur_ros_rtde/share/ur_ros_rtde/local_setup.sh
[93.634s] -- Symlinking: /home/alberto/Documents/kia_gd_ws/install/ur_ros_rtde/share/ur_ros_rtde/local_setup.zsh
[93.644s] -- Symlinking: /home/alberto/Documents/kia_gd_ws/install/ur_ros_rtde/share/ur_ros_rtde/local_setup.dsv
[93.653s] -- Symlinking: /home/alberto/Documents/kia_gd_ws/install/ur_ros_rtde/share/ur_ros_rtde/package.dsv
[93.662s] -- Symlinking: /home/alberto/Documents/kia_gd_ws/install/ur_ros_rtde/share/ament_index/resource_index/packages/ur_ros_rtde
[93.672s] -- Symlinking: /home/alberto/Documents/kia_gd_ws/install/ur_ros_rtde/share/ament_index/resource_index/ur_ros_rtde__pluginlib__plugin/ur_ros_rtde
[93.681s] -- Symlinking: /home/alberto/Documents/kia_gd_ws/install/ur_ros_rtde/share/ur_ros_rtde/cmake/ament_cmake_export_libraries-extras.cmake
[93.691s] -- Symlinking: /home/alberto/Documents/kia_gd_ws/install/ur_ros_rtde/share/ur_ros_rtde/cmake/ament_cmake_export_targets-extras.cmake
[93.700s] -- Symlinking: /home/alberto/Documents/kia_gd_ws/install/ur_ros_rtde/share/ur_ros_rtde/cmake/ament_cmake_export_include_directories-extras.cmake
[93.710s] -- Symlinking: /home/alberto/Documents/kia_gd_ws/install/ur_ros_rtde/share/ur_ros_rtde/cmake/ur_ros_rtdeConfig.cmake
[93.719s] -- Symlinking: /home/alberto/Documents/kia_gd_ws/install/ur_ros_rtde/share/ur_ros_rtde/cmake/ur_ros_rtdeConfig-version.cmake
[93.728s] -- Symlinking: /home/alberto/Documents/kia_gd_ws/install/ur_ros_rtde/share/ur_ros_rtde/package.xml
[93.738s] -- Installing: /home/alberto/Documents/kia_gd_ws/install/ur_ros_rtde/lib/libbase_commands_lib.so
[93.740s] -- Set runtime path of "/home/alberto/Documents/kia_gd_ws/install/ur_ros_rtde/lib/libbase_commands_lib.so" to ""
[93.740s] -- Installing: /home/alberto/Documents/kia_gd_ws/install/ur_ros_rtde/lib/libbase_dashboard_commands_lib.so
[93.743s] -- Set runtime path of "/home/alberto/Documents/kia_gd_ws/install/ur_ros_rtde/lib/libbase_dashboard_commands_lib.so" to ""
[93.743s] -- Installing: /home/alberto/Documents/kia_gd_ws/install/ur_ros_rtde/share/ur_ros_rtde/cmake/export_ur_ros_rtdeExport.cmake
[93.743s] -- Installing: /home/alberto/Documents/kia_gd_ws/install/ur_ros_rtde/share/ur_ros_rtde/cmake/export_ur_ros_rtdeExport-release.cmake
[93.746s] Invoked command in '/home/alberto/Documents/kia_gd_ws/build/ur_ros_rtde' returned '0': AMENT_PREFIX_PATH=/home/alberto/Documents/kia_gd_ws/install/ur_ros_rtde_simple_clients:/home/alberto/Documents/kia_gd_ws/install/ur_ros_rtde_msgs:${AMENT_PREFIX_PATH} CMAKE_PREFIX_PATH=/home/alberto/Documents/kia_gd_ws/install/ur_ros_rtde_simple_clients:/home/alberto/Documents/kia_gd_ws/install/ur_ros_rtde_msgs:/home/alberto/Documents/kia_gd_ws/install/ur:/home/alberto/Documents/kia_gd_ws/install/ur_calibration:/home/alberto/Documents/kia_gd_ws/install/ur_robot_driver:/home/alberto/Documents/kia_gd_ws/install/ur_moveit_config:/home/alberto/Documents/kia_gd_ws/install/ur_bringup:/home/alberto/Documents/kia_gd_ws/install/ur_controllers:/home/alberto/Documents/kia_gd_ws/install/ur_dashboard_msgs:/home/alberto/Documents/kia_gd_ws/install/kia_gd:/home/alberto/install/vectornav:/home/alberto/install/vectornav_msgs:/home/alberto/install/uuv_teleop:/home/alberto/install/uuv_description:/home/alberto/install/sub:/home/alberto/install/pid:/home/alberto/ros2_ws/install/docker_test:/opt/ros/humble:/home/alberto/install/catkin:/home/alberto/ros2_ws/install/sub:/home/alberto/ros2_ws/install/pid:/home/alberto/ros2_ws/install/catkin:/home/alberto/uuv/install/uuv LD_LIBRARY_PATH=/home/alberto/Documents/kia_gd_ws/install/ur_ros_rtde_msgs/lib:${LD_LIBRARY_PATH} PYTHONPATH=/home/alberto/Documents/kia_gd_ws/install/ur_ros_rtde_msgs/local/lib/python3.10/dist-packages:${PYTHONPATH} /usr/bin/cmake --install /home/alberto/Documents/kia_gd_ws/build/ur_ros_rtde
