[0.017s] Invoking command in '/home/alberto/Documents/kia_gd_ws/build/ur_calibration': AMENT_PREFIX_PATH=/home/alberto/Documents/kia_gd_ws/install/ur_robot_driver:/home/alberto/Documents/kia_gd_ws/install/ur_controllers:/home/alberto/Documents/kia_gd_ws/install/ur_dashboard_msgs:${AMENT_PREFIX_PATH} CMAKE_PREFIX_PATH=/home/alberto/Documents/kia_gd_ws/install/ur_robot_driver:/home/alberto/Documents/kia_gd_ws/install/ur_controllers:/home/alberto/Documents/kia_gd_ws/install/ur_dashboard_msgs:/home/alberto/Documents/kia_gd_ws/install/kia_gd:/home/alberto/install/vectornav:/home/alberto/install/vectornav_msgs:/home/alberto/install/uuv_teleop:/home/alberto/install/uuv_description:/home/alberto/install/sub:/home/alberto/install/pid:/home/alberto/ros2_ws/install/docker_test:/opt/ros/humble:/home/alberto/install/catkin:/home/alberto/ros2_ws/install/sub:/home/alberto/ros2_ws/install/pid:/home/alberto/ros2_ws/install/catkin:/home/alberto/uuv/install/uuv LD_LIBRARY_PATH=/home/alberto/Documents/kia_gd_ws/install/ur_robot_driver/lib:/home/alberto/Documents/kia_gd_ws/install/ur_controllers/lib:/home/alberto/Documents/kia_gd_ws/install/ur_dashboard_msgs/lib:${LD_LIBRARY_PATH} PATH=/home/alberto/Documents/kia_gd_ws/install/ur_robot_driver/bin:${PATH} PYTHONPATH=/home/alberto/Documents/kia_gd_ws/install/ur_robot_driver/local/lib/python3.10/dist-packages:/home/alberto/Documents/kia_gd_ws/install/ur_dashboard_msgs/local/lib/python3.10/dist-packages:${PYTHONPATH} /usr/bin/cmake /home/alberto/Documents/kia_gd_ws/src/Universal_Robots_ROS2_Driver/ur_calibration -DCMAKE_BUILD_TYPE=Release -DCMAKE_INSTALL_PREFIX=/home/alberto/Documents/kia_gd_ws/install/ur_calibration
[0.080s] -- The C compiler identification is GNU 11.4.0
[0.146s] -- The CXX compiler identification is GNU 11.4.0
[0.155s] -- Detecting C compiler ABI info
[0.234s] -- Detecting C compiler ABI info - done
[0.243s] -- Check for working C compiler: /usr/bin/cc - skipped
[0.243s] -- Detecting C compile features
[0.244s] -- Detecting C compile features - done
[0.247s] -- Detecting CXX compiler ABI info
[0.335s] -- Detecting CXX compiler ABI info - done
[0.343s] -- Check for working CXX compiler: /usr/bin/c++ - skipped
[0.344s] -- Detecting CXX compile features
[0.344s] -- Detecting CXX compile features - done
[0.348s] -- Found ament_cmake: 1.3.12 (/opt/ros/humble/share/ament_cmake/cmake)
[0.805s] -- Found Python3: /usr/bin/python3 (found version "3.10.12") found components: Interpreter 
[0.927s] -- Found rclcpp: 16.0.15 (/opt/ros/humble/share/rclcpp/cmake)
[0.983s] -- Found rosidl_generator_c: 3.1.7 (/opt/ros/humble/share/rosidl_generator_c/cmake)
[0.990s] -- Found rosidl_adapter: 3.1.7 (/opt/ros/humble/share/rosidl_adapter/cmake)
[1.002s] -- Found rosidl_generator_cpp: 3.1.7 (/opt/ros/humble/share/rosidl_generator_cpp/cmake)
[1.018s] -- Using all available rosidl_typesupport_c: rosidl_typesupport_fastrtps_c;rosidl_typesupport_introspection_c
[1.039s] -- Using all available rosidl_typesupport_cpp: rosidl_typesupport_fastrtps_cpp;rosidl_typesupport_introspection_cpp
[1.097s] -- Found rmw_implementation_cmake: 6.1.2 (/opt/ros/humble/share/rmw_implementation_cmake/cmake)
[1.101s] -- Found rmw_fastrtps_cpp: 6.2.9 (/opt/ros/humble/share/rmw_fastrtps_cpp/cmake)
[1.206s] -- Found OpenSSL: /usr/lib/x86_64-linux-gnu/libcrypto.so (found version "3.0.2")  
[1.240s] -- Found FastRTPS: /opt/ros/humble/include  
[1.289s] -- Using RMW implementation 'rmw_fastrtps_cpp' as default
[1.301s] -- Looking for pthread.h
[1.387s] -- Looking for pthread.h - found
[1.387s] -- Performing Test CMAKE_HAVE_LIBC_PTHREAD
[1.467s] -- Performing Test CMAKE_HAVE_LIBC_PTHREAD - Success
[1.469s] -- Found Threads: TRUE  
[1.531s] -- Found ur_robot_driver: 2.10.0 (/home/alberto/Documents/kia_gd_ws/install/ur_robot_driver/share/ur_robot_driver/cmake)
[1.784s] -- Found eigen3_cmake_module: 0.1.1 (/opt/ros/humble/share/eigen3_cmake_module/cmake)
[1.786s] -- Found Eigen3: TRUE (found version "3.4.0") 
[1.786s] -- Ensuring Eigen3 include directory is part of orocos-kdl CMake target
[1.898s] -- Found yaml_cpp_vendor: 8.0.2 (/opt/ros/humble/share/yaml_cpp_vendor/cmake)
[1.938s] -- Found ament_cmake_gmock: 1.3.12 (/opt/ros/humble/share/ament_cmake_gmock/cmake)
[1.940s] -- Found gmock sources under '/opt/ros/humble/src/gmock_vendor': C++ tests using 'Google Mock' will be built
[1.946s] -- Found ament_cmake_gtest: 1.3.12 (/opt/ros/humble/share/ament_cmake_gtest/cmake)
[1.947s] -- Found gtest sources under '/opt/ros/humble/src/gtest_vendor': C++ tests using 'Google Test' will be built
[2.036s] -- Configuring done
[2.110s] -- Generating done
[2.121s] -- Build files have been written to: /home/alberto/Documents/kia_gd_ws/build/ur_calibration
[2.133s] Invoked command in '/home/alberto/Documents/kia_gd_ws/build/ur_calibration' returned '0': AMENT_PREFIX_PATH=/home/alberto/Documents/kia_gd_ws/install/ur_robot_driver:/home/alberto/Documents/kia_gd_ws/install/ur_controllers:/home/alberto/Documents/kia_gd_ws/install/ur_dashboard_msgs:${AMENT_PREFIX_PATH} CMAKE_PREFIX_PATH=/home/alberto/Documents/kia_gd_ws/install/ur_robot_driver:/home/alberto/Documents/kia_gd_ws/install/ur_controllers:/home/alberto/Documents/kia_gd_ws/install/ur_dashboard_msgs:/home/alberto/Documents/kia_gd_ws/install/kia_gd:/home/alberto/install/vectornav:/home/alberto/install/vectornav_msgs:/home/alberto/install/uuv_teleop:/home/alberto/install/uuv_description:/home/alberto/install/sub:/home/alberto/install/pid:/home/alberto/ros2_ws/install/docker_test:/opt/ros/humble:/home/alberto/install/catkin:/home/alberto/ros2_ws/install/sub:/home/alberto/ros2_ws/install/pid:/home/alberto/ros2_ws/install/catkin:/home/alberto/uuv/install/uuv LD_LIBRARY_PATH=/home/alberto/Documents/kia_gd_ws/install/ur_robot_driver/lib:/home/alberto/Documents/kia_gd_ws/install/ur_controllers/lib:/home/alberto/Documents/kia_gd_ws/install/ur_dashboard_msgs/lib:${LD_LIBRARY_PATH} PATH=/home/alberto/Documents/kia_gd_ws/install/ur_robot_driver/bin:${PATH} PYTHONPATH=/home/alberto/Documents/kia_gd_ws/install/ur_robot_driver/local/lib/python3.10/dist-packages:/home/alberto/Documents/kia_gd_ws/install/ur_dashboard_msgs/local/lib/python3.10/dist-packages:${PYTHONPATH} /usr/bin/cmake /home/alberto/Documents/kia_gd_ws/src/Universal_Robots_ROS2_Driver/ur_calibration -DCMAKE_BUILD_TYPE=Release -DCMAKE_INSTALL_PREFIX=/home/alberto/Documents/kia_gd_ws/install/ur_calibration
[2.135s] Invoking command in '/home/alberto/Documents/kia_gd_ws/build/ur_calibration': AMENT_PREFIX_PATH=/home/alberto/Documents/kia_gd_ws/install/ur_robot_driver:/home/alberto/Documents/kia_gd_ws/install/ur_controllers:/home/alberto/Documents/kia_gd_ws/install/ur_dashboard_msgs:${AMENT_PREFIX_PATH} CMAKE_PREFIX_PATH=/home/alberto/Documents/kia_gd_ws/install/ur_robot_driver:/home/alberto/Documents/kia_gd_ws/install/ur_controllers:/home/alberto/Documents/kia_gd_ws/install/ur_dashboard_msgs:/home/alberto/Documents/kia_gd_ws/install/kia_gd:/home/alberto/install/vectornav:/home/alberto/install/vectornav_msgs:/home/alberto/install/uuv_teleop:/home/alberto/install/uuv_description:/home/alberto/install/sub:/home/alberto/install/pid:/home/alberto/ros2_ws/install/docker_test:/opt/ros/humble:/home/alberto/install/catkin:/home/alberto/ros2_ws/install/sub:/home/alberto/ros2_ws/install/pid:/home/alberto/ros2_ws/install/catkin:/home/alberto/uuv/install/uuv LD_LIBRARY_PATH=/home/alberto/Documents/kia_gd_ws/install/ur_robot_driver/lib:/home/alberto/Documents/kia_gd_ws/install/ur_controllers/lib:/home/alberto/Documents/kia_gd_ws/install/ur_dashboard_msgs/lib:${LD_LIBRARY_PATH} PATH=/home/alberto/Documents/kia_gd_ws/install/ur_robot_driver/bin:${PATH} PYTHONPATH=/home/alberto/Documents/kia_gd_ws/install/ur_robot_driver/local/lib/python3.10/dist-packages:/home/alberto/Documents/kia_gd_ws/install/ur_dashboard_msgs/local/lib/python3.10/dist-packages:${PYTHONPATH} /usr/bin/cmake --build /home/alberto/Documents/kia_gd_ws/build/ur_calibration -- -j8 -l8
[2.181s] [ 16%] [32mBuilding CXX object gmock/CMakeFiles/gmock_main.dir/src/gmock_main.cc.o[0m
[2.181s] [ 16%] [32mBuilding CXX object gmock/CMakeFiles/gmock.dir/opt/ros/humble/src/gtest_vendor/src/gtest-all.cc.o[0m
[2.181s] [ 25%] [32mBuilding CXX object gmock/CMakeFiles/gmock.dir/src/gmock-all.cc.o[0m
[2.184s] [ 33%] [32mBuilding CXX object CMakeFiles/calibration.dir/src/calibration.cpp.o[0m
[2.184s] [ 41%] [32mBuilding CXX object CMakeFiles/calibration.dir/src/calibration_consumer.cpp.o[0m
[3.748s] [ 50%] [32m[1mLinking CXX static library libgmock_main.a[0m
[3.789s] [ 50%] Built target gmock_main
[10.163s] [ 58%] [32m[1mLinking CXX static library libcalibration.a[0m
[10.199s] [ 58%] Built target calibration
[10.223s] [ 66%] [32mBuilding CXX object CMakeFiles/calibration_correction.dir/src/calibration_correction.cpp.o[0m
[11.288s] [ 75%] [32m[1mLinking CXX static library libgmock.a[0m
[11.323s] [ 75%] Built target gmock
[11.343s] [ 83%] [32mBuilding CXX object CMakeFiles/calibration_test.dir/test/calibration_test.cpp.o[0m
[15.254s] [ 91%] [32m[1mLinking CXX executable calibration_correction[0m
[15.540s] [ 91%] Built target calibration_correction
[17.303s] [100%] [32m[1mLinking CXX executable calibration_test[0m
[17.485s] [100%] Built target calibration_test
[17.496s] Invoked command in '/home/alberto/Documents/kia_gd_ws/build/ur_calibration' returned '0': AMENT_PREFIX_PATH=/home/alberto/Documents/kia_gd_ws/install/ur_robot_driver:/home/alberto/Documents/kia_gd_ws/install/ur_controllers:/home/alberto/Documents/kia_gd_ws/install/ur_dashboard_msgs:${AMENT_PREFIX_PATH} CMAKE_PREFIX_PATH=/home/alberto/Documents/kia_gd_ws/install/ur_robot_driver:/home/alberto/Documents/kia_gd_ws/install/ur_controllers:/home/alberto/Documents/kia_gd_ws/install/ur_dashboard_msgs:/home/alberto/Documents/kia_gd_ws/install/kia_gd:/home/alberto/install/vectornav:/home/alberto/install/vectornav_msgs:/home/alberto/install/uuv_teleop:/home/alberto/install/uuv_description:/home/alberto/install/sub:/home/alberto/install/pid:/home/alberto/ros2_ws/install/docker_test:/opt/ros/humble:/home/alberto/install/catkin:/home/alberto/ros2_ws/install/sub:/home/alberto/ros2_ws/install/pid:/home/alberto/ros2_ws/install/catkin:/home/alberto/uuv/install/uuv LD_LIBRARY_PATH=/home/alberto/Documents/kia_gd_ws/install/ur_robot_driver/lib:/home/alberto/Documents/kia_gd_ws/install/ur_controllers/lib:/home/alberto/Documents/kia_gd_ws/install/ur_dashboard_msgs/lib:${LD_LIBRARY_PATH} PATH=/home/alberto/Documents/kia_gd_ws/install/ur_robot_driver/bin:${PATH} PYTHONPATH=/home/alberto/Documents/kia_gd_ws/install/ur_robot_driver/local/lib/python3.10/dist-packages:/home/alberto/Documents/kia_gd_ws/install/ur_dashboard_msgs/local/lib/python3.10/dist-packages:${PYTHONPATH} /usr/bin/cmake --build /home/alberto/Documents/kia_gd_ws/build/ur_calibration -- -j8 -l8
[17.498s] Invoking command in '/home/alberto/Documents/kia_gd_ws/build/ur_calibration': AMENT_PREFIX_PATH=/home/alberto/Documents/kia_gd_ws/install/ur_robot_driver:/home/alberto/Documents/kia_gd_ws/install/ur_controllers:/home/alberto/Documents/kia_gd_ws/install/ur_dashboard_msgs:${AMENT_PREFIX_PATH} CMAKE_PREFIX_PATH=/home/alberto/Documents/kia_gd_ws/install/ur_robot_driver:/home/alberto/Documents/kia_gd_ws/install/ur_controllers:/home/alberto/Documents/kia_gd_ws/install/ur_dashboard_msgs:/home/alberto/Documents/kia_gd_ws/install/kia_gd:/home/alberto/install/vectornav:/home/alberto/install/vectornav_msgs:/home/alberto/install/uuv_teleop:/home/alberto/install/uuv_description:/home/alberto/install/sub:/home/alberto/install/pid:/home/alberto/ros2_ws/install/docker_test:/opt/ros/humble:/home/alberto/install/catkin:/home/alberto/ros2_ws/install/sub:/home/alberto/ros2_ws/install/pid:/home/alberto/ros2_ws/install/catkin:/home/alberto/uuv/install/uuv LD_LIBRARY_PATH=/home/alberto/Documents/kia_gd_ws/install/ur_robot_driver/lib:/home/alberto/Documents/kia_gd_ws/install/ur_controllers/lib:/home/alberto/Documents/kia_gd_ws/install/ur_dashboard_msgs/lib:${LD_LIBRARY_PATH} PATH=/home/alberto/Documents/kia_gd_ws/install/ur_robot_driver/bin:${PATH} PYTHONPATH=/home/alberto/Documents/kia_gd_ws/install/ur_robot_driver/local/lib/python3.10/dist-packages:/home/alberto/Documents/kia_gd_ws/install/ur_dashboard_msgs/local/lib/python3.10/dist-packages:${PYTHONPATH} /usr/bin/cmake --install /home/alberto/Documents/kia_gd_ws/build/ur_calibration
[17.506s] -- Install configuration: "Release"
[17.506s] -- Installing: /home/alberto/Documents/kia_gd_ws/install/ur_calibration/lib/ur_calibration/calibration_correction
[17.506s] -- Set runtime path of "/home/alberto/Documents/kia_gd_ws/install/ur_calibration/lib/ur_calibration/calibration_correction" to ""
[17.506s] -- Installing: /home/alberto/Documents/kia_gd_ws/install/ur_calibration/include
[17.506s] -- Installing: /home/alberto/Documents/kia_gd_ws/install/ur_calibration/include/ur_calibration
[17.506s] -- Installing: /home/alberto/Documents/kia_gd_ws/install/ur_calibration/include/ur_calibration/calibration.hpp
[17.506s] -- Installing: /home/alberto/Documents/kia_gd_ws/install/ur_calibration/include/ur_calibration/calibration_consumer.hpp
[17.506s] -- Installing: /home/alberto/Documents/kia_gd_ws/install/ur_calibration/share/ur_calibration/launch
[17.507s] -- Installing: /home/alberto/Documents/kia_gd_ws/install/ur_calibration/share/ur_calibration/launch/calibration_correction.launch.py
[17.507s] -- Installing: /home/alberto/Documents/kia_gd_ws/install/ur_calibration/share/ament_index/resource_index/package_run_dependencies/ur_calibration
[17.507s] -- Installing: /home/alberto/Documents/kia_gd_ws/install/ur_calibration/share/ament_index/resource_index/parent_prefix_path/ur_calibration
[17.507s] -- Installing: /home/alberto/Documents/kia_gd_ws/install/ur_calibration/share/ur_calibration/environment/ament_prefix_path.sh
[17.507s] -- Installing: /home/alberto/Documents/kia_gd_ws/install/ur_calibration/share/ur_calibration/environment/ament_prefix_path.dsv
[17.507s] -- Installing: /home/alberto/Documents/kia_gd_ws/install/ur_calibration/share/ur_calibration/environment/path.sh
[17.507s] -- Installing: /home/alberto/Documents/kia_gd_ws/install/ur_calibration/share/ur_calibration/environment/path.dsv
[17.507s] -- Installing: /home/alberto/Documents/kia_gd_ws/install/ur_calibration/share/ur_calibration/local_setup.bash
[17.508s] -- Installing: /home/alberto/Documents/kia_gd_ws/install/ur_calibration/share/ur_calibration/local_setup.sh
[17.508s] -- Installing: /home/alberto/Documents/kia_gd_ws/install/ur_calibration/share/ur_calibration/local_setup.zsh
[17.508s] -- Installing: /home/alberto/Documents/kia_gd_ws/install/ur_calibration/share/ur_calibration/local_setup.dsv
[17.508s] -- Installing: /home/alberto/Documents/kia_gd_ws/install/ur_calibration/share/ur_calibration/package.dsv
[17.508s] -- Installing: /home/alberto/Documents/kia_gd_ws/install/ur_calibration/share/ament_index/resource_index/packages/ur_calibration
[17.508s] -- Installing: /home/alberto/Documents/kia_gd_ws/install/ur_calibration/share/ur_calibration/cmake/ament_cmake_export_include_directories-extras.cmake
[17.508s] -- Installing: /home/alberto/Documents/kia_gd_ws/install/ur_calibration/share/ur_calibration/cmake/ament_cmake_export_dependencies-extras.cmake
[17.509s] -- Installing: /home/alberto/Documents/kia_gd_ws/install/ur_calibration/share/ur_calibration/cmake/ur_calibrationConfig.cmake
[17.509s] -- Installing: /home/alberto/Documents/kia_gd_ws/install/ur_calibration/share/ur_calibration/cmake/ur_calibrationConfig-version.cmake
[17.509s] -- Installing: /home/alberto/Documents/kia_gd_ws/install/ur_calibration/share/ur_calibration/package.xml
[17.511s] Invoked command in '/home/alberto/Documents/kia_gd_ws/build/ur_calibration' returned '0': AMENT_PREFIX_PATH=/home/alberto/Documents/kia_gd_ws/install/ur_robot_driver:/home/alberto/Documents/kia_gd_ws/install/ur_controllers:/home/alberto/Documents/kia_gd_ws/install/ur_dashboard_msgs:${AMENT_PREFIX_PATH} CMAKE_PREFIX_PATH=/home/alberto/Documents/kia_gd_ws/install/ur_robot_driver:/home/alberto/Documents/kia_gd_ws/install/ur_controllers:/home/alberto/Documents/kia_gd_ws/install/ur_dashboard_msgs:/home/alberto/Documents/kia_gd_ws/install/kia_gd:/home/alberto/install/vectornav:/home/alberto/install/vectornav_msgs:/home/alberto/install/uuv_teleop:/home/alberto/install/uuv_description:/home/alberto/install/sub:/home/alberto/install/pid:/home/alberto/ros2_ws/install/docker_test:/opt/ros/humble:/home/alberto/install/catkin:/home/alberto/ros2_ws/install/sub:/home/alberto/ros2_ws/install/pid:/home/alberto/ros2_ws/install/catkin:/home/alberto/uuv/install/uuv LD_LIBRARY_PATH=/home/alberto/Documents/kia_gd_ws/install/ur_robot_driver/lib:/home/alberto/Documents/kia_gd_ws/install/ur_controllers/lib:/home/alberto/Documents/kia_gd_ws/install/ur_dashboard_msgs/lib:${LD_LIBRARY_PATH} PATH=/home/alberto/Documents/kia_gd_ws/install/ur_robot_driver/bin:${PATH} PYTHONPATH=/home/alberto/Documents/kia_gd_ws/install/ur_robot_driver/local/lib/python3.10/dist-packages:/home/alberto/Documents/kia_gd_ws/install/ur_dashboard_msgs/local/lib/python3.10/dist-packages:${PYTHONPATH} /usr/bin/cmake --install /home/alberto/Documents/kia_gd_ws/build/ur_calibration
